2026-03-02 14:34:39,897 [INFO] 🚀 27币涨跌幅条件单监控器启动
2026-03-02 14:34:39,897 [INFO] 📊 监控间隔: 60秒
2026-03-02 14:34:39,897 [INFO] 👥 监控账户: account_main, account_fangfang12, account_anchor, account_poit, account_poit_main, account_dadanini
2026-03-02 14:34:39,897 [INFO] ================================================================================
2026-03-02 14:34:39,897 [INFO] 🔍 开始检查条件单触发 [2026-03-02 14:34:39]
2026-03-02 14:34:39,929 [WARNING] ⚠️  未能从任何账户获取27币涨跌幅数据
2026-03-02 14:34:39,929 [WARNING] ⚠️  无法获取27币涨跌幅数据，跳过本次检查
2026-03-02 14:35:23,949 [INFO] ⛔ 收到停止信号，监控器退出
2026-03-02 14:35:24,246 [INFO] 🚀 27币涨跌幅条件单监控器启动
2026-03-02 14:35:24,246 [INFO] 📊 监控间隔: 60秒
2026-03-02 14:35:24,246 [INFO] 👥 监控账户: account_main, account_fangfang12, account_anchor, account_poit, account_poit_main, account_dadanini
2026-03-02 14:35:24,246 [INFO] ================================================================================
2026-03-02 14:35:24,246 [INFO] 🔍 开始检查条件单触发 [2026-03-02 14:35:24]
2026-03-02 14:35:24,255 [INFO] ✅ 获取27币涨跌幅数据成功: -13.27% (账户: account_main)
2026-03-02 14:35:24,263 [INFO] 📋 账户 account_main 有 1 个条件单
2026-03-02 14:35:24,294 [INFO] ✅ 检查完成，等待 60 秒后继续...
2026-03-02 14:36:24,295 [INFO] ================================================================================
2026-03-02 14:36:24,295 [INFO] 🔍 开始检查条件单触发 [2026-03-02 14:36:24]
2026-03-02 14:36:24,310 [INFO] ✅ 获取27币涨跌幅数据成功: -12.56% (账户: account_main)
2026-03-02 14:36:24,315 [INFO] 📋 账户 account_main 有 1 个条件单
2026-03-02 14:36:24,333 [INFO] ✅ 检查完成，等待 60 秒后继续...
2026-03-02 14:37:24,334 [INFO] ================================================================================
2026-03-02 14:37:24,334 [INFO] 🔍 开始检查条件单触发 [2026-03-02 14:37:24]
2026-03-02 14:37:24,349 [INFO] ✅ 获取27币涨跌幅数据成功: -14.79% (账户: account_main)
2026-03-02 14:37:24,358 [INFO] 📋 账户 account_main 有 1 个条件单
2026-03-02 14:37:24,386 [INFO] ✅ 检查完成，等待 60 秒后继续...
2026-03-02 14:38:24,386 [INFO] ================================================================================
2026-03-02 14:38:24,386 [INFO] 🔍 开始检查条件单触发 [2026-03-02 14:38:24]
2026-03-02 14:38:24,403 [INFO] ✅ 获取27币涨跌幅数据成功: -14.27% (账户: account_main)
2026-03-02 14:38:24,410 [INFO] 📋 账户 account_main 有 1 个条件单
2026-03-02 14:38:24,439 [INFO] ✅ 检查完成，等待 60 秒后继续...
2026-03-02 14:39:24,439 [INFO] ================================================================================
2026-03-02 14:39:24,440 [INFO] 🔍 开始检查条件单触发 [2026-03-02 14:39:24]
2026-03-02 14:39:24,455 [INFO] ✅ 获取27币涨跌幅数据成功: -10.67% (账户: account_main)
2026-03-02 14:39:24,462 [INFO] 📋 账户 account_main 有 1 个条件单
2026-03-02 14:39:24,491 [INFO] ✅ 检查完成，等待 60 秒后继续...
2026-03-02 14:40:24,491 [INFO] ================================================================================
2026-03-02 14:40:24,492 [INFO] 🔍 开始检查条件单触发 [2026-03-02 14:40:24]
2026-03-02 14:40:24,506 [INFO] ✅ 获取27币涨跌幅数据成功: -10.67% (账户: account_main)
2026-03-02 14:40:24,513 [INFO] 📋 账户 account_main 有 1 个条件单
2026-03-02 14:40:24,540 [INFO] ✅ 检查完成，等待 60 秒后继续...
2026-03-02 14:41:24,541 [INFO] ================================================================================
2026-03-02 14:41:24,541 [INFO] 🔍 开始检查条件单触发 [2026-03-02 14:41:24]
2026-03-02 14:41:24,556 [INFO] ✅ 获取27币涨跌幅数据成功: -12.88% (账户: account_main)
2026-03-02 14:41:24,563 [INFO] 📋 账户 account_main 有 1 个条件单
2026-03-02 14:41:24,593 [INFO] ✅ 检查完成，等待 60 秒后继续...
2026-03-02 14:42:24,594 [INFO] ================================================================================
2026-03-02 14:42:24,594 [INFO] 🔍 开始检查条件单触发 [2026-03-02 14:42:24]
2026-03-02 14:42:24,618 [INFO] ✅ 获取27币涨跌幅数据成功: -8.42% (账户: account_main)
2026-03-02 14:42:24,625 [INFO] 📋 账户 account_main 有 1 个条件单
2026-03-02 14:42:24,654 [INFO] ✅ 检查完成，等待 60 秒后继续...
2026-03-02 14:43:24,655 [INFO] ================================================================================
2026-03-02 14:43:24,655 [INFO] 🔍 开始检查条件单触发 [2026-03-02 14:43:24]
2026-03-02 14:43:24,671 [INFO] ✅ 获取27币涨跌幅数据成功: -1.64% (账户: account_main)
2026-03-02 14:43:24,677 [INFO] 📋 账户 account_main 有 1 个条件单
2026-03-02 14:43:24,705 [INFO] ✅ 检查完成，等待 60 秒后继续...
2026-03-02 14:44:24,706 [INFO] ================================================================================
2026-03-02 14:44:24,706 [INFO] 🔍 开始检查条件单触发 [2026-03-02 14:44:24]
2026-03-02 14:44:24,722 [INFO] ✅ 获取27币涨跌幅数据成功: -1.64% (账户: account_main)
2026-03-02 14:44:24,729 [INFO] 📋 账户 account_main 有 1 个条件单
2026-03-02 14:44:24,757 [INFO] ✅ 检查完成，等待 60 秒后继续...
2026-03-02 14:45:24,757 [INFO] ================================================================================
2026-03-02 14:45:24,758 [INFO] 🔍 开始检查条件单触发 [2026-03-02 14:45:24]
2026-03-02 14:45:24,772 [INFO] ✅ 获取27币涨跌幅数据成功: -0.64% (账户: account_main)
2026-03-02 14:45:24,779 [INFO] 📋 账户 account_main 有 1 个条件单
2026-03-02 14:45:24,806 [INFO] ✅ 检查完成，等待 60 秒后继续...
2026-03-02 14:46:24,807 [INFO] ================================================================================
2026-03-02 14:46:24,807 [INFO] 🔍 开始检查条件单触发 [2026-03-02 14:46:24]
2026-03-02 14:46:24,822 [INFO] ✅ 获取27币涨跌幅数据成功: 3.9% (账户: account_main)
2026-03-02 14:46:24,828 [INFO] 📋 账户 account_main 有 1 个条件单
2026-03-02 14:46:24,857 [INFO] ✅ 检查完成，等待 60 秒后继续...
2026-03-02 14:47:24,858 [INFO] ================================================================================
2026-03-02 14:47:24,858 [INFO] 🔍 开始检查条件单触发 [2026-03-02 14:47:24]
2026-03-02 14:47:24,874 [INFO] ✅ 获取27币涨跌幅数据成功: 6.13% (账户: account_main)
2026-03-02 14:47:24,881 [INFO] 📋 账户 account_main 有 1 个条件单
2026-03-02 14:47:24,909 [INFO] ✅ 检查完成，等待 60 秒后继续...
2026-03-02 14:48:24,909 [INFO] ================================================================================
2026-03-02 14:48:24,910 [INFO] 🔍 开始检查条件单触发 [2026-03-02 14:48:24]
2026-03-02 14:48:24,925 [INFO] ✅ 获取27币涨跌幅数据成功: 14.17% (账户: account_main)
2026-03-02 14:48:24,932 [INFO] 📋 账户 account_main 有 1 个条件单
2026-03-02 14:48:24,960 [INFO] ✅ 检查完成，等待 60 秒后继续...
2026-03-02 14:49:24,961 [INFO] ================================================================================
2026-03-02 14:49:24,961 [INFO] 🔍 开始检查条件单触发 [2026-03-02 14:49:24]
2026-03-02 14:49:24,976 [INFO] ✅ 获取27币涨跌幅数据成功: 14.17% (账户: account_main)
2026-03-02 14:49:24,983 [INFO] 📋 账户 account_main 有 1 个条件单
2026-03-02 14:49:25,011 [INFO] ✅ 检查完成，等待 60 秒后继续...
2026-03-02 14:50:25,011 [INFO] ================================================================================
2026-03-02 14:50:25,012 [INFO] 🔍 开始检查条件单触发 [2026-03-02 14:50:25]
2026-03-02 14:50:25,026 [INFO] ✅ 获取27币涨跌幅数据成功: 15.29% (账户: account_main)
2026-03-02 14:50:25,033 [INFO] 📋 账户 account_main 有 1 个条件单
2026-03-02 14:50:25,060 [INFO] ✅ 检查完成，等待 60 秒后继续...
2026-03-02 14:51:25,060 [INFO] ================================================================================
2026-03-02 14:51:25,061 [INFO] 🔍 开始检查条件单触发 [2026-03-02 14:51:25]
2026-03-02 14:51:25,077 [INFO] ✅ 获取27币涨跌幅数据成功: 25.12% (账户: account_main)
2026-03-02 14:51:25,084 [INFO] 📋 账户 account_main 有 1 个条件单
2026-03-02 14:51:25,115 [INFO] ✅ 检查完成，等待 60 秒后继续...
2026-03-02 14:52:25,116 [INFO] ================================================================================
2026-03-02 14:52:25,116 [INFO] 🔍 开始检查条件单触发 [2026-03-02 14:52:25]
2026-03-02 14:52:25,150 [INFO] ✅ 获取27币涨跌幅数据成功: 29.5% (账户: account_main)
2026-03-02 14:52:25,157 [INFO] 📋 账户 account_main 有 1 个条件单
2026-03-02 14:52:25,185 [INFO] ✅ 检查完成，等待 60 秒后继续...
2026-03-02 14:53:25,185 [INFO] ================================================================================
2026-03-02 14:53:25,186 [INFO] 🔍 开始检查条件单触发 [2026-03-02 14:53:25]
2026-03-02 14:53:25,202 [INFO] ✅ 获取27币涨跌幅数据成功: 26.81% (账户: account_main)
2026-03-02 14:53:25,209 [INFO] 📋 账户 account_main 有 1 个条件单
2026-03-02 14:53:25,237 [INFO] ✅ 检查完成，等待 60 秒后继续...
2026-03-02 14:54:25,237 [INFO] ================================================================================
2026-03-02 14:54:25,237 [INFO] 🔍 开始检查条件单触发 [2026-03-02 14:54:25]
2026-03-02 14:54:25,258 [INFO] ✅ 获取27币涨跌幅数据成功: 26.81% (账户: account_main)
2026-03-02 14:54:25,264 [INFO] 📋 账户 account_main 有 1 个条件单
2026-03-02 14:54:25,293 [INFO] ✅ 检查完成，等待 60 秒后继续...
2026-03-02 14:55:25,293 [INFO] ================================================================================
2026-03-02 14:55:25,294 [INFO] 🔍 开始检查条件单触发 [2026-03-02 14:55:25]
2026-03-02 14:55:25,309 [INFO] ✅ 获取27币涨跌幅数据成功: 24.61% (账户: account_main)
2026-03-02 14:55:25,316 [INFO] 📋 账户 account_main 有 1 个条件单
2026-03-02 14:55:25,343 [INFO] ✅ 检查完成，等待 60 秒后继续...
2026-03-02 14:56:25,343 [INFO] ================================================================================
2026-03-02 14:56:25,344 [INFO] 🔍 开始检查条件单触发 [2026-03-02 14:56:25]
2026-03-02 14:56:25,359 [INFO] ✅ 获取27币涨跌幅数据成功: 25.17% (账户: account_main)
2026-03-02 14:56:25,366 [INFO] 📋 账户 account_main 有 1 个条件单
2026-03-02 14:56:25,395 [INFO] ✅ 检查完成，等待 60 秒后继续...
2026-03-02 14:57:25,395 [INFO] ================================================================================
2026-03-02 14:57:25,395 [INFO] 🔍 开始检查条件单触发 [2026-03-02 14:57:25]
2026-03-02 14:57:25,411 [INFO] ✅ 获取27币涨跌幅数据成功: 19.9% (账户: account_main)
2026-03-02 14:57:25,418 [INFO] 📋 账户 account_main 有 1 个条件单
2026-03-02 14:57:25,448 [INFO] ✅ 检查完成，等待 60 秒后继续...
2026-03-02 14:58:25,448 [INFO] ================================================================================
2026-03-02 14:58:25,449 [INFO] 🔍 开始检查条件单触发 [2026-03-02 14:58:25]
2026-03-02 14:58:25,464 [INFO] ✅ 获取27币涨跌幅数据成功: 22.25% (账户: account_main)
2026-03-02 14:58:25,471 [INFO] 📋 账户 account_main 有 1 个条件单
2026-03-02 14:58:25,498 [INFO] ✅ 检查完成，等待 60 秒后继续...
2026-03-02 14:59:25,498 [INFO] ================================================================================
2026-03-02 14:59:25,499 [INFO] 🔍 开始检查条件单触发 [2026-03-02 14:59:25]
2026-03-02 14:59:25,514 [INFO] ✅ 获取27币涨跌幅数据成功: 22.25% (账户: account_main)
2026-03-02 14:59:25,521 [INFO] 📋 账户 account_main 有 1 个条件单
2026-03-02 14:59:25,549 [INFO] ✅ 检查完成，等待 60 秒后继续...
2026-03-02 15:00:25,550 [INFO] ================================================================================
2026-03-02 15:00:25,550 [INFO] 🔍 开始检查条件单触发 [2026-03-02 15:00:25]
2026-03-02 15:00:25,566 [INFO] ✅ 获取27币涨跌幅数据成功: 24.99% (账户: account_main)
2026-03-02 15:00:25,572 [INFO] 📋 账户 account_main 有 1 个条件单
2026-03-02 15:00:25,601 [INFO] ✅ 检查完成，等待 60 秒后继续...
2026-03-02 15:01:25,601 [INFO] ================================================================================
2026-03-02 15:01:25,601 [INFO] 🔍 开始检查条件单触发 [2026-03-02 15:01:25]
2026-03-02 15:01:25,616 [INFO] ✅ 获取27币涨跌幅数据成功: 26.96% (账户: account_main)
2026-03-02 15:01:25,624 [INFO] 📋 账户 account_main 有 1 个条件单
2026-03-02 15:01:25,653 [INFO] ✅ 检查完成，等待 60 秒后继续...
