[2026-02-28 07:56:46] ================================================================================
[2026-02-28 07:56:46] 🎯 见底信号自动做多监控器启动
[2026-02-28 07:56:46] ================================================================================
[2026-02-28 07:56:46] 检查间隔: 60秒
[2026-02-28 07:56:46] 冷却时间: 3600秒 (1.0小时)
[2026-02-28 07:56:46] 监控策略: 见底信号+涨幅前8做多, 见底信号+涨幅后8做多
[2026-02-28 07:56:46] ================================================================================
[2026-02-28 07:56:46] 🔍 开始检查见底信号...
[2026-02-28 07:56:46] ❌ 获取账户列表异常: HTTPConnectionPool(host='localhost', port=9002): Max retries exceeded with url: /api/okx-accounts/list-with-credentials (Caused by NewConnectionError("HTTPConnection(host='localhost', port=9002): Failed to establish a new connection: [Errno 111] Connection refused"))
[2026-02-28 07:56:46] ⚠️  未获取到账户列表，等待下次检查
[2026-02-28 07:57:46] 🔍 开始检查见底信号...
[2026-02-28 07:57:46] ✅ 获取账户列表成功: 4 个账户
[2026-02-28 07:57:46] ✅ [account_main/top8_long] 加载配置成功: RSI<500, 限额5.0U
[2026-02-28 07:57:48] ✅ [account_main/bottom8_long] 加载配置成功: RSI<800, 限额5.0U
[2026-02-28 07:57:50] ✅ [account_fangfang12/top8_long] 加载配置成功: RSI<500, 限额5.0U
[2026-02-28 07:57:52] ✅ [account_fangfang12/bottom8_long] 加载配置成功: RSI<800, 限额5.0U
[2026-02-28 07:57:54] ✅ [account_anchor/top8_long] 加载配置成功: RSI<800, 限额5.0U
[2026-02-28 07:57:56] ✅ [account_anchor/bottom8_long] 加载配置成功: RSI<800, 限额5.0U
[2026-02-28 07:57:58] ✅ [account_poit_main/top8_long] 加载配置成功: RSI<500, 限额5.0U
[2026-02-28 07:58:00] ✅ [account_poit_main/bottom8_long] 加载配置成功: RSI<800, 限额5.0U
[2026-02-28 07:58:02] ⏳ 等待 60秒 后下次检查...
[2026-02-28 07:59:02] 🔍 开始检查见底信号...
[2026-02-28 07:59:02] ✅ 获取账户列表成功: 4 个账户
[2026-02-28 07:59:02] ✅ [account_main/top8_long] 加载配置成功: RSI<500, 限额5.0U
[2026-02-28 07:59:04] ✅ [account_main/bottom8_long] 加载配置成功: RSI<800, 限额5.0U
[2026-02-28 07:59:06] ✅ [account_fangfang12/top8_long] 加载配置成功: RSI<500, 限额5.0U
[2026-02-28 07:59:08] ✅ [account_fangfang12/bottom8_long] 加载配置成功: RSI<800, 限额5.0U
[2026-02-28 07:59:10] ✅ [account_anchor/top8_long] 加载配置成功: RSI<800, 限额5.0U
[2026-02-28 07:59:12] ✅ [account_anchor/bottom8_long] 加载配置成功: RSI<800, 限额5.0U
[2026-02-28 07:59:14] ✅ [account_poit_main/top8_long] 加载配置成功: RSI<500, 限额5.0U
[2026-02-28 07:59:16] ✅ [account_poit_main/bottom8_long] 加载配置成功: RSI<800, 限额5.0U
[2026-02-28 07:59:18] ⏳ 等待 60秒 后下次检查...
[2026-02-28 08:00:18] 🔍 开始检查见底信号...
[2026-02-28 08:00:18] ✅ 获取账户列表成功: 4 个账户
[2026-02-28 08:00:18] ✅ [account_main/top8_long] 加载配置成功: RSI<500, 限额5.0U
[2026-02-28 08:00:20] ✅ [account_main/bottom8_long] 加载配置成功: RSI<800, 限额5.0U
[2026-02-28 08:00:22] ✅ [account_fangfang12/top8_long] 加载配置成功: RSI<500, 限额5.0U
[2026-02-28 08:00:24] ✅ [account_fangfang12/bottom8_long] 加载配置成功: RSI<800, 限额5.0U
[2026-02-28 08:00:26] ✅ [account_anchor/top8_long] 加载配置成功: RSI<800, 限额5.0U
[2026-02-28 08:00:28] ✅ [account_anchor/bottom8_long] 加载配置成功: RSI<800, 限额5.0U
[2026-02-28 08:00:30] ✅ [account_poit_main/top8_long] 加载配置成功: RSI<500, 限额5.0U
[2026-02-28 08:00:32] ✅ [account_poit_main/bottom8_long] 加载配置成功: RSI<800, 限额5.0U
[2026-02-28 08:00:34] ⏳ 等待 60秒 后下次检查...
[2026-02-28 08:01:34] 🔍 开始检查见底信号...
[2026-02-28 08:01:34] ✅ 获取账户列表成功: 4 个账户
[2026-02-28 08:01:34] ✅ [account_main/top8_long] 加载配置成功: RSI<500, 限额5.0U
[2026-02-28 08:01:36] ✅ [account_main/bottom8_long] 加载配置成功: RSI<800, 限额5.0U
[2026-02-28 08:01:38] ✅ [account_fangfang12/top8_long] 加载配置成功: RSI<500, 限额5.0U
[2026-02-28 08:01:40] ✅ [account_fangfang12/bottom8_long] 加载配置成功: RSI<800, 限额5.0U
[2026-02-28 08:01:42] ✅ [account_anchor/top8_long] 加载配置成功: RSI<800, 限额5.0U
[2026-02-28 08:01:44] ✅ [account_anchor/bottom8_long] 加载配置成功: RSI<800, 限额5.0U
[2026-02-28 08:01:46] ✅ [account_poit_main/top8_long] 加载配置成功: RSI<500, 限额5.0U
[2026-02-28 08:01:48] ✅ [account_poit_main/bottom8_long] 加载配置成功: RSI<800, 限额5.0U
[2026-02-28 08:01:50] ⏳ 等待 60秒 后下次检查...
[2026-02-28 08:02:50] 🔍 开始检查见底信号...
[2026-02-28 08:02:50] ✅ 获取账户列表成功: 4 个账户
[2026-02-28 08:02:50] ✅ [account_main/top8_long] 加载配置成功: RSI<500, 限额5.0U
[2026-02-28 08:02:52] ✅ [account_main/bottom8_long] 加载配置成功: RSI<800, 限额5.0U
[2026-02-28 08:02:54] ✅ [account_fangfang12/top8_long] 加载配置成功: RSI<500, 限额5.0U
[2026-02-28 08:02:56] ✅ [account_fangfang12/bottom8_long] 加载配置成功: RSI<800, 限额5.0U
[2026-02-28 08:02:58] ✅ [account_anchor/top8_long] 加载配置成功: RSI<800, 限额5.0U
[2026-02-28 08:03:00] ✅ [account_anchor/bottom8_long] 加载配置成功: RSI<800, 限额5.0U
[2026-02-28 08:03:02] ✅ [account_poit_main/top8_long] 加载配置成功: RSI<500, 限额5.0U
[2026-02-28 08:03:04] ✅ [account_poit_main/bottom8_long] 加载配置成功: RSI<800, 限额5.0U
[2026-02-28 08:03:06] ⏳ 等待 60秒 后下次检查...
[2026-02-28 08:04:06] 🔍 开始检查见底信号...
[2026-02-28 08:04:06] ✅ 获取账户列表成功: 4 个账户
[2026-02-28 08:04:06] ✅ [account_main/top8_long] 加载配置成功: RSI<500, 限额5.0U
[2026-02-28 08:04:08] ✅ [account_main/bottom8_long] 加载配置成功: RSI<800, 限额5.0U
[2026-02-28 08:04:10] ✅ [account_fangfang12/top8_long] 加载配置成功: RSI<500, 限额5.0U
[2026-02-28 08:04:12] ✅ [account_fangfang12/bottom8_long] 加载配置成功: RSI<800, 限额5.0U
[2026-02-28 08:04:14] ✅ [account_anchor/top8_long] 加载配置成功: RSI<800, 限额5.0U
[2026-02-28 08:04:16] ✅ [account_anchor/bottom8_long] 加载配置成功: RSI<800, 限额5.0U
[2026-02-28 08:04:18] ✅ [account_poit_main/top8_long] 加载配置成功: RSI<500, 限额5.0U
[2026-02-28 08:04:20] ✅ [account_poit_main/bottom8_long] 加载配置成功: RSI<800, 限额5.0U
[2026-02-28 08:04:22] ⏳ 等待 60秒 后下次检查...
[2026-02-28 08:05:22] 🔍 开始检查见底信号...
[2026-02-28 08:05:22] ✅ 获取账户列表成功: 4 个账户
[2026-02-28 08:05:22] ✅ [account_main/top8_long] 加载配置成功: RSI<500, 限额5.0U
[2026-02-28 08:05:24] ✅ [account_main/bottom8_long] 加载配置成功: RSI<800, 限额5.0U
[2026-02-28 08:05:26] ✅ [account_fangfang12/top8_long] 加载配置成功: RSI<500, 限额5.0U
[2026-02-28 08:05:28] ✅ [account_fangfang12/bottom8_long] 加载配置成功: RSI<800, 限额5.0U
[2026-02-28 08:05:30] ✅ [account_anchor/top8_long] 加载配置成功: RSI<800, 限额5.0U
[2026-02-28 08:05:32] ✅ [account_anchor/bottom8_long] 加载配置成功: RSI<800, 限额5.0U
[2026-02-28 08:05:34] ✅ [account_poit_main/top8_long] 加载配置成功: RSI<500, 限额5.0U
[2026-02-28 08:05:36] ✅ [account_poit_main/bottom8_long] 加载配置成功: RSI<800, 限额5.0U
[2026-02-28 08:05:38] ⏳ 等待 60秒 后下次检查...
[2026-02-28 08:06:38] 🔍 开始检查见底信号...
[2026-02-28 08:06:38] ✅ 获取账户列表成功: 4 个账户
[2026-02-28 08:06:38] ✅ [account_main/top8_long] 加载配置成功: RSI<500, 限额5.0U
[2026-02-28 08:06:40] ✅ [account_main/bottom8_long] 加载配置成功: RSI<800, 限额5.0U
[2026-02-28 08:06:42] ✅ [account_fangfang12/top8_long] 加载配置成功: RSI<500, 限额5.0U
[2026-02-28 08:06:44] ✅ [account_fangfang12/bottom8_long] 加载配置成功: RSI<800, 限额5.0U
[2026-02-28 08:06:46] ✅ [account_anchor/top8_long] 加载配置成功: RSI<800, 限额5.0U
[2026-02-28 08:06:48] ✅ [account_anchor/bottom8_long] 加载配置成功: RSI<800, 限额5.0U
[2026-02-28 08:06:50] ✅ [account_poit_main/top8_long] 加载配置成功: RSI<500, 限额5.0U
[2026-02-28 08:06:52] ✅ [account_poit_main/bottom8_long] 加载配置成功: RSI<800, 限额5.0U
[2026-02-28 08:06:54] ⏳ 等待 60秒 后下次检查...
[2026-02-28 08:07:54] 🔍 开始检查见底信号...
[2026-02-28 08:07:54] ✅ 获取账户列表成功: 4 个账户
[2026-02-28 08:07:54] ✅ [account_main/top8_long] 加载配置成功: RSI<500, 限额5.0U
[2026-02-28 08:07:56] ✅ [account_main/bottom8_long] 加载配置成功: RSI<800, 限额5.0U
[2026-02-28 08:07:58] ✅ [account_fangfang12/top8_long] 加载配置成功: RSI<500, 限额5.0U
[2026-02-28 08:08:00] ✅ [account_fangfang12/bottom8_long] 加载配置成功: RSI<800, 限额5.0U
[2026-02-28 08:08:02] ✅ [account_anchor/top8_long] 加载配置成功: RSI<800, 限额5.0U
[2026-02-28 08:08:04] ✅ [account_anchor/bottom8_long] 加载配置成功: RSI<800, 限额5.0U
[2026-02-28 08:08:06] ✅ [account_poit_main/top8_long] 加载配置成功: RSI<500, 限额5.0U
[2026-02-28 08:08:08] ✅ [account_poit_main/bottom8_long] 加载配置成功: RSI<800, 限额5.0U
[2026-02-28 08:08:10] ⏳ 等待 60秒 后下次检查...
[2026-02-28 08:09:10] 🔍 开始检查见底信号...
[2026-02-28 08:09:10] ✅ 获取账户列表成功: 4 个账户
[2026-02-28 08:09:10] ✅ [account_main/top8_long] 加载配置成功: RSI<500, 限额5.0U
[2026-02-28 08:09:12] ✅ [account_main/bottom8_long] 加载配置成功: RSI<800, 限额5.0U
[2026-02-28 08:09:14] ✅ [account_fangfang12/top8_long] 加载配置成功: RSI<500, 限额5.0U
[2026-02-28 08:09:16] ✅ [account_fangfang12/bottom8_long] 加载配置成功: RSI<800, 限额5.0U
[2026-02-28 08:09:18] ✅ [account_anchor/top8_long] 加载配置成功: RSI<800, 限额5.0U
[2026-02-28 08:09:20] ✅ [account_anchor/bottom8_long] 加载配置成功: RSI<800, 限额5.0U
[2026-02-28 08:09:22] ✅ [account_poit_main/top8_long] 加载配置成功: RSI<500, 限额5.0U
[2026-02-28 08:09:24] ✅ [account_poit_main/bottom8_long] 加载配置成功: RSI<800, 限额5.0U
[2026-02-28 08:09:26] ⏳ 等待 60秒 后下次检查...
[2026-02-28 08:10:26] 🔍 开始检查见底信号...
[2026-02-28 08:10:26] ✅ 获取账户列表成功: 4 个账户
[2026-02-28 08:10:26] ✅ [account_main/top8_long] 加载配置成功: RSI<500, 限额5.0U
[2026-02-28 08:10:28] ✅ [account_main/bottom8_long] 加载配置成功: RSI<800, 限额5.0U
[2026-02-28 08:10:30] ✅ [account_fangfang12/top8_long] 加载配置成功: RSI<500, 限额5.0U
[2026-02-28 08:10:32] ✅ [account_fangfang12/bottom8_long] 加载配置成功: RSI<800, 限额5.0U
[2026-02-28 08:10:34] ✅ [account_anchor/top8_long] 加载配置成功: RSI<800, 限额5.0U
[2026-02-28 08:10:36] ✅ [account_anchor/bottom8_long] 加载配置成功: RSI<800, 限额5.0U
[2026-02-28 08:10:38] ✅ [account_poit_main/top8_long] 加载配置成功: RSI<500, 限额5.0U
[2026-02-28 08:10:40] ✅ [account_poit_main/bottom8_long] 加载配置成功: RSI<800, 限额5.0U
[2026-02-28 08:10:42] ⏳ 等待 60秒 后下次检查...
[2026-02-28 08:11:42] 🔍 开始检查见底信号...
[2026-02-28 08:11:42] ✅ 获取账户列表成功: 4 个账户
[2026-02-28 08:11:42] ✅ [account_main/top8_long] 加载配置成功: RSI<500, 限额5.0U
[2026-02-28 08:11:44] ✅ [account_main/bottom8_long] 加载配置成功: RSI<800, 限额5.0U
[2026-02-28 08:11:46] ✅ [account_fangfang12/top8_long] 加载配置成功: RSI<500, 限额5.0U
[2026-02-28 08:11:48] ✅ [account_fangfang12/bottom8_long] 加载配置成功: RSI<800, 限额5.0U
[2026-02-28 08:11:50] ✅ [account_anchor/top8_long] 加载配置成功: RSI<800, 限额5.0U
[2026-02-28 08:11:52] ✅ [account_anchor/bottom8_long] 加载配置成功: RSI<800, 限额5.0U
[2026-02-28 08:11:54] ✅ [account_poit_main/top8_long] 加载配置成功: RSI<500, 限额5.0U
[2026-02-28 08:11:56] ✅ [account_poit_main/bottom8_long] 加载配置成功: RSI<800, 限额5.0U
[2026-02-28 08:11:58] ⏳ 等待 60秒 后下次检查...
[2026-02-28 08:12:58] 🔍 开始检查见底信号...
[2026-02-28 08:12:58] ✅ 获取账户列表成功: 4 个账户
[2026-02-28 08:12:58] ✅ [account_main/top8_long] 加载配置成功: RSI<500, 限额5.0U
[2026-02-28 08:13:00] ✅ [account_main/bottom8_long] 加载配置成功: RSI<800, 限额5.0U
[2026-02-28 08:13:02] ✅ [account_fangfang12/top8_long] 加载配置成功: RSI<500, 限额5.0U
[2026-02-28 08:13:04] ✅ [account_fangfang12/bottom8_long] 加载配置成功: RSI<800, 限额5.0U
[2026-02-28 08:13:06] ✅ [account_anchor/top8_long] 加载配置成功: RSI<800, 限额5.0U
[2026-02-28 08:13:08] ✅ [account_anchor/bottom8_long] 加载配置成功: RSI<800, 限额5.0U
[2026-02-28 08:13:10] ✅ [account_poit_main/top8_long] 加载配置成功: RSI<500, 限额5.0U
[2026-02-28 08:13:12] ✅ [account_poit_main/bottom8_long] 加载配置成功: RSI<800, 限额5.0U
[2026-02-28 08:13:14] ⏳ 等待 60秒 后下次检查...
[2026-02-28 08:14:14] 🔍 开始检查见底信号...
[2026-02-28 08:14:14] ✅ 获取账户列表成功: 4 个账户
[2026-02-28 08:14:14] ✅ [account_main/top8_long] 加载配置成功: RSI<500, 限额5.0U
[2026-02-28 08:14:16] ✅ [account_main/bottom8_long] 加载配置成功: RSI<800, 限额5.0U
[2026-02-28 08:14:18] ✅ [account_fangfang12/top8_long] 加载配置成功: RSI<500, 限额5.0U
[2026-02-28 08:14:20] ✅ [account_fangfang12/bottom8_long] 加载配置成功: RSI<800, 限额5.0U
[2026-02-28 08:14:22] ✅ [account_anchor/top8_long] 加载配置成功: RSI<800, 限额5.0U
[2026-02-28 08:14:24] ✅ [account_anchor/bottom8_long] 加载配置成功: RSI<800, 限额5.0U
[2026-02-28 08:14:26] ✅ [account_poit_main/top8_long] 加载配置成功: RSI<500, 限额5.0U
[2026-02-28 08:14:28] ✅ [account_poit_main/bottom8_long] 加载配置成功: RSI<800, 限额5.0U
[2026-02-28 08:14:30] ⏳ 等待 60秒 后下次检查...
[2026-02-28 08:15:30] 🔍 开始检查见底信号...
[2026-02-28 08:15:30] ✅ 获取账户列表成功: 4 个账户
[2026-02-28 08:15:30] ✅ [account_main/top8_long] 加载配置成功: RSI<500, 限额5.0U
[2026-02-28 08:15:32] ✅ [account_main/bottom8_long] 加载配置成功: RSI<800, 限额5.0U
[2026-02-28 08:15:34] ✅ [account_fangfang12/top8_long] 加载配置成功: RSI<500, 限额5.0U
[2026-02-28 08:15:36] ✅ [account_fangfang12/bottom8_long] 加载配置成功: RSI<800, 限额5.0U
[2026-02-28 08:15:38] ✅ [account_anchor/top8_long] 加载配置成功: RSI<800, 限额5.0U
[2026-02-28 08:15:40] ✅ [account_anchor/bottom8_long] 加载配置成功: RSI<800, 限额5.0U
[2026-02-28 08:15:42] ✅ [account_poit_main/top8_long] 加载配置成功: RSI<500, 限额5.0U
[2026-02-28 08:15:44] ✅ [account_poit_main/bottom8_long] 加载配置成功: RSI<800, 限额5.0U
[2026-02-28 08:15:46] ⏳ 等待 60秒 后下次检查...
[2026-02-28 08:16:46] 🔍 开始检查见底信号...
[2026-02-28 08:16:46] ✅ 获取账户列表成功: 4 个账户
[2026-02-28 08:16:46] ✅ [account_main/top8_long] 加载配置成功: RSI<500, 限额5.0U
[2026-02-28 08:16:48] ✅ [account_main/bottom8_long] 加载配置成功: RSI<800, 限额5.0U
[2026-02-28 08:16:50] ✅ [account_fangfang12/top8_long] 加载配置成功: RSI<500, 限额5.0U
[2026-02-28 08:16:52] ✅ [account_fangfang12/bottom8_long] 加载配置成功: RSI<800, 限额5.0U
[2026-02-28 08:16:54] ✅ [account_anchor/top8_long] 加载配置成功: RSI<800, 限额5.0U
[2026-02-28 08:16:56] ✅ [account_anchor/bottom8_long] 加载配置成功: RSI<800, 限额5.0U
[2026-02-28 08:16:58] ✅ [account_poit_main/top8_long] 加载配置成功: RSI<500, 限额5.0U
[2026-02-28 08:17:00] ✅ [account_poit_main/bottom8_long] 加载配置成功: RSI<800, 限额5.0U
[2026-02-28 08:17:02] ⏳ 等待 60秒 后下次检查...
