[2026-02-28 07:56:45.595179] Coin Change Tracker 启动...
[2026-02-28 07:56:45.595259] 正在追踪币种变化...
[2026-02-28 07:57:45.595415] 正在追踪币种变化...
[2026-02-28 07:58:45.595728] 正在追踪币种变化...
[2026-02-28 07:59:45.595919] 正在追踪币种变化...
[2026-02-28 08:00:45.596082] 正在追踪币种变化...
[2026-02-28 08:01:45.596391] 正在追踪币种变化...
[2026-02-28 08:02:45.596745] 正在追踪币种变化...
[2026-02-28 08:03:45.596939] 正在追踪币种变化...
[2026-02-28 08:04:45.597149] 正在追踪币种变化...
[2026-02-28 08:05:45.597415] 正在追踪币种变化...
[2026-02-28 08:06:45.597676] 正在追踪币种变化...
[2026-02-28 08:07:45.597894] 正在追踪币种变化...
[2026-02-28 08:08:45.598139] 正在追踪币种变化...
[2026-02-28 08:09:45.598374] 正在追踪币种变化...
[2026-02-28 08:10:45.598787] 正在追踪币种变化...
[2026-02-28 08:11:45.599148] 正在追踪币种变化...
[2026-02-28 08:12:45.599377] 正在追踪币种变化...
[2026-02-28 08:13:45.599609] 正在追踪币种变化...
[2026-02-28 08:14:45.599814] 正在追踪币种变化...
[2026-02-28 08:14:48.437855] Coin Change Tracker 启动...
[2026-02-28 08:14:48.438024] 正在追踪币种变化...
[2026-02-28 08:15:22.369360] Coin Change Tracker 启动...
[2026-02-28 08:15:22.369579] 正在追踪币种变化...
============================================================
币种涨跌变化追踪采集器启动
============================================================

[2026-02-28 16:15:41] 开始采集...
[价格] BTC: 63648.2
[价格] ETH: 1859.36
[价格] BNB: 592.9
[价格] XRP: 1.2956
[价格] DOGE: 0.08921
[价格] SOL: 78.41
[价格] DOT: 1.493
[警告] MATIC 价格获取失败
[价格] LTC: 52.16
[价格] LINK: 8.314
[价格] HBAR: 0.09571
[价格] TAO: 169.1
[价格] CFX: 0.04569
[价格] TRX: 0.27977
[价格] TON: 1.24
[价格] NEAR: 1.0513
[价格] LDO: 0.2873
[价格] CRO: 0.07247
[价格] ETC: 8.265
[价格] XLM: 0.15007
[价格] BCH: 447.2
[价格] UNI: 3.615
[价格] SUI: 0.8451
[价格] FIL: 0.9435
[价格] STX: 0.2459
[价格] CRV: 0.2307
[价格] AAVE: 106.56
[价格] APT: 0.8866
[RSI] 开始采集5分钟RSI数据...
[RSI] BTC: 51.53
[RSI] ETH: 53.17
[RSI] BNB: 44.38
[RSI] XRP: 39.88
[RSI] DOGE: 48.46
[RSI] SOL: 51.56
[RSI] DOT: 42.86
[警告] MATIC 5分钟K线获取失败
[警告] MATIC K线数据不足，无法计算RSI
[RSI] LTC: 45.04
[RSI] LINK: 42.9
[RSI] HBAR: 41.3
[RSI] TAO: 38.53
[RSI] CFX: 48.95
[RSI] TRX: 33.57
[RSI] TON: 41.03
[RSI] NEAR: 55.12
[RSI] LDO: 56.74
[RSI] CRO: 49.18
[RSI] ETC: 49.37
[RSI] XLM: 37.38
[RSI] BCH: 58.38
[RSI] UNI: 51.19
[RSI] SUI: 44.91
[RSI] FIL: 55.83
[RSI] STX: 50.0
[RSI] CRV: 46.28
[RSI] AAVE: 46.35
[RSI] APT: 44.66
[警告] 以下币种RSI获取失败: MATIC
[RSI] 成功采集 27/27 个币种，RSI之和: 1268.55
[保存] RSI数据已写入 /home/user/webapp/data/coin_change_tracker/rsi_20260228.jsonl
[保存] 数据已写入 /home/user/webapp/data/coin_change_tracker/coin_change_20260228.jsonl
[统计] 总涨跌幅: -139.03%, 币种数: 27, 上涨占比: 0.0% (0↑/27↓), RSI之和: 1268.55
[等待] 下次采集时间: 16:16:41

[2026-02-28 16:17:07] 开始采集...
[价格] BTC: 63740.1
[价格] ETH: 1861.9
[价格] BNB: 594.2
[价格] XRP: 1.2994
[价格] DOGE: 0.08928
[价格] SOL: 78.5
[价格] DOT: 1.496
[警告] MATIC 价格获取失败
[价格] LTC: 52.23
[价格] LINK: 8.324
[价格] HBAR: 0.09578
[价格] TAO: 169.2
[价格] CFX: 0.04574
[价格] TRX: 0.27989
[价格] TON: 1.241
[价格] NEAR: 1.0525
[价格] LDO: 0.2879
[价格] CRO: 0.07258
[价格] ETC: 8.267
[价格] XLM: 0.15018
[价格] BCH: 447.6
[价格] UNI: 3.623
[价格] SUI: 0.8463
[价格] FIL: 0.9436
[价格] STX: 0.2462
[价格] CRV: 0.2308
[价格] AAVE: 106.61
[价格] APT: 0.887
[保存] 数据已写入 /home/user/webapp/data/coin_change_tracker/coin_change_20260228.jsonl
[统计] 总涨跌幅: -136.11%, 币种数: 27, 上涨占比: 0.0% (0↑/27↓)
[等待] 下次采集时间: 16:18:07
