2026-02-28 07:56:46 +00:00: ⚠️  支撑压力系统 v2.0 API加载失败: No module named 'core'
2026-02-28 07:56:46 +00:00: ✅ 价格位置预警系统 v2.0 API已加载(JSONL版本)
2026-02-28 07:56:46 +00:00: ⚠️  逃顶信号系统 v2.0 API加载失败: No module named 'core'
2026-02-28 07:56:46 +00:00: [Panic Paged V2] API路由已注册
2026-02-28 07:56:46 +00:00:  * Serving Flask app 'app'
2026-02-28 07:56:46 +00:00:  * Debug mode: off
2026-02-28 08:13:53 +00:00: ✅ 凌晨2点后，优先使用正式数据 (当前时间: 16:13:53)
2026-02-28 08:14:01 +00:00: ✅ 凌晨2点后，优先使用正式数据 (当前时间: 16:14:01)
2026-02-28 08:14:02 +00:00: ✅ 凌晨2点后，优先使用正式数据 (当前时间: 16:14:02)
2026-02-28 08:14:02 +00:00: 🔍 发现B点候选: 2026-02-28 00:02:18 = -3.16%
2026-02-28 08:14:02 +00:00: ⚠️  B点被推翻，发现更低点: 2026-02-28 00:04:43 = -6.39%
2026-02-28 08:14:02 +00:00: 🔍 新的B点候选: 2026-02-28 00:04:43 = -6.39%
2026-02-28 08:14:02 +00:00: ⚠️  B点被推翻，发现更低点: 2026-02-28 00:05:56 = -17.50%
2026-02-28 08:14:02 +00:00: 🔍 新的B点候选: 2026-02-28 00:05:56 = -17.50%
2026-02-28 08:14:02 +00:00: ✅ B点确认: 2026-02-28 00:05:56 = -17.50%
2026-02-28 08:14:02 +00:00: ⚠️  在寻找A点期间，发现比B点更低的点: 2026-02-28 00:42:53 = -20.81%
2026-02-28 08:14:02 +00:00:    放弃当前B点，重新开始寻找B点
2026-02-28 08:14:02 +00:00: 🔍 发现B点候选: 2026-02-28 00:42:53 = -20.81%
2026-02-28 08:14:02 +00:00: ⚠️  B点被推翻，发现更低点: 2026-02-28 00:47:57 = -22.25%
2026-02-28 08:14:02 +00:00: 🔍 新的B点候选: 2026-02-28 00:47:57 = -22.25%
2026-02-28 08:14:02 +00:00: ⚠️  B点被推翻，发现更低点: 2026-02-28 00:49:10 = -26.65%
2026-02-28 08:14:02 +00:00: 🔍 新的B点候选: 2026-02-28 00:49:10 = -26.65%
2026-02-28 08:14:02 +00:00: ⚠️  B点被推翻，发现更低点: 2026-02-28 00:51:36 = -27.95%
2026-02-28 08:14:02 +00:00: 🔍 新的B点候选: 2026-02-28 00:51:36 = -27.95%
2026-02-28 08:14:02 +00:00: ⚠️  B点被推翻，发现更低点: 2026-02-28 01:01:45 = -28.04%
2026-02-28 08:14:02 +00:00: 🔍 新的B点候选: 2026-02-28 01:01:45 = -28.04%
2026-02-28 08:14:02 +00:00: ⚠️  B点被推翻，发现更低点: 2026-02-28 01:11:54 = -31.92%
2026-02-28 08:14:02 +00:00: 🔍 新的B点候选: 2026-02-28 01:11:54 = -31.92%
2026-02-28 08:14:02 +00:00: ⚠️  B点被推翻，发现更低点: 2026-02-28 01:13:20 = -32.84%
2026-02-28 08:14:02 +00:00: 🔍 新的B点候选: 2026-02-28 01:13:20 = -32.84%
2026-02-28 08:14:02 +00:00: ⚠️  B点被推翻，发现更低点: 2026-02-28 01:16:59 = -36.81%
2026-02-28 08:14:02 +00:00: 🔍 新的B点候选: 2026-02-28 01:16:59 = -36.81%
2026-02-28 08:14:02 +00:00: ⚠️  B点被推翻，发现更低点: 2026-02-28 01:18:25 = -39.34%
2026-02-28 08:14:02 +00:00: 🔍 新的B点候选: 2026-02-28 01:18:25 = -39.34%
2026-02-28 08:14:02 +00:00: ⚠️  B点被推翻，发现更低点: 2026-02-28 01:20:50 = -39.96%
2026-02-28 08:14:02 +00:00: 🔍 新的B点候选: 2026-02-28 01:20:50 = -39.96%
2026-02-28 08:14:02 +00:00: ⚠️  B点被推翻，发现更低点: 2026-02-28 01:29:45 = -40.16%
2026-02-28 08:14:02 +00:00: 🔍 新的B点候选: 2026-02-28 01:29:45 = -40.16%
2026-02-28 08:14:02 +00:00: ✅ B点确认: 2026-02-28 01:29:45 = -40.16%
2026-02-28 08:14:02 +00:00: ⚠️  在寻找A点期间，发现比B点更低的点: 2026-02-28 03:46:43 = -41.50%
2026-02-28 08:14:02 +00:00:    放弃当前B点，重新开始寻找B点
2026-02-28 08:14:02 +00:00: 🔍 发现B点候选: 2026-02-28 03:46:43 = -41.50%
2026-02-28 08:14:02 +00:00: ✅ B点确认: 2026-02-28 03:46:43 = -41.50%
2026-02-28 08:14:02 +00:00: ⚠️  在寻找A点期间，发现比B点更低的点: 2026-02-28 05:55:47 = -43.21%
2026-02-28 08:14:02 +00:00:    放弃当前B点，重新开始寻找B点
2026-02-28 08:14:02 +00:00: 🔍 发现B点候选: 2026-02-28 05:55:47 = -43.21%
2026-02-28 08:14:02 +00:00: ✅ B点确认: 2026-02-28 05:55:47 = -43.21%
2026-02-28 08:14:02 +00:00: ⚠️  在寻找A点期间，发现比B点更低的点: 2026-02-28 06:22:30 = -46.56%
2026-02-28 08:14:02 +00:00:    放弃当前B点，重新开始寻找B点
2026-02-28 08:14:02 +00:00: 🔍 发现B点候选: 2026-02-28 06:22:30 = -46.56%
2026-02-28 08:14:02 +00:00: ⚠️  B点被推翻，发现更低点: 2026-02-28 06:28:46 = -47.09%
2026-02-28 08:14:02 +00:00: 🔍 新的B点候选: 2026-02-28 06:28:46 = -47.09%
2026-02-28 08:14:02 +00:00: ⚠️  B点被推翻，发现更低点: 2026-02-28 06:29:59 = -49.25%
2026-02-28 08:14:02 +00:00: 🔍 新的B点候选: 2026-02-28 06:29:59 = -49.25%
2026-02-28 08:14:02 +00:00: ⚠️  B点被推翻，发现更低点: 2026-02-28 06:33:49 = -51.31%
2026-02-28 08:14:02 +00:00: 🔍 新的B点候选: 2026-02-28 06:33:49 = -51.31%
2026-02-28 08:14:02 +00:00: ⚠️  B点被推翻，发现更低点: 2026-02-28 06:35:02 = -66.90%
2026-02-28 08:14:02 +00:00: 🔍 新的B点候选: 2026-02-28 06:35:02 = -66.90%
2026-02-28 08:14:02 +00:00: ✅ B点确认: 2026-02-28 06:35:02 = -66.90%
2026-02-28 08:14:02 +00:00: 🔍 发现A点候选: 2026-02-28 07:02:56 = -29.83%, 振幅=37.07%
2026-02-28 08:14:02 +00:00: ⚠️  A点被推翻，发现更高点: 2026-02-28 07:05:21 = -29.63%
2026-02-28 08:14:02 +00:00: 🔍 新的A点候选: 2026-02-28 07:05:21 = -29.63%, 振幅=37.27%
2026-02-28 08:14:02 +00:00: ⚠️  A点被推翻，发现更高点: 2026-02-28 07:06:34 = -28.37%
2026-02-28 08:14:02 +00:00: 🔍 新的A点候选: 2026-02-28 07:06:34 = -28.37%, 振幅=38.53%
2026-02-28 08:14:02 +00:00: ⚠️  A点被推翻，发现更高点: 2026-02-28 07:07:59 = -27.04%
2026-02-28 08:14:02 +00:00: 🔍 新的A点候选: 2026-02-28 07:07:59 = -27.04%, 振幅=39.86%
2026-02-28 08:14:02 +00:00: ⚠️  A点被推翻，发现更高点: 2026-02-28 07:09:12 = -26.67%
2026-02-28 08:14:02 +00:00: 🔍 新的A点候选: 2026-02-28 07:09:12 = -26.67%, 振幅=40.23%
2026-02-28 08:14:02 +00:00: ⚠️  A点被推翻，发现更高点: 2026-02-28 07:10:25 = -25.67%
2026-02-28 08:14:02 +00:00: 🔍 新的A点候选: 2026-02-28 07:10:25 = -25.67%, 振幅=41.23%
2026-02-28 08:14:02 +00:00: ⚠️  A点被推翻，发现更高点: 2026-02-28 07:23:34 = -24.93%
2026-02-28 08:14:02 +00:00: 🔍 新的A点候选: 2026-02-28 07:23:34 = -24.93%, 振幅=41.97%
2026-02-28 08:14:02 +00:00: ⚠️  A点被推翻，发现更高点: 2026-02-28 07:28:37 = -24.58%
2026-02-28 08:14:02 +00:00: 🔍 新的A点候选: 2026-02-28 07:28:37 = -24.58%, 振幅=42.32%
2026-02-28 08:14:02 +00:00: ⚠️  A点被推翻，发现更高点: 2026-02-28 07:29:50 = -23.28%
2026-02-28 08:14:02 +00:00: 🔍 新的A点候选: 2026-02-28 07:29:50 = -23.28%, 振幅=43.62%
2026-02-28 08:14:02 +00:00: ⚠️  A点被推翻，发现更高点: 2026-02-28 07:34:53 = -22.45%
2026-02-28 08:14:02 +00:00: 🔍 新的A点候选: 2026-02-28 07:34:53 = -22.45%, 振幅=44.45%
2026-02-28 08:14:02 +00:00: ⚠️  A点被推翻，发现更高点: 2026-02-28 07:36:06 = -21.79%
2026-02-28 08:14:02 +00:00: 🔍 新的A点候选: 2026-02-28 07:36:06 = -21.79%, 振幅=45.11%
2026-02-28 08:14:02 +00:00: ⚠️  A点被推翻，发现更高点: 2026-02-28 07:52:27 = -20.42%
2026-02-28 08:14:02 +00:00: 🔍 新的A点候选: 2026-02-28 07:52:27 = -20.42%, 振幅=46.48%
2026-02-28 08:14:02 +00:00: ⚠️  A点被推翻，发现更高点: 2026-02-28 08:11:27 = -19.62%
2026-02-28 08:14:02 +00:00: 🔍 新的A点候选: 2026-02-28 08:11:27 = -19.62%, 振幅=47.28%
2026-02-28 08:14:02 +00:00: ⚠️  A点被推翻，发现更高点: 2026-02-28 08:14:05 = -18.62%
2026-02-28 08:14:02 +00:00: 🔍 新的A点候选: 2026-02-28 08:14:05 = -18.62%, 振幅=48.28%
2026-02-28 08:14:02 +00:00: ⚠️  A点被推翻，发现更高点: 2026-02-28 08:15:18 = -17.54%
2026-02-28 08:14:02 +00:00: 🔍 新的A点候选: 2026-02-28 08:15:18 = -17.54%, 振幅=49.36%
2026-02-28 08:14:02 +00:00: ✅ A点确认: 2026-02-28 08:15:18 = -17.54%, 振幅=49.36%
2026-02-28 08:14:02 +00:00: ⚠️  在寻找C点期间，发现更高点！A点更新
2026-02-28 08:14:02 +00:00:    旧A点: 2026-02-28 08:15:18 = -17.54%
2026-02-28 08:14:02 +00:00:    新A点: 2026-02-28 08:44:22 = -15.68%
2026-02-28 08:14:02 +00:00:    新振幅: 51.22%
2026-02-28 08:14:02 +00:00: ⚠️  在寻找C点期间，发现更高点！A点更新
2026-02-28 08:14:02 +00:00:    旧A点: 2026-02-28 08:44:22 = -15.68%
2026-02-28 08:14:02 +00:00:    新A点: 2026-02-28 08:56:53 = -13.96%
2026-02-28 08:14:02 +00:00:    新振幅: 52.94%
2026-02-28 08:14:02 +00:00: ⚠️  在寻找C点期间，发现更高点！A点更新
2026-02-28 08:14:02 +00:00:    旧A点: 2026-02-28 08:56:53 = -13.96%
2026-02-28 08:14:02 +00:00:    新A点: 2026-02-28 08:58:05 = -12.66%
2026-02-28 08:14:02 +00:00:    新振幅: 54.24%
2026-02-28 08:14:02 +00:00: ⚠️  在寻找C点期间，发现更高点！A点更新
2026-02-28 08:14:02 +00:00:    旧A点: 2026-02-28 08:58:05 = -12.66%
2026-02-28 08:14:02 +00:00:    新A点: 2026-02-28 09:04:33 = -11.20%
2026-02-28 08:14:02 +00:00:    新振幅: 55.70%
2026-02-28 08:14:02 +00:00: ✅ 完整波峰记录: B(-66.90%) → A(-11.20%) → C(-47.73%)
2026-02-28 08:14:02 +00:00:    振幅=55.70%, 回调=36.53% (65.6%)
2026-02-28 08:14:02 +00:00: ♻️  C点将作为下一个波峰的B点候选
2026-02-28 08:14:02 +00:00: 📍 使用继承的B点: 2026-02-28 12:31:42 = -47.73%
2026-02-28 08:14:02 +00:00: ✅ B点确认: 2026-02-28 12:31:42 = -47.73%
2026-02-28 08:14:02 +00:00: ⚠️  在寻找A点期间，发现比B点更低的点: 2026-02-28 13:33:18 = -48.55%
2026-02-28 08:14:02 +00:00:    放弃当前B点，重新开始寻找B点
2026-02-28 08:14:02 +00:00: 🔍 发现B点候选: 2026-02-28 13:33:18 = -48.55%
2026-02-28 08:14:02 +00:00: ⚠️  B点被推翻，发现更低点: 2026-02-28 13:35:43 = -50.81%
2026-02-28 08:14:02 +00:00: 🔍 新的B点候选: 2026-02-28 13:35:43 = -50.81%
2026-02-28 08:14:02 +00:00: ⚠️  B点被推翻，发现更低点: 2026-02-28 13:37:08 = -51.86%
2026-02-28 08:14:02 +00:00: 🔍 新的B点候选: 2026-02-28 13:37:08 = -51.86%
2026-02-28 08:14:02 +00:00: ✅ B点确认: 2026-02-28 13:37:08 = -51.86%
2026-02-28 08:14:02 +00:00: ⚠️  在寻找A点期间，发现比B点更低的点: 2026-02-28 14:07:18 = -52.32%
2026-02-28 08:14:02 +00:00:    放弃当前B点，重新开始寻找B点
2026-02-28 08:14:02 +00:00: 🔍 发现B点候选: 2026-02-28 14:07:18 = -52.32%
2026-02-28 08:14:02 +00:00: ⚠️  B点被推翻，发现更低点: 2026-02-28 14:14:44 = -54.87%
2026-02-28 08:14:02 +00:00: 🔍 新的B点候选: 2026-02-28 14:14:44 = -54.87%
2026-02-28 08:14:02 +00:00: ⚠️  B点被推翻，发现更低点: 2026-02-28 14:15:57 = -59.98%
2026-02-28 08:14:02 +00:00: 🔍 新的B点候选: 2026-02-28 14:15:57 = -59.98%
2026-02-28 08:14:02 +00:00: ⚠️  B点被推翻，发现更低点: 2026-02-28 14:17:21 = -70.51%
2026-02-28 08:14:02 +00:00: 🔍 新的B点候选: 2026-02-28 14:17:21 = -70.51%
2026-02-28 08:14:02 +00:00: ⚠️  B点被推翻，发现更低点: 2026-02-28 14:18:34 = -101.85%
2026-02-28 08:14:02 +00:00: 🔍 新的B点候选: 2026-02-28 14:18:34 = -101.85%
2026-02-28 08:14:02 +00:00: ⚠️  B点被推翻，发现更低点: 2026-02-28 14:32:28 = -108.18%
2026-02-28 08:14:02 +00:00: 🔍 新的B点候选: 2026-02-28 14:32:28 = -108.18%
2026-02-28 08:14:02 +00:00: ⚠️  B点被推翻，发现更低点: 2026-02-28 14:33:40 = -116.01%
2026-02-28 08:14:02 +00:00: 🔍 新的B点候选: 2026-02-28 14:33:40 = -116.01%
2026-02-28 08:14:02 +00:00: ⚠️  B点被推翻，发现更低点: 2026-02-28 14:36:05 = -119.05%
2026-02-28 08:14:02 +00:00: 🔍 新的B点候选: 2026-02-28 14:36:05 = -119.05%
2026-02-28 08:14:02 +00:00: ⚠️  B点被推翻，发现更低点: 2026-02-28 14:37:30 = -129.96%
2026-02-28 08:14:02 +00:00: 🔍 新的B点候选: 2026-02-28 14:37:30 = -129.96%
2026-02-28 08:14:02 +00:00: ⚠️  B点被推翻，发现更低点: 2026-02-28 14:38:42 = -131.54%
2026-02-28 08:14:02 +00:00: 🔍 新的B点候选: 2026-02-28 14:38:42 = -131.54%
2026-02-28 08:14:02 +00:00: ⚠️  B点被推翻，发现更低点: 2026-02-28 14:49:58 = -137.55%
2026-02-28 08:14:02 +00:00: 🔍 新的B点候选: 2026-02-28 14:49:58 = -137.55%
2026-02-28 08:14:02 +00:00: ⚠️  B点被推翻，发现更低点: 2026-02-28 14:51:10 = -146.00%
2026-02-28 08:14:02 +00:00: 🔍 新的B点候选: 2026-02-28 14:51:10 = -146.00%
2026-02-28 08:14:02 +00:00: ⚠️  B点被推翻，发现更低点: 2026-02-28 14:55:00 = -150.74%
2026-02-28 08:14:02 +00:00: 🔍 新的B点候选: 2026-02-28 14:55:00 = -150.74%
2026-02-28 08:14:02 +00:00: ⚠️  B点被推翻，发现更低点: 2026-02-28 14:56:12 = -157.41%
2026-02-28 08:14:02 +00:00: 🔍 新的B点候选: 2026-02-28 14:56:12 = -157.41%
2026-02-28 08:14:02 +00:00: ⚠️  B点被推翻，发现更低点: 2026-02-28 15:00:02 = -159.77%
2026-02-28 08:14:02 +00:00: 🔍 新的B点候选: 2026-02-28 15:00:02 = -159.77%
2026-02-28 08:14:02 +00:00: ✅ B点确认: 2026-02-28 15:00:02 = -159.77%
2026-02-28 08:14:05 +00:00: 🔍 发现B点候选: 2026-02-28 00:02:18 = -3.16%
2026-02-28 08:14:05 +00:00: ⚠️  B点被推翻，发现更低点: 2026-02-28 00:04:43 = -6.39%
2026-02-28 08:14:05 +00:00: 🔍 新的B点候选: 2026-02-28 00:04:43 = -6.39%
2026-02-28 08:14:05 +00:00: ⚠️  B点被推翻，发现更低点: 2026-02-28 00:05:56 = -17.50%
2026-02-28 08:14:05 +00:00: 🔍 新的B点候选: 2026-02-28 00:05:56 = -17.50%
2026-02-28 08:14:05 +00:00: ✅ B点确认: 2026-02-28 00:05:56 = -17.50%
2026-02-28 08:14:05 +00:00: ⚠️  在寻找A点期间，发现比B点更低的点: 2026-02-28 00:42:53 = -20.81%
2026-02-28 08:14:05 +00:00:    放弃当前B点，重新开始寻找B点
2026-02-28 08:14:05 +00:00: 🔍 发现B点候选: 2026-02-28 00:42:53 = -20.81%
2026-02-28 08:14:05 +00:00: ⚠️  B点被推翻，发现更低点: 2026-02-28 00:47:57 = -22.25%
2026-02-28 08:14:05 +00:00: 🔍 新的B点候选: 2026-02-28 00:47:57 = -22.25%
2026-02-28 08:14:05 +00:00: ⚠️  B点被推翻，发现更低点: 2026-02-28 00:49:10 = -26.65%
2026-02-28 08:14:05 +00:00: 🔍 新的B点候选: 2026-02-28 00:49:10 = -26.65%
2026-02-28 08:14:05 +00:00: ⚠️  B点被推翻，发现更低点: 2026-02-28 00:51:36 = -27.95%
2026-02-28 08:14:05 +00:00: 🔍 新的B点候选: 2026-02-28 00:51:36 = -27.95%
2026-02-28 08:14:05 +00:00: ⚠️  B点被推翻，发现更低点: 2026-02-28 01:01:45 = -28.04%
2026-02-28 08:14:05 +00:00: 🔍 新的B点候选: 2026-02-28 01:01:45 = -28.04%
2026-02-28 08:14:05 +00:00: ⚠️  B点被推翻，发现更低点: 2026-02-28 01:11:54 = -31.92%
2026-02-28 08:14:05 +00:00: 🔍 新的B点候选: 2026-02-28 01:11:54 = -31.92%
2026-02-28 08:14:05 +00:00: ⚠️  B点被推翻，发现更低点: 2026-02-28 01:13:20 = -32.84%
2026-02-28 08:14:05 +00:00: 🔍 新的B点候选: 2026-02-28 01:13:20 = -32.84%
2026-02-28 08:14:05 +00:00: ⚠️  B点被推翻，发现更低点: 2026-02-28 01:16:59 = -36.81%
2026-02-28 08:14:05 +00:00: 🔍 新的B点候选: 2026-02-28 01:16:59 = -36.81%
2026-02-28 08:14:05 +00:00: ⚠️  B点被推翻，发现更低点: 2026-02-28 01:18:25 = -39.34%
2026-02-28 08:14:05 +00:00: 🔍 新的B点候选: 2026-02-28 01:18:25 = -39.34%
2026-02-28 08:14:05 +00:00: ⚠️  B点被推翻，发现更低点: 2026-02-28 01:20:50 = -39.96%
2026-02-28 08:14:05 +00:00: 🔍 新的B点候选: 2026-02-28 01:20:50 = -39.96%
2026-02-28 08:14:05 +00:00: ⚠️  B点被推翻，发现更低点: 2026-02-28 01:29:45 = -40.16%
2026-02-28 08:14:05 +00:00: 🔍 新的B点候选: 2026-02-28 01:29:45 = -40.16%
2026-02-28 08:14:05 +00:00: ✅ B点确认: 2026-02-28 01:29:45 = -40.16%
2026-02-28 08:14:05 +00:00: ⚠️  在寻找A点期间，发现比B点更低的点: 2026-02-28 03:46:43 = -41.50%
2026-02-28 08:14:05 +00:00:    放弃当前B点，重新开始寻找B点
2026-02-28 08:14:05 +00:00: 🔍 发现B点候选: 2026-02-28 03:46:43 = -41.50%
2026-02-28 08:14:05 +00:00: ✅ B点确认: 2026-02-28 03:46:43 = -41.50%
2026-02-28 08:14:05 +00:00: ⚠️  在寻找A点期间，发现比B点更低的点: 2026-02-28 05:55:47 = -43.21%
2026-02-28 08:14:05 +00:00:    放弃当前B点，重新开始寻找B点
2026-02-28 08:14:05 +00:00: 🔍 发现B点候选: 2026-02-28 05:55:47 = -43.21%
2026-02-28 08:14:05 +00:00: ✅ B点确认: 2026-02-28 05:55:47 = -43.21%
2026-02-28 08:14:05 +00:00: ⚠️  在寻找A点期间，发现比B点更低的点: 2026-02-28 06:22:30 = -46.56%
2026-02-28 08:14:05 +00:00:    放弃当前B点，重新开始寻找B点
2026-02-28 08:14:05 +00:00: 🔍 发现B点候选: 2026-02-28 06:22:30 = -46.56%
2026-02-28 08:14:05 +00:00: ⚠️  B点被推翻，发现更低点: 2026-02-28 06:28:46 = -47.09%
2026-02-28 08:14:05 +00:00: 🔍 新的B点候选: 2026-02-28 06:28:46 = -47.09%
2026-02-28 08:14:05 +00:00: ⚠️  B点被推翻，发现更低点: 2026-02-28 06:29:59 = -49.25%
2026-02-28 08:14:05 +00:00: 🔍 新的B点候选: 2026-02-28 06:29:59 = -49.25%
2026-02-28 08:14:05 +00:00: ⚠️  B点被推翻，发现更低点: 2026-02-28 06:33:49 = -51.31%
2026-02-28 08:14:05 +00:00: 🔍 新的B点候选: 2026-02-28 06:33:49 = -51.31%
2026-02-28 08:14:05 +00:00: ⚠️  B点被推翻，发现更低点: 2026-02-28 06:35:02 = -66.90%
2026-02-28 08:14:05 +00:00: 🔍 新的B点候选: 2026-02-28 06:35:02 = -66.90%
2026-02-28 08:14:05 +00:00: ✅ B点确认: 2026-02-28 06:35:02 = -66.90%
2026-02-28 08:14:05 +00:00: 🔍 发现A点候选: 2026-02-28 07:02:56 = -29.83%, 振幅=37.07%
2026-02-28 08:14:05 +00:00: ⚠️  A点被推翻，发现更高点: 2026-02-28 07:05:21 = -29.63%
2026-02-28 08:14:05 +00:00: 🔍 新的A点候选: 2026-02-28 07:05:21 = -29.63%, 振幅=37.27%
2026-02-28 08:14:05 +00:00: ⚠️  A点被推翻，发现更高点: 2026-02-28 07:06:34 = -28.37%
2026-02-28 08:14:05 +00:00: 🔍 新的A点候选: 2026-02-28 07:06:34 = -28.37%, 振幅=38.53%
2026-02-28 08:14:05 +00:00: ⚠️  A点被推翻，发现更高点: 2026-02-28 07:07:59 = -27.04%
2026-02-28 08:14:05 +00:00: 🔍 新的A点候选: 2026-02-28 07:07:59 = -27.04%, 振幅=39.86%
2026-02-28 08:14:05 +00:00: ⚠️  A点被推翻，发现更高点: 2026-02-28 07:09:12 = -26.67%
2026-02-28 08:14:05 +00:00: 🔍 新的A点候选: 2026-02-28 07:09:12 = -26.67%, 振幅=40.23%
2026-02-28 08:14:05 +00:00: ⚠️  A点被推翻，发现更高点: 2026-02-28 07:10:25 = -25.67%
2026-02-28 08:14:05 +00:00: 🔍 新的A点候选: 2026-02-28 07:10:25 = -25.67%, 振幅=41.23%
2026-02-28 08:14:05 +00:00: ⚠️  A点被推翻，发现更高点: 2026-02-28 07:23:34 = -24.93%
2026-02-28 08:14:05 +00:00: 🔍 新的A点候选: 2026-02-28 07:23:34 = -24.93%, 振幅=41.97%
2026-02-28 08:14:05 +00:00: ⚠️  A点被推翻，发现更高点: 2026-02-28 07:28:37 = -24.58%
2026-02-28 08:14:05 +00:00: 🔍 新的A点候选: 2026-02-28 07:28:37 = -24.58%, 振幅=42.32%
2026-02-28 08:14:05 +00:00: ⚠️  A点被推翻，发现更高点: 2026-02-28 07:29:50 = -23.28%
2026-02-28 08:14:05 +00:00: 🔍 新的A点候选: 2026-02-28 07:29:50 = -23.28%, 振幅=43.62%
2026-02-28 08:14:05 +00:00: ⚠️  A点被推翻，发现更高点: 2026-02-28 07:34:53 = -22.45%
2026-02-28 08:14:05 +00:00: 🔍 新的A点候选: 2026-02-28 07:34:53 = -22.45%, 振幅=44.45%
2026-02-28 08:14:05 +00:00: ⚠️  A点被推翻，发现更高点: 2026-02-28 07:36:06 = -21.79%
2026-02-28 08:14:05 +00:00: 🔍 新的A点候选: 2026-02-28 07:36:06 = -21.79%, 振幅=45.11%
2026-02-28 08:14:05 +00:00: ⚠️  A点被推翻，发现更高点: 2026-02-28 07:52:27 = -20.42%
2026-02-28 08:14:05 +00:00: 🔍 新的A点候选: 2026-02-28 07:52:27 = -20.42%, 振幅=46.48%
2026-02-28 08:14:05 +00:00: ⚠️  A点被推翻，发现更高点: 2026-02-28 08:11:27 = -19.62%
2026-02-28 08:14:05 +00:00: 🔍 新的A点候选: 2026-02-28 08:11:27 = -19.62%, 振幅=47.28%
2026-02-28 08:14:05 +00:00: ⚠️  A点被推翻，发现更高点: 2026-02-28 08:14:05 = -18.62%
2026-02-28 08:14:05 +00:00: 🔍 新的A点候选: 2026-02-28 08:14:05 = -18.62%, 振幅=48.28%
2026-02-28 08:14:05 +00:00: ⚠️  A点被推翻，发现更高点: 2026-02-28 08:15:18 = -17.54%
2026-02-28 08:14:05 +00:00: 🔍 新的A点候选: 2026-02-28 08:15:18 = -17.54%, 振幅=49.36%
2026-02-28 08:14:05 +00:00: ✅ A点确认: 2026-02-28 08:15:18 = -17.54%, 振幅=49.36%
2026-02-28 08:14:05 +00:00: ⚠️  在寻找C点期间，发现更高点！A点更新
2026-02-28 08:14:05 +00:00:    旧A点: 2026-02-28 08:15:18 = -17.54%
2026-02-28 08:14:05 +00:00:    新A点: 2026-02-28 08:44:22 = -15.68%
2026-02-28 08:14:05 +00:00:    新振幅: 51.22%
2026-02-28 08:14:05 +00:00: ⚠️  在寻找C点期间，发现更高点！A点更新
2026-02-28 08:14:05 +00:00:    旧A点: 2026-02-28 08:44:22 = -15.68%
2026-02-28 08:14:05 +00:00:    新A点: 2026-02-28 08:56:53 = -13.96%
2026-02-28 08:14:05 +00:00:    新振幅: 52.94%
2026-02-28 08:14:05 +00:00: ⚠️  在寻找C点期间，发现更高点！A点更新
2026-02-28 08:14:05 +00:00:    旧A点: 2026-02-28 08:56:53 = -13.96%
2026-02-28 08:14:05 +00:00:    新A点: 2026-02-28 08:58:05 = -12.66%
2026-02-28 08:14:05 +00:00:    新振幅: 54.24%
2026-02-28 08:14:05 +00:00: ⚠️  在寻找C点期间，发现更高点！A点更新
2026-02-28 08:14:05 +00:00:    旧A点: 2026-02-28 08:58:05 = -12.66%
2026-02-28 08:14:05 +00:00:    新A点: 2026-02-28 09:04:33 = -11.20%
2026-02-28 08:14:05 +00:00:    新振幅: 55.70%
2026-02-28 08:14:05 +00:00: ✅ 完整波峰记录: B(-66.90%) → A(-11.20%) → C(-47.73%)
2026-02-28 08:14:05 +00:00:    振幅=55.70%, 回调=36.53% (65.6%)
2026-02-28 08:14:05 +00:00: ♻️  C点将作为下一个波峰的B点候选
2026-02-28 08:14:05 +00:00: 
2026-02-28 08:14:05 +00:00: ✅ B点确认: 2026-02-28 12:31:42 = -47.73%
2026-02-28 08:14:05 +00:00: ⚠️  在寻找A点期间，发现比B点更低的点: 2026-02-28 13:33:18 = -48.55%
2026-02-28 08:14:05 +00:00:    放弃当前B点，重新开始寻找B点
2026-02-28 08:14:05 +00:00: 🔍 发现B点候选: 2026-02-28 13:33:18 = -48.55%
2026-02-28 08:14:05 +00:00: ⚠️  B点被推翻，发现更低点: 2026-02-28 13:35:43 = -50.81%
2026-02-28 08:14:05 +00:00: 🔍 新的B点候选: 2026-02-28 13:35:43 = -50.81%
2026-02-28 08:14:05 +00:00: ⚠️  B点被推翻，发现更低点: 2026-02-28 13:37:08 = -51.86%
2026-02-28 08:14:05 +00:00: 🔍 新的B点候选: 2026-02-28 13:37:08 = -51.86%
2026-02-28 08:14:05 +00:00: ✅ B点确认: 2026-02-28 13:37:08 = -51.86%
2026-02-28 08:14:05 +00:00: ⚠️  在寻找A点期间，发现比B点更低的点: 2026-02-28 14:07:18 = -52.32%
2026-02-28 08:14:05 +00:00:    放弃当前B点，重新开始寻找B点
2026-02-28 08:14:05 +00:00: 🔍 发现B点候选: 2026-02-28 14:07:18 = -52.32%
2026-02-28 08:14:05 +00:00: ⚠️  B点被推翻，发现更低点: 2026-02-28 14:14:44 = -54.87%
2026-02-28 08:14:05 +00:00: 🔍 新的B点候选: 2026-02-28 14:14:44 = -54.87%
2026-02-28 08:14:05 +00:00: ⚠️  B点被推翻，发现更低点: 2026-02-28 14:15:57 = -59.98%
2026-02-28 08:14:05 +00:00: 🔍 新的B点候选: 2026-02-28 14:15:57 = -59.98%
2026-02-28 08:14:05 +00:00: ⚠️  B点被推翻，发现更低点: 2026-02-28 14:17:21 = -70.51%
2026-02-28 08:14:05 +00:00: 🔍 新的B点候选: 2026-02-28 14:17:21 = -70.51%
2026-02-28 08:14:05 +00:00: ⚠️  B点被推翻，发现更低点: 2026-02-28 14:18:34 = -101.85%
2026-02-28 08:14:05 +00:00: 🔍 新的B点候选: 2026-02-28 14:18:34 = -101.85%
2026-02-28 08:14:05 +00:00: ⚠️  B点被推翻，发现更低点: 2026-02-28 14:32:28 = -108.18%
2026-02-28 08:14:05 +00:00: 🔍 新的B点候选: 2026-02-28 14:32:28 = -108.18%
2026-02-28 08:14:05 +00:00: ⚠️  B点被推翻，发现更低点: 2026-02-28 14:33:40 = -116.01%
2026-02-28 08:14:05 +00:00: 🔍 新的B点候选: 2026-02-28 14:33:40 = -116.01%
2026-02-28 08:14:05 +00:00: ⚠️  B点被推翻，发现更低点: 2026-02-28 14:36:05 = -119.05%
2026-02-28 08:14:05 +00:00: 🔍 新的B点候选: 2026-02-28 14:36:05 = -119.05%
2026-02-28 08:14:05 +00:00: ⚠️  B点被推翻，发现更低点: 2026-02-28 14:37:30 = -129.96%
2026-02-28 08:14:05 +00:00: 🔍 新的B点候选: 2026-02-28 14:37:30 = -129.96%
2026-02-28 08:14:05 +00:00: ⚠️  B点被推翻，发现更低点: 2026-02-28 14:38:42 = -131.54%
2026-02-28 08:14:05 +00:00: 🔍 新的B点候选: 2026-02-28 14:38:42 = -131.54%
2026-02-28 08:14:05 +00:00: ⚠️  B点被推翻，发现更低点: 2026-02-28 14:49:58 = -137.55%
2026-02-28 08:14:05 +00:00: 🔍 新的B点候选: 2026-02-28 14:49:58 = -137.55%
2026-02-28 08:14:05 +00:00: ⚠️  B点被推翻，发现更低点: 2026-02-28 14:51:10 = -146.00%
2026-02-28 08:14:05 +00:00: 🔍 新的B点候选: 2026-02-28 14:51:10 = -146.00%
2026-02-28 08:14:05 +00:00: ⚠️  B点被推翻，发现更低点: 2026-02-28 14:55:00 = -150.74%
2026-02-28 08:14:05 +00:00: 🔍 新的B点候选: 2026-02-28 14:55:00 = -150.74%
2026-02-28 08:14:05 +00:00: ⚠️  B点被推翻，发现更低点: 2026-02-28 14:56:12 = -157.41%
2026-02-28 08:14:05 +00:00: 🔍 新的B点候选: 2026-02-28 14:56:12 = -157.41%
2026-02-28 08:14:05 +00:00: ⚠️  B点被推翻，发现更低点: 2026-02-28 15:00:02 = -159.77%
2026-02-28 08:14:05 +00:00: 🔍 新的B点候选: 2026-02-28 15:00:02 = -159.77%
2026-02-28 08:14:05 +00:00: ✅ B点确认: 2026-02-28 15:00:02 = -159.77%
2026-02-28 08:14:48 +00:00: ✅ 凌晨2点后，优先使用正式数据 (当前时间: 16:14:48)
2026-02-28 08:14:50 +00:00: 🔍 发现B点候选: 2026-02-28 00:02:18 = -3.16%
2026-02-28 08:14:50 +00:00: ⚠️  B点被推翻，发现更低点: 2026-02-28 00:04:43 = -6.39%
2026-02-28 08:14:50 +00:00: 🔍 新的B点候选: 2026-02-28 00:04:43 = -6.39%
2026-02-28 08:14:50 +00:00: ⚠️  B点被推翻，发现更低点: 2026-02-28 00:05:56 = -17.50%
2026-02-28 08:14:50 +00:00: 🔍 新的B点候选: 2026-02-28 00:05:56 = -17.50%
2026-02-28 08:14:50 +00:00: ✅ B点确认: 2026-02-28 00:05:56 = -17.50%
2026-02-28 08:14:50 +00:00: ⚠️  在寻找A点期间，发现比B点更低的点: 2026-02-28 00:42:53 = -20.81%
2026-02-28 08:14:50 +00:00:    放弃当前B点，重新开始寻找B点
2026-02-28 08:14:50 +00:00: 🔍 发现B点候选: 2026-02-28 00:42:53 = -20.81%
2026-02-28 08:14:50 +00:00: ⚠️  B点被推翻，发现更低点: 2026-02-28 00:47:57 = -22.25%
2026-02-28 08:14:50 +00:00: 🔍 新的B点候选: 2026-02-28 00:47:57 = -22.25%
2026-02-28 08:14:50 +00:00: ⚠️  B点被推翻，发现更低点: 2026-02-28 00:49:10 = -26.65%
2026-02-28 08:14:50 +00:00: 🔍 新的B点候选: 2026-02-28 00:49:10 = -26.65%
2026-02-28 08:14:50 +00:00: ⚠️  B点被推翻，发现更低点: 2026-02-28 00:51:36 = -27.95%
2026-02-28 08:14:50 +00:00: 🔍 新的B点候选: 2026-02-28 00:51:36 = -27.95%
2026-02-28 08:14:50 +00:00: ⚠️  B点被推翻，发现更低点: 2026-02-28 01:01:45 = -28.04%
2026-02-28 08:14:50 +00:00: 🔍 新的B点候选: 2026-02-28 01:01:45 = -28.04%
2026-02-28 08:14:50 +00:00: ⚠️  B点被推翻，发现更低点: 2026-02-28 01:11:54 = -31.92%
2026-02-28 08:14:50 +00:00: 🔍 新的B点候选: 2026-02-28 01:11:54 = -31.92%
2026-02-28 08:14:50 +00:00: ⚠️  B点被推翻，发现更低点: 2026-02-28 01:13:20 = -32.84%
2026-02-28 08:14:50 +00:00: 🔍 新的B点候选: 2026-02-28 01:13:20 = -32.84%
2026-02-28 08:14:50 +00:00: ⚠️  B点被推翻，发现更低点: 2026-02-28 01:16:59 = -36.81%
2026-02-28 08:14:50 +00:00: 🔍 新的B点候选: 2026-02-28 01:16:59 = -36.81%
2026-02-28 08:14:50 +00:00: ⚠️  B点被推翻，发现更低点: 2026-02-28 01:18:25 = -39.34%
2026-02-28 08:14:50 +00:00: 🔍 新的B点候选: 2026-02-28 01:18:25 = -39.34%
2026-02-28 08:14:50 +00:00: ⚠️  B点被推翻，发现更低点: 2026-02-28 01:20:50 = -39.96%
2026-02-28 08:14:50 +00:00: 🔍 新的B点候选: 2026-02-28 01:20:50 = -39.96%
2026-02-28 08:14:50 +00:00: ⚠️  B点被推翻，发现更低点: 2026-02-28 01:29:45 = -40.16%
2026-02-28 08:14:50 +00:00: 🔍 新的B点候选: 2026-02-28 01:29:45 = -40.16%
2026-02-28 08:14:50 +00:00: ✅ B点确认: 2026-02-28 01:29:45 = -40.16%
2026-02-28 08:14:50 +00:00: ⚠️  在寻找A点期间，发现比B点更低的点: 2026-02-28 03:46:43 = -41.50%
2026-02-28 08:14:50 +00:00:    放弃当前B点，重新开始寻找B点
2026-02-28 08:14:50 +00:00: 🔍 发现B点候选: 2026-02-28 03:46:43 = -41.50%
2026-02-28 08:14:50 +00:00: ✅ B点确认: 2026-02-28 03:46:43 = -41.50%
2026-02-28 08:14:50 +00:00: ⚠️  在寻找A点期间，发现比B点更低的点: 2026-02-28 05:55:47 = -43.21%
2026-02-28 08:14:50 +00:00:    放弃当前B点，重新开始寻找B点
2026-02-28 08:14:50 +00:00: 🔍 发现B点候选: 2026-02-28 05:55:47 = -43.21%
2026-02-28 08:14:50 +00:00: ✅ B点确认: 2026-02-28 05:55:47 = -43.21%
2026-02-28 08:14:50 +00:00: ⚠️  在寻找A点期间，发现比B点更低的点: 2026-02-28 06:22:30 = -46.56%
2026-02-28 08:14:50 +00:00:    放弃当前B点，重新开始寻找B点
2026-02-28 08:14:50 +00:00: 🔍 发现B点候选: 2026-02-28 06:22:30 = -46.56%
2026-02-28 08:14:50 +00:00: ⚠️  B点被推翻，发现更低点: 2026-02-28 06:28:46 = -47.09%
2026-02-28 08:14:50 +00:00: 🔍 新的B点候选: 2026-02-28 06:28:46 = -47.09%
2026-02-28 08:14:50 +00:00: ⚠️  B点被推翻，发现更低点: 2026-02-28 06:29:59 = -49.25%
2026-02-28 08:14:50 +00:00: 🔍 新的B点候选: 2026-02-28 06:29:59 = -49.25%
2026-02-28 08:14:50 +00:00: ⚠️  B点被推翻，发现更低点: 2026-02-28 06:33:49 = -51.31%
2026-02-28 08:14:50 +00:00: 🔍 新的B点候选: 2026-02-28 06:33:49 = -51.31%
2026-02-28 08:14:50 +00:00: ⚠️  B点被推翻，发现更低点: 2026-02-28 06:35:02 = -66.90%
2026-02-28 08:14:50 +00:00: 🔍 新的B点候选: 2026-02-28 06:35:02 = -66.90%
2026-02-28 08:14:50 +00:00: ✅ B点确认: 2026-02-28 06:35:02 = -66.90%
2026-02-28 08:14:50 +00:00: 🔍 发现A点候选: 2026-02-28 07:02:56 = -29.83%, 振幅=37.07%
2026-02-28 08:14:50 +00:00: ⚠️  A点被推翻，发现更高点: 2026-02-28 07:05:21 = -29.63%
2026-02-28 08:14:50 +00:00: 🔍 新的A点候选: 2026-02-28 07:05:21 = -29.63%, 振幅=37.27%
2026-02-28 08:14:50 +00:00: ⚠️  A点被推翻，发现更高点: 2026-02-28 07:06:34 = -28.37%
2026-02-28 08:14:50 +00:00: 🔍 新的A点候选: 2026-02-28 07:06:34 = -28.37%, 振幅=38.53%
2026-02-28 08:14:50 +00:00: ⚠️  A点被推翻，发现更高点: 2026-02-28 07:07:59 = -27.04%
2026-02-28 08:14:50 +00:00: 🔍 新的A点候选: 2026-02-28 07:07:59 = -27.04%, 振幅=39.86%
2026-02-28 08:14:50 +00:00: ⚠️  A点被推翻，发现更高点: 2026-02-28 07:09:12 = -26.67%
2026-02-28 08:14:50 +00:00: 🔍 新的A点候选: 2026-02-28 07:09:12 = -26.67%, 振幅=40.23%
2026-02-28 08:14:50 +00:00: ⚠️  A点被推翻，发现更高点: 2026-02-28 07:10:25 = -25.67%
2026-02-28 08:14:50 +00:00: 🔍 新的A点候选: 2026-02-28 07:10:25 = -25.67%, 振幅=41.23%
2026-02-28 08:14:50 +00:00: ⚠️  A点被推翻，发现更高点: 2026-02-28 07:23:34 = -24.93%
2026-02-28 08:14:50 +00:00: 🔍 新的A点候选: 2026-02-28 07:23:34 = -24.93%, 振幅=41.97%
2026-02-28 08:14:50 +00:00: ⚠️  A点被推翻，发现更高点: 2026-02-28 07:28:37 = -24.58%
2026-02-28 08:14:50 +00:00: 🔍 新的A点候选: 2026-02-28 07:28:37 = -24.58%, 振幅=42.32%
2026-02-28 08:14:50 +00:00: ⚠️  A点被推翻，发现更高点: 2026-02-28 07:29:50 = -23.28%
2026-02-28 08:14:50 +00:00: 🔍 新的A点候选: 2026-02-28 07:29:50 = -23.28%, 振幅=43.62%
2026-02-28 08:14:50 +00:00: ⚠️  A点被推翻，发现更高点: 2026-02-28 07:34:53 = -22.45%
2026-02-28 08:14:50 +00:00: 🔍 新的A点候选: 2026-02-28 07:34:53 = -22.45%, 振幅=44.45%
2026-02-28 08:14:50 +00:00: ⚠️  A点被推翻，发现更高点: 2026-02-28 07:36:06 = -21.79%
2026-02-28 08:14:50 +00:00: 🔍 新的A点候选: 2026-02-28 07:36:06 = -21.79%, 振幅=45.11%
2026-02-28 08:14:50 +00:00: ⚠️  A点被推翻，发现更高点: 2026-02-28 07:52:27 = -20.42%
2026-02-28 08:14:50 +00:00: 🔍 新的A点候选: 2026-02-28 07:52:27 = -20.42%, 振幅=46.48%
2026-02-28 08:14:50 +00:00: ⚠️  A点被推翻，发现更高点: 2026-02-28 08:11:27 = -19.62%
2026-02-28 08:14:50 +00:00: 🔍 新的A点候选: 2026-02-28 08:11:27 = -19.62%, 振幅=47.28%
2026-02-28 08:14:50 +00:00: ⚠️  A点被推翻，发现更高点: 2026-02-28 08:14:05 = -18.62%
2026-02-28 08:14:50 +00:00: 🔍 新的A点候选: 2026-02-28 08:14:05 = -18.62%, 振幅=48.28%
2026-02-28 08:14:50 +00:00: ⚠️  A点被推翻，发现更高点: 2026-02-28 08:15:18 = -17.54%
2026-02-28 08:14:50 +00:00: 🔍 新的A点候选: 2026-02-28 08:15:18 = -17.54%, 振幅=49.36%
2026-02-28 08:14:50 +00:00: ✅ A点确认: 2026-02-28 08:15:18 = -17.54%, 振幅=49.36%
2026-02-28 08:14:50 +00:00: ⚠️  在寻找C点期间，发现更高点！A点更新
2026-02-28 08:14:50 +00:00:    旧A点: 2026-02-28 08:15:18 = -17.54%
2026-02-28 08:14:50 +00:00:    新A点: 2026-02-28 08:44:22 = -15.68%
2026-02-28 08:14:50 +00:00:    新振幅: 51.22%
2026-02-28 08:14:50 +00:00: ⚠️  在寻找C点期间，发现更高点！A点更新
2026-02-28 08:14:50 +00:00:    旧A点: 2026-02-28 08:44:22 = -15.68%
2026-02-28 08:14:50 +00:00:    新A点: 2026-02-28 08:56:53 = -13.96%
2026-02-28 08:14:50 +00:00:    新振幅: 52.94%
2026-02-28 08:14:50 +00:00: ⚠️  在寻找C点期间，发现更高点！A点更新
2026-02-28 08:14:50 +00:00:    旧A点: 2026-02-28 08:56:53 = -13.96%
2026-02-28 08:14:50 +00:00:    新A点: 2026-02-28 08:58:05 = -12.66%
2026-02-28 08:14:50 +00:00:    新振幅: 54.24%
2026-02-28 08:14:50 +00:00: ⚠️  在寻找C点期间，发现更高点！A点更新
2026-02-28 08:14:50 +00:00:    旧A点: 2026-02-28 08:58:05 = -12.66%
2026-02-28 08:14:50 +00:00:    新A点: 2026-02-28 09:04:33 = -11.20%
2026-02-28 08:14:50 +00:00:    新振幅: 55.70%
2026-02-28 08:14:50 +00:00: ✅ 完整波峰记录: B(-66.90%) → A(-11.20%) → C(-47.73%)
2026-02-28 08:14:50 +00:00:    振幅=55.70%, 回调=36.53% (65.6%)
2026-02-28 08:14:50 +00:00: ♻️  C点将作为下一个波峰的B点候选
2026-02-28 08:14:50 +00:00: 📍 使用继承的B点: 2026-02-28 12:31:42 = -47.73%
2026-02-28 08:14:50 +00:00: ✅ B点确认: 2026-02-28 12:31:42 = -47.73%
2026-02-28 08:14:50 +00:00: ⚠️  在寻找A点期间，发现比B点更低的点: 2026-02-28 13:33:18 = -48.55%
2026-02-28 08:14:50 +00:00:    放弃当前B点，重新开始寻找B点
2026-02-28 08:14:50 +00:00: 🔍 发现B点候选: 2026-02-28 13:33:18 = -48.55%
2026-02-28 08:14:50 +00:00: ⚠️  B点被推翻，发现更低点: 2026-02-28 13:35:43 = -50.81%
2026-02-28 08:14:50 +00:00: 🔍 新的B点候选: 2026-02-28 13:35:43 = -50.81%
2026-02-28 08:14:50 +00:00: ⚠️  B点被推翻，发现更低点: 2026-02-28 13:37:08 = -51.86%
2026-02-28 08:14:50 +00:00: 🔍 新的B点候选: 2026-02-28 13:37:08 = -51.86%
2026-02-28 08:14:50 +00:00: ✅ B点确认: 2026-02-28 13:37:08 = -51.86%
2026-02-28 08:14:50 +00:00: ⚠️  在寻找A点期间，发现比B点更低的点: 2026-02-28 14:07:18 = -52.32%
2026-02-28 08:14:50 +00:00:    放弃当前B点，重新开始寻找B点
2026-02-28 08:14:50 +00:00: 🔍 发现B点候选: 2026-02-28 14:07:18 = -52.32%
2026-02-28 08:14:50 +00:00: ⚠️  B点被推翻，发现更低点: 2026-02-28 14:14:44 = -54.87%
2026-02-28 08:14:50 +00:00: 🔍 新的B点候选: 2026-02-28 14:14:44 = -54.87%
2026-02-28 08:14:50 +00:00: ⚠️  B点被推翻，发现更低点: 2026-02-28 14:15:57 = -59.98%
2026-02-28 08:14:50 +00:00: 🔍 新的B点候选: 2026-02-28 14:15:57 = -59.98%
2026-02-28 08:14:50 +00:00: ⚠️  B点被推翻，发现更低点: 2026-02-28 14:17:21 = -70.51%
2026-02-28 08:14:50 +00:00: 🔍 新的B点候选: 2026-02-28 14:17:21 = -70.51%
2026-02-28 08:14:50 +00:00: ⚠️  B点被推翻，发现更低点: 2026-02-28 14:18:34 = -101.85%
2026-02-28 08:14:50 +00:00: 🔍 新的B点候选: 2026-02-28 14:18:34 = -101.85%
2026-02-28 08:14:50 +00:00: ⚠️  B点被推翻，发现更低点: 2026-02-28 14:32:28 = -108.18%
2026-02-28 08:14:50 +00:00: 🔍 新的B点候选: 2026-02-28 14:32:28 = -108.18%
2026-02-28 08:14:50 +00:00: ⚠️  B点被推翻，发现更低点: 2026-02-28 14:33:40 = -116.01%
2026-02-28 08:14:50 +00:00: 🔍 新的B点候选: 2026-02-28 14:33:40 = -116.01%
2026-02-28 08:14:50 +00:00: ⚠️  B点被推翻，发现更低点: 2026-02-28 14:36:05 = -119.05%
2026-02-28 08:14:50 +00:00: 🔍 新的B点候选: 2026-02-28 14:36:05 = -119.05%
2026-02-28 08:14:50 +00:00: ⚠️  B点被推翻，发现更低点: 2026-02-28 14:37:30 = -129.96%
2026-02-28 08:14:50 +00:00: 🔍 新的B点候选: 2026-02-28 14:37:30 = -129.96%
2026-02-28 08:14:50 +00:00: ⚠️  B点被推翻，发现更低点: 2026-02-28 14:38:42 = -131.54%
2026-02-28 08:14:50 +00:00: 🔍 新的B点候选: 2026-02-28 14:38:42 = -131.54%
2026-02-28 08:14:50 +00:00: ⚠️  B点被推翻，发现更低点: 2026-02-28 14:49:58 = -137.55%
2026-02-28 08:14:50 +00:00: 🔍 新的B点候选: 2026-02-28 14:49:58 = -137.55%
2026-02-28 08:14:50 +00:00: ⚠️  B点被推翻，发现更低点: 2026-02-28 14:51:10 = -146.00%
2026-02-28 08:14:50 +00:00: 🔍 新的B点候选: 2026-02-28 14:51:10 = -146.00%
2026-02-28 08:14:50 +00:00: ⚠️  B点被推翻，发现更低点: 2026-02-28 14:55:00 = -150.74%
2026-02-28 08:14:50 +00:00: 🔍 新的B点候选: 2026-02-28 14:55:00 = -150.74%
2026-02-28 08:14:50 +00:00: ⚠️  B点被推翻，发现更低点: 2026-02-28 14:56:12 = -157.41%
2026-02-28 08:14:50 +00:00: 🔍 新的B点候选: 2026-02-28 14:56:12 = -157.41%
2026-02-28 08:14:50 +00:00: ⚠️  B点被推翻，发现更低点: 2026-02-28 15:00:02 = -159.77%
2026-02-28 08:14:50 +00:00: 🔍 新的B点候选: 2026-02-28 15:00:02 = -159.77%
2026-02-28 08:14:50 +00:00: ✅ B点确认: 2026-02-28 15:00:02 = -159.77%
2026-02-28 08:15:22 +00:00: ✅ 凌晨2点后，优先使用正式数据 (当前时间: 16:15:22)
2026-02-28 08:15:23 +00:00: 🔍 发现B点候选: 2026-02-28 00:02:18 = -3.16%
2026-02-28 08:15:23 +00:00: ⚠️  B点被推翻，发现更低点: 2026-02-28 00:04:43 = -6.39%
2026-02-28 08:15:23 +00:00: 
2026-02-28 08:15:23 +00:00: ⚠️  B点被推翻，发现更低点: 2026-02-28 00:05:56 = -17.50%
2026-02-28 08:15:23 +00:00: 🔍 新的B点候选: 2026-02-28 00:05:56 = -17.50%
2026-02-28 08:15:23 +00:00: ✅ B点确认: 2026-02-28 00:05:56 = -17.50%
2026-02-28 08:15:23 +00:00: ⚠️  在寻找A点期间，发现比B点更低的点: 2026-02-28 00:42:53 = -20.81%
2026-02-28 08:15:23 +00:00:    放弃当前B点，重新开始寻找B点
2026-02-28 08:15:23 +00:00: 🔍 发现B点候选: 2026-02-28 00:42:53 = -20.81%
2026-02-28 08:15:23 +00:00: ⚠️  B点被推翻，发现更低点: 2026-02-28 00:47:57 = -22.25%
2026-02-28 08:15:23 +00:00: 🔍 新的B点候选: 2026-02-28 00:47:57 = -22.25%
2026-02-28 08:15:23 +00:00: ⚠️  B点被推翻，发现更低点: 2026-02-28 00:49:10 = -26.65%
2026-02-28 08:15:23 +00:00: 🔍 新的B点候选: 2026-02-28 00:49:10 = -26.65%
2026-02-28 08:15:23 +00:00: ⚠️  B点被推翻，发现更低点: 2026-02-28 00:51:36 = -27.95%
2026-02-28 08:15:23 +00:00: 🔍 新的B点候选: 2026-02-28 00:51:36 = -27.95%
2026-02-28 08:15:23 +00:00: ⚠️  B点被推翻，发现更低点: 2026-02-28 01:01:45 = -28.04%
2026-02-28 08:15:23 +00:00: 🔍 新的B点候选: 2026-02-28 01:01:45 = -28.04%
2026-02-28 08:15:23 +00:00: ⚠️  B点被推翻，发现更低点: 2026-02-28 01:11:54 = -31.92%
2026-02-28 08:15:23 +00:00: 🔍 新的B点候选: 2026-02-28 01:11:54 = -31.92%
2026-02-28 08:15:23 +00:00: ⚠️  B点被推翻，发现更低点: 2026-02-28 01:13:20 = -32.84%
2026-02-28 08:15:23 +00:00: 🔍 新的B点候选: 2026-02-28 01:13:20 = -32.84%
2026-02-28 08:15:23 +00:00: ⚠️  B点被推翻，发现更低点: 2026-02-28 01:16:59 = -36.81%
2026-02-28 08:15:23 +00:00: 🔍 新的B点候选: 2026-02-28 01:16:59 = -36.81%
2026-02-28 08:15:23 +00:00: ⚠️  B点被推翻，发现更低点: 2026-02-28 01:18:25 = -39.34%
2026-02-28 08:15:23 +00:00: 🔍 新的B点候选: 2026-02-28 01:18:25 = -39.34%
2026-02-28 08:15:23 +00:00: ⚠️  B点被推翻，发现更低点: 2026-02-28 01:20:50 = -39.96%
2026-02-28 08:15:23 +00:00: 🔍 新的B点候选: 2026-02-28 01:20:50 = -39.96%
2026-02-28 08:15:23 +00:00: ⚠️  B点被推翻，发现更低点: 2026-02-28 01:29:45 = -40.16%
2026-02-28 08:15:23 +00:00: 🔍 新的B点候选: 2026-02-28 01:29:45 = -40.16%
2026-02-28 08:15:23 +00:00: ✅ B点确认: 2026-02-28 01:29:45 = -40.16%
2026-02-28 08:15:23 +00:00: ⚠️  在寻找A点期间，发现比B点更低的点: 2026-02-28 03:46:43 = -41.50%
2026-02-28 08:15:23 +00:00:    放弃当前B点，重新开始寻找B点
2026-02-28 08:15:23 +00:00: 🔍 发现B点候选: 2026-02-28 03:46:43 = -41.50%
2026-02-28 08:15:23 +00:00: ✅ B点确认: 2026-02-28 03:46:43 = -41.50%
2026-02-28 08:15:23 +00:00: ⚠️  在寻找A点期间，发现比B点更低的点: 2026-02-28 05:55:47 = -43.21%
2026-02-28 08:15:23 +00:00:    放弃当前B点，重新开始寻找B点
2026-02-28 08:15:23 +00:00: 🔍 发现B点候选: 2026-02-28 05:55:47 = -43.21%
2026-02-28 08:15:23 +00:00: ✅ B点确认: 2026-02-28 05:55:47 = -43.21%
2026-02-28 08:15:23 +00:00: ⚠️  在寻找A点期间，发现比B点更低的点: 2026-02-28 06:22:30 = -46.56%
2026-02-28 08:15:23 +00:00:    放弃当前B点，重新开始寻找B点
2026-02-28 08:15:23 +00:00: 🔍 发现B点候选: 2026-02-28 06:22:30 = -46.56%
2026-02-28 08:15:23 +00:00: ⚠️  B点被推翻，发现更低点: 2026-02-28 06:28:46 = -47.09%
2026-02-28 08:15:23 +00:00: 🔍 新的B点候选: 2026-02-28 06:28:46 = -47.09%
2026-02-28 08:15:23 +00:00: ⚠️  B点被推翻，发现更低点: 2026-02-28 06:29:59 = -49.25%
2026-02-28 08:15:23 +00:00: 🔍 新的B点候选: 2026-02-28 06:29:59 = -49.25%
2026-02-28 08:15:23 +00:00: ⚠️  B点被推翻，发现更低点: 2026-02-28 06:33:49 = -51.31%
2026-02-28 08:15:23 +00:00: 🔍 新的B点候选: 2026-02-28 06:33:49 = -51.31%
2026-02-28 08:15:23 +00:00: ⚠️  B点被推翻，发现更低点: 2026-02-28 06:35:02 = -66.90%
2026-02-28 08:15:23 +00:00: 🔍 新的B点候选: 2026-02-28 06:35:02 = -66.90%
2026-02-28 08:15:23 +00:00: ✅ B点确认: 2026-02-28 06:35:02 = -66.90%
2026-02-28 08:15:23 +00:00: 🔍 发现A点候选: 2026-02-28 07:02:56 = -29.83%, 振幅=37.07%
2026-02-28 08:15:23 +00:00: ⚠️  A点被推翻，发现更高点: 2026-02-28 07:05:21 = -29.63%
2026-02-28 08:15:23 +00:00: 🔍 新的A点候选: 2026-02-28 07:05:21 = -29.63%, 振幅=37.27%
2026-02-28 08:15:23 +00:00: ⚠️  A点被推翻，发现更高点: 2026-02-28 07:06:34 = -28.37%
2026-02-28 08:15:23 +00:00: 🔍 新的A点候选: 2026-02-28 07:06:34 = -28.37%, 振幅=38.53%
2026-02-28 08:15:23 +00:00: ⚠️  A点被推翻，发现更高点: 2026-02-28 07:07:59 = -27.04%
2026-02-28 08:15:23 +00:00: 🔍 新的A点候选: 2026-02-28 07:07:59 = -27.04%, 振幅=39.86%
2026-02-28 08:15:23 +00:00: ⚠️  A点被推翻，发现更高点: 2026-02-28 07:09:12 = -26.67%
2026-02-28 08:15:23 +00:00: 🔍 新的A点候选: 2026-02-28 07:09:12 = -26.67%, 振幅=40.23%
2026-02-28 08:15:23 +00:00: ⚠️  A点被推翻，发现更高点: 2026-02-28 07:10:25 = -25.67%
2026-02-28 08:15:23 +00:00: 🔍 新的A点候选: 2026-02-28 07:10:25 = -25.67%, 振幅=41.23%
2026-02-28 08:15:23 +00:00: ⚠️  A点被推翻，发现更高点: 2026-02-28 07:23:34 = -24.93%
2026-02-28 08:15:23 +00:00: 🔍 新的A点候选: 2026-02-28 07:23:34 = -24.93%, 振幅=41.97%
2026-02-28 08:15:23 +00:00: ⚠️  A点被推翻，发现更高点: 2026-02-28 07:28:37 = -24.58%
2026-02-28 08:15:23 +00:00: 🔍 新的A点候选: 2026-02-28 07:28:37 = -24.58%, 振幅=42.32%
2026-02-28 08:15:23 +00:00: ⚠️  A点被推翻，发现更高点: 2026-02-28 07:29:50 = -23.28%
2026-02-28 08:15:23 +00:00: 🔍 新的A点候选: 2026-02-28 07:29:50 = -23.28%, 振幅=43.62%
2026-02-28 08:15:23 +00:00: ⚠️  A点被推翻，发现更高点: 2026-02-28 07:34:53 = -22.45%
2026-02-28 08:15:23 +00:00: 🔍 新的A点候选: 2026-02-28 07:34:53 = -22.45%, 振幅=44.45%
2026-02-28 08:15:23 +00:00: ⚠️  A点被推翻，发现更高点: 2026-02-28 07:36:06 = -21.79%
2026-02-28 08:15:23 +00:00: 🔍 新的A点候选: 2026-02-28 07:36:06 = -21.79%, 振幅=45.11%
2026-02-28 08:15:23 +00:00: ⚠️  A点被推翻，发现更高点: 2026-02-28 07:52:27 = -20.42%
2026-02-28 08:15:23 +00:00: 🔍 新的A点候选: 2026-02-28 07:52:27 = -20.42%, 振幅=46.48%
2026-02-28 08:15:23 +00:00: ⚠️  A点被推翻，发现更高点: 2026-02-28 08:11:27 = -19.62%
2026-02-28 08:15:23 +00:00: 🔍 新的A点候选: 2026-02-28 08:11:27 = -19.62%, 振幅=47.28%
2026-02-28 08:15:23 +00:00: ⚠️  A点被推翻，发现更高点: 2026-02-28 08:14:05 = -18.62%
2026-02-28 08:15:23 +00:00: 🔍 新的A点候选: 2026-02-28 08:14:05 = -18.62%, 振幅=48.28%
2026-02-28 08:15:23 +00:00: ⚠️  A点被推翻，发现更高点: 2026-02-28 08:15:18 = -17.54%
2026-02-28 08:15:23 +00:00: 🔍 新的A点候选: 2026-02-28 08:15:18 = -17.54%, 振幅=49.36%
2026-02-28 08:15:23 +00:00: ✅ A点确认: 2026-02-28 08:15:18 = -17.54%, 振幅=49.36%
2026-02-28 08:15:23 +00:00: ⚠️  在寻找C点期间，发现更高点！A点更新
2026-02-28 08:15:23 +00:00:    旧A点: 2026-02-28 08:15:18 = -17.54%
2026-02-28 08:15:23 +00:00:    新A点: 2026-02-28 08:44:22 = -15.68%
2026-02-28 08:15:23 +00:00:    新振幅: 51.22%
2026-02-28 08:15:23 +00:00: ⚠️  在寻找C点期间，发现更高点！A点更新
2026-02-28 08:15:23 +00:00:    旧A点: 2026-02-28 08:44:22 = -15.68%
2026-02-28 08:15:23 +00:00:    新A点: 2026-02-28 08:56:53 = -13.96%
2026-02-28 08:15:23 +00:00:    新振幅: 52.94%
2026-02-28 08:15:23 +00:00: ⚠️  在寻找C点期间，发现更高点！A点更新
2026-02-28 08:15:23 +00:00:    旧A点: 2026-02-28 08:56:53 = -13.96%
2026-02-28 08:15:23 +00:00:    新A点: 2026-02-28 08:58:05 = -12.66%
2026-02-28 08:15:23 +00:00:    新振幅: 54.24%
2026-02-28 08:15:23 +00:00: ⚠️  在寻找C点期间，发现更高点！A点更新
2026-02-28 08:15:23 +00:00:    旧A点: 2026-02-28 08:58:05 = -12.66%
2026-02-28 08:15:23 +00:00:    新A点: 2026-02-28 09:04:33 = -11.20%
2026-02-28 08:15:23 +00:00:    新振幅: 55.70%
2026-02-28 08:15:23 +00:00: ✅ 完整波峰记录: B(-66.90%) → A(-11.20%) → C(-47.73%)
2026-02-28 08:15:23 +00:00:    振幅=55.70%, 回调=36.53% (65.6%)
2026-02-28 08:15:23 +00:00: ♻️  C点将作为下一个波峰的B点候选
2026-02-28 08:15:23 +00:00: 📍 使用继承的B点: 2026-02-28 12:31:42 = -47.73%
2026-02-28 08:15:23 +00:00: ✅ B点确认: 2026-02-28 12:31:42 = -47.73%
2026-02-28 08:15:23 +00:00: ⚠️  在寻找A点期间，发现比B点更低的点: 2026-02-28 13:33:18 = -48.55%
2026-02-28 08:15:23 +00:00:    放弃当前B点，重新开始寻找B点
2026-02-28 08:15:23 +00:00: 🔍 发现B点候选: 2026-02-28 13:33:18 = -48.55%
2026-02-28 08:15:23 +00:00: ⚠️  B点被推翻，发现更低点: 2026-02-28 13:35:43 = -50.81%
2026-02-28 08:15:23 +00:00: 🔍 新的B点候选: 2026-02-28 13:35:43 = -50.81%
2026-02-28 08:15:23 +00:00: ⚠️  B点被推翻，发现更低点: 2026-02-28 13:37:08 = -51.86%
2026-02-28 08:15:23 +00:00: 🔍 新的B点候选: 2026-02-28 13:37:08 = -51.86%
2026-02-28 08:15:23 +00:00: ✅ B点确认: 2026-02-28 13:37:08 = -51.86%
2026-02-28 08:15:23 +00:00: ⚠️  在寻找A点期间，发现比B点更低的点: 2026-02-28 14:07:18 = -52.32%
2026-02-28 08:15:23 +00:00:    放弃当前B点，重新开始寻找B点
2026-02-28 08:15:23 +00:00: 🔍 发现B点候选: 2026-02-28 14:07:18 = -52.32%
2026-02-28 08:15:23 +00:00: ⚠️  B点被推翻，发现更低点: 2026-02-28 14:14:44 = -54.87%
2026-02-28 08:15:23 +00:00: 🔍 新的B点候选: 2026-02-28 14:14:44 = -54.87%
2026-02-28 08:15:23 +00:00: ⚠️  B点被推翻，发现更低点: 2026-02-28 14:15:57 = -59.98%
2026-02-28 08:15:23 +00:00: 🔍 新的B点候选: 2026-02-28 14:15:57 = -59.98%
2026-02-28 08:15:23 +00:00: ⚠️  B点被推翻，发现更低点: 2026-02-28 14:17:21 = -70.51%
2026-02-28 08:15:23 +00:00: 🔍 新的B点候选: 2026-02-28 14:17:21 = -70.51%
2026-02-28 08:15:23 +00:00: ⚠️  B点被推翻，发现更低点: 2026-02-28 14:18:34 = -101.85%
2026-02-28 08:15:23 +00:00: 🔍 新的B点候选: 2026-02-28 14:18:34 = -101.85%
2026-02-28 08:15:23 +00:00: ⚠️  B点被推翻，发现更低点: 2026-02-28 14:32:28 = -108.18%
2026-02-28 08:15:23 +00:00: 🔍 新的B点候选: 2026-02-28 14:32:28 = -108.18%
2026-02-28 08:15:23 +00:00: ⚠️  B点被推翻，发现更低点: 2026-02-28 14:33:40 = -116.01%
2026-02-28 08:15:23 +00:00: 🔍 新的B点候选: 2026-02-28 14:33:40 = -116.01%
2026-02-28 08:15:23 +00:00: ⚠️  B点被推翻，发现更低点: 2026-02-28 14:36:05 = -119.05%
2026-02-28 08:15:23 +00:00: 🔍 新的B点候选: 2026-02-28 14:36:05 = -119.05%
2026-02-28 08:15:23 +00:00: ⚠️  B点被推翻，发现更低点: 2026-02-28 14:37:30 = -129.96%
2026-02-28 08:15:23 +00:00: 🔍 新的B点候选: 2026-02-28 14:37:30 = -129.96%
2026-02-28 08:15:23 +00:00: ⚠️  B点被推翻，发现更低点: 2026-02-28 14:38:42 = -131.54%
2026-02-28 08:15:23 +00:00: 🔍 新的B点候选: 2026-02-28 14:38:42 = -131.54%
2026-02-28 08:15:23 +00:00: ⚠️  B点被推翻，发现更低点: 2026-02-28 14:49:58 = -137.55%
2026-02-28 08:15:23 +00:00: 🔍 新的B点候选: 2026-02-28 14:49:58 = -137.55%
2026-02-28 08:15:23 +00:00: ⚠️  B点被推翻，发现更低点: 2026-02-28 14:51:10 = -146.00%
2026-02-28 08:15:23 +00:00: 🔍 新的B点候选: 2026-02-28 14:51:10 = -146.00%
2026-02-28 08:15:23 +00:00: ⚠️  B点被推翻，发现更低点: 2026-02-28 14:55:00 = -150.74%
2026-02-28 08:15:23 +00:00: 🔍 新的B点候选: 2026-02-28 14:55:00 = -150.74%
2026-02-28 08:15:23 +00:00: ⚠️  B点被推翻，发现更低点: 2026-02-28 14:56:12 = -157.41%
2026-02-28 08:15:23 +00:00: 🔍 新的B点候选: 2026-02-28 14:56:12 = -157.41%
2026-02-28 08:15:23 +00:00: ⚠️  B点被推翻，发现更低点: 2026-02-28 15:00:02 = -159.77%
2026-02-28 08:15:23 +00:00: 🔍 新的B点候选: 2026-02-28 15:00:02 = -159.77%
2026-02-28 08:15:23 +00:00: ✅ B点确认: 2026-02-28 15:00:02 = -159.77%
2026-02-28 08:15:50 +00:00: ✅ 凌晨2点后，优先使用正式数据 (当前时间: 16:15:50)
2026-02-28 08:15:51 +00:00: 🔍 发现B点候选: 2026-02-28 00:02:18 = -3.16%
2026-02-28 08:15:51 +00:00: ⚠️  B点被推翻，发现更低点: 2026-02-28 00:04:43 = -6.39%
2026-02-28 08:15:51 +00:00: 🔍 新的B点候选: 2026-02-28 00:04:43 = -6.39%
2026-02-28 08:15:51 +00:00: ⚠️  B点被推翻，发现更低点: 2026-02-28 00:05:56 = -17.50%
2026-02-28 08:15:51 +00:00: 🔍 新的B点候选: 2026-02-28 00:05:56 = -17.50%
2026-02-28 08:15:51 +00:00: ✅ B点确认: 2026-02-28 00:05:56 = -17.50%
2026-02-28 08:15:51 +00:00: ⚠️  在寻找A点期间，发现比B点更低的点: 2026-02-28 00:42:53 = -20.81%
2026-02-28 08:15:51 +00:00:    放弃当前B点，重新开始寻找B点
2026-02-28 08:15:51 +00:00: 🔍 发现B点候选: 2026-02-28 00:42:53 = -20.81%
2026-02-28 08:15:51 +00:00: ⚠️  B点被推翻，发现更低点: 2026-02-28 00:47:57 = -22.25%
2026-02-28 08:15:51 +00:00: 
2026-02-28 08:15:51 +00:00: ⚠️  B点被推翻，发现更低点: 2026-02-28 00:49:10 = -26.65%
2026-02-28 08:15:51 +00:00: 🔍 新的B点候选: 2026-02-28 00:49:10 = -26.65%
2026-02-28 08:15:51 +00:00: ⚠️  B点被推翻，发现更低点: 2026-02-28 00:51:36 = -27.95%
2026-02-28 08:15:51 +00:00: 🔍 新的B点候选: 2026-02-28 00:51:36 = -27.95%
2026-02-28 08:15:51 +00:00: ⚠️  B点被推翻，发现更低点: 2026-02-28 01:01:45 = -28.04%
2026-02-28 08:15:51 +00:00: 🔍 新的B点候选: 2026-02-28 01:01:45 = -28.04%
2026-02-28 08:15:51 +00:00: ⚠️  B点被推翻，发现更低点: 2026-02-28 01:11:54 = -31.92%
2026-02-28 08:15:51 +00:00: 🔍 新的B点候选: 2026-02-28 01:11:54 = -31.92%
2026-02-28 08:15:51 +00:00: ⚠️  B点被推翻，发现更低点: 2026-02-28 01:13:20 = -32.84%
2026-02-28 08:15:51 +00:00: 🔍 新的B点候选: 2026-02-28 01:13:20 = -32.84%
2026-02-28 08:15:51 +00:00: ⚠️  B点被推翻，发现更低点: 2026-02-28 01:16:59 = -36.81%
2026-02-28 08:15:51 +00:00: 🔍 新的B点候选: 2026-02-28 01:16:59 = -36.81%
2026-02-28 08:15:51 +00:00: ⚠️  B点被推翻，发现更低点: 2026-02-28 01:18:25 = -39.34%
2026-02-28 08:15:51 +00:00: 🔍 新的B点候选: 2026-02-28 01:18:25 = -39.34%
2026-02-28 08:15:51 +00:00: ⚠️  B点被推翻，发现更低点: 2026-02-28 01:20:50 = -39.96%
2026-02-28 08:15:51 +00:00: 🔍 新的B点候选: 2026-02-28 01:20:50 = -39.96%
2026-02-28 08:15:51 +00:00: ⚠️  B点被推翻，发现更低点: 2026-02-28 01:29:45 = -40.16%
2026-02-28 08:15:51 +00:00: 🔍 新的B点候选: 2026-02-28 01:29:45 = -40.16%
2026-02-28 08:15:51 +00:00: ✅ B点确认: 2026-02-28 01:29:45 = -40.16%
2026-02-28 08:15:51 +00:00: ⚠️  在寻找A点期间，发现比B点更低的点: 2026-02-28 03:46:43 = -41.50%
2026-02-28 08:15:51 +00:00:    放弃当前B点，重新开始寻找B点
2026-02-28 08:15:51 +00:00: 🔍 发现B点候选: 2026-02-28 03:46:43 = -41.50%
2026-02-28 08:15:51 +00:00: ✅ B点确认: 2026-02-28 03:46:43 = -41.50%
2026-02-28 08:15:51 +00:00: ⚠️  在寻找A点期间，发现比B点更低的点: 2026-02-28 05:55:47 = -43.21%
2026-02-28 08:15:51 +00:00:    放弃当前B点，重新开始寻找B点
2026-02-28 08:15:51 +00:00: 🔍 发现B点候选: 2026-02-28 05:55:47 = -43.21%
2026-02-28 08:15:51 +00:00: ✅ B点确认: 2026-02-28 05:55:47 = -43.21%
2026-02-28 08:15:51 +00:00: ⚠️  在寻找A点期间，发现比B点更低的点: 2026-02-28 06:22:30 = -46.56%
2026-02-28 08:15:51 +00:00:    放弃当前B点，重新开始寻找B点
2026-02-28 08:15:51 +00:00: 🔍 发现B点候选: 2026-02-28 06:22:30 = -46.56%
2026-02-28 08:15:51 +00:00: ⚠️  B点被推翻，发现更低点: 2026-02-28 06:28:46 = -47.09%
2026-02-28 08:15:51 +00:00: 🔍 新的B点候选: 2026-02-28 06:28:46 = -47.09%
2026-02-28 08:15:51 +00:00: ⚠️  B点被推翻，发现更低点: 2026-02-28 06:29:59 = -49.25%
2026-02-28 08:15:51 +00:00: 🔍 新的B点候选: 2026-02-28 06:29:59 = -49.25%
2026-02-28 08:15:51 +00:00: ⚠️  B点被推翻，发现更低点: 2026-02-28 06:33:49 = -51.31%
2026-02-28 08:15:51 +00:00: 🔍 新的B点候选: 2026-02-28 06:33:49 = -51.31%
2026-02-28 08:15:51 +00:00: ⚠️  B点被推翻，发现更低点: 2026-02-28 06:35:02 = -66.90%
2026-02-28 08:15:51 +00:00: 🔍 新的B点候选: 2026-02-28 06:35:02 = -66.90%
2026-02-28 08:15:51 +00:00: ✅ B点确认: 2026-02-28 06:35:02 = -66.90%
2026-02-28 08:15:51 +00:00: 🔍 发现A点候选: 2026-02-28 07:02:56 = -29.83%, 振幅=37.07%
2026-02-28 08:15:51 +00:00: ⚠️  A点被推翻，发现更高点: 2026-02-28 07:05:21 = -29.63%
2026-02-28 08:15:51 +00:00: 🔍 新的A点候选: 2026-02-28 07:05:21 = -29.63%, 振幅=37.27%
2026-02-28 08:15:51 +00:00: ⚠️  A点被推翻，发现更高点: 2026-02-28 07:06:34 = -28.37%
2026-02-28 08:15:51 +00:00: 🔍 新的A点候选: 2026-02-28 07:06:34 = -28.37%, 振幅=38.53%
2026-02-28 08:15:51 +00:00: ⚠️  A点被推翻，发现更高点: 2026-02-28 07:07:59 = -27.04%
2026-02-28 08:15:51 +00:00: 🔍 新的A点候选: 2026-02-28 07:07:59 = -27.04%, 振幅=39.86%
2026-02-28 08:15:51 +00:00: ⚠️  A点被推翻，发现更高点: 2026-02-28 07:09:12 = -26.67%
2026-02-28 08:15:51 +00:00: 🔍 新的A点候选: 2026-02-28 07:09:12 = -26.67%, 振幅=40.23%
2026-02-28 08:15:51 +00:00: ⚠️  A点被推翻，发现更高点: 2026-02-28 07:10:25 = -25.67%
2026-02-28 08:15:51 +00:00: 🔍 新的A点候选: 2026-02-28 07:10:25 = -25.67%, 振幅=41.23%
2026-02-28 08:15:51 +00:00: ⚠️  A点被推翻，发现更高点: 2026-02-28 07:23:34 = -24.93%
2026-02-28 08:15:51 +00:00: 🔍 新的A点候选: 2026-02-28 07:23:34 = -24.93%, 振幅=41.97%
2026-02-28 08:15:51 +00:00: ⚠️  A点被推翻，发现更高点: 2026-02-28 07:28:37 = -24.58%
2026-02-28 08:15:51 +00:00: 🔍 新的A点候选: 2026-02-28 07:28:37 = -24.58%, 振幅=42.32%
2026-02-28 08:15:51 +00:00: ⚠️  A点被推翻，发现更高点: 2026-02-28 07:29:50 = -23.28%
2026-02-28 08:15:51 +00:00: 🔍 新的A点候选: 2026-02-28 07:29:50 = -23.28%, 振幅=43.62%
2026-02-28 08:15:51 +00:00: ⚠️  A点被推翻，发现更高点: 2026-02-28 07:34:53 = -22.45%
2026-02-28 08:15:51 +00:00: 🔍 新的A点候选: 2026-02-28 07:34:53 = -22.45%, 振幅=44.45%
2026-02-28 08:15:51 +00:00: ⚠️  A点被推翻，发现更高点: 2026-02-28 07:36:06 = -21.79%
2026-02-28 08:15:51 +00:00: 🔍 新的A点候选: 2026-02-28 07:36:06 = -21.79%, 振幅=45.11%
2026-02-28 08:15:51 +00:00: ⚠️  A点被推翻，发现更高点: 2026-02-28 07:52:27 = -20.42%
2026-02-28 08:15:51 +00:00: 🔍 新的A点候选: 2026-02-28 07:52:27 = -20.42%, 振幅=46.48%
2026-02-28 08:15:51 +00:00: ⚠️  A点被推翻，发现更高点: 2026-02-28 08:11:27 = -19.62%
2026-02-28 08:15:51 +00:00: 🔍 新的A点候选: 2026-02-28 08:11:27 = -19.62%, 振幅=47.28%
2026-02-28 08:15:51 +00:00: ⚠️  A点被推翻，发现更高点: 2026-02-28 08:14:05 = -18.62%
2026-02-28 08:15:51 +00:00: 🔍 新的A点候选: 2026-02-28 08:14:05 = -18.62%, 振幅=48.28%
2026-02-28 08:15:51 +00:00: ⚠️  A点被推翻，发现更高点: 2026-02-28 08:15:18 = -17.54%
2026-02-28 08:15:51 +00:00: 🔍 新的A点候选: 2026-02-28 08:15:18 = -17.54%, 振幅=49.36%
2026-02-28 08:15:51 +00:00: ✅ A点确认: 2026-02-28 08:15:18 = -17.54%, 振幅=49.36%
2026-02-28 08:15:51 +00:00: ⚠️  在寻找C点期间，发现更高点！A点更新
2026-02-28 08:15:51 +00:00:    旧A点: 2026-02-28 08:15:18 = -17.54%
2026-02-28 08:15:51 +00:00:    新A点: 2026-02-28 08:44:22 = -15.68%
2026-02-28 08:15:51 +00:00:    新振幅: 51.22%
2026-02-28 08:15:51 +00:00: ⚠️  在寻找C点期间，发现更高点！A点更新
2026-02-28 08:15:51 +00:00:    旧A点: 2026-02-28 08:44:22 = -15.68%
2026-02-28 08:15:51 +00:00:    新A点: 2026-02-28 08:56:53 = -13.96%
2026-02-28 08:15:51 +00:00:    新振幅: 52.94%
2026-02-28 08:15:51 +00:00: ⚠️  在寻找C点期间，发现更高点！A点更新
2026-02-28 08:15:51 +00:00:    旧A点: 2026-02-28 08:56:53 = -13.96%
2026-02-28 08:15:51 +00:00:    新A点: 2026-02-28 08:58:05 = -12.66%
2026-02-28 08:15:51 +00:00:    新振幅: 54.24%
2026-02-28 08:15:51 +00:00: ⚠️  在寻找C点期间，发现更高点！A点更新
2026-02-28 08:15:51 +00:00:    旧A点: 2026-02-28 08:58:05 = -12.66%
2026-02-28 08:15:51 +00:00:    新A点: 2026-02-28 09:04:33 = -11.20%
2026-02-28 08:15:51 +00:00:    新振幅: 55.70%
2026-02-28 08:15:51 +00:00: ✅ 完整波峰记录: B(-66.90%) → A(-11.20%) → C(-47.73%)
2026-02-28 08:15:51 +00:00:    振幅=55.70%, 回调=36.53% (65.6%)
2026-02-28 08:15:51 +00:00: ♻️  C点将作为下一个波峰的B点候选
2026-02-28 08:15:51 +00:00: 📍 使用继承的B点: 2026-02-28 12:31:42 = -47.73%
2026-02-28 08:15:51 +00:00: ✅ B点确认: 2026-02-28 12:31:42 = -47.73%
2026-02-28 08:15:51 +00:00: ⚠️  在寻找A点期间，发现比B点更低的点: 2026-02-28 13:33:18 = -48.55%
2026-02-28 08:15:51 +00:00:    放弃当前B点，重新开始寻找B点
2026-02-28 08:15:51 +00:00: 🔍 发现B点候选: 2026-02-28 13:33:18 = -48.55%
2026-02-28 08:15:51 +00:00: ⚠️  B点被推翻，发现更低点: 2026-02-28 13:35:43 = -50.81%
2026-02-28 08:15:51 +00:00: 🔍 新的B点候选: 2026-02-28 13:35:43 = -50.81%
2026-02-28 08:15:51 +00:00: ⚠️  B点被推翻，发现更低点: 2026-02-28 13:37:08 = -51.86%
2026-02-28 08:15:51 +00:00: 🔍 新的B点候选: 2026-02-28 13:37:08 = -51.86%
2026-02-28 08:15:51 +00:00: ✅ B点确认: 2026-02-28 13:37:08 = -51.86%
2026-02-28 08:15:51 +00:00: ⚠️  在寻找A点期间，发现比B点更低的点: 2026-02-28 14:07:18 = -52.32%
2026-02-28 08:15:51 +00:00:    放弃当前B点，重新开始寻找B点
2026-02-28 08:15:51 +00:00: 🔍 发现B点候选: 2026-02-28 14:07:18 = -52.32%
2026-02-28 08:15:51 +00:00: ⚠️  B点被推翻，发现更低点: 2026-02-28 14:14:44 = -54.87%
2026-02-28 08:15:51 +00:00: 🔍 新的B点候选: 2026-02-28 14:14:44 = -54.87%
2026-02-28 08:15:51 +00:00: ⚠️  B点被推翻，发现更低点: 2026-02-28 14:15:57 = -59.98%
2026-02-28 08:15:51 +00:00: 🔍 新的B点候选: 2026-02-28 14:15:57 = -59.98%
2026-02-28 08:15:51 +00:00: ⚠️  B点被推翻，发现更低点: 2026-02-28 14:17:21 = -70.51%
2026-02-28 08:15:51 +00:00: 🔍 新的B点候选: 2026-02-28 14:17:21 = -70.51%
2026-02-28 08:15:51 +00:00: ⚠️  B点被推翻，发现更低点: 2026-02-28 14:18:34 = -101.85%
2026-02-28 08:15:51 +00:00: 🔍 新的B点候选: 2026-02-28 14:18:34 = -101.85%
2026-02-28 08:15:51 +00:00: ⚠️  B点被推翻，发现更低点: 2026-02-28 14:32:28 = -108.18%
2026-02-28 08:15:51 +00:00: 🔍 新的B点候选: 2026-02-28 14:32:28 = -108.18%
2026-02-28 08:15:51 +00:00: ⚠️  B点被推翻，发现更低点: 2026-02-28 14:33:40 = -116.01%
2026-02-28 08:15:51 +00:00: 🔍 新的B点候选: 2026-02-28 14:33:40 = -116.01%
2026-02-28 08:15:51 +00:00: ⚠️  B点被推翻，发现更低点: 2026-02-28 14:36:05 = -119.05%
2026-02-28 08:15:51 +00:00: 🔍 新的B点候选: 2026-02-28 14:36:05 = -119.05%
2026-02-28 08:15:51 +00:00: ⚠️  B点被推翻，发现更低点: 2026-02-28 14:37:30 = -129.96%
2026-02-28 08:15:51 +00:00: 🔍 新的B点候选: 2026-02-28 14:37:30 = -129.96%
2026-02-28 08:15:51 +00:00: ⚠️  B点被推翻，发现更低点: 2026-02-28 14:38:42 = -131.54%
2026-02-28 08:15:51 +00:00: 🔍 新的B点候选: 2026-02-28 14:38:42 = -131.54%
2026-02-28 08:15:51 +00:00: ⚠️  B点被推翻，发现更低点: 2026-02-28 14:49:58 = -137.55%
2026-02-28 08:15:51 +00:00: 🔍 新的B点候选: 2026-02-28 14:49:58 = -137.55%
2026-02-28 08:15:51 +00:00: ⚠️  B点被推翻，发现更低点: 2026-02-28 14:51:10 = -146.00%
2026-02-28 08:15:51 +00:00: 🔍 新的B点候选: 2026-02-28 14:51:10 = -146.00%
2026-02-28 08:15:51 +00:00: ⚠️  B点被推翻，发现更低点: 2026-02-28 14:55:00 = -150.74%
2026-02-28 08:15:51 +00:00: 🔍 新的B点候选: 2026-02-28 14:55:00 = -150.74%
2026-02-28 08:15:51 +00:00: ⚠️  B点被推翻，发现更低点: 2026-02-28 14:56:12 = -157.41%
2026-02-28 08:15:51 +00:00: 🔍 新的B点候选: 2026-02-28 14:56:12 = -157.41%
2026-02-28 08:15:51 +00:00: ⚠️  B点被推翻，发现更低点: 2026-02-28 15:00:02 = -159.77%
2026-02-28 08:15:51 +00:00: 🔍 新的B点候选: 2026-02-28 15:00:02 = -159.77%
2026-02-28 08:15:51 +00:00: ✅ B点确认: 2026-02-28 15:00:02 = -159.77%
2026-02-28 08:16:21 +00:00: ✅ 凌晨2点后，优先使用正式数据 (当前时间: 16:16:21)
2026-02-28 08:16:23 +00:00: 🔍 发现B点候选: 2026-02-28 00:02:18 = -3.16%
2026-02-28 08:16:23 +00:00: ⚠️  B点被推翻，发现更低点: 2026-02-28 00:04:43 = -6.39%
2026-02-28 08:16:23 +00:00: 🔍 新的B点候选: 2026-02-28 00:04:43 = -6.39%
2026-02-28 08:16:23 +00:00: ⚠️  B点被推翻，发现更低点: 2026-02-28 00:05:56 = -17.50%
2026-02-28 08:16:23 +00:00: 🔍 新的B点候选: 2026-02-28 00:05:56 = -17.50%
2026-02-28 08:16:23 +00:00: ✅ B点确认: 2026-02-28 00:05:56 = -17.50%
2026-02-28 08:16:23 +00:00: ⚠️  在寻找A点期间，发现比B点更低的点: 2026-02-28 00:42:53 = -20.81%
2026-02-28 08:16:23 +00:00:    放弃当前B点，重新开始寻找B点
2026-02-28 08:16:23 +00:00: 🔍 发现B点候选: 2026-02-28 00:42:53 = -20.81%
2026-02-28 08:16:23 +00:00: 
2026-02-28 08:16:23 +00:00: 🔍 新的B点候选: 2026-02-28 00:47:57 = -22.25%
2026-02-28 08:16:23 +00:00: ⚠️  B点被推翻，发现更低点: 2026-02-28 00:49:10 = -26.65%
2026-02-28 08:16:23 +00:00: 🔍 新的B点候选: 2026-02-28 00:49:10 = -26.65%
2026-02-28 08:16:23 +00:00: ⚠️  B点被推翻，发现更低点: 2026-02-28 00:51:36 = -27.95%
2026-02-28 08:16:23 +00:00: 🔍 新的B点候选: 2026-02-28 00:51:36 = -27.95%
2026-02-28 08:16:23 +00:00: ⚠️  B点被推翻，发现更低点: 2026-02-28 01:01:45 = -28.04%
2026-02-28 08:16:23 +00:00: 🔍 新的B点候选: 2026-02-28 01:01:45 = -28.04%
2026-02-28 08:16:23 +00:00: ⚠️  B点被推翻，发现更低点: 2026-02-28 01:11:54 = -31.92%
2026-02-28 08:16:23 +00:00: 🔍 新的B点候选: 2026-02-28 01:11:54 = -31.92%
2026-02-28 08:16:23 +00:00: ⚠️  B点被推翻，发现更低点: 2026-02-28 01:13:20 = -32.84%
2026-02-28 08:16:23 +00:00: 🔍 新的B点候选: 2026-02-28 01:13:20 = -32.84%
2026-02-28 08:16:23 +00:00: ⚠️  B点被推翻，发现更低点: 2026-02-28 01:16:59 = -36.81%
2026-02-28 08:16:23 +00:00: 🔍 新的B点候选: 2026-02-28 01:16:59 = -36.81%
2026-02-28 08:16:23 +00:00: ⚠️  B点被推翻，发现更低点: 2026-02-28 01:18:25 = -39.34%
2026-02-28 08:16:23 +00:00: 🔍 新的B点候选: 2026-02-28 01:18:25 = -39.34%
2026-02-28 08:16:23 +00:00: ⚠️  B点被推翻，发现更低点: 2026-02-28 01:20:50 = -39.96%
2026-02-28 08:16:23 +00:00: 🔍 新的B点候选: 2026-02-28 01:20:50 = -39.96%
2026-02-28 08:16:23 +00:00: ⚠️  B点被推翻，发现更低点: 2026-02-28 01:29:45 = -40.16%
2026-02-28 08:16:23 +00:00: 🔍 新的B点候选: 2026-02-28 01:29:45 = -40.16%
2026-02-28 08:16:23 +00:00: ✅ B点确认: 2026-02-28 01:29:45 = -40.16%
2026-02-28 08:16:23 +00:00: ⚠️  在寻找A点期间，发现比B点更低的点: 2026-02-28 03:46:43 = -41.50%
2026-02-28 08:16:23 +00:00:    放弃当前B点，重新开始寻找B点
2026-02-28 08:16:23 +00:00: 🔍 发现B点候选: 2026-02-28 03:46:43 = -41.50%
2026-02-28 08:16:23 +00:00: ✅ B点确认: 2026-02-28 03:46:43 = -41.50%
2026-02-28 08:16:23 +00:00: ⚠️  在寻找A点期间，发现比B点更低的点: 2026-02-28 05:55:47 = -43.21%
2026-02-28 08:16:23 +00:00:    放弃当前B点，重新开始寻找B点
2026-02-28 08:16:23 +00:00: 🔍 发现B点候选: 2026-02-28 05:55:47 = -43.21%
2026-02-28 08:16:23 +00:00: ✅ B点确认: 2026-02-28 05:55:47 = -43.21%
2026-02-28 08:16:23 +00:00: ⚠️  在寻找A点期间，发现比B点更低的点: 2026-02-28 06:22:30 = -46.56%
2026-02-28 08:16:23 +00:00:    放弃当前B点，重新开始寻找B点
2026-02-28 08:16:23 +00:00: 🔍 发现B点候选: 2026-02-28 06:22:30 = -46.56%
2026-02-28 08:16:23 +00:00: ⚠️  B点被推翻，发现更低点: 2026-02-28 06:28:46 = -47.09%
2026-02-28 08:16:23 +00:00: 🔍 新的B点候选: 2026-02-28 06:28:46 = -47.09%
2026-02-28 08:16:23 +00:00: ⚠️  B点被推翻，发现更低点: 2026-02-28 06:29:59 = -49.25%
2026-02-28 08:16:23 +00:00: 🔍 新的B点候选: 2026-02-28 06:29:59 = -49.25%
2026-02-28 08:16:23 +00:00: ⚠️  B点被推翻，发现更低点: 2026-02-28 06:33:49 = -51.31%
2026-02-28 08:16:23 +00:00: 🔍 新的B点候选: 2026-02-28 06:33:49 = -51.31%
2026-02-28 08:16:23 +00:00: ⚠️  B点被推翻，发现更低点: 2026-02-28 06:35:02 = -66.90%
2026-02-28 08:16:23 +00:00: 🔍 新的B点候选: 2026-02-28 06:35:02 = -66.90%
2026-02-28 08:16:23 +00:00: ✅ B点确认: 2026-02-28 06:35:02 = -66.90%
2026-02-28 08:16:23 +00:00: 🔍 发现A点候选: 2026-02-28 07:02:56 = -29.83%, 振幅=37.07%
2026-02-28 08:16:23 +00:00: ⚠️  A点被推翻，发现更高点: 2026-02-28 07:05:21 = -29.63%
2026-02-28 08:16:23 +00:00: 🔍 新的A点候选: 2026-02-28 07:05:21 = -29.63%, 振幅=37.27%
2026-02-28 08:16:23 +00:00: ⚠️  A点被推翻，发现更高点: 2026-02-28 07:06:34 = -28.37%
2026-02-28 08:16:23 +00:00: 🔍 新的A点候选: 2026-02-28 07:06:34 = -28.37%, 振幅=38.53%
2026-02-28 08:16:23 +00:00: ⚠️  A点被推翻，发现更高点: 2026-02-28 07:07:59 = -27.04%
2026-02-28 08:16:23 +00:00: 🔍 新的A点候选: 2026-02-28 07:07:59 = -27.04%, 振幅=39.86%
2026-02-28 08:16:23 +00:00: ⚠️  A点被推翻，发现更高点: 2026-02-28 07:09:12 = -26.67%
2026-02-28 08:16:23 +00:00: 🔍 新的A点候选: 2026-02-28 07:09:12 = -26.67%, 振幅=40.23%
2026-02-28 08:16:23 +00:00: ⚠️  A点被推翻，发现更高点: 2026-02-28 07:10:25 = -25.67%
2026-02-28 08:16:23 +00:00: 🔍 新的A点候选: 2026-02-28 07:10:25 = -25.67%, 振幅=41.23%
2026-02-28 08:16:23 +00:00: ⚠️  A点被推翻，发现更高点: 2026-02-28 07:23:34 = -24.93%
2026-02-28 08:16:23 +00:00: 🔍 新的A点候选: 2026-02-28 07:23:34 = -24.93%, 振幅=41.97%
2026-02-28 08:16:23 +00:00: ⚠️  A点被推翻，发现更高点: 2026-02-28 07:28:37 = -24.58%
2026-02-28 08:16:23 +00:00: 🔍 新的A点候选: 2026-02-28 07:28:37 = -24.58%, 振幅=42.32%
2026-02-28 08:16:23 +00:00: ⚠️  A点被推翻，发现更高点: 2026-02-28 07:29:50 = -23.28%
2026-02-28 08:16:23 +00:00: 🔍 新的A点候选: 2026-02-28 07:29:50 = -23.28%, 振幅=43.62%
2026-02-28 08:16:23 +00:00: ⚠️  A点被推翻，发现更高点: 2026-02-28 07:34:53 = -22.45%
2026-02-28 08:16:23 +00:00: 🔍 新的A点候选: 2026-02-28 07:34:53 = -22.45%, 振幅=44.45%
2026-02-28 08:16:23 +00:00: ⚠️  A点被推翻，发现更高点: 2026-02-28 07:36:06 = -21.79%
2026-02-28 08:16:23 +00:00: 🔍 新的A点候选: 2026-02-28 07:36:06 = -21.79%, 振幅=45.11%
2026-02-28 08:16:23 +00:00: ⚠️  A点被推翻，发现更高点: 2026-02-28 07:52:27 = -20.42%
2026-02-28 08:16:23 +00:00: 🔍 新的A点候选: 2026-02-28 07:52:27 = -20.42%, 振幅=46.48%
2026-02-28 08:16:23 +00:00: ⚠️  A点被推翻，发现更高点: 2026-02-28 08:11:27 = -19.62%
2026-02-28 08:16:23 +00:00: 🔍 新的A点候选: 2026-02-28 08:11:27 = -19.62%, 振幅=47.28%
2026-02-28 08:16:23 +00:00: ⚠️  A点被推翻，发现更高点: 2026-02-28 08:14:05 = -18.62%
2026-02-28 08:16:23 +00:00: 🔍 新的A点候选: 2026-02-28 08:14:05 = -18.62%, 振幅=48.28%
2026-02-28 08:16:23 +00:00: ⚠️  A点被推翻，发现更高点: 2026-02-28 08:15:18 = -17.54%
2026-02-28 08:16:23 +00:00: 🔍 新的A点候选: 2026-02-28 08:15:18 = -17.54%, 振幅=49.36%
2026-02-28 08:16:23 +00:00: ✅ A点确认: 2026-02-28 08:15:18 = -17.54%, 振幅=49.36%
2026-02-28 08:16:23 +00:00: ⚠️  在寻找C点期间，发现更高点！A点更新
2026-02-28 08:16:23 +00:00:    旧A点: 2026-02-28 08:15:18 = -17.54%
2026-02-28 08:16:23 +00:00:    新A点: 2026-02-28 08:44:22 = -15.68%
2026-02-28 08:16:23 +00:00:    新振幅: 51.22%
2026-02-28 08:16:23 +00:00: ⚠️  在寻找C点期间，发现更高点！A点更新
2026-02-28 08:16:23 +00:00:    旧A点: 2026-02-28 08:44:22 = -15.68%
2026-02-28 08:16:23 +00:00:    新A点: 2026-02-28 08:56:53 = -13.96%
2026-02-28 08:16:23 +00:00:    新振幅: 52.94%
2026-02-28 08:16:23 +00:00: ⚠️  在寻找C点期间，发现更高点！A点更新
2026-02-28 08:16:23 +00:00:    旧A点: 2026-02-28 08:56:53 = -13.96%
2026-02-28 08:16:23 +00:00:    新A点: 2026-02-28 08:58:05 = -12.66%
2026-02-28 08:16:23 +00:00:    新振幅: 54.24%
2026-02-28 08:16:23 +00:00: ⚠️  在寻找C点期间，发现更高点！A点更新
2026-02-28 08:16:23 +00:00:    旧A点: 2026-02-28 08:58:05 = -12.66%
2026-02-28 08:16:23 +00:00:    新A点: 2026-02-28 09:04:33 = -11.20%
2026-02-28 08:16:23 +00:00:    新振幅: 55.70%
2026-02-28 08:16:23 +00:00: ✅ 完整波峰记录: B(-66.90%) → A(-11.20%) → C(-47.73%)
2026-02-28 08:16:23 +00:00:    振幅=55.70%, 回调=36.53% (65.6%)
2026-02-28 08:16:23 +00:00: ♻️  C点将作为下一个波峰的B点候选
2026-02-28 08:16:23 +00:00: 📍 使用继承的B点: 2026-02-28 12:31:42 = -47.73%
2026-02-28 08:16:23 +00:00: ✅ B点确认: 2026-02-28 12:31:42 = -47.73%
2026-02-28 08:16:23 +00:00: ⚠️  在寻找A点期间，发现比B点更低的点: 2026-02-28 13:33:18 = -48.55%
2026-02-28 08:16:23 +00:00:    放弃当前B点，重新开始寻找B点
2026-02-28 08:16:23 +00:00: 🔍 发现B点候选: 2026-02-28 13:33:18 = -48.55%
2026-02-28 08:16:23 +00:00: ⚠️  B点被推翻，发现更低点: 2026-02-28 13:35:43 = -50.81%
2026-02-28 08:16:23 +00:00: 🔍 新的B点候选: 2026-02-28 13:35:43 = -50.81%
2026-02-28 08:16:23 +00:00: ⚠️  B点被推翻，发现更低点: 2026-02-28 13:37:08 = -51.86%
2026-02-28 08:16:23 +00:00: 🔍 新的B点候选: 2026-02-28 13:37:08 = -51.86%
2026-02-28 08:16:23 +00:00: ✅ B点确认: 2026-02-28 13:37:08 = -51.86%
2026-02-28 08:16:23 +00:00: ⚠️  在寻找A点期间，发现比B点更低的点: 2026-02-28 14:07:18 = -52.32%
2026-02-28 08:16:23 +00:00:    放弃当前B点，重新开始寻找B点
2026-02-28 08:16:23 +00:00: 🔍 发现B点候选: 2026-02-28 14:07:18 = -52.32%
2026-02-28 08:16:23 +00:00: ⚠️  B点被推翻，发现更低点: 2026-02-28 14:14:44 = -54.87%
2026-02-28 08:16:23 +00:00: 🔍 新的B点候选: 2026-02-28 14:14:44 = -54.87%
2026-02-28 08:16:23 +00:00: ⚠️  B点被推翻，发现更低点: 2026-02-28 14:15:57 = -59.98%
2026-02-28 08:16:23 +00:00: 🔍 新的B点候选: 2026-02-28 14:15:57 = -59.98%
2026-02-28 08:16:23 +00:00: ⚠️  B点被推翻，发现更低点: 2026-02-28 14:17:21 = -70.51%
2026-02-28 08:16:23 +00:00: 🔍 新的B点候选: 2026-02-28 14:17:21 = -70.51%
2026-02-28 08:16:23 +00:00: ⚠️  B点被推翻，发现更低点: 2026-02-28 14:18:34 = -101.85%
2026-02-28 08:16:23 +00:00: 🔍 新的B点候选: 2026-02-28 14:18:34 = -101.85%
2026-02-28 08:16:23 +00:00: ⚠️  B点被推翻，发现更低点: 2026-02-28 14:32:28 = -108.18%
2026-02-28 08:16:23 +00:00: 🔍 新的B点候选: 2026-02-28 14:32:28 = -108.18%
2026-02-28 08:16:23 +00:00: ⚠️  B点被推翻，发现更低点: 2026-02-28 14:33:40 = -116.01%
2026-02-28 08:16:23 +00:00: 🔍 新的B点候选: 2026-02-28 14:33:40 = -116.01%
2026-02-28 08:16:23 +00:00: ⚠️  B点被推翻，发现更低点: 2026-02-28 14:36:05 = -119.05%
2026-02-28 08:16:23 +00:00: 🔍 新的B点候选: 2026-02-28 14:36:05 = -119.05%
2026-02-28 08:16:23 +00:00: ⚠️  B点被推翻，发现更低点: 2026-02-28 14:37:30 = -129.96%
2026-02-28 08:16:23 +00:00: 🔍 新的B点候选: 2026-02-28 14:37:30 = -129.96%
2026-02-28 08:16:23 +00:00: ⚠️  B点被推翻，发现更低点: 2026-02-28 14:38:42 = -131.54%
2026-02-28 08:16:23 +00:00: 🔍 新的B点候选: 2026-02-28 14:38:42 = -131.54%
2026-02-28 08:16:23 +00:00: ⚠️  B点被推翻，发现更低点: 2026-02-28 14:49:58 = -137.55%
2026-02-28 08:16:23 +00:00: 🔍 新的B点候选: 2026-02-28 14:49:58 = -137.55%
2026-02-28 08:16:23 +00:00: ⚠️  B点被推翻，发现更低点: 2026-02-28 14:51:10 = -146.00%
2026-02-28 08:16:23 +00:00: 🔍 新的B点候选: 2026-02-28 14:51:10 = -146.00%
2026-02-28 08:16:23 +00:00: ⚠️  B点被推翻，发现更低点: 2026-02-28 14:55:00 = -150.74%
2026-02-28 08:16:23 +00:00: 🔍 新的B点候选: 2026-02-28 14:55:00 = -150.74%
2026-02-28 08:16:23 +00:00: ⚠️  B点被推翻，发现更低点: 2026-02-28 14:56:12 = -157.41%
2026-02-28 08:16:23 +00:00: 🔍 新的B点候选: 2026-02-28 14:56:12 = -157.41%
2026-02-28 08:16:23 +00:00: ⚠️  B点被推翻，发现更低点: 2026-02-28 15:00:02 = -159.77%
2026-02-28 08:16:23 +00:00: 🔍 新的B点候选: 2026-02-28 15:00:02 = -159.77%
2026-02-28 08:16:23 +00:00: ✅ B点确认: 2026-02-28 15:00:02 = -159.77%
2026-02-28 08:16:41 +00:00: ✅ 凌晨2点后，优先使用正式数据 (当前时间: 16:16:41)
2026-02-28 08:16:48 +00:00: 🔍 发现B点候选: 2026-02-28 00:02:18 = -3.16%
2026-02-28 08:16:48 +00:00: ⚠️  B点被推翻，发现更低点: 2026-02-28 00:04:43 = -6.39%
2026-02-28 08:16:48 +00:00: 🔍 新的B点候选: 2026-02-28 00:04:43 = -6.39%
2026-02-28 08:16:48 +00:00: ⚠️  B点被推翻，发现更低点: 2026-02-28 00:05:56 = -17.50%
2026-02-28 08:16:48 +00:00: 🔍 新的B点候选: 2026-02-28 00:05:56 = -17.50%
2026-02-28 08:16:48 +00:00: ✅ B点确认: 2026-02-28 00:05:56 = -17.50%
2026-02-28 08:16:48 +00:00: ⚠️  在寻找A点期间，发现比B点更低的点: 2026-02-28 00:42:53 = -20.81%
2026-02-28 08:16:48 +00:00:    放弃当前B点，重新开始寻找B点
2026-02-28 08:16:48 +00:00: 🔍 发现B点候选: 2026-02-28 00:42:53 = -20.81%
2026-02-28 08:16:48 +00:00: ⚠️  B点被推翻，发现更低点: 2026-02-28 00:47:57 = -22.25%
2026-02-28 08:16:48 +00:00: 🔍 新的B点候选: 2026-02-28 00:47:57 = -22.25%
2026-02-28 08:16:48 +00:00: ⚠️  B点被推翻，发现更低点: 2026-02-28 00:49:10 = -26.65%
2026-02-28 08:16:48 +00:00: 🔍 新的B点候选: 2026-02-28 00:49:10 = -26.65%
2026-02-28 08:16:48 +00:00: ⚠️  B点被推翻，发现更低点: 2026-02-28 00:51:36 = -27.95%
2026-02-28 08:16:48 +00:00: 🔍 新的B点候选: 2026-02-28 00:51:36 = -27.95%
2026-02-28 08:16:48 +00:00: ⚠️  B点被推翻，发现更低点: 2026-02-28 01:01:45 = -28.04%
2026-02-28 08:16:48 +00:00: 🔍 新的B点候选: 2026-02-28 01:01:45 = -28.04%
2026-02-28 08:16:48 +00:00: ⚠️  B点被推翻，发现更低点: 2026-02-28 01:11:54 = -31.92%
2026-02-28 08:16:48 +00:00: 🔍 新的B点候选: 2026-02-28 01:11:54 = -31.92%
2026-02-28 08:16:48 +00:00: ⚠️  B点被推翻，发现更低点: 2026-02-28 01:13:20 = -32.84%
2026-02-28 08:16:48 +00:00: 🔍 新的B点候选: 2026-02-28 01:13:20 = -32.84%
2026-02-28 08:16:48 +00:00: ⚠️  B点被推翻，发现更低点: 2026-02-28 01:16:59 = -36.81%
2026-02-28 08:16:48 +00:00: 🔍 新的B点候选: 2026-02-28 01:16:59 = -36.81%
2026-02-28 08:16:48 +00:00: ⚠️  B点被推翻，发现更低点: 2026-02-28 01:18:25 = -39.34%
2026-02-28 08:16:48 +00:00: 🔍 新的B点候选: 2026-02-28 01:18:25 = -39.34%
2026-02-28 08:16:48 +00:00: ⚠️  B点被推翻，发现更低点: 2026-02-28 01:20:50 = -39.96%
2026-02-28 08:16:48 +00:00: 🔍 新的B点候选: 2026-02-28 01:20:50 = -39.96%
2026-02-28 08:16:48 +00:00: ⚠️  B点被推翻，发现更低点: 2026-02-28 01:29:45 = -40.16%
2026-02-28 08:16:48 +00:00: 🔍 新的B点候选: 2026-02-28 01:29:45 = -40.16%
2026-02-28 08:16:48 +00:00: ✅ B点确认: 2026-02-28 01:29:45 = -40.16%
2026-02-28 08:16:48 +00:00: ⚠️  在寻找A点期间，发现比B点更低的点: 2026-02-28 03:46:43 = -41.50%
2026-02-28 08:16:48 +00:00:    放弃当前B点，重新开始寻找B点
2026-02-28 08:16:48 +00:00: 🔍 发现B点候选: 2026-02-28 03:46:43 = -41.50%
2026-02-28 08:16:48 +00:00: ✅ B点确认: 2026-02-28 03:46:43 = -41.50%
2026-02-28 08:16:48 +00:00: ⚠️  在寻找A点期间，发现比B点更低的点: 2026-02-28 05:55:47 = -43.21%
2026-02-28 08:16:48 +00:00:    放弃当前B点，重新开始寻找B点
2026-02-28 08:16:48 +00:00: 🔍 发现B点候选: 2026-02-28 05:55:47 = -43.21%
2026-02-28 08:16:48 +00:00: ✅ B点确认: 2026-02-28 05:55:47 = -43.21%
2026-02-28 08:16:48 +00:00: ⚠️  在寻找A点期间，发现比B点更低的点: 2026-02-28 06:22:30 = -46.56%
2026-02-28 08:16:48 +00:00:    放弃当前B点，重新开始寻找B点
2026-02-28 08:16:48 +00:00: 🔍 发现B点候选: 2026-02-28 06:22:30 = -46.56%
2026-02-28 08:16:48 +00:00: ⚠️  B点被推翻，发现更低点: 2026-02-28 06:28:46 = -47.09%
2026-02-28 08:16:48 +00:00: 🔍 新的B点候选: 2026-02-28 06:28:46 = -47.09%
2026-02-28 08:16:48 +00:00: ⚠️  B点被推翻，发现更低点: 2026-02-28 06:29:59 = -49.25%
2026-02-28 08:16:48 +00:00: 🔍 新的B点候选: 2026-02-28 06:29:59 = -49.25%
2026-02-28 08:16:48 +00:00: ⚠️  B点被推翻，发现更低点: 2026-02-28 06:33:49 = -51.31%
2026-02-28 08:16:48 +00:00: 🔍 新的B点候选: 2026-02-28 06:33:49 = -51.31%
2026-02-28 08:16:48 +00:00: ⚠️  B点被推翻，发现更低点: 2026-02-28 06:35:02 = -66.90%
2026-02-28 08:16:48 +00:00: 🔍 新的B点候选: 2026-02-28 06:35:02 = -66.90%
2026-02-28 08:16:48 +00:00: ✅ B点确认: 2026-02-28 06:35:02 = -66.90%
2026-02-28 08:16:48 +00:00: 🔍 发现A点候选: 2026-02-28 07:02:56 = -29.83%, 振幅=37.07%
2026-02-28 08:16:48 +00:00: ⚠️  A点被推翻，发现更高点: 2026-02-28 07:05:21 = -29.63%
2026-02-28 08:16:48 +00:00: 🔍 新的A点候选: 2026-02-28 07:05:21 = -29.63%, 振幅=37.27%
2026-02-28 08:16:48 +00:00: ⚠️  A点被推翻，发现更高点: 2026-02-28 07:06:34 = -28.37%
2026-02-28 08:16:48 +00:00: 🔍 新的A点候选: 2026-02-28 07:06:34 = -28.37%, 振幅=38.53%
2026-02-28 08:16:48 +00:00: ⚠️  A点被推翻，发现更高点: 2026-02-28 07:07:59 = -27.04%
2026-02-28 08:16:48 +00:00: 🔍 新的A点候选: 2026-02-28 07:07:59 = -27.04%, 振幅=39.86%
2026-02-28 08:16:48 +00:00: ⚠️  A点被推翻，发现更高点: 2026-02-28 07:09:12 = -26.67%
2026-02-28 08:16:48 +00:00: 🔍 新的A点候选: 2026-02-28 07:09:12 = -26.67%, 振幅=40.23%
2026-02-28 08:16:48 +00:00: ⚠️  A点被推翻，发现更高点: 2026-02-28 07:10:25 = -25.67%
2026-02-28 08:16:48 +00:00: 🔍 新的A点候选: 2026-02-28 07:10:25 = -25.67%, 振幅=41.23%
2026-02-28 08:16:48 +00:00: ⚠️  A点被推翻，发现更高点: 2026-02-28 07:23:34 = -24.93%
2026-02-28 08:16:48 +00:00: 🔍 新的A点候选: 2026-02-28 07:23:34 = -24.93%, 振幅=41.97%
2026-02-28 08:16:48 +00:00: ⚠️  A点被推翻，发现更高点: 2026-02-28 07:28:37 = -24.58%
2026-02-28 08:16:48 +00:00: 🔍 新的A点候选: 2026-02-28 07:28:37 = -24.58%, 振幅=42.32%
2026-02-28 08:16:48 +00:00: ⚠️  A点被推翻，发现更高点: 2026-02-28 07:29:50 = -23.28%
2026-02-28 08:16:48 +00:00: 🔍 新的A点候选: 2026-02-28 07:29:50 = -23.28%, 振幅=43.62%
2026-02-28 08:16:48 +00:00: ⚠️  A点被推翻，发现更高点: 2026-02-28 07:34:53 = -22.45%
2026-02-28 08:16:48 +00:00: 🔍 新的A点候选: 2026-02-28 07:34:53 = -22.45%, 振幅=44.45%
2026-02-28 08:16:48 +00:00: ⚠️  A点被推翻，发现更高点: 2026-02-28 07:36:06 = -21.79%
2026-02-28 08:16:48 +00:00: 🔍 新的A点候选: 2026-02-28 07:36:06 = -21.79%, 振幅=45.11%
2026-02-28 08:16:48 +00:00: ⚠️  A点被推翻，发现更高点: 2026-02-28 07:52:27 = -20.42%
2026-02-28 08:16:48 +00:00: 🔍 新的A点候选: 2026-02-28 07:52:27 = -20.42%, 振幅=46.48%
2026-02-28 08:16:48 +00:00: ⚠️  A点被推翻，发现更高点: 2026-02-28 08:11:27 = -19.62%
2026-02-28 08:16:48 +00:00: 🔍 新的A点候选: 2026-02-28 08:11:27 = -19.62%, 振幅=47.28%
2026-02-28 08:16:48 +00:00: ⚠️  A点被推翻，发现更高点: 2026-02-28 08:14:05 = -18.62%
2026-02-28 08:16:48 +00:00: 🔍 新的A点候选: 2026-02-28 08:14:05 = -18.62%, 振幅=48.28%
2026-02-28 08:16:48 +00:00: ⚠️  A点被推翻，发现更高点: 2026-02-28 08:15:18 = -17.54%
2026-02-28 08:16:48 +00:00: 🔍 新的A点候选: 2026-02-28 08:15:18 = -17.54%, 振幅=49.36%
2026-02-28 08:16:48 +00:00: ✅ A点确认: 2026-02-28 08:15:18 = -17.54%, 振幅=49.36%
2026-02-28 08:16:48 +00:00: ⚠️  在寻找C点期间，发现更高点！A点更新
2026-02-28 08:16:48 +00:00:    旧A点: 2026-02-28 08:15:18 = -17.54%
2026-02-28 08:16:48 +00:00:    新A点: 2026-02-28 08:44:22 = -15.68%
2026-02-28 08:16:48 +00:00:    新振幅: 51.22%
2026-02-28 08:16:48 +00:00: ⚠️  在寻找C点期间，发现更高点！A点更新
2026-02-28 08:16:48 +00:00:    旧A点: 2026-02-28 08:44:22 = -15.68%
2026-02-28 08:16:48 +00:00:    新A点: 2026-02-28 08:56:53 = -13.96%
2026-02-28 08:16:48 +00:00:    新振幅: 52.94%
2026-02-28 08:16:48 +00:00: ⚠️  在寻找C点期间，发现更高点！A点更新
2026-02-28 08:16:48 +00:00:    旧A点: 2026-02-28 08:56:53 = -13.96%
2026-02-28 08:16:48 +00:00:    新A点: 2026-02-28 08:58:05 = -12.66%
2026-02-28 08:16:48 +00:00:    新振幅: 54.24%
2026-02-28 08:16:48 +00:00: ⚠️  在寻找C点期间，发现更高点！A点更新
2026-02-28 08:16:48 +00:00:    旧A点: 2026-02-28 08:58:05 = -12.66%
2026-02-28 08:16:48 +00:00:    新A点: 2026-02-28 09:04:33 = -11.20%
2026-02-28 08:16:48 +00:00:    新振幅: 55.70%
2026-02-28 08:16:48 +00:00: ✅ 完整波峰记录: B(-66.90%) → A(-11.20%) → C(-47.73%)
2026-02-28 08:16:48 +00:00:    振幅=55.70%, 回调=36.53% (65.6%)
2026-02-28 08:16:48 +00:00: ♻️  C点将作为下一个波峰的B点候选
2026-02-28 08:16:48 +00:00: 📍 使用继承的B点: 2026-02-28 12:31:42 = -47.73%
2026-02-28 08:16:48 +00:00: ✅ B点确认: 2026-02-28 12:31:42 = -47.73%
2026-02-28 08:16:48 +00:00: ⚠️  在寻找A点期间，发现比B点更低的点: 2026-02-28 13:33:18 = -48.55%
2026-02-28 08:16:48 +00:00:    放弃当前B点，重新开始寻找B点
2026-02-28 08:16:48 +00:00: 🔍 发现B点候选: 2026-02-28 13:33:18 = -48.55%
2026-02-28 08:16:48 +00:00: ⚠️  B点被推翻，发现更低点: 2026-02-28 13:35:43 = -50.81%
2026-02-28 08:16:48 +00:00: 🔍 新的B点候选: 2026-02-28 13:35:43 = -50.81%
2026-02-28 08:16:48 +00:00: ⚠️  B点被推翻，发现更低点: 2026-02-28 13:37:08 = -51.86%
2026-02-28 08:16:48 +00:00: 🔍 新的B点候选: 2026-02-28 13:37:08 = -51.86%
2026-02-28 08:16:48 +00:00: ✅ B点确认: 2026-02-28 13:37:08 = -51.86%
2026-02-28 08:16:48 +00:00: ⚠️  在寻找A点期间，发现比B点更低的点: 2026-02-28 14:07:18 = -52.32%
2026-02-28 08:16:48 +00:00:    放弃当前B点，重新开始寻找B点
2026-02-28 08:16:48 +00:00: 🔍 发现B点候选: 2026-02-28 14:07:18 = -52.32%
2026-02-28 08:16:48 +00:00: ⚠️  B点被推翻，发现更低点: 2026-02-28 14:14:44 = -54.87%
2026-02-28 08:16:48 +00:00: 🔍 新的B点候选: 2026-02-28 14:14:44 = -54.87%
2026-02-28 08:16:48 +00:00: ⚠️  B点被推翻，发现更低点: 2026-02-28 14:15:57 = -59.98%
2026-02-28 08:16:48 +00:00: 🔍 新的B点候选: 2026-02-28 14:15:57 = -59.98%
2026-02-28 08:16:48 +00:00: ⚠️  B点被推翻，发现更低点: 2026-02-28 14:17:21 = -70.51%
2026-02-28 08:16:48 +00:00: 🔍 新的B点候选: 2026-02-28 14:17:21 = -70.51%
2026-02-28 08:16:48 +00:00: ⚠️  B点被推翻，发现更低点: 2026-02-28 14:18:34 = -101.85%
2026-02-28 08:16:48 +00:00: 🔍 新的B点候选: 2026-02-28 14:18:34 = -101.85%
2026-02-28 08:16:48 +00:00: ⚠️  B点被推翻，发现更低点: 2026-02-28 14:32:28 = -108.18%
2026-02-28 08:16:48 +00:00: 🔍 新的B点候选: 2026-02-28 14:32:28 = -108.18%
2026-02-28 08:16:48 +00:00: ⚠️  B点被推翻，发现更低点: 2026-02-28 14:33:40 = -116.01%
2026-02-28 08:16:48 +00:00: 🔍 新的B点候选: 2026-02-28 14:33:40 = -116.01%
2026-02-28 08:16:48 +00:00: ⚠️  B点被推翻，发现更低点: 2026-02-28 14:36:05 = -119.05%
2026-02-28 08:16:48 +00:00: 🔍 新的B点候选: 2026-02-28 14:36:05 = -119.05%
2026-02-28 08:16:48 +00:00: ⚠️  B点被推翻，发现更低点: 2026-02-28 14:37:30 = -129.96%
2026-02-28 08:16:48 +00:00: 🔍 新的B点候选: 2026-02-28 14:37:30 = -129.96%
2026-02-28 08:16:48 +00:00: ⚠️  B点被推翻，发现更低点: 2026-02-28 14:38:42 = -131.54%
2026-02-28 08:16:48 +00:00: 🔍 新的B点候选: 2026-02-28 14:38:42 = -131.54%
2026-02-28 08:16:48 +00:00: ⚠️  B点被推翻，发现更低点: 2026-02-28 14:49:58 = -137.55%
2026-02-28 08:16:48 +00:00: 🔍 新的B点候选: 2026-02-28 14:49:58 = -137.55%
2026-02-28 08:16:48 +00:00: ⚠️  B点被推翻，发现更低点: 2026-02-28 14:51:10 = -146.00%
2026-02-28 08:16:48 +00:00: 🔍 新的B点候选: 2026-02-28 14:51:10 = -146.00%
2026-02-28 08:16:48 +00:00: ⚠️  B点被推翻，发现更低点: 2026-02-28 14:55:00 = -150.74%
2026-02-28 08:16:48 +00:00: 🔍 新的B点候选: 2026-02-28 14:55:00 = -150.74%
2026-02-28 08:16:48 +00:00: ⚠️  B点被推翻，发现更低点: 2026-02-28 14:56:12 = -157.41%
2026-02-28 08:16:48 +00:00: 🔍 新的B点候选: 2026-02-28 14:56:12 = -157.41%
2026-02-28 08:16:48 +00:00: ⚠️  B点被推翻，发现更低点: 2026-02-28 15:00:02 = -159.77%
2026-02-28 08:16:48 +00:00: 🔍 新的B点候选: 2026-02-28 15:00:02 = -159.77%
2026-02-28 08:16:48 +00:00: ✅ B点确认: 2026-02-28 15:00:02 = -159.77%
2026-02-28 08:16:53 +00:00: ✅ 凌晨2点后，优先使用正式数据 (当前时间: 16:16:53)
2026-02-28 08:16:56 +00:00: 🔍 发现B点候选: 2026-02-28 00:02:18 = -3.16%
2026-02-28 08:16:56 +00:00: ⚠️  B点被推翻，发现更低点: 2026-02-28 00:04:43 = -6.39%
2026-02-28 08:16:56 +00:00: 🔍 新的B点候选: 2026-02-28 00:04:43 = -6.39%
2026-02-28 08:16:56 +00:00: ⚠️  B点被推翻，发现更低点: 2026-02-28 00:05:56 = -17.50%
2026-02-28 08:16:56 +00:00: 🔍 新的B点候选: 2026-02-28 00:05:56 = -17.50%
2026-02-28 08:16:56 +00:00: ✅ B点确认: 2026-02-28 00:05:56 = -17.50%
2026-02-28 08:16:56 +00:00: ⚠️  在寻找A点期间，发现比B点更低的点: 2026-02-28 00:42:53 = -20.81%
2026-02-28 08:16:56 +00:00:    放弃当前B点，重新开始寻找B点
2026-02-28 08:16:56 +00:00: 🔍 发现B点候选: 2026-02-28 00:42:53 = -20.81%
2026-02-28 08:16:56 +00:00: ⚠️  B点被推翻，发现更低点: 2026-02-28 00:47:57 = -22.25%
2026-02-28 08:16:56 +00:00: 🔍 新的B点候选: 2026-02-28 00:47:57 = -22.25%
2026-02-28 08:16:56 +00:00: ⚠️  B点被推翻，发现更低点: 2026-02-28 00:49:10 = -26.65%
2026-02-28 08:16:56 +00:00: 🔍 新的B点候选: 2026-02-28 00:49:10 = -26.65%
2026-02-28 08:16:56 +00:00: ⚠️  B点被推翻，发现更低点: 2026-02-28 00:51:36 = -27.95%
2026-02-28 08:16:56 +00:00: 🔍 新的B点候选: 2026-02-28 00:51:36 = -27.95%
2026-02-28 08:16:56 +00:00: ⚠️  B点被推翻，发现更低点: 2026-02-28 01:01:45 = -28.04%
2026-02-28 08:16:56 +00:00: 🔍 新的B点候选: 2026-02-28 01:01:45 = -28.04%
2026-02-28 08:16:56 +00:00: ⚠️  B点被推翻，发现更低点: 2026-02-28 01:11:54 = -31.92%
2026-02-28 08:16:56 +00:00: 🔍 新的B点候选: 2026-02-28 01:11:54 = -31.92%
2026-02-28 08:16:56 +00:00: ⚠️  B点被推翻，发现更低点: 2026-02-28 01:13:20 = -32.84%
2026-02-28 08:16:56 +00:00: 🔍 新的B点候选: 2026-02-28 01:13:20 = -32.84%
2026-02-28 08:16:56 +00:00: ⚠️  B点被推翻，发现更低点: 2026-02-28 01:16:59 = -36.81%
2026-02-28 08:16:56 +00:00: 🔍 新的B点候选: 2026-02-28 01:16:59 = -36.81%
2026-02-28 08:16:56 +00:00: ⚠️  B点被推翻，发现更低点: 2026-02-28 01:18:25 = -39.34%
2026-02-28 08:16:56 +00:00: 🔍 新的B点候选: 2026-02-28 01:18:25 = -39.34%
2026-02-28 08:16:56 +00:00: ⚠️  B点被推翻，发现更低点: 2026-02-28 01:20:50 = -39.96%
2026-02-28 08:16:56 +00:00: 🔍 新的B点候选: 2026-02-28 01:20:50 = -39.96%
2026-02-28 08:16:56 +00:00: ⚠️  B点被推翻，发现更低点: 2026-02-28 01:29:45 = -40.16%
2026-02-28 08:16:56 +00:00: 🔍 新的B点候选: 2026-02-28 01:29:45 = -40.16%
2026-02-28 08:16:56 +00:00: ✅ B点确认: 2026-02-28 01:29:45 = -40.16%
2026-02-28 08:16:56 +00:00: ⚠️  在寻找A点期间，发现比B点更低的点: 2026-02-28 03:46:43 = -41.50%
2026-02-28 08:16:56 +00:00:    放弃当前B点，重新开始寻找B点
2026-02-28 08:16:56 +00:00: 🔍 发现B点候选: 2026-02-28 03:46:43 = -41.50%
2026-02-28 08:16:56 +00:00: ✅ B点确认: 2026-02-28 03:46:43 = -41.50%
2026-02-28 08:16:56 +00:00: ⚠️  在寻找A点期间，发现比B点更低的点: 2026-02-28 05:55:47 = -43.21%
2026-02-28 08:16:56 +00:00:    放弃当前B点，重新开始寻找B点
2026-02-28 08:16:56 +00:00: 🔍 发现B点候选: 2026-02-28 05:55:47 = -43.21%
2026-02-28 08:16:56 +00:00: ✅ B点确认: 2026-02-28 05:55:47 = -43.21%
2026-02-28 08:16:56 +00:00: ⚠️  在寻找A点期间，发现比B点更低的点: 2026-02-28 06:22:30 = -46.56%
2026-02-28 08:16:56 +00:00:    放弃当前B点，重新开始寻找B点
2026-02-28 08:16:56 +00:00: 🔍 发现B点候选: 2026-02-28 06:22:30 = -46.56%
2026-02-28 08:16:56 +00:00: ⚠️  B点被推翻，发现更低点: 2026-02-28 06:28:46 = -47.09%
2026-02-28 08:16:56 +00:00: 🔍 新的B点候选: 2026-02-28 06:28:46 = -47.09%
2026-02-28 08:16:56 +00:00: ⚠️  B点被推翻，发现更低点: 2026-02-28 06:29:59 = -49.25%
2026-02-28 08:16:56 +00:00: 🔍 新的B点候选: 2026-02-28 06:29:59 = -49.25%
2026-02-28 08:16:56 +00:00: ⚠️  B点被推翻，发现更低点: 2026-02-28 06:33:49 = -51.31%
2026-02-28 08:16:56 +00:00: 🔍 新的B点候选: 2026-02-28 06:33:49 = -51.31%
2026-02-28 08:16:56 +00:00: ⚠️  B点被推翻，发现更低点: 2026-02-28 06:35:02 = -66.90%
2026-02-28 08:16:56 +00:00: 🔍 新的B点候选: 2026-02-28 06:35:02 = -66.90%
2026-02-28 08:16:56 +00:00: ✅ B点确认: 2026-02-28 06:35:02 = -66.90%
2026-02-28 08:16:56 +00:00: 🔍 发现A点候选: 2026-02-28 07:02:56 = -29.83%, 振幅=37.07%
2026-02-28 08:16:56 +00:00: ⚠️  A点被推翻，发现更高点: 2026-02-28 07:05:21 = -29.63%
2026-02-28 08:16:56 +00:00: 🔍 新的A点候选: 2026-02-28 07:05:21 = -29.63%, 振幅=37.27%
2026-02-28 08:16:56 +00:00: ⚠️  A点被推翻，发现更高点: 2026-02-28 07:06:34 = -28.37%
2026-02-28 08:16:56 +00:00: 🔍 新的A点候选: 2026-02-28 07:06:34 = -28.37%, 振幅=38.53%
2026-02-28 08:16:56 +00:00: ⚠️  A点被推翻，发现更高点: 2026-02-28 07:07:59 = -27.04%
2026-02-28 08:16:56 +00:00: 🔍 新的A点候选: 2026-02-28 07:07:59 = -27.04%, 振幅=39.86%
2026-02-28 08:16:56 +00:00: ⚠️  A点被推翻，发现更高点: 2026-02-28 07:09:12 = -26.67%
2026-02-28 08:16:56 +00:00: 🔍 新的A点候选: 2026-02-28 07:09:12 = -26.67%, 振幅=40.23%
2026-02-28 08:16:56 +00:00: ⚠️  A点被推翻，发现更高点: 2026-02-28 07:10:25 = -25.67%
2026-02-28 08:16:56 +00:00: 🔍 新的A点候选: 2026-02-28 07:10:25 = -25.67%, 振幅=41.23%
2026-02-28 08:16:56 +00:00: ⚠️  A点被推翻，发现更高点: 2026-02-28 07:23:34 = -24.93%
2026-02-28 08:16:56 +00:00: 🔍 新的A点候选: 2026-02-28 07:23:34 = -24.93%, 振幅=41.97%
2026-02-28 08:16:56 +00:00: ⚠️  A点被推翻，发现更高点: 2026-02-28 07:28:37 = -24.58%
2026-02-28 08:16:56 +00:00: 🔍 新的A点候选: 2026-02-28 07:28:37 = -24.58%, 振幅=42.32%
2026-02-28 08:16:56 +00:00: ⚠️  A点被推翻，发现更高点: 2026-02-28 07:29:50 = -23.28%
2026-02-28 08:16:56 +00:00: 🔍 新的A点候选: 2026-02-28 07:29:50 = -23.28%, 振幅=43.62%
2026-02-28 08:16:56 +00:00: ⚠️  A点被推翻，发现更高点: 2026-02-28 07:34:53 = -22.45%
2026-02-28 08:16:56 +00:00: 🔍 新的A点候选: 2026-02-28 07:34:53 = -22.45%, 振幅=44.45%
2026-02-28 08:16:56 +00:00: ⚠️  A点被推翻，发现更高点: 2026-02-28 07:36:06 = -21.79%
2026-02-28 08:16:56 +00:00: 🔍 新的A点候选: 2026-02-28 07:36:06 = -21.79%, 振幅=45.11%
2026-02-28 08:16:56 +00:00: ⚠️  A点被推翻，发现更高点: 2026-02-28 07:52:27 = -20.42%
2026-02-28 08:16:56 +00:00: 🔍 新的A点候选: 2026-02-28 07:52:27 = -20.42%, 振幅=46.48%
2026-02-28 08:16:56 +00:00: ⚠️  A点被推翻，发现更高点: 2026-02-28 08:11:27 = -19.62%
2026-02-28 08:16:56 +00:00: 🔍 新的A点候选: 2026-02-28 08:11:27 = -19.62%, 振幅=47.28%
2026-02-28 08:16:56 +00:00: ⚠️  A点被推翻，发现更高点: 2026-02-28 08:14:05 = -18.62%
2026-02-28 08:16:56 +00:00: 🔍 新的A点候选: 2026-02-28 08:14:05 = -18.62%, 振幅=48.28%
2026-02-28 08:16:56 +00:00: ⚠️  A点被推翻，发现更高点: 2026-02-28 08:15:18 = -17.54%
2026-02-28 08:16:56 +00:00: 🔍 新的A点候选: 2026-02-28 08:15:18 = -17.54%, 振幅=49.36%
2026-02-28 08:16:56 +00:00: ✅ A点确认: 2026-02-28 08:15:18 = -17.54%, 振幅=49.36%
2026-02-28 08:16:56 +00:00: ⚠️  在寻找C点期间，发现更高点！A点更新
2026-02-28 08:16:56 +00:00:    旧A点: 2026-02-28 08:15:18 = -17.54%
2026-02-28 08:16:56 +00:00:    新A点: 2026-02-28 08:44:22 = -15.68%
2026-02-28 08:16:56 +00:00:    新振幅: 51.22%
2026-02-28 08:16:56 +00:00: ⚠️  在寻找C点期间，发现更高点！A点更新
2026-02-28 08:16:56 +00:00:    旧A点: 2026-02-28 08:44:22 = -15.68%
2026-02-28 08:16:56 +00:00:    新A点: 2026-02-28 08:56:53 = -13.96%
2026-02-28 08:16:56 +00:00:    新振幅: 52.94%
2026-02-28 08:16:56 +00:00: ⚠️  在寻找C点期间，发现更高点！A点更新
2026-02-28 08:16:56 +00:00:    旧A点: 2026-02-28 08:56:53 = -13.96%
2026-02-28 08:16:56 +00:00:    新A点: 2026-02-28 08:58:05 = -12.66%
2026-02-28 08:16:56 +00:00:    新振幅: 54.24%
2026-02-28 08:16:56 +00:00: ⚠️  在寻找C点期间，发现更高点！A点更新
2026-02-28 08:16:56 +00:00:    旧A点: 2026-02-28 08:58:05 = -12.66%
2026-02-28 08:16:56 +00:00:    新A点: 2026-02-28 09:04:33 = -11.20%
2026-02-28 08:16:56 +00:00:    新振幅: 55.70%
2026-02-28 08:16:56 +00:00: ✅ 完整波峰记录: B(-66.90%) → A(-11.20%) → C(-47.73%)
2026-02-28 08:16:56 +00:00:    振幅=55.70%, 回调=36.53% (65.6%)
2026-02-28 08:16:56 +00:00: ♻️  C点将作为下一个波峰的B点候选
2026-02-28 08:16:56 +00:00: 📍 使用继承的B点: 2026-02-28 12:31:42 = -47.73%
2026-02-28 08:16:56 +00:00: ✅ B点确认: 2026-02-28 12:31:42 = -47.73%
2026-02-28 08:16:56 +00:00: ⚠️  在寻找A点期间，发现比B点更低的点: 2026-02-28 13:33:18 = -48.55%
2026-02-28 08:16:56 +00:00:    放弃当前B点，重新开始寻找B点
2026-02-28 08:16:56 +00:00: 🔍 发现B点候选: 2026-02-28 13:33:18 = -48.55%
2026-02-28 08:16:56 +00:00: ⚠️  B点被推翻，发现更低点: 2026-02-28 13:35:43 = -50.81%
2026-02-28 08:16:56 +00:00: 🔍 新的B点候选: 2026-02-28 13:35:43 = -50.81%
2026-02-28 08:16:56 +00:00: ⚠️  B点被推翻，发现更低点: 2026-02-28 13:37:08 = -51.86%
2026-02-28 08:16:56 +00:00: 🔍 新的B点候选: 2026-02-28 13:37:08 = -51.86%
2026-02-28 08:16:56 +00:00: ✅ B点确认: 2026-02-28 13:37:08 = -51.86%
2026-02-28 08:16:56 +00:00: ⚠️  在寻找A点期间，发现比B点更低的点: 2026-02-28 14:07:18 = -52.32%
2026-02-28 08:16:56 +00:00:    放弃当前B点，重新开始寻找B点
2026-02-28 08:16:56 +00:00: 🔍 发现B点候选: 2026-02-28 14:07:18 = -52.32%
2026-02-28 08:16:56 +00:00: ⚠️  B点被推翻，发现更低点: 2026-02-28 14:14:44 = -54.87%
2026-02-28 08:16:56 +00:00: 🔍 新的B点候选: 2026-02-28 14:14:44 = -54.87%
2026-02-28 08:16:56 +00:00: ⚠️  B点被推翻，发现更低点: 2026-02-28 14:15:57 = -59.98%
2026-02-28 08:16:56 +00:00: 🔍 新的B点候选: 2026-02-28 14:15:57 = -59.98%
2026-02-28 08:16:56 +00:00: ⚠️  B点被推翻，发现更低点: 2026-02-28 14:17:21 = -70.51%
2026-02-28 08:16:56 +00:00: 🔍 新的B点候选: 2026-02-28 14:17:21 = -70.51%
2026-02-28 08:16:56 +00:00: ⚠️  B点被推翻，发现更低点: 2026-02-28 14:18:34 = -101.85%
2026-02-28 08:16:56 +00:00: 🔍 新的B点候选: 2026-02-28 14:18:34 = -101.85%
2026-02-28 08:16:56 +00:00: ⚠️  B点被推翻，发现更低点: 2026-02-28 14:32:28 = -108.18%
2026-02-28 08:16:56 +00:00: 🔍 新的B点候选: 2026-02-28 14:32:28 = -108.18%
2026-02-28 08:16:56 +00:00: ⚠️  B点被推翻，发现更低点: 2026-02-28 14:33:40 = -116.01%
2026-02-28 08:16:56 +00:00: 🔍 新的B点候选: 2026-02-28 14:33:40 = -116.01%
2026-02-28 08:16:56 +00:00: ⚠️  B点被推翻，发现更低点: 2026-02-28 14:36:05 = -119.05%
2026-02-28 08:16:56 +00:00: 🔍 新的B点候选: 2026-02-28 14:36:05 = -119.05%
2026-02-28 08:16:56 +00:00: ⚠️  B点被推翻，发现更低点: 2026-02-28 14:37:30 = -129.96%
2026-02-28 08:16:56 +00:00: 🔍 新的B点候选: 2026-02-28 14:37:30 = -129.96%
2026-02-28 08:16:56 +00:00: ⚠️  B点被推翻，发现更低点: 2026-02-28 14:38:42 = -131.54%
2026-02-28 08:16:56 +00:00: 🔍 新的B点候选: 2026-02-28 14:38:42 = -131.54%
2026-02-28 08:16:56 +00:00: ⚠️  B点被推翻，发现更低点: 2026-02-28 14:49:58 = -137.55%
2026-02-28 08:16:56 +00:00: 🔍 新的B点候选: 2026-02-28 14:49:58 = -137.55%
2026-02-28 08:16:56 +00:00: ⚠️  B点被推翻，发现更低点: 2026-02-28 14:51:10 = -146.00%
2026-02-28 08:16:56 +00:00: 🔍 新的B点候选: 2026-02-28 14:51:10 = -146.00%
2026-02-28 08:16:56 +00:00: ⚠️  B点被推翻，发现更低点: 2026-02-28 14:55:00 = -150.74%
2026-02-28 08:16:56 +00:00: 🔍 新的B点候选: 2026-02-28 14:55:00 = -150.74%
2026-02-28 08:16:56 +00:00: ⚠️  B点被推翻，发现更低点: 2026-02-28 14:56:12 = -157.41%
2026-02-28 08:16:56 +00:00: 🔍 新的B点候选: 2026-02-28 14:56:12 = -157.41%
2026-02-28 08:16:56 +00:00: ⚠️  B点被推翻，发现更低点: 2026-02-28 15:00:02 = -159.77%
2026-02-28 08:16:56 +00:00: 🔍 新的B点候选: 2026-02-28 15:00:02 = -159.77%
2026-02-28 08:16:56 +00:00: ✅ B点确认: 2026-02-28 15:00:02 = -159.77%
2026-02-28 08:17:01 +00:00: ⚠️  支撑压力系统 v2.0 API加载失败: No module named 'core'
2026-02-28 08:17:01 +00:00: ✅ 价格位置预警系统 v2.0 API已加载(JSONL版本)
2026-02-28 08:17:01 +00:00: ⚠️  逃顶信号系统 v2.0 API加载失败: No module named 'core'
2026-02-28 08:17:01 +00:00: [Panic Paged V2] API路由已注册
2026-02-28 08:17:01 +00:00:  * Serving Flask app 'app'
2026-02-28 08:17:01 +00:00:  * Debug mode: off
2026-02-28 08:17:21 +00:00: ✅ 凌晨2点后，优先使用正式数据 (当前时间: 16:17:21)
