[2026-02-28 15:56:46] ============================================================
[2026-02-28 15:56:46] 🚀 启动1小时爆仓金额超级预警监控
[2026-02-28 15:56:46] ⏱️  检查间隔: 30分钟
[2026-02-28 15:56:46] 🎯 告警阈值: 1.5亿
[2026-02-28 15:56:46] 📢 通知次数: 3次/告警
[2026-02-28 15:56:46] ============================================================
[2026-02-28 15:56:46] ============================================================
[2026-02-28 15:56:46] 🔍 开始检查1小时爆仓金额...
[2026-02-28 15:56:46] ❌ 获取爆仓数据失败: No module named 'panic_daily_manager'
[2026-02-28 15:56:46] ❌ 无法获取数据，跳过本次检查
[2026-02-28 15:56:46] 😴 等待30分钟后再次检查...
[2026-02-28 16:26:46] ============================================================
[2026-02-28 16:26:46] 🔍 开始检查1小时爆仓金额...
[2026-02-28 16:26:46] ❌ 获取爆仓数据失败: No module named 'panic_daily_manager'
[2026-02-28 16:26:46] ❌ 无法获取数据，跳过本次检查
[2026-02-28 16:26:46] 😴 等待30分钟后再次检查...
[2026-02-28 16:56:46] ============================================================
[2026-02-28 16:56:46] 🔍 开始检查1小时爆仓金额...
[2026-02-28 16:56:46] ❌ 获取爆仓数据失败: No module named 'panic_daily_manager'
[2026-02-28 16:56:46] ❌ 无法获取数据，跳过本次检查
[2026-02-28 16:56:46] 😴 等待30分钟后再次检查...
[2026-02-28 17:26:46] ============================================================
[2026-02-28 17:26:46] 🔍 开始检查1小时爆仓金额...
[2026-02-28 17:26:46] ❌ 获取爆仓数据失败: No module named 'panic_daily_manager'
[2026-02-28 17:26:46] ❌ 无法获取数据，跳过本次检查
[2026-02-28 17:26:46] 😴 等待30分钟后再次检查...
[2026-02-28 17:56:46] ============================================================
[2026-02-28 17:56:46] 🔍 开始检查1小时爆仓金额...
[2026-02-28 17:56:46] ❌ 获取爆仓数据失败: No module named 'panic_daily_manager'
[2026-02-28 17:56:46] ❌ 无法获取数据，跳过本次检查
[2026-02-28 17:56:46] 😴 等待30分钟后再次检查...
[2026-02-28 18:26:46] ============================================================
[2026-02-28 18:26:46] 🔍 开始检查1小时爆仓金额...
[2026-02-28 18:26:46] ❌ 获取爆仓数据失败: No module named 'panic_daily_manager'
[2026-02-28 18:26:46] ❌ 无法获取数据，跳过本次检查
[2026-02-28 18:26:46] 😴 等待30分钟后再次检查...
[2026-02-28 18:56:46] ============================================================
[2026-02-28 18:56:46] 🔍 开始检查1小时爆仓金额...
[2026-02-28 18:56:46] ❌ 获取爆仓数据失败: No module named 'panic_daily_manager'
[2026-02-28 18:56:46] ❌ 无法获取数据，跳过本次检查
[2026-02-28 18:56:46] 😴 等待30分钟后再次检查...
[2026-02-28 19:26:46] ============================================================
[2026-02-28 19:26:46] 🔍 开始检查1小时爆仓金额...
[2026-02-28 19:26:46] ❌ 获取爆仓数据失败: No module named 'panic_daily_manager'
[2026-02-28 19:26:46] ❌ 无法获取数据，跳过本次检查
[2026-02-28 19:26:46] 😴 等待30分钟后再次检查...
[2026-02-28 19:57:02] ============================================================
[2026-02-28 19:57:02] 🔍 开始检查1小时爆仓金额...
[2026-02-28 19:57:02] ❌ 获取爆仓数据失败: No module named 'panic_daily_manager'
[2026-02-28 19:57:02] ❌ 无法获取数据，跳过本次检查
[2026-02-28 19:57:02] 😴 等待30分钟后再次检查...
[2026-02-28 20:27:08] ============================================================
[2026-02-28 20:27:08] 🔍 开始检查1小时爆仓金额...
[2026-02-28 20:27:08] ❌ 获取爆仓数据失败: No module named 'panic_daily_manager'
[2026-02-28 20:27:08] ❌ 无法获取数据，跳过本次检查
[2026-02-28 20:27:08] 😴 等待30分钟后再次检查...
[2026-02-28 20:57:08] ============================================================
[2026-02-28 20:57:08] 🔍 开始检查1小时爆仓金额...
[2026-02-28 20:57:08] ❌ 获取爆仓数据失败: No module named 'panic_daily_manager'
[2026-02-28 20:57:08] ❌ 无法获取数据，跳过本次检查
[2026-02-28 20:57:08] 😴 等待30分钟后再次检查...
[2026-02-28 21:27:08] ============================================================
[2026-02-28 21:27:08] 🔍 开始检查1小时爆仓金额...
[2026-02-28 21:27:08] ❌ 获取爆仓数据失败: No module named 'panic_daily_manager'
[2026-02-28 21:27:08] ❌ 无法获取数据，跳过本次检查
[2026-02-28 21:27:08] 😴 等待30分钟后再次检查...
[2026-02-28 21:57:08] ============================================================
[2026-02-28 21:57:08] 🔍 开始检查1小时爆仓金额...
[2026-02-28 21:57:08] ❌ 获取爆仓数据失败: No module named 'panic_daily_manager'
[2026-02-28 21:57:08] ❌ 无法获取数据，跳过本次检查
[2026-02-28 21:57:08] 😴 等待30分钟后再次检查...
[2026-02-28 22:27:08] ============================================================
[2026-02-28 22:27:08] 🔍 开始检查1小时爆仓金额...
[2026-02-28 22:27:08] ❌ 获取爆仓数据失败: No module named 'panic_daily_manager'
[2026-02-28 22:27:08] ❌ 无法获取数据，跳过本次检查
[2026-02-28 22:27:08] 😴 等待30分钟后再次检查...
[2026-02-28 22:57:08] ============================================================
[2026-02-28 22:57:08] 🔍 开始检查1小时爆仓金额...
[2026-02-28 22:57:08] ❌ 获取爆仓数据失败: No module named 'panic_daily_manager'
[2026-02-28 22:57:08] ❌ 无法获取数据，跳过本次检查
[2026-02-28 22:57:08] 😴 等待30分钟后再次检查...
