
🚀 市场情绪偏向采集器启动
📁 数据目录: /home/user/webapp/data/market_sentiment
⏰ 采集间隔: 15分钟
📊 数据源: coin_change + rsi


============================================================
开始采集 - 2026-02-28 15:56:46
============================================================

============================================================
市场情绪偏向分析 - 2026-02-28 15:56:46
============================================================

📊 27币累计涨跌幅:
  上次:  -143.81%
  本次:  -137.63%
  变化:     6.18% ( +4.30%)

📈 RSI总和 (27币):
  上次:   760.81
  本次:   787.91
  变化:    27.10 ( +3.56%)

🐂 市场情绪: 偏多
📝 判断依据: 上涨中RSI涨幅(3.56%) < 币价涨幅(4.30%)，理性上涨★
============================================================

✅ 数据已保存: /home/user/webapp/data/market_sentiment/market_sentiment_20260228.jsonl
⏳ 下次采集时间: 16:00:00
💤 等待 193 秒...


============================================================
开始采集 - 2026-02-28 16:00:00
============================================================

============================================================
市场情绪偏向分析 - 2026-02-28 16:00:00
============================================================

📊 27币累计涨跌幅:
  上次:  -143.81%
  本次:  -137.63%
  变化:     6.18% ( +4.30%)

📈 RSI总和 (27币):
  上次:   760.81
  本次:   787.91
  变化:    27.10 ( +3.56%)

🐂 市场情绪: 偏多
📝 判断依据: 上涨中RSI涨幅(3.56%) < 币价涨幅(4.30%)，理性上涨★
============================================================

✅ 数据已保存: /home/user/webapp/data/market_sentiment/market_sentiment_20260228.jsonl
⏳ 下次采集时间: 16:15:00
💤 等待 899 秒...


============================================================
开始采集 - 2026-02-28 16:15:00
============================================================

============================================================
市场情绪偏向分析 - 2026-02-28 16:15:00
============================================================

📊 27币累计涨跌幅:
  上次:  -143.81%
  本次:  -137.63%
  变化:     6.18% ( +4.30%)

📈 RSI总和 (27币):
  上次:   760.81
  本次:   787.91
  变化:    27.10 ( +3.56%)

🐂 市场情绪: 偏多
📝 判断依据: 上涨中RSI涨幅(3.56%) < 币价涨幅(4.30%)，理性上涨★
============================================================

✅ 数据已保存: /home/user/webapp/data/market_sentiment/market_sentiment_20260228.jsonl
⏳ 下次采集时间: 16:30:00
💤 等待 899 秒...

