2026-02-28 12:48:12 +00:00: ================================================================================
2026-02-28 12:48:12 +00:00: 🚀 创新高创新低统计采集器 v2.0 启动
2026-02-28 12:48:12 +00:00: ================================================================================
2026-02-28 12:48:12 +00:00: 📂 源数据目录: /home/user/webapp/data/price_position
2026-02-28 12:48:12 +00:00: 📂 输出数据目录: /home/user/webapp/data/new_high_low
2026-02-28 12:48:12 +00:00: 📄 状态文件: /home/user/webapp/data/new_high_low/coin_highs_lows_state.json
2026-02-28 12:48:12 +00:00: ⏱️  采集间隔: 180 秒 (3 分钟)
2026-02-28 12:48:12 +00:00: ================================================================================
2026-02-28 12:48:12 +00:00: 📊 已加载 28 个币种的历史状态
2026-02-28 12:48:12 +00:00: 
2026-02-28 12:48:12 +00:00: ================================================================================
2026-02-28 12:48:12 +00:00: 📊 币种最高/最低价状态摘要 (共28个币种)
2026-02-28 12:48:12 +00:00: ================================================================================
2026-02-28 12:48:12 +00:00: 
2026-02-28 12:48:12 +00:00: 🔥 最高价TOP5:
2026-02-28 12:48:12 +00:00:    BTC   : $  69139.30  (2026-02-17 10:12:57)
2026-02-28 12:48:12 +00:00:    ETH   : $   2006.19  (2026-02-17 10:12:57)
2026-02-28 12:48:12 +00:00:    BNB   : $    631.20  (2026-02-21 19:21:18)
2026-02-28 12:48:12 +00:00:    BCH   : $    583.60  (2026-02-22 15:31:52)
2026-02-28 12:48:12 +00:00:    TAO   : $    202.40  (2026-02-17 06:41:09)
2026-02-28 12:48:12 +00:00: 
2026-02-28 12:48:12 +00:00: ❄️  最低价TOP5:
2026-02-28 12:48:12 +00:00:    CRO   : $      0.07  (2026-02-23 09:53:37)
2026-02-28 12:48:12 +00:00:    DOGE  : $      0.09  (2026-02-23 09:22:49)
2026-02-28 12:48:12 +00:00:    HBAR  : $      0.09  (2026-02-23 10:00:28)
2026-02-28 12:48:12 +00:00:    XLM   : $      0.15  (2026-02-23 09:29:39)
2026-02-28 12:48:12 +00:00:    CRV   : $      0.22  (2026-02-23 09:26:14)
2026-02-28 12:48:12 +00:00: ================================================================================
2026-02-28 12:48:12 +00:00: 
2026-02-28 12:48:12 +00:00: 
2026-02-28 12:48:12 +00:00: ================================================================================
2026-02-28 12:48:12 +00:00: 🔄 第 1 次采集 - 2026-02-28 20:48:12
2026-02-28 12:48:12 +00:00: ================================================================================
2026-02-28 12:48:12 +00:00: 📊 处理快照: 2026-02-28 20:47:43
2026-02-28 12:48:12 +00:00: ❄️  BTC 创新低: 63916.5 (前低: 64313.6)
2026-02-28 12:48:12 +00:00: ❄️  XRP 创新低: 1.2963 (前低: 1.3328)
2026-02-28 12:48:12 +00:00: ❄️  DOGE 创新低: 0.08869 (前低: 0.09165)
2026-02-28 12:48:12 +00:00: ❄️  TRX 创新低: 0.27915 (前低: 0.28011)
2026-02-28 12:48:12 +00:00: 🔥 DOT 创新高: 1.482 (前高: 1.395)
2026-02-28 12:48:12 +00:00: ❄️  BCH 创新低: 445.2 (前低: 538.6)
2026-02-28 12:48:12 +00:00: ❄️  AAVE 创新低: 106.27 (前低: 111.3)
2026-02-28 12:48:12 +00:00: ❄️  LDO 创新低: 0.2811 (前低: 0.2912)
2026-02-28 12:48:12 +00:00: ❄️  OKB 创新低: 73.71 (前低: 74.52)
2026-02-28 12:48:12 +00:00: ❄️  CRO 创新低: 0.07275 (前低: 0.07299)
2026-02-28 12:48:12 +00:00: ❄️  TON 创新低: 1.234 (前低: 1.305)
2026-02-28 12:48:12 +00:00: ❄️  SUI 创新低: 0.8341 (前低: 0.8621)
2026-02-28 12:48:12 +00:00: ❄️  XLM 创新低: 0.14902 (前低: 0.14928)
2026-02-28 12:48:12 +00:00: ✅ 检测到 13 个新事件
2026-02-28 12:48:12 +00:00: ✅ 状态文件已保存: /home/user/webapp/data/new_high_low/coin_highs_lows_state.json
2026-02-28 12:48:12 +00:00: 
2026-02-28 12:48:12 +00:00: 📊 本次统计:
2026-02-28 12:48:12 +00:00:    新增事件: 13 个
2026-02-28 12:48:12 +00:00:    追踪币种: 28 个
2026-02-28 12:48:12 +00:00: 
2026-02-28 12:48:12 +00:00: ⏳ 等待 180 秒后进行下一次采集...
