✅ Telegram已配置: Bot Token = 8437045462..., Chat ID = -1003227444260
============================================================
OKX 止盈止损自动监控服务启动
时间: 2026-02-28 07:56:46
============================================================
✓ 发现账户数: 7
  账户列表: account_main, account_poit, account_fangfang12, account_poit_main, account_poit_main_top, account_main_top, account_fangfang12_top


============================================================
第 1 次检查 - 2026-02-28 07:56:46
============================================================

[account_main] ℹ️  当前无持仓
[account_poit] ⚠️  获取持仓失败: Request header OK-ACCESS-KEY can not be empty.
[account_poit] ℹ️  当前无持仓
[account_fangfang12] ℹ️  当前无持仓
[account_poit_main] ℹ️  当前无持仓
[account_poit_main_top] ℹ️  未找到配置文件
[account_main_top] ℹ️  未找到配置文件
[account_fangfang12_top] ℹ️  未找到配置文件

============================================================
等待 60 秒后继续...
============================================================

============================================================
第 2 次检查 - 2026-02-28 07:57:47
============================================================

[account_main] ℹ️  当前无持仓
[account_poit] ⚠️  获取持仓失败: Request header OK-ACCESS-KEY can not be empty.
[account_poit] ℹ️  当前无持仓
[account_fangfang12] ℹ️  当前无持仓
[account_poit_main] ℹ️  当前无持仓
[account_poit_main_top] ℹ️  未找到配置文件
[account_main_top] ℹ️  未找到配置文件
[account_fangfang12_top] ℹ️  未找到配置文件

============================================================
等待 60 秒后继续...
============================================================
