============================================================
OKX交易历史采集器启动
数据目录: /home/user/webapp/data/okx_trading_history
采集间隔: 300秒
============================================================

[2026-02-28 15:56:46] 开始采集交易历史...
[SWAP] 获取到 100 笔成交
[错误] OKX API返回: {'code': '0', 'data': [], 'msg': ''}
[SPOT] 获取到 0 笔成交
[完成] 共保存 0 笔新交易
[等待] 下次采集: 300秒后

[2026-02-28 16:01:46] 开始采集交易历史...
[SWAP] 获取到 100 笔成交
[错误] OKX API返回: {'code': '0', 'data': [], 'msg': ''}
[SPOT] 获取到 0 笔成交
[完成] 共保存 0 笔新交易
[等待] 下次采集: 300秒后

[2026-02-28 16:06:47] 开始采集交易历史...
[SWAP] 获取到 100 笔成交
[错误] OKX API返回: {'code': '0', 'data': [], 'msg': ''}
[SPOT] 获取到 0 笔成交
[完成] 共保存 0 笔新交易
[等待] 下次采集: 300秒后

[2026-02-28 16:11:48] 开始采集交易历史...
[SWAP] 获取到 100 笔成交
[错误] OKX API返回: {'code': '0', 'data': [], 'msg': ''}
[SPOT] 获取到 0 笔成交
[完成] 共保存 0 笔新交易
[等待] 下次采集: 300秒后

[2026-02-28 16:16:49] 开始采集交易历史...
[SWAP] 获取到 100 笔成交
[错误] OKX API返回: {'code': '0', 'data': [], 'msg': ''}
[SPOT] 获取到 0 笔成交
[完成] 共保存 0 笔新交易
[等待] 下次采集: 300秒后

