============================================================
恐慌洗盘指数采集器启动
数据来源: https://history.btc126.com/baocang/
============================================================

[2026-02-28 15:56:46] 开始采集恐慌指数...
[价格] BTC: 63920.0 (-5.58%)
[价格] ETH: 1868.65 (-7.99%)
[价格] BNB: 598.0 (-4.64%)
[价格] XRP: 1.3061 (-7.78%)
[价格] SOL: 78.85 (-9.73%)
[BTC126] 1h爆仓: 3546.99万$
[BTC126] 24h爆仓: 28961.88万$
[BTC126] 24h爆仓人数: 10.19万人
[BTC126] 全网持仓: 52.89亿$
[计算] 恐惧贪婪指数 = 10.19万人 / 52.89亿$ = 0.19
[保存] 恐惧贪婪指数: 0.19 (级别: high)
[爆仓] 1h: 3546.99万$ | 24h: 28961.88万$
[数据] 24h爆仓人数: 10.19万人 | 全网持仓: 52.89亿$
[公式] 恐惧贪婪指数 = 10.19万人 / 52.89亿$ = 0.19
[来源] btc126.com 真实数据
[等待] 下次采集: 3分钟后

[2026-02-28 15:59:53] 开始采集恐慌指数...
[价格] BTC: 63836.8 (-5.68%)
[价格] ETH: 1866.74 (-8.16%)
[价格] BNB: 597.3 (-4.78%)
[价格] XRP: 1.3031 (-8.04%)
[价格] SOL: 78.73 (-9.83%)
[BTC126] 1h爆仓: 2017.34万$
[BTC126] 24h爆仓: 28971.92万$
[BTC126] 24h爆仓人数: 10.19万人
[BTC126] 全网持仓: 52.84亿$
[计算] 恐惧贪婪指数 = 10.19万人 / 52.84亿$ = 0.19
[保存] 恐惧贪婪指数: 0.19 (级别: high)
[爆仓] 1h: 2017.34万$ | 24h: 28971.92万$
[数据] 24h爆仓人数: 10.19万人 | 全网持仓: 52.84亿$
[公式] 恐惧贪婪指数 = 10.19万人 / 52.84亿$ = 0.19
[来源] btc126.com 真实数据
[等待] 下次采集: 3分钟后

[2026-02-28 16:02:57] 开始采集恐慌指数...
[价格] BTC: 63698.5 (-5.92%)
[价格] ETH: 1860.84 (-8.48%)
[价格] BNB: 595.7 (-5.07%)
[价格] XRP: 1.3006 (-8.31%)
[价格] SOL: 78.44 (-10.31%)
[BTC126] 1h爆仓: 2010.96万$
[BTC126] 24h爆仓: 28970.86万$
[BTC126] 24h爆仓人数: 10.18万人
[BTC126] 全网持仓: 52.69亿$
[计算] 恐惧贪婪指数 = 10.18万人 / 52.69亿$ = 0.19
[保存] 恐惧贪婪指数: 0.19 (级别: high)
[爆仓] 1h: 2010.96万$ | 24h: 28970.86万$
[数据] 24h爆仓人数: 10.18万人 | 全网持仓: 52.69亿$
[公式] 恐惧贪婪指数 = 10.18万人 / 52.69亿$ = 0.19
[来源] btc126.com 真实数据
[等待] 下次采集: 3分钟后

[2026-02-28 16:06:06] 开始采集恐慌指数...
[价格] BTC: 63763.0 (-6.02%)
[价格] ETH: 1865.61 (-8.44%)
[价格] BNB: 595.8 (-5.2%)
[价格] XRP: 1.301 (-8.44%)
[价格] SOL: 78.65 (-10.22%)
[BTC126] 1h爆仓: 1818.86万$
[BTC126] 24h爆仓: 29076.02万$
[BTC126] 24h爆仓人数: 10.2万人
[BTC126] 全网持仓: 52.74亿$
[计算] 恐惧贪婪指数 = 10.2万人 / 52.74亿$ = 0.19
[保存] 恐惧贪婪指数: 0.19 (级别: high)
[爆仓] 1h: 1818.86万$ | 24h: 29076.02万$
[数据] 24h爆仓人数: 10.2万人 | 全网持仓: 52.74亿$
[公式] 恐惧贪婪指数 = 10.2万人 / 52.74亿$ = 0.19
[来源] btc126.com 真实数据
[等待] 下次采集: 3分钟后

[2026-02-28 16:09:12] 开始采集恐慌指数...
[价格] BTC: 63615.5 (-6.44%)
[价格] ETH: 1858.85 (-8.94%)
[价格] BNB: 594.5 (-5.48%)
[价格] XRP: 1.2972 (-8.77%)
[价格] SOL: 78.4 (-10.69%)
[BTC126] 1h爆仓: 1718.33万$
[BTC126] 24h爆仓: 29067.3万$
[BTC126] 24h爆仓人数: 10.2万人
[BTC126] 全网持仓: 52.64亿$
[计算] 恐惧贪婪指数 = 10.2万人 / 52.64亿$ = 0.19
[保存] 恐惧贪婪指数: 0.19 (级别: high)
[爆仓] 1h: 1718.33万$ | 24h: 29067.3万$
[数据] 24h爆仓人数: 10.2万人 | 全网持仓: 52.64亿$
[公式] 恐惧贪婪指数 = 10.2万人 / 52.64亿$ = 0.19
[来源] btc126.com 真实数据
[等待] 下次采集: 3分钟后

[2026-02-28 16:12:18] 开始采集恐慌指数...
[价格] BTC: 63730.1 (-6.28%)
[价格] ETH: 1861.33 (-8.9%)
[价格] BNB: 594.9 (-5.41%)
[价格] XRP: 1.3008 (-8.47%)
[价格] SOL: 78.58 (-10.5%)
[BTC126] 1h爆仓: 1786.04万$
[BTC126] 24h爆仓: 28984.3万$
[BTC126] 24h爆仓人数: 10.19万人
[BTC126] 全网持仓: 52.73亿$
[计算] 恐惧贪婪指数 = 10.19万人 / 52.73亿$ = 0.19
[保存] 恐惧贪婪指数: 0.19 (级别: high)
[爆仓] 1h: 1786.04万$ | 24h: 28984.3万$
[数据] 24h爆仓人数: 10.19万人 | 全网持仓: 52.73亿$
[公式] 恐惧贪婪指数 = 10.19万人 / 52.73亿$ = 0.19
[来源] btc126.com 真实数据
[等待] 下次采集: 3分钟后

[2026-02-28 16:15:24] 开始采集恐慌指数...
[价格] BTC: 63660.5 (-6.22%)
[价格] ETH: 1858.05 (-8.83%)
[价格] BNB: 593.0 (-5.56%)
[价格] XRP: 1.2948 (-8.78%)
[价格] SOL: 78.36 (-10.63%)
[BTC126] 1h爆仓: 1773.05万$
[BTC126] 24h爆仓: 28994.63万$
[BTC126] 24h爆仓人数: 10.2万人
[BTC126] 全网持仓: 52.68亿$
[计算] 恐惧贪婪指数 = 10.2万人 / 52.68亿$ = 0.19
[保存] 恐惧贪婪指数: 0.19 (级别: high)
[爆仓] 1h: 1773.05万$ | 24h: 28994.63万$
[数据] 24h爆仓人数: 10.2万人 | 全网持仓: 52.68亿$
[公式] 恐惧贪婪指数 = 10.2万人 / 52.68亿$ = 0.19
[来源] btc126.com 真实数据
[等待] 下次采集: 3分钟后

[2026-02-28 16:18:30] 开始采集恐慌指数...
[价格] BTC: 63758.9 (-6.18%)
[价格] ETH: 1862.95 (-8.64%)
[价格] BNB: 594.4 (-5.38%)
[价格] XRP: 1.2985 (-8.52%)
[价格] SOL: 78.49 (-10.56%)
[BTC126] 1h爆仓: 1631.93万$
[BTC126] 24h爆仓: 28992.66万$
[BTC126] 24h爆仓人数: 10.2万人
[BTC126] 全网持仓: 52.79亿$
[计算] 恐惧贪婪指数 = 10.2万人 / 52.79亿$ = 0.19
[保存] 恐惧贪婪指数: 0.19 (级别: high)
[爆仓] 1h: 1631.93万$ | 24h: 28992.66万$
[数据] 24h爆仓人数: 10.2万人 | 全网持仓: 52.79亿$
[公式] 恐惧贪婪指数 = 10.2万人 / 52.79亿$ = 0.19
[来源] btc126.com 真实数据
[等待] 下次采集: 3分钟后

[2026-02-28 16:21:35] 开始采集恐慌指数...
[价格] BTC: 63571.4 (-6.4%)
[价格] ETH: 1855.36 (-8.96%)
[价格] BNB: 592.5 (-5.62%)
[价格] XRP: 1.293 (-8.88%)
[价格] SOL: 78.19 (-10.86%)
[BTC126] 1h爆仓: 1702.88万$
[BTC126] 24h爆仓: 29009.29万$
[BTC126] 24h爆仓人数: 10.2万人
[BTC126] 全网持仓: 52.63亿$
[计算] 恐惧贪婪指数 = 10.2万人 / 52.63亿$ = 0.19
[保存] 恐惧贪婪指数: 0.19 (级别: high)
[爆仓] 1h: 1702.88万$ | 24h: 29009.29万$
[数据] 24h爆仓人数: 10.2万人 | 全网持仓: 52.63亿$
[公式] 恐惧贪婪指数 = 10.2万人 / 52.63亿$ = 0.19
[来源] btc126.com 真实数据
[等待] 下次采集: 3分钟后

[2026-02-28 16:24:44] 开始采集恐慌指数...
[价格] BTC: 63604.0 (-6.36%)
[价格] ETH: 1857.65 (-8.83%)
[价格] BNB: 593.6 (-5.39%)
[价格] XRP: 1.2937 (-8.8%)
[价格] SOL: 78.33 (-10.68%)
[BTC126] 1h爆仓: 1896.97万$
[BTC126] 24h爆仓: 29282.52万$
[BTC126] 24h爆仓人数: 10.25万人
[BTC126] 全网持仓: 52.68亿$
[计算] 恐惧贪婪指数 = 10.25万人 / 52.68亿$ = 0.19
[保存] 恐惧贪婪指数: 0.19 (级别: high)
[爆仓] 1h: 1896.97万$ | 24h: 29282.52万$
[数据] 24h爆仓人数: 10.25万人 | 全网持仓: 52.68亿$
[公式] 恐惧贪婪指数 = 10.25万人 / 52.68亿$ = 0.19
[来源] btc126.com 真实数据
[等待] 下次采集: 3分钟后

[2026-02-28 16:27:51] 开始采集恐慌指数...
[价格] BTC: 63662.6 (-6.24%)
[价格] ETH: 1858.8 (-8.68%)
[价格] BNB: 594.1 (-5.22%)
[价格] XRP: 1.2939 (-8.72%)
[价格] SOL: 78.39 (-10.5%)
[BTC126] 1h爆仓: 1836.79万$
[BTC126] 24h爆仓: 29262.16万$
[BTC126] 24h爆仓人数: 10.23万人
[BTC126] 全网持仓: 52.66亿$
[计算] 恐惧贪婪指数 = 10.23万人 / 52.66亿$ = 0.19
[保存] 恐惧贪婪指数: 0.19 (级别: high)
[爆仓] 1h: 1836.79万$ | 24h: 29262.16万$
[数据] 24h爆仓人数: 10.23万人 | 全网持仓: 52.66亿$
[公式] 恐惧贪婪指数 = 10.23万人 / 52.66亿$ = 0.19
[来源] btc126.com 真实数据
[等待] 下次采集: 3分钟后

[2026-02-28 16:31:02] 开始采集恐慌指数...
[价格] BTC: 63659.1 (-6.37%)
[价格] ETH: 1858.45 (-8.87%)
[价格] BNB: 594.0 (-5.46%)
[价格] XRP: 1.2911 (-9.04%)
[价格] SOL: 78.35 (-10.73%)
[BTC126] 1h爆仓: 1835.28万$
[BTC126] 24h爆仓: 29266.95万$
[BTC126] 24h爆仓人数: 10.23万人
[BTC126] 全网持仓: 52.69亿$
[计算] 恐惧贪婪指数 = 10.23万人 / 52.69亿$ = 0.19
[保存] 恐惧贪婪指数: 0.19 (级别: high)
[爆仓] 1h: 1835.28万$ | 24h: 29266.95万$
[数据] 24h爆仓人数: 10.23万人 | 全网持仓: 52.69亿$
[公式] 恐惧贪婪指数 = 10.23万人 / 52.69亿$ = 0.19
[来源] btc126.com 真实数据
[等待] 下次采集: 3分钟后

[2026-02-28 16:34:08] 开始采集恐慌指数...
[价格] BTC: 63545.6 (-6.37%)
[价格] ETH: 1857.7 (-8.7%)
[价格] BNB: 592.5 (-5.55%)
[价格] XRP: 1.2892 (-9.04%)
[价格] SOL: 78.2 (-10.6%)
[BTC126] 1h爆仓: 1876.34万$
[BTC126] 24h爆仓: 29314.25万$
[BTC126] 24h爆仓人数: 10.24万人
[BTC126] 全网持仓: 52.61亿$
[计算] 恐惧贪婪指数 = 10.24万人 / 52.61亿$ = 0.19
[保存] 恐惧贪婪指数: 0.19 (级别: high)
[爆仓] 1h: 1876.34万$ | 24h: 29314.25万$
[数据] 24h爆仓人数: 10.24万人 | 全网持仓: 52.61亿$
[公式] 恐惧贪婪指数 = 10.24万人 / 52.61亿$ = 0.19
[来源] btc126.com 真实数据
[等待] 下次采集: 3分钟后

[2026-02-28 16:37:13] 开始采集恐慌指数...
[价格] BTC: 63626.7 (-6.16%)
[价格] ETH: 1860.35 (-8.41%)
[价格] BNB: 593.0 (-5.44%)
[价格] XRP: 1.2907 (-8.92%)
[价格] SOL: 78.31 (-10.35%)
[BTC126] 1h爆仓: 1634.44万$
[BTC126] 24h爆仓: 29260.72万$
[BTC126] 24h爆仓人数: 10.23万人
[BTC126] 全网持仓: 52.68亿$
[计算] 恐惧贪婪指数 = 10.23万人 / 52.68亿$ = 0.19
[保存] 恐惧贪婪指数: 0.19 (级别: high)
[爆仓] 1h: 1634.44万$ | 24h: 29260.72万$
[数据] 24h爆仓人数: 10.23万人 | 全网持仓: 52.68亿$
[公式] 恐惧贪婪指数 = 10.23万人 / 52.68亿$ = 0.19
[来源] btc126.com 真实数据
[等待] 下次采集: 3分钟后

[2026-02-28 16:40:19] 开始采集恐慌指数...
[价格] BTC: 63684.0 (-6.13%)
[价格] ETH: 1861.21 (-8.46%)
[价格] BNB: 593.3 (-5.42%)
[价格] XRP: 1.293 (-8.89%)
[价格] SOL: 78.38 (-10.36%)
[BTC126] 1h爆仓: 1645.5万$
[BTC126] 24h爆仓: 29241.83万$
[BTC126] 24h爆仓人数: 10.22万人
[BTC126] 全网持仓: 52.72亿$
[计算] 恐惧贪婪指数 = 10.22万人 / 52.72亿$ = 0.19
[保存] 恐惧贪婪指数: 0.19 (级别: high)
[爆仓] 1h: 1645.5万$ | 24h: 29241.83万$
[数据] 24h爆仓人数: 10.22万人 | 全网持仓: 52.72亿$
[公式] 恐惧贪婪指数 = 10.22万人 / 52.72亿$ = 0.19
[来源] btc126.com 真实数据
[等待] 下次采集: 3分钟后

[2026-02-28 16:43:26] 开始采集恐慌指数...
[价格] BTC: 63672.1 (-6.17%)
[价格] ETH: 1860.09 (-8.51%)
[价格] BNB: 592.9 (-5.48%)
[价格] XRP: 1.2913 (-8.97%)
[价格] SOL: 78.24 (-10.59%)
[BTC126] 1h爆仓: 862.69万$
[BTC126] 24h爆仓: 29240.88万$
[BTC126] 24h爆仓人数: 10.23万人
[BTC126] 全网持仓: 52.8亿$
[计算] 恐惧贪婪指数 = 10.23万人 / 52.8亿$ = 0.19
[保存] 恐惧贪婪指数: 0.19 (级别: high)
[爆仓] 1h: 862.69万$ | 24h: 29240.88万$
[数据] 24h爆仓人数: 10.23万人 | 全网持仓: 52.8亿$
[公式] 恐惧贪婪指数 = 10.23万人 / 52.8亿$ = 0.19
[来源] btc126.com 真实数据
[等待] 下次采集: 3分钟后

[2026-02-28 16:46:31] 开始采集恐慌指数...
[价格] BTC: 63654.4 (-6.36%)
[价格] ETH: 1857.31 (-8.69%)
[价格] BNB: 592.6 (-5.65%)
[价格] XRP: 1.2917 (-9.12%)
[价格] SOL: 78.22 (-10.65%)
[BTC126] 1h爆仓: 840.2万$
[BTC126] 24h爆仓: 29253.77万$
[BTC126] 24h爆仓人数: 10.24万人
[BTC126] 全网持仓: 52.85亿$
[计算] 恐惧贪婪指数 = 10.24万人 / 52.85亿$ = 0.19
[保存] 恐惧贪婪指数: 0.19 (级别: high)
[爆仓] 1h: 840.2万$ | 24h: 29253.77万$
[数据] 24h爆仓人数: 10.24万人 | 全网持仓: 52.85亿$
[公式] 恐惧贪婪指数 = 10.24万人 / 52.85亿$ = 0.19
[来源] btc126.com 真实数据
[等待] 下次采集: 3分钟后

[2026-02-28 16:49:36] 开始采集恐慌指数...
[价格] BTC: 63654.5 (-6.38%)
[价格] ETH: 1857.61 (-8.7%)
[价格] BNB: 592.3 (-5.73%)
[价格] XRP: 1.2913 (-9.17%)
[价格] SOL: 78.13 (-10.76%)
[BTC126] 1h爆仓: 836.35万$
[BTC126] 24h爆仓: 29246.33万$
[BTC126] 24h爆仓人数: 10.22万人
[BTC126] 全网持仓: 52.85亿$
[计算] 恐惧贪婪指数 = 10.22万人 / 52.85亿$ = 0.19
[保存] 恐惧贪婪指数: 0.19 (级别: high)
[爆仓] 1h: 836.35万$ | 24h: 29246.33万$
[数据] 24h爆仓人数: 10.22万人 | 全网持仓: 52.85亿$
[公式] 恐惧贪婪指数 = 10.22万人 / 52.85亿$ = 0.19
[来源] btc126.com 真实数据
[等待] 下次采集: 3分钟后

[2026-02-28 16:52:40] 开始采集恐慌指数...
[价格] BTC: 63502.7 (-6.49%)
[价格] ETH: 1851.16 (-8.88%)
[价格] BNB: 591.1 (-5.95%)
[价格] XRP: 1.2868 (-9.44%)
[价格] SOL: 78.01 (-10.88%)
[错误] 获取BTC126爆仓数据失败: HTTPSConnectionPool(host='api.btc126.com', port=443): Read timed out. (read timeout=10)
[BTC126] 全网持仓: 52.73亿$
[警告] 数据获取不完整，跳过本次采集
[等待] 下次采集: 3分钟后

[2026-02-28 16:55:55] 开始采集恐慌指数...
[价格] BTC: 63560.4 (-6.52%)
[价格] ETH: 1854.25 (-8.84%)
[价格] BNB: 591.5 (-5.93%)
[价格] XRP: 1.2865 (-9.57%)
[价格] SOL: 78.12 (-10.81%)
[BTC126] 1h爆仓: 762.18万$
[BTC126] 24h爆仓: 29273.22万$
[BTC126] 24h爆仓人数: 10.24万人
[BTC126] 全网持仓: 52.79亿$
[计算] 恐惧贪婪指数 = 10.24万人 / 52.79亿$ = 0.19
[保存] 恐惧贪婪指数: 0.19 (级别: high)
[爆仓] 1h: 762.18万$ | 24h: 29273.22万$
[数据] 24h爆仓人数: 10.24万人 | 全网持仓: 52.79亿$
[公式] 恐惧贪婪指数 = 10.24万人 / 52.79亿$ = 0.19
[来源] btc126.com 真实数据
[等待] 下次采集: 3分钟后

[2026-02-28 16:59:06] 开始采集恐慌指数...
[价格] BTC: 63445.0 (-6.58%)
[价格] ETH: 1850.29 (-9.03%)
[价格] BNB: 590.6 (-6.06%)
[价格] XRP: 1.2845 (-9.65%)
[价格] SOL: 77.9 (-11.04%)
[BTC126] 1h爆仓: 758.94万$
[BTC126] 24h爆仓: 29280.01万$
[BTC126] 24h爆仓人数: 10.25万人
[BTC126] 全网持仓: 52.69亿$
[计算] 恐惧贪婪指数 = 10.25万人 / 52.69亿$ = 0.19
[保存] 恐惧贪婪指数: 0.19 (级别: high)
[爆仓] 1h: 758.94万$ | 24h: 29280.01万$
[数据] 24h爆仓人数: 10.25万人 | 全网持仓: 52.69亿$
[公式] 恐惧贪婪指数 = 10.25万人 / 52.69亿$ = 0.19
[来源] btc126.com 真实数据
[等待] 下次采集: 3分钟后

[2026-02-28 17:02:15] 开始采集恐慌指数...
[价格] BTC: 63546.4 (-6.4%)
[价格] ETH: 1853.8 (-8.83%)
[价格] BNB: 591.3 (-5.92%)
[价格] XRP: 1.2874 (-9.45%)
[价格] SOL: 78.18 (-10.72%)
[BTC126] 1h爆仓: 798.97万$
[BTC126] 24h爆仓: 29314.96万$
[BTC126] 24h爆仓人数: 10.27万人
[BTC126] 全网持仓: 52.77亿$
[计算] 恐惧贪婪指数 = 10.27万人 / 52.77亿$ = 0.19
[保存] 恐惧贪婪指数: 0.19 (级别: high)
[爆仓] 1h: 798.97万$ | 24h: 29314.96万$
[数据] 24h爆仓人数: 10.27万人 | 全网持仓: 52.77亿$
[公式] 恐惧贪婪指数 = 10.27万人 / 52.77亿$ = 0.19
[来源] btc126.com 真实数据
[等待] 下次采集: 3分钟后

[2026-02-28 17:05:22] 开始采集恐慌指数...
[价格] BTC: 63574.6 (-6.35%)
[价格] ETH: 1853.61 (-8.84%)
[价格] BNB: 591.5 (-5.89%)
[价格] XRP: 1.2873 (-9.45%)
[价格] SOL: 78.16 (-10.84%)
[BTC126] 1h爆仓: 698.29万$
[BTC126] 24h爆仓: 29314.04万$
[BTC126] 24h爆仓人数: 10.26万人
[BTC126] 全网持仓: 52.81亿$
[计算] 恐惧贪婪指数 = 10.26万人 / 52.81亿$ = 0.19
[保存] 恐惧贪婪指数: 0.19 (级别: high)
[爆仓] 1h: 698.29万$ | 24h: 29314.04万$
[数据] 24h爆仓人数: 10.26万人 | 全网持仓: 52.81亿$
[公式] 恐惧贪婪指数 = 10.26万人 / 52.81亿$ = 0.19
[来源] btc126.com 真实数据
[等待] 下次采集: 3分钟后

[2026-02-28 17:08:30] 开始采集恐慌指数...
[价格] BTC: 63495.9 (-6.58%)
[价格] ETH: 1849.93 (-9.08%)
[价格] BNB: 590.3 (-6.15%)
[价格] XRP: 1.2816 (-10.02%)
[价格] SOL: 78.0 (-11.07%)
[BTC126] 1h爆仓: 704.4万$
[BTC126] 24h爆仓: 29344.69万$
[BTC126] 24h爆仓人数: 10.26万人
[BTC126] 全网持仓: 52.75亿$
[计算] 恐惧贪婪指数 = 10.26万人 / 52.75亿$ = 0.19
[保存] 恐惧贪婪指数: 0.19 (级别: high)
[爆仓] 1h: 704.4万$ | 24h: 29344.69万$
[数据] 24h爆仓人数: 10.26万人 | 全网持仓: 52.75亿$
[公式] 恐惧贪婪指数 = 10.26万人 / 52.75亿$ = 0.19
[来源] btc126.com 真实数据
[等待] 下次采集: 3分钟后

[2026-02-28 17:11:43] 开始采集恐慌指数...
[价格] BTC: 63435.8 (-6.61%)
[价格] ETH: 1847.13 (-9.17%)
[价格] BNB: 589.9 (-6.2%)
[价格] XRP: 1.2769 (-10.25%)
[价格] SOL: 77.86 (-11.19%)
[BTC126] 1h爆仓: 818.07万$
[BTC126] 24h爆仓: 29510.23万$
[BTC126] 24h爆仓人数: 10.29万人
[BTC126] 全网持仓: 52.71亿$
[计算] 恐惧贪婪指数 = 10.29万人 / 52.71亿$ = 0.2
[保存] 恐惧贪婪指数: 0.2 (级别: high)
[爆仓] 1h: 818.07万$ | 24h: 29510.23万$
[数据] 24h爆仓人数: 10.29万人 | 全网持仓: 52.71亿$
[公式] 恐惧贪婪指数 = 10.29万人 / 52.71亿$ = 0.2
[来源] btc126.com 真实数据
[等待] 下次采集: 3分钟后

[2026-02-28 17:14:52] 开始采集恐慌指数...
[价格] BTC: 63703.6 (-6.27%)
[价格] ETH: 1855.89 (-8.87%)
[价格] BNB: 592.6 (-5.8%)
[价格] XRP: 1.2833 (-9.83%)
[价格] SOL: 78.29 (-10.81%)
[BTC126] 1h爆仓: 857.41万$
[BTC126] 24h爆仓: 29559.9万$
[BTC126] 24h爆仓人数: 10.3万人
[BTC126] 全网持仓: 52.93亿$
[计算] 恐惧贪婪指数 = 10.3万人 / 52.93亿$ = 0.19
[保存] 恐惧贪婪指数: 0.19 (级别: high)
[爆仓] 1h: 857.41万$ | 24h: 29559.9万$
[数据] 24h爆仓人数: 10.3万人 | 全网持仓: 52.93亿$
[公式] 恐惧贪婪指数 = 10.3万人 / 52.93亿$ = 0.19
[来源] btc126.com 真实数据
[等待] 下次采集: 3分钟后

[2026-02-28 17:18:03] 开始采集恐慌指数...
[价格] BTC: 63637.0 (-6.39%)
[价格] ETH: 1855.5 (-8.99%)
[价格] BNB: 592.0 (-5.94%)
[价格] XRP: 1.2796 (-10.09%)
[价格] SOL: 78.21 (-10.75%)
[BTC126] 1h爆仓: 853.26万$
[BTC126] 24h爆仓: 29576.93万$
[BTC126] 24h爆仓人数: 10.31万人
[BTC126] 全网持仓: 52.91亿$
[计算] 恐惧贪婪指数 = 10.31万人 / 52.91亿$ = 0.19
[保存] 恐惧贪婪指数: 0.19 (级别: high)
[爆仓] 1h: 853.26万$ | 24h: 29576.93万$
[数据] 24h爆仓人数: 10.31万人 | 全网持仓: 52.91亿$
[公式] 恐惧贪婪指数 = 10.31万人 / 52.91亿$ = 0.19
[来源] btc126.com 真实数据
[等待] 下次采集: 3分钟后

[2026-02-28 17:21:11] 开始采集恐慌指数...
[价格] BTC: 63641.0 (-6.42%)
[价格] ETH: 1856.58 (-8.85%)
[价格] BNB: 592.4 (-5.79%)
[价格] XRP: 1.2814 (-9.88%)
[价格] SOL: 78.28 (-10.58%)
[BTC126] 1h爆仓: 597.65万$
[BTC126] 24h爆仓: 29602.22万$
[BTC126] 24h爆仓人数: 10.33万人
[BTC126] 全网持仓: 52.93亿$
[计算] 恐惧贪婪指数 = 10.33万人 / 52.93亿$ = 0.2
[保存] 恐惧贪婪指数: 0.2 (级别: high)
[爆仓] 1h: 597.65万$ | 24h: 29602.22万$
[数据] 24h爆仓人数: 10.33万人 | 全网持仓: 52.93亿$
[公式] 恐惧贪婪指数 = 10.33万人 / 52.93亿$ = 0.2
[来源] btc126.com 真实数据
[等待] 下次采集: 3分钟后

[2026-02-28 17:24:15] 开始采集恐慌指数...
[价格] BTC: 63876.3 (-5.97%)
[价格] ETH: 1862.3 (-8.47%)
[价格] BNB: 594.2 (-5.46%)
[价格] XRP: 1.2859 (-9.44%)
[价格] SOL: 78.59 (-10.08%)
[BTC126] 1h爆仓: 615.88万$
[BTC126] 24h爆仓: 29562.81万$
[BTC126] 24h爆仓人数: 10.33万人
[BTC126] 全网持仓: 53.08亿$
[计算] 恐惧贪婪指数 = 10.33万人 / 53.08亿$ = 0.19
[保存] 恐惧贪婪指数: 0.19 (级别: high)
[爆仓] 1h: 615.88万$ | 24h: 29562.81万$
[数据] 24h爆仓人数: 10.33万人 | 全网持仓: 53.08亿$
[公式] 恐惧贪婪指数 = 10.33万人 / 53.08亿$ = 0.19
[来源] btc126.com 真实数据
[等待] 下次采集: 3分钟后

[2026-02-28 17:27:20] 开始采集恐慌指数...
[价格] BTC: 63801.9 (-6.15%)
[价格] ETH: 1858.3 (-8.7%)
[价格] BNB: 593.3 (-5.57%)
[价格] XRP: 1.282 (-9.82%)
[价格] SOL: 78.47 (-10.21%)
[BTC126] 1h爆仓: 665.3万$
[BTC126] 24h爆仓: 29616.12万$
[BTC126] 24h爆仓人数: 10.35万人
[BTC126] 全网持仓: 53.06亿$
[计算] 恐惧贪婪指数 = 10.35万人 / 53.06亿$ = 0.2
[保存] 恐惧贪婪指数: 0.2 (级别: high)
[爆仓] 1h: 665.3万$ | 24h: 29616.12万$
[数据] 24h爆仓人数: 10.35万人 | 全网持仓: 53.06亿$
[公式] 恐惧贪婪指数 = 10.35万人 / 53.06亿$ = 0.2
[来源] btc126.com 真实数据
[等待] 下次采集: 3分钟后

[2026-02-28 17:30:24] 开始采集恐慌指数...
[价格] BTC: 63785.5 (-6.23%)
[价格] ETH: 1857.42 (-8.85%)
[价格] BNB: 593.2 (-5.69%)
[价格] XRP: 1.2827 (-9.82%)
[价格] SOL: 78.5 (-10.24%)
[BTC126] 1h爆仓: 665.3万$
[BTC126] 24h爆仓: 29616.12万$
[BTC126] 24h爆仓人数: 10.35万人
[BTC126] 全网持仓: 53.07亿$
[计算] 恐惧贪婪指数 = 10.35万人 / 53.07亿$ = 0.2
[保存] 恐惧贪婪指数: 0.2 (级别: high)
[爆仓] 1h: 665.3万$ | 24h: 29616.12万$
[数据] 24h爆仓人数: 10.35万人 | 全网持仓: 53.07亿$
[公式] 恐惧贪婪指数 = 10.35万人 / 53.07亿$ = 0.2
[来源] btc126.com 真实数据
[等待] 下次采集: 3分钟后

[2026-02-28 17:33:29] 开始采集恐慌指数...
[价格] BTC: 63741.5 (-6.25%)
[价格] ETH: 1855.24 (-8.98%)
[价格] BNB: 592.5 (-5.8%)
[价格] XRP: 1.2831 (-9.73%)
[价格] SOL: 78.47 (-10.28%)
[BTC126] 1h爆仓: 678.09万$
[BTC126] 24h爆仓: 29632.46万$
[BTC126] 24h爆仓人数: 10.36万人
[BTC126] 全网持仓: 52.99亿$
[计算] 恐惧贪婪指数 = 10.36万人 / 52.99亿$ = 0.2
[保存] 恐惧贪婪指数: 0.2 (级别: high)
[爆仓] 1h: 678.09万$ | 24h: 29632.46万$
[数据] 24h爆仓人数: 10.36万人 | 全网持仓: 52.99亿$
[公式] 恐惧贪婪指数 = 10.36万人 / 52.99亿$ = 0.2
[来源] btc126.com 真实数据
[等待] 下次采集: 3分钟后

[2026-02-28 17:36:33] 开始采集恐慌指数...
[价格] BTC: 63627.5 (-6.25%)
[价格] ETH: 1852.7 (-8.84%)
[价格] BNB: 591.5 (-5.81%)
[价格] XRP: 1.2761 (-10.05%)
[价格] SOL: 78.27 (-10.25%)
[BTC126] 1h爆仓: 598.98万$
[BTC126] 24h爆仓: 29628.29万$
[BTC126] 24h爆仓人数: 10.35万人
[BTC126] 全网持仓: 52.84亿$
[计算] 恐惧贪婪指数 = 10.35万人 / 52.84亿$ = 0.2
[保存] 恐惧贪婪指数: 0.2 (级别: high)
[爆仓] 1h: 598.98万$ | 24h: 29628.29万$
[数据] 24h爆仓人数: 10.35万人 | 全网持仓: 52.84亿$
[公式] 恐惧贪婪指数 = 10.35万人 / 52.84亿$ = 0.2
[来源] btc126.com 真实数据
[等待] 下次采集: 3分钟后

[2026-02-28 17:39:39] 开始采集恐慌指数...
[价格] BTC: 63639.4 (-6.14%)
[价格] ETH: 1854.24 (-8.62%)
[价格] BNB: 591.6 (-5.74%)
[价格] XRP: 1.2776 (-9.76%)
[价格] SOL: 78.36 (-9.98%)
[BTC126] 1h爆仓: 617.49万$
[BTC126] 24h爆仓: 29643.13万$
[BTC126] 24h爆仓人数: 10.37万人
[BTC126] 全网持仓: 52.87亿$
[计算] 恐惧贪婪指数 = 10.37万人 / 52.87亿$ = 0.2
[保存] 恐惧贪婪指数: 0.2 (级别: high)
[爆仓] 1h: 617.49万$ | 24h: 29643.13万$
[数据] 24h爆仓人数: 10.37万人 | 全网持仓: 52.87亿$
[公式] 恐惧贪婪指数 = 10.37万人 / 52.87亿$ = 0.2
[来源] btc126.com 真实数据
[等待] 下次采集: 3分钟后

[2026-02-28 17:42:44] 开始采集恐慌指数...
[价格] BTC: 63646.9 (-6.06%)
[价格] ETH: 1854.19 (-8.53%)
[价格] BNB: 591.2 (-5.74%)
[价格] XRP: 1.2779 (-9.78%)
[价格] SOL: 78.41 (-9.84%)
[BTC126] 1h爆仓: 649.98万$
[BTC126] 24h爆仓: 29659.82万$
[BTC126] 24h爆仓人数: 10.38万人
[BTC126] 全网持仓: 52.91亿$
[计算] 恐惧贪婪指数 = 10.38万人 / 52.91亿$ = 0.2
[保存] 恐惧贪婪指数: 0.2 (级别: high)
[爆仓] 1h: 649.98万$ | 24h: 29659.82万$
[数据] 24h爆仓人数: 10.38万人 | 全网持仓: 52.91亿$
[公式] 恐惧贪婪指数 = 10.38万人 / 52.91亿$ = 0.2
[来源] btc126.com 真实数据
[等待] 下次采集: 3分钟后

[2026-02-28 17:45:50] 开始采集恐慌指数...
[价格] BTC: 63614.0 (-5.58%)
[价格] ETH: 1852.95 (-7.98%)
[价格] BNB: 590.8 (-5.44%)
[价格] XRP: 1.2752 (-9.47%)
[价格] SOL: 78.37 (-9.2%)
[BTC126] 1h爆仓: 655.23万$
[BTC126] 24h爆仓: 29616.26万$
[BTC126] 24h爆仓人数: 10.39万人
[BTC126] 全网持仓: 52.9亿$
[计算] 恐惧贪婪指数 = 10.39万人 / 52.9亿$ = 0.2
[保存] 恐惧贪婪指数: 0.2 (级别: high)
[爆仓] 1h: 655.23万$ | 24h: 29616.26万$
[数据] 24h爆仓人数: 10.39万人 | 全网持仓: 52.9亿$
[公式] 恐惧贪婪指数 = 10.39万人 / 52.9亿$ = 0.2
[来源] btc126.com 真实数据
[等待] 下次采集: 3分钟后

[2026-02-28 17:49:02] 开始采集恐慌指数...
[价格] BTC: 63614.7 (-5.69%)
[价格] ETH: 1852.02 (-8.17%)
[价格] BNB: 590.9 (-5.46%)
[价格] XRP: 1.2742 (-9.48%)
[价格] SOL: 78.31 (-9.46%)
[BTC126] 1h爆仓: 667.75万$
[BTC126] 24h爆仓: 29229.3万$
[BTC126] 24h爆仓人数: 10.31万人
[BTC126] 全网持仓: 52.9亿$
[计算] 恐惧贪婪指数 = 10.31万人 / 52.9亿$ = 0.19
[保存] 恐惧贪婪指数: 0.19 (级别: high)
[爆仓] 1h: 667.75万$ | 24h: 29229.3万$
[数据] 24h爆仓人数: 10.31万人 | 全网持仓: 52.9亿$
[公式] 恐惧贪婪指数 = 10.31万人 / 52.9亿$ = 0.19
[来源] btc126.com 真实数据
[等待] 下次采集: 3分钟后

[2026-02-28 17:52:06] 开始采集恐慌指数...
[价格] BTC: 63669.5 (-5.51%)
[价格] ETH: 1855.33 (-7.87%)
[价格] BNB: 591.6 (-5.33%)
[价格] XRP: 1.2768 (-9.34%)
[价格] SOL: 78.43 (-9.24%)
[BTC126] 1h爆仓: 689.85万$
[BTC126] 24h爆仓: 29033.26万$
[BTC126] 24h爆仓人数: 10.35万人
[BTC126] 全网持仓: 52.97亿$
[计算] 恐惧贪婪指数 = 10.35万人 / 52.97亿$ = 0.2
[保存] 恐惧贪婪指数: 0.2 (级别: high)
[爆仓] 1h: 689.85万$ | 24h: 29033.26万$
[数据] 24h爆仓人数: 10.35万人 | 全网持仓: 52.97亿$
[公式] 恐惧贪婪指数 = 10.35万人 / 52.97亿$ = 0.2
[来源] btc126.com 真实数据
[等待] 下次采集: 3分钟后

[2026-02-28 17:55:12] 开始采集恐慌指数...
[价格] BTC: 63669.0 (-5.58%)
[价格] ETH: 1855.78 (-7.83%)
[价格] BNB: 592.0 (-5.31%)
[价格] XRP: 1.2787 (-9.18%)
[价格] SOL: 78.48 (-9.24%)
[BTC126] 1h爆仓: 726.26万$
[BTC126] 24h爆仓: 29073.82万$
[BTC126] 24h爆仓人数: 10.35万人
[BTC126] 全网持仓: 52.97亿$
[计算] 恐惧贪婪指数 = 10.35万人 / 52.97亿$ = 0.2
[保存] 恐惧贪婪指数: 0.2 (级别: high)
[爆仓] 1h: 726.26万$ | 24h: 29073.82万$
[数据] 24h爆仓人数: 10.35万人 | 全网持仓: 52.97亿$
[公式] 恐惧贪婪指数 = 10.35万人 / 52.97亿$ = 0.2
[来源] btc126.com 真实数据
[等待] 下次采集: 3分钟后

[2026-02-28 17:58:18] 开始采集恐慌指数...
[价格] BTC: 63647.0 (-5.56%)
[价格] ETH: 1854.81 (-7.79%)
[价格] BNB: 591.9 (-5.27%)
[价格] XRP: 1.2787 (-9.17%)
[价格] SOL: 78.45 (-9.16%)
[BTC126] 1h爆仓: 735.21万$
[BTC126] 24h爆仓: 28998.44万$
[BTC126] 24h爆仓人数: 10.35万人
[BTC126] 全网持仓: 52.96亿$
[计算] 恐惧贪婪指数 = 10.35万人 / 52.96亿$ = 0.2
[保存] 恐惧贪婪指数: 0.2 (级别: high)
[爆仓] 1h: 735.21万$ | 24h: 28998.44万$
[数据] 24h爆仓人数: 10.35万人 | 全网持仓: 52.96亿$
[公式] 恐惧贪婪指数 = 10.35万人 / 52.96亿$ = 0.2
[来源] btc126.com 真实数据
[等待] 下次采集: 3分钟后

[2026-02-28 18:01:25] 开始采集恐慌指数...
[价格] BTC: 63624.9 (-5.62%)
[价格] ETH: 1854.42 (-7.91%)
[价格] BNB: 591.2 (-5.39%)
[价格] XRP: 1.2778 (-9.2%)
[价格] SOL: 78.42 (-9.33%)
[BTC126] 1h爆仓: 674.53万$
[BTC126] 24h爆仓: 28975.94万$
[BTC126] 24h爆仓人数: 10.34万人
[BTC126] 全网持仓: 52.92亿$
[计算] 恐惧贪婪指数 = 10.34万人 / 52.92亿$ = 0.2
[保存] 恐惧贪婪指数: 0.2 (级别: high)
[爆仓] 1h: 674.53万$ | 24h: 28975.94万$
[数据] 24h爆仓人数: 10.34万人 | 全网持仓: 52.92亿$
[公式] 恐惧贪婪指数 = 10.34万人 / 52.92亿$ = 0.2
[来源] btc126.com 真实数据
[等待] 下次采集: 3分钟后

[2026-02-28 18:04:40] 开始采集恐慌指数...
[价格] BTC: 63493.4 (-5.59%)
[价格] ETH: 1850.8 (-7.77%)
[价格] BNB: 590.1 (-5.34%)
[价格] XRP: 1.2726 (-9.17%)
[价格] SOL: 78.06 (-9.25%)
[BTC126] 1h爆仓: 703.57万$
[BTC126] 24h爆仓: 28839.08万$
[BTC126] 24h爆仓人数: 10.34万人
[BTC126] 全网持仓: 52.84亿$
[计算] 恐惧贪婪指数 = 10.34万人 / 52.84亿$ = 0.2
[保存] 恐惧贪婪指数: 0.2 (级别: high)
[爆仓] 1h: 703.57万$ | 24h: 28839.08万$
[数据] 24h爆仓人数: 10.34万人 | 全网持仓: 52.84亿$
[公式] 恐惧贪婪指数 = 10.34万人 / 52.84亿$ = 0.2
[来源] btc126.com 真实数据
[等待] 下次采集: 3分钟后

[2026-02-28 18:07:45] 开始采集恐慌指数...
[价格] BTC: 63551.1 (-5.65%)
[价格] ETH: 1851.99 (-7.93%)
[价格] BNB: 589.9 (-5.51%)
[价格] XRP: 1.2734 (-9.35%)
[价格] SOL: 78.13 (-9.41%)
[BTC126] 1h爆仓: 798.6万$
[BTC126] 24h爆仓: 28934.91万$
[BTC126] 24h爆仓人数: 10.4万人
[BTC126] 全网持仓: 53.02亿$
[计算] 恐惧贪婪指数 = 10.4万人 / 53.02亿$ = 0.2
[保存] 恐惧贪婪指数: 0.2 (级别: high)
[爆仓] 1h: 798.6万$ | 24h: 28934.91万$
[数据] 24h爆仓人数: 10.4万人 | 全网持仓: 53.02亿$
[公式] 恐惧贪婪指数 = 10.4万人 / 53.02亿$ = 0.2
[来源] btc126.com 真实数据
[等待] 下次采集: 3分钟后
