Price Position Collector 启动
数据目录: /home/user/webapp/data/price_position
监控币种: 28 个
采集间隔: 180 秒

============================================================
开始采集价格位置数据 - 2026-02-28 07:56:46
============================================================
✓ BTC    | 价格: $63873.6000 | 48h位置:  17.4% | 7d位置:  19.2% | 预警:      
✓ ETH    | 价格: $ 1867.2000 | 48h位置:  16.1% | 7d位置:  20.2% | 预警:      
✓ SOL    | 价格: $   78.7700 | 48h位置:  16.0% | 7d位置:  19.4% | 预警:      
✓ BNB    | 价格: $  597.4000 | 48h位置:  18.6% | 7d位置:  32.4% | 预警:      
✓ XRP    | 价格: $    1.3052 | 48h位置:  11.8% | 7d位置:   7.9% | 预警:      
✓ ADA    | 价格: $    0.2652 | 48h位置:  13.7% | 7d位置:  19.7% | 预警:      
✓ DOGE   | 价格: $    0.0894 | 48h位置:  13.4% | 7d位置:   8.1% | 预警:      
✓ TRX    | 价格: $    0.2804 | 48h位置:   4.3% | 7d位置:   4.7% | 预警: 🔴低   
✓ DOT    | 价格: $    1.5040 | 48h位置:  14.7% | 7d位置:  53.2% | 预警:      
✓ LTC    | 价格: $   52.6200 | 48h位置:  18.8% | 7d位置:  28.0% | 预警:      
✓ BCH    | 价格: $  447.3000 | 48h位置:  16.8% | 7d位置:   5.2% | 预警:      
✓ LINK   | 价格: $    8.3650 | 48h位置:  14.3% | 7d位置:  20.6% | 预警:      
✓ UNI    | 价格: $    3.6370 | 48h位置:  23.5% | 7d位置:  37.1% | 预警:      
✓ FIL    | 价格: $    0.9527 | 48h位置:  26.1% | 7d位置:  37.1% | 预警:      
✓ ETC    | 价格: $    8.3120 | 48h位置:  19.3% | 7d位置:  14.3% | 预警:      
✓ AAVE   | 价格: $  107.1400 | 48h位置:   9.5% | 7d位置:   7.9% | 预警:      
✓ CRV    | 价格: $    0.2325 | 48h位置:  15.4% | 7d位置:  34.7% | 预警:      
✓ NEAR   | 价格: $    1.0563 | 48h位置:  25.1% | 7d位置:  33.7% | 预警:      
✓ APT    | 价格: $    0.8958 | 48h位置:  11.9% | 7d位置:  33.5% | 预警:      
✓ STX    | 价格: $    0.2474 | 48h位置:  16.3% | 7d位置:  38.8% | 预警:      
✓ LDO    | 价格: $    0.2881 | 48h位置:  19.6% | 7d位置:  12.1% | 预警:      
✓ OKB    | 价格: $   74.0700 | 48h位置:  18.2% | 7d位置:  19.9% | 预警:      
✓ CRO    | 价格: $    0.0729 | 48h位置:  20.2% | 7d位置:  15.7% | 预警:      
✓ HBAR   | 价格: $    0.0965 | 48h位置:  13.7% | 7d位置:  27.2% | 预警:      
✓ TON    | 价格: $    1.2530 | 48h位置:  29.3% | 7d位置:  18.4% | 预警:      
✓ TAO    | 价格: $  170.6000 | 48h位置:  15.0% | 7d位置:  26.8% | 预警:      
✓ SUI    | 价格: $    0.8504 | 48h位置:  11.8% | 7d位置:   7.7% | 预警:      
✓ XLM    | 价格: $    0.1514 | 48h位置:   9.4% | 7d位置:  18.6% | 预警:      

采集完成: 28/28 个币种
✓ 保存 28 条价格位置数据
✓ 保存信号时间轴数据 | 信号: 无
✓ 数据保存成功 -> /home/user/webapp/data/price_position/price_position_20260228.jsonl

下次采集时间: 08:00:11
等待中...

============================================================
开始采集价格位置数据 - 2026-02-28 08:00:11
============================================================
✓ BTC    | 价格: $63725.9000 | 48h位置:  14.6% | 7d位置:  17.2% | 预警:      
✓ ETH    | 价格: $ 1862.7100 | 48h位置:  13.9% | 7d位置:  18.9% | 预警:      
✓ SOL    | 价格: $   78.4500 | 48h位置:  13.0% | 7d位置:  17.4% | 预警:      
✓ BNB    | 价格: $  595.5000 | 48h位置:  13.8% | 7d位置:  29.4% | 预警:      
✓ XRP    | 价格: $    1.2994 | 48h位置:   7.6% | 7d位置:   5.0% | 预警:      
✓ ADA    | 价格: $    0.2641 | 48h位置:  10.3% | 7d位置:  17.9% | 预警:      
✓ DOGE   | 价格: $    0.0890 | 48h位置:  10.0% | 7d位置:   5.9% | 预警:      
✓ TRX    | 价格: $    0.2803 | 48h位置:   2.5% | 7d位置:   3.8% | 预警: 🔴低   
✓ DOT    | 价格: $    1.5010 | 48h位置:  12.9% | 7d位置:  52.7% | 预警:      
✓ LTC    | 价格: $   52.3200 | 48h位置:  11.9% | 7d位置:  24.6% | 预警:      
✓ BCH    | 价格: $  445.6000 | 48h位置:  13.1% | 7d位置:   4.1% | 预警:      
✓ LINK   | 价格: $    8.3260 | 48h位置:  10.4% | 7d位置:  18.1% | 预警:      
✓ UNI    | 价格: $    3.6230 | 48h位置:  19.6% | 7d位置:  35.7% | 预警:      
✓ FIL    | 价格: $    0.9470 | 48h位置:  21.4% | 7d位置:  34.8% | 预警:      
✓ ETC    | 价格: $    8.2670 | 48h位置:  14.5% | 7d位置:  11.6% | 预警:      
✓ AAVE   | 价格: $  106.5700 | 48h位置:   6.0% | 7d位置:   5.0% | 预警:      
✓ CRV    | 价格: $    0.2315 | 48h位置:  11.7% | 7d位置:  32.7% | 预警:      
✓ NEAR   | 价格: $    1.0535 | 48h位置:  22.7% | 7d位置:  32.8% | 预警:      
✓ APT    | 价格: $    0.8916 | 48h位置:   9.1% | 7d位置:  32.1% | 预警:      
✓ STX    | 价格: $    0.2465 | 48h位置:  13.7% | 7d位置:  36.9% | 预警:      
✓ LDO    | 价格: $    0.2872 | 48h位置:  17.4% | 7d位置:  10.7% | 预警:      
✓ OKB    | 价格: $   74.0900 | 48h位置:  18.6% | 7d位置:  20.1% | 预警:      
✓ CRO    | 价格: $    0.0727 | 48h位置:  17.0% | 7d位置:  13.2% | 预警:      
✓ HBAR   | 价格: $    0.0960 | 48h位置:   8.5% | 7d位置:  23.6% | 预警:      
✓ TON    | 价格: $    1.2480 | 48h位置:  24.2% | 7d位置:  15.2% | 预警:      
✓ TAO    | 价格: $  169.9000 | 48h位置:  11.7% | 7d位置:  24.4% | 预警:      
✓ SUI    | 价格: $    0.8470 | 48h位置:   9.1% | 7d位置:   5.9% | 预警:      
✓ XLM    | 价格: $    0.1508 | 48h位置:   6.0% | 7d位置:  16.0% | 预警:      

采集完成: 28/28 个币种
✓ 保存 28 条价格位置数据
✓ 保存信号时间轴数据 | 信号: 无
✓ 数据保存成功 -> /home/user/webapp/data/price_position/price_position_20260228.jsonl

下次采集时间: 08:03:36
等待中...

============================================================
开始采集价格位置数据 - 2026-02-28 08:03:36
============================================================
✓ BTC    | 价格: $63689.9000 | 48h位置:  13.9% | 7d位置:  16.8% | 预警:      
✓ ETH    | 价格: $ 1859.3200 | 48h位置:  12.3% | 7d位置:  18.0% | 预警:      
✓ SOL    | 价格: $   78.3300 | 48h位置:  11.9% | 7d位置:  16.7% | 预警:      
✓ BNB    | 价格: $  595.1000 | 48h位置:  12.8% | 7d位置:  28.8% | 预警:      
✓ XRP    | 价格: $    1.2975 | 48h位置:   6.2% | 7d位置:   4.1% | 预警:      
✓ ADA    | 价格: $    0.2637 | 48h位置:   9.1% | 7d位置:  17.2% | 预警:      
✓ DOGE   | 价格: $    0.0889 | 48h位置:   8.7% | 7d位置:   5.2% | 预警:      
✓ TRX    | 价格: $    0.2802 | 48h位置:   0.9% | 7d位置:   2.9% | 预警: 🔴低   
✓ DOT    | 价格: $    1.4990 | 48h位置:  11.8% | 7d位置:  52.3% | 预警:      
✓ LTC    | 价格: $   52.2100 | 48h位置:   9.4% | 7d位置:  23.3% | 预警:      
✓ BCH    | 价格: $  446.4000 | 48h位置:  14.8% | 7d位置:   4.6% | 预警:      
✓ LINK   | 价格: $    8.3080 | 48h位置:   8.7% | 7d位置:  16.9% | 预警:      
✓ UNI    | 价格: $    3.6140 | 48h位置:  17.0% | 7d位置:  34.9% | 预警:      
✓ FIL    | 价格: $    0.9447 | 48h位置:  19.5% | 7d位置:  33.9% | 预警:      
✓ ETC    | 价格: $    8.2610 | 48h位置:  13.8% | 7d位置:  11.3% | 预警:      
✓ AAVE   | 价格: $  106.3100 | 48h位置:   4.3% | 7d位置:   3.6% | 预警: 🔴低   
✓ CRV    | 价格: $    0.2308 | 48h位置:   9.0% | 7d位置:  31.2% | 预警:      
✓ NEAR   | 价格: $    1.0484 | 48h位置:  18.3% | 7d位置:  31.1% | 预警:      
✓ APT    | 价格: $    0.8896 | 48h位置:   7.7% | 7d位置:  31.5% | 预警:      
✓ STX    | 价格: $    0.2459 | 48h位置:  11.9% | 7d位置:  35.6% | 预警:      
✓ LDO    | 价格: $    0.2866 | 48h位置:  15.8% | 7d位置:   9.8% | 预警:      
✓ OKB    | 价格: $   73.9600 | 48h位置:  16.3% | 7d位置:  18.8% | 预警:      
✓ CRO    | 价格: $    0.0725 | 48h位置:  14.7% | 7d位置:  11.4% | 预警:      
✓ HBAR   | 价格: $    0.0958 | 48h位置:   6.1% | 7d位置:  21.9% | 预警:      
✓ TON    | 价格: $    1.2410 | 48h位置:  17.2% | 7d位置:  10.8% | 预警:      
✓ TAO    | 价格: $  169.4000 | 48h位置:   9.2% | 7d位置:  22.6% | 预警:      
✓ SUI    | 价格: $    0.8439 | 48h位置:   6.6% | 7d位置:   4.3% | 预警:      
✓ XLM    | 价格: $    0.1505 | 48h位置:   4.3% | 7d位置:  14.7% | 预警: 🔴低   

采集完成: 28/28 个币种
✓ 保存 28 条价格位置数据
✓ 保存信号时间轴数据 | 信号: 无
✓ 数据保存成功 -> /home/user/webapp/data/price_position/price_position_20260228.jsonl

下次采集时间: 08:07:00
等待中...

============================================================
开始采集价格位置数据 - 2026-02-28 08:07:00
============================================================
✓ BTC    | 价格: $63681.0000 | 48h位置:  13.7% | 7d位置:  16.7% | 预警:      
✓ ETH    | 价格: $ 1862.6300 | 48h位置:  13.9% | 7d位置:  18.9% | 预警:      
✓ SOL    | 价格: $   78.5000 | 48h位置:  13.5% | 7d位置:  17.7% | 预警:      
✓ BNB    | 价格: $  595.4000 | 48h位置:  13.6% | 7d位置:  29.2% | 预警:      
✓ XRP    | 价格: $    1.2995 | 48h位置:   7.6% | 7d位置:   5.1% | 预警:      
✓ ADA    | 价格: $    0.2635 | 48h位置:   8.5% | 7d位置:  16.9% | 预警:      
✓ DOGE   | 价格: $    0.0891 | 48h位置:  11.1% | 7d位置:   6.5% | 预警:      
✓ TRX    | 价格: $    0.2804 | 48h位置:   5.0% | 7d位置:   4.7% | 预警:      
✓ DOT    | 价格: $    1.4990 | 48h位置:  11.8% | 7d位置:  52.3% | 预警:      
✓ LTC    | 价格: $   52.1900 | 48h位置:   8.9% | 7d位置:  23.1% | 预警:      
✓ BCH    | 价格: $  448.0000 | 48h位置:  18.3% | 7d位置:   5.7% | 预警:      
✓ LINK   | 价格: $    8.3250 | 48h位置:  10.4% | 7d位置:  18.0% | 预警:      
✓ UNI    | 价格: $    3.6150 | 48h位置:  17.3% | 7d位置:  34.9% | 预警:      
✓ FIL    | 价格: $    0.9459 | 48h位置:  20.5% | 7d位置:  34.4% | 预警:      
✓ ETC    | 价格: $    8.2760 | 48h位置:  15.4% | 7d位置:  12.2% | 预警:      
✓ AAVE   | 价格: $  106.6400 | 48h位置:   6.4% | 7d位置:   5.3% | 预警:      
✓ CRV    | 价格: $    0.2313 | 48h位置:  10.9% | 7d位置:  32.2% | 预警:      
✓ NEAR   | 价格: $    1.0485 | 48h位置:  18.4% | 7d位置:  31.2% | 预警:      
✓ APT    | 价格: $    0.8912 | 48h位置:   8.8% | 7d位置:  32.0% | 预警:      
✓ STX    | 价格: $    0.2462 | 48h位置:  12.8% | 7d位置:  36.2% | 预警:      
✓ LDO    | 价格: $    0.2873 | 48h位置:  17.6% | 7d位置:  10.8% | 预警:      
✓ OKB    | 价格: $   74.1600 | 48h位置:  19.8% | 7d位置:  20.9% | 预警:      
✓ CRO    | 价格: $    0.0725 | 48h位置:  14.6% | 7d位置:  11.3% | 预警:      
✓ HBAR   | 价格: $    0.0959 | 48h位置:   7.4% | 7d位置:  22.8% | 预警:      
✓ TON    | 价格: $    1.2440 | 48h位置:  20.2% | 7d位置:  12.7% | 预警:      
✓ TAO    | 价格: $  169.5000 | 48h位置:   9.7% | 7d位置:  23.0% | 预警:      
✓ SUI    | 价格: $    0.8458 | 48h位置:   8.1% | 7d位置:   5.3% | 预警:      
✓ XLM    | 价格: $    0.1507 | 48h位置:   5.0% | 7d位置:  15.2% | 预警: 🔴低   

采集完成: 28/28 个币种
✓ 保存 28 条价格位置数据
✓ 保存信号时间轴数据 | 信号: 无
✓ 数据保存成功 -> /home/user/webapp/data/price_position/price_position_20260228.jsonl

下次采集时间: 08:10:25
等待中...

============================================================
开始采集价格位置数据 - 2026-02-28 08:10:25
============================================================
✓ BTC    | 价格: $63591.0000 | 48h位置:  12.0% | 7d位置:  15.5% | 预警:      
✓ ETH    | 价格: $ 1858.4700 | 48h位置:  11.9% | 7d位置:  17.7% | 预警:      
✓ SOL    | 价格: $   78.4100 | 48h位置:  12.7% | 7d位置:  17.2% | 预警:      
✓ BNB    | 价格: $  593.9000 | 48h位置:   9.8% | 7d位置:  26.9% | 预警:      
✓ XRP    | 价格: $    1.2981 | 48h位置:   6.6% | 7d位置:   4.4% | 预警:      
✓ ADA    | 价格: $    0.2632 | 48h位置:   7.6% | 7d位置:  16.4% | 预警:      
✓ DOGE   | 价格: $    0.0893 | 48h位置:  12.7% | 7d位置:   7.4% | 预警:      
✓ TRX    | 价格: $    0.2803 | 48h位置:   3.2% | 7d位置:   3.8% | 预警: 🔴低   
✓ DOT    | 价格: $    1.5000 | 48h位置:  12.3% | 7d位置:  52.5% | 预警:      
✓ LTC    | 价格: $   52.1700 | 48h位置:   8.5% | 7d位置:  22.9% | 预警:      
✓ BCH    | 价格: $  447.5000 | 48h位置:  17.2% | 7d位置:   5.4% | 预警:      
✓ LINK   | 价格: $    8.3170 | 48h位置:   9.6% | 7d位置:  17.5% | 预警:      
✓ UNI    | 价格: $    3.6130 | 48h位置:  16.7% | 7d位置:  34.8% | 预警:      
✓ FIL    | 价格: $    0.9454 | 48h位置:  20.1% | 7d位置:  34.2% | 预警:      
✓ ETC    | 价格: $    8.2710 | 48h位置:  14.9% | 7d位置:  11.9% | 预警:      
✓ AAVE   | 价格: $  106.5500 | 48h位置:   5.8% | 7d位置:   4.9% | 预警:      
✓ CRV    | 价格: $    0.2306 | 48h位置:   8.3% | 7d位置:  30.8% | 预警:      
✓ NEAR   | 价格: $    1.0499 | 48h位置:  19.6% | 7d位置:  31.6% | 预警:      
✓ APT    | 价格: $    0.8897 | 48h位置:   7.8% | 7d位置:  31.6% | 预警:      
✓ STX    | 价格: $    0.2462 | 48h位置:  12.8% | 7d位置:  36.2% | 预警:      
✓ LDO    | 价格: $    0.2872 | 48h位置:  17.4% | 7d位置:  10.7% | 预警:      
✓ OKB    | 价格: $   74.0200 | 48h位置:  17.3% | 7d位置:  19.4% | 预警:      
✓ CRO    | 价格: $    0.0726 | 48h位置:  16.1% | 7d位置:  12.5% | 预警:      
✓ HBAR   | 价格: $    0.0959 | 48h位置:   6.8% | 7d位置:  22.4% | 预警:      
✓ TON    | 价格: $    1.2440 | 48h位置:  20.2% | 7d位置:  12.7% | 预警:      
✓ TAO    | 价格: $  169.4000 | 48h位置:   9.2% | 7d位置:  22.6% | 预警:      
✓ SUI    | 价格: $    0.8460 | 48h位置:   8.3% | 7d位置:   5.4% | 预警:      
✓ XLM    | 价格: $    0.1504 | 48h位置:   3.4% | 7d位置:  14.0% | 预警: 🔴低   

采集完成: 28/28 个币种
✓ 保存 28 条价格位置数据
✓ 保存信号时间轴数据 | 信号: 无
✓ 数据保存成功 -> /home/user/webapp/data/price_position/price_position_20260228.jsonl

下次采集时间: 08:13:50
等待中...

============================================================
开始采集价格位置数据 - 2026-02-28 08:13:50
============================================================
✓ BTC    | 价格: $63659.9000 | 48h位置:  13.3% | 7d位置:  16.4% | 预警:      
✓ ETH    | 价格: $ 1859.6400 | 48h位置:  12.5% | 7d位置:  18.1% | 预警:      
✓ SOL    | 价格: $   78.4400 | 48h位置:  12.9% | 7d位置:  17.4% | 预警:      
✓ BNB    | 价格: $  593.7000 | 48h位置:   9.3% | 7d位置:  26.6% | 预警:      
✓ XRP    | 价格: $    1.2988 | 48h位置:   7.1% | 7d位置:   4.7% | 预警:      
✓ ADA    | 价格: $    0.2630 | 48h位置:   7.0% | 7d位置:  16.0% | 预警:      
✓ DOGE   | 价格: $    0.0893 | 48h位置:  12.5% | 7d位置:   7.3% | 预警:      
✓ TRX    | 价格: $    0.2802 | 48h位置:   1.1% | 7d位置:   2.8% | 预警: 🔴低   
✓ DOT    | 价格: $    1.5000 | 48h位置:  12.3% | 7d位置:  52.5% | 预警:      
✓ LTC    | 价格: $   52.1600 | 48h位置:   8.2% | 7d位置:  22.8% | 预警:      
✓ BCH    | 价格: $  447.3000 | 48h位置:  16.8% | 7d位置:   5.2% | 预警:      
✓ LINK   | 价格: $    8.3180 | 48h位置:   9.7% | 7d位置:  17.6% | 预警:      
✓ UNI    | 价格: $    3.6170 | 48h位置:  17.9% | 7d位置:  35.1% | 预警:      
✓ FIL    | 价格: $    0.9445 | 48h位置:  19.4% | 7d位置:  33.8% | 预警:      
✓ ETC    | 价格: $    8.2710 | 48h位置:  14.9% | 7d位置:  11.9% | 预警:      
✓ AAVE   | 价格: $  106.5900 | 48h位置:   6.1% | 7d位置:   5.1% | 预警:      
✓ CRV    | 价格: $    0.2308 | 48h位置:   9.0% | 7d位置:  31.2% | 预警:      
✓ NEAR   | 价格: $    1.0532 | 48h位置:  22.4% | 7d位置:  32.7% | 预警:      
✓ APT    | 价格: $    0.8876 | 48h位置:   6.3% | 7d位置:  30.9% | 预警:      
✓ STX    | 价格: $    0.2463 | 48h位置:  13.1% | 7d位置:  36.5% | 预警:      
✓ LDO    | 价格: $    0.2872 | 48h位置:  17.4% | 7d位置:  10.7% | 预警:      
✓ OKB    | 价格: $   73.9900 | 48h位置:  16.8% | 7d位置:  19.1% | 预警:      
✓ CRO    | 价格: $    0.0726 | 48h位置:  16.3% | 7d位置:  12.7% | 预警:      
✓ HBAR   | 价格: $    0.0959 | 48h位置:   6.9% | 7d位置:  22.4% | 预警:      
✓ TON    | 价格: $    1.2420 | 48h位置:  18.2% | 7d位置:  11.4% | 预警:      
✓ TAO    | 价格: $  169.4000 | 48h位置:   9.2% | 7d位置:  22.6% | 预警:      
✓ SUI    | 价格: $    0.8452 | 48h位置:   7.7% | 7d位置:   5.0% | 预警:      
✓ XLM    | 价格: $    0.1502 | 48h位置:   2.4% | 7d位置:  13.2% | 预警: 🔴低   

采集完成: 28/28 个币种
✓ 保存 28 条价格位置数据
✓ 保存信号时间轴数据 | 信号: 无
✓ 数据保存成功 -> /home/user/webapp/data/price_position/price_position_20260228.jsonl

下次采集时间: 08:17:18
等待中...

============================================================
开始采集价格位置数据 - 2026-02-28 08:17:18
============================================================
✓ BTC    | 价格: $63769.6000 | 48h位置:  15.4% | 7d位置:  17.8% | 预警:      
✓ ETH    | 价格: $ 1862.9100 | 48h位置:  14.0% | 7d位置:  19.0% | 预警:      
✓ SOL    | 价格: $   78.4800 | 48h位置:  13.3% | 7d位置:  17.6% | 预警:      
