[2026-02-28 07:56:46] ============================================================
[2026-02-28 07:56:46] 🚀 RSI止盈后台监控器启动
[2026-02-28 07:56:46] 📍 检查间隔: 60秒
[2026-02-28 07:56:46] ⏱️ 冷却时间: 5分钟
[2026-02-28 07:56:46] 🌐 API地址: http://localhost:9002
[2026-02-28 07:56:46] ============================================================
[2026-02-28 07:56:46] ============================================================
[2026-02-28 07:56:46] 🔍 开始RSI止盈检查...
[2026-02-28 07:56:46] ❌ 获取RSI数据异常: HTTPConnectionPool(host='localhost', port=9002): Max retries exceeded with url: /api/coin-change-tracker/latest (Caused by NewConnectionError("HTTPConnection(host='localhost', port=9002): Failed to establish a new connection: [Errno 111] Connection refused"))
[2026-02-28 07:56:46] ⚠️ 无法获取RSI数据，跳过本次检查
[2026-02-28 07:56:46] ⏰ 下次检查时间: 07:57:00, 等待 14 秒...
[2026-02-28 07:57:00] ============================================================
[2026-02-28 07:57:00] 🔍 开始RSI止盈检查...
[2026-02-28 07:57:00] 📊 当前RSI总和: 787.91
[2026-02-28 07:57:00] ✅ 获取到 4 个账户
[2026-02-28 07:57:00] 🎯 [主账户] RSI多单监控 - 当前: 787.91, 阈值: 1900.0
[2026-02-28 07:57:00] ⏸️ [主账户] 多单执行许可已禁用，跳过
[2026-02-28 07:57:00] 📉 [主账户] RSI空单监控 - 当前: 787.91, 阈值: 810.0
[2026-02-28 07:57:00] ⏸️ [主账户] 空单执行许可已禁用，跳过
[2026-02-28 07:57:00] 🎯 [fangfang12] RSI多单监控 - 当前: 787.91, 阈值: 1900.0
[2026-02-28 07:57:00] ⏸️ [fangfang12] 多单执行许可已禁用，跳过
[2026-02-28 07:57:00] 📉 [fangfang12] RSI空单监控 - 当前: 787.91, 阈值: 810.0
[2026-02-28 07:57:00] ⏸️ [fangfang12] 空单执行许可已禁用，跳过
[2026-02-28 07:57:00] ⏭️ [锚点账户] RSI多单止盈未启用
[2026-02-28 07:57:00] ⏭️ [锚点账户] RSI空单止盈未启用
[2026-02-28 07:57:00] 🎯 [POIT (子账户)] RSI多单监控 - 当前: 787.91, 阈值: 1900.0
[2026-02-28 07:57:00] ⏸️ [POIT (子账户)] 多单执行许可已禁用，跳过
[2026-02-28 07:57:00] 📉 [POIT (子账户)] RSI空单监控 - 当前: 787.91, 阈值: 810.0
[2026-02-28 07:57:00] ⏸️ [POIT (子账户)] 空单执行许可已禁用，跳过
[2026-02-28 07:57:00] ✅ RSI止盈检查完成
[2026-02-28 07:57:00] ⏰ 下次检查时间: 07:58:00, 等待 60 秒...
[2026-02-28 07:58:00] ============================================================
[2026-02-28 07:58:00] 🔍 开始RSI止盈检查...
[2026-02-28 07:58:00] 📊 当前RSI总和: 787.91
[2026-02-28 07:58:00] ✅ 获取到 4 个账户
[2026-02-28 07:58:00] 🎯 [主账户] RSI多单监控 - 当前: 787.91, 阈值: 1900.0
[2026-02-28 07:58:00] ⏸️ [主账户] 多单执行许可已禁用，跳过
[2026-02-28 07:58:00] 📉 [主账户] RSI空单监控 - 当前: 787.91, 阈值: 810.0
[2026-02-28 07:58:00] ⏸️ [主账户] 空单执行许可已禁用，跳过
[2026-02-28 07:58:00] 🎯 [fangfang12] RSI多单监控 - 当前: 787.91, 阈值: 1900.0
[2026-02-28 07:58:00] ⏸️ [fangfang12] 多单执行许可已禁用，跳过
[2026-02-28 07:58:00] 📉 [fangfang12] RSI空单监控 - 当前: 787.91, 阈值: 810.0
[2026-02-28 07:58:00] ⏸️ [fangfang12] 空单执行许可已禁用，跳过
[2026-02-28 07:58:00] ⏭️ [锚点账户] RSI多单止盈未启用
[2026-02-28 07:58:00] ⏭️ [锚点账户] RSI空单止盈未启用
[2026-02-28 07:58:00] 🎯 [POIT (子账户)] RSI多单监控 - 当前: 787.91, 阈值: 1900.0
[2026-02-28 07:58:00] ⏸️ [POIT (子账户)] 多单执行许可已禁用，跳过
[2026-02-28 07:58:00] 📉 [POIT (子账户)] RSI空单监控 - 当前: 787.91, 阈值: 810.0
[2026-02-28 07:58:00] ⏸️ [POIT (子账户)] 空单执行许可已禁用，跳过
[2026-02-28 07:58:00] ✅ RSI止盈检查完成
[2026-02-28 07:58:00] ⏰ 下次检查时间: 07:59:00, 等待 60 秒...
