============================================================
SAR偏多偏空统计历史记录采集器
============================================================
数据目录: /home/user/webapp/data/sar_bias_stats
采集间隔: 5分钟
============================================================


【第 1 轮采集】 2026-02-28 15:56:46
------------------------------------------------------------
❌ 采集失败: HTTPConnectionPool(host='localhost', port=9002): Max retries exceeded with url: /api/sar-slope/bias-ratios (Caused by NewConnectionError("HTTPConnection(host='localhost', port=9002): Failed to establish a new connection: [Errno 111] Connection refused"))
❌ 采集失败

下次采集: 16:00:00 (等待 193 秒)
============================================================

【第 2 轮采集】 2026-02-28 16:00:00
------------------------------------------------------------
✅ 采集成功: 偏多 0个, 偏空 0个 (后端已计算)
✅ 采集成功
   偏多 >80%: 0个
   偏空 >80%: 0个
   总监控: 28个
   文件: bias_stats_20260228.jsonl

下次采集: 16:05:00 (等待 299 秒)
============================================================

【第 3 轮采集】 2026-02-28 16:05:00
------------------------------------------------------------
✅ 采集成功: 偏多 0个, 偏空 0个 (后端已计算)
✅ 采集成功
   偏多 >80%: 0个
   偏空 >80%: 0个
   总监控: 28个
   文件: bias_stats_20260228.jsonl

下次采集: 16:10:00 (等待 299 秒)
============================================================

【第 4 轮采集】 2026-02-28 16:10:00
------------------------------------------------------------
✅ 采集成功: 偏多 0个, 偏空 0个 (后端已计算)
✅ 采集成功
   偏多 >80%: 0个
   偏空 >80%: 0个
   总监控: 28个
   文件: bias_stats_20260228.jsonl

下次采集: 16:15:00 (等待 299 秒)
============================================================

【第 5 轮采集】 2026-02-28 16:15:00
------------------------------------------------------------
✅ 采集成功: 偏多 0个, 偏空 0个 (后端已计算)
✅ 采集成功
   偏多 >80%: 0个
   偏空 >80%: 0个
   总监控: 28个
   文件: bias_stats_20260228.jsonl

下次采集: 16:20:00 (等待 299 秒)
============================================================

【第 6 轮采集】 2026-02-28 16:20:00
------------------------------------------------------------
✅ 采集成功: 偏多 0个, 偏空 0个 (后端已计算)
✅ 采集成功
   偏多 >80%: 0个
   偏空 >80%: 0个
   总监控: 28个
   文件: bias_stats_20260228.jsonl

下次采集: 16:25:00 (等待 299 秒)
============================================================

【第 7 轮采集】 2026-02-28 16:25:00
------------------------------------------------------------
✅ 采集成功: 偏多 0个, 偏空 0个 (后端已计算)
✅ 采集成功
   偏多 >80%: 0个
   偏空 >80%: 0个
   总监控: 28个
   文件: bias_stats_20260228.jsonl

下次采集: 16:30:00 (等待 299 秒)
============================================================

【第 8 轮采集】 2026-02-28 16:30:00
------------------------------------------------------------
✅ 采集成功: 偏多 0个, 偏空 0个 (后端已计算)
✅ 采集成功
   偏多 >80%: 0个
   偏空 >80%: 0个
   总监控: 28个
   文件: bias_stats_20260228.jsonl

下次采集: 16:35:00 (等待 299 秒)
============================================================

【第 9 轮采集】 2026-02-28 16:35:00
------------------------------------------------------------
✅ 采集成功: 偏多 0个, 偏空 0个 (后端已计算)
✅ 采集成功
   偏多 >80%: 0个
   偏空 >80%: 0个
   总监控: 28个
   文件: bias_stats_20260228.jsonl

下次采集: 16:40:00 (等待 299 秒)
============================================================

【第 10 轮采集】 2026-02-28 16:40:00
------------------------------------------------------------
✅ 采集成功: 偏多 0个, 偏空 0个 (后端已计算)
✅ 采集成功
   偏多 >80%: 0个
   偏空 >80%: 0个
   总监控: 28个
   文件: bias_stats_20260228.jsonl

下次采集: 16:45:00 (等待 299 秒)
============================================================

【第 11 轮采集】 2026-02-28 16:45:00
------------------------------------------------------------
✅ 采集成功: 偏多 0个, 偏空 0个 (后端已计算)
✅ 采集成功
   偏多 >80%: 0个
   偏空 >80%: 0个
   总监控: 28个
   文件: bias_stats_20260228.jsonl

下次采集: 16:50:00 (等待 299 秒)
============================================================

【第 12 轮采集】 2026-02-28 16:50:00
------------------------------------------------------------
✅ 采集成功: 偏多 0个, 偏空 1个 (后端已计算)
✅ 采集成功
   偏多 >80%: 0个
   偏空 >80%: 1个
   币种: TRX(83.3%)
   总监控: 28个
   文件: bias_stats_20260228.jsonl

下次采集: 16:55:00 (等待 299 秒)
============================================================

【第 13 轮采集】 2026-02-28 16:55:00
------------------------------------------------------------
✅ 采集成功: 偏多 0个, 偏空 1个 (后端已计算)
✅ 采集成功
   偏多 >80%: 0个
   偏空 >80%: 1个
   币种: TRX(83.3%)
   总监控: 28个
   文件: bias_stats_20260228.jsonl

下次采集: 17:00:00 (等待 299 秒)
============================================================

【第 14 轮采集】 2026-02-28 17:00:00
------------------------------------------------------------
✅ 采集成功: 偏多 0个, 偏空 1个 (后端已计算)
✅ 采集成功
   偏多 >80%: 0个
   偏空 >80%: 1个
   币种: TRX(83.3%)
   总监控: 28个
   文件: bias_stats_20260228.jsonl

下次采集: 17:05:00 (等待 299 秒)
============================================================

【第 15 轮采集】 2026-02-28 17:05:00
------------------------------------------------------------
✅ 采集成功: 偏多 0个, 偏空 1个 (后端已计算)
✅ 采集成功
   偏多 >80%: 0个
   偏空 >80%: 1个
   币种: TRX(83.3%)
   总监控: 28个
   文件: bias_stats_20260228.jsonl

下次采集: 17:10:00 (等待 299 秒)
============================================================

【第 16 轮采集】 2026-02-28 17:10:00
------------------------------------------------------------
✅ 采集成功: 偏多 0个, 偏空 0个 (后端已计算)
✅ 采集成功
   偏多 >80%: 0个
   偏空 >80%: 0个
   总监控: 28个
   文件: bias_stats_20260228.jsonl

下次采集: 17:15:00 (等待 299 秒)
============================================================

【第 17 轮采集】 2026-02-28 17:15:00
------------------------------------------------------------
✅ 采集成功: 偏多 0个, 偏空 0个 (后端已计算)
✅ 采集成功
   偏多 >80%: 0个
   偏空 >80%: 0个
   总监控: 28个
   文件: bias_stats_20260228.jsonl

下次采集: 17:20:00 (等待 299 秒)
============================================================

【第 18 轮采集】 2026-02-28 17:20:00
------------------------------------------------------------
✅ 采集成功: 偏多 0个, 偏空 0个 (后端已计算)
✅ 采集成功
   偏多 >80%: 0个
   偏空 >80%: 0个
   总监控: 28个
   文件: bias_stats_20260228.jsonl

下次采集: 17:25:00 (等待 299 秒)
============================================================

【第 19 轮采集】 2026-02-28 17:25:00
------------------------------------------------------------
✅ 采集成功: 偏多 0个, 偏空 0个 (后端已计算)
✅ 采集成功
   偏多 >80%: 0个
   偏空 >80%: 0个
   总监控: 28个
   文件: bias_stats_20260228.jsonl

下次采集: 17:30:00 (等待 299 秒)
============================================================

【第 20 轮采集】 2026-02-28 17:30:00
------------------------------------------------------------
✅ 采集成功: 偏多 0个, 偏空 0个 (后端已计算)
✅ 采集成功
   偏多 >80%: 0个
   偏空 >80%: 0个
   总监控: 28个
   文件: bias_stats_20260228.jsonl

下次采集: 17:35:00 (等待 299 秒)
============================================================

【第 21 轮采集】 2026-02-28 17:35:00
------------------------------------------------------------
✅ 采集成功: 偏多 0个, 偏空 0个 (后端已计算)
✅ 采集成功
   偏多 >80%: 0个
   偏空 >80%: 0个
   总监控: 28个
   文件: bias_stats_20260228.jsonl

下次采集: 17:40:00 (等待 299 秒)
============================================================

【第 22 轮采集】 2026-02-28 17:40:00
------------------------------------------------------------
✅ 采集成功: 偏多 0个, 偏空 0个 (后端已计算)
✅ 采集成功
   偏多 >80%: 0个
   偏空 >80%: 0个
   总监控: 28个
   文件: bias_stats_20260228.jsonl

下次采集: 17:45:00 (等待 299 秒)
============================================================

【第 23 轮采集】 2026-02-28 17:45:00
------------------------------------------------------------
✅ 采集成功: 偏多 0个, 偏空 0个 (后端已计算)
✅ 采集成功
   偏多 >80%: 0个
   偏空 >80%: 0个
   总监控: 28个
   文件: bias_stats_20260228.jsonl

下次采集: 17:50:00 (等待 299 秒)
============================================================

【第 24 轮采集】 2026-02-28 17:50:00
------------------------------------------------------------
✅ 采集成功: 偏多 0个, 偏空 0个 (后端已计算)
✅ 采集成功
   偏多 >80%: 0个
   偏空 >80%: 0个
   总监控: 28个
   文件: bias_stats_20260228.jsonl

下次采集: 17:55:00 (等待 299 秒)
============================================================

【第 25 轮采集】 2026-02-28 17:55:00
------------------------------------------------------------
✅ 采集成功: 偏多 0个, 偏空 0个 (后端已计算)
✅ 采集成功
   偏多 >80%: 0个
   偏空 >80%: 0个
   总监控: 28个
   文件: bias_stats_20260228.jsonl

下次采集: 18:00:00 (等待 299 秒)
============================================================

【第 26 轮采集】 2026-02-28 18:00:00
------------------------------------------------------------
✅ 采集成功: 偏多 0个, 偏空 0个 (后端已计算)
✅ 采集成功
   偏多 >80%: 0个
   偏空 >80%: 0个
   总监控: 28个
   文件: bias_stats_20260228.jsonl

下次采集: 18:05:00 (等待 299 秒)
============================================================

【第 27 轮采集】 2026-02-28 18:05:00
------------------------------------------------------------
✅ 采集成功: 偏多 0个, 偏空 0个 (后端已计算)
✅ 采集成功
   偏多 >80%: 0个
   偏空 >80%: 0个
   总监控: 28个
   文件: bias_stats_20260228.jsonl

下次采集: 18:10:00 (等待 299 秒)
============================================================

【第 28 轮采集】 2026-02-28 18:10:00
------------------------------------------------------------
✅ 采集成功: 偏多 0个, 偏空 0个 (后端已计算)
✅ 采集成功
   偏多 >80%: 0个
   偏空 >80%: 0个
   总监控: 28个
   文件: bias_stats_20260228.jsonl

下次采集: 18:15:00 (等待 299 秒)
============================================================

【第 29 轮采集】 2026-02-28 18:15:00
------------------------------------------------------------
✅ 采集成功: 偏多 0个, 偏空 0个 (后端已计算)
✅ 采集成功
   偏多 >80%: 0个
   偏空 >80%: 0个
   总监控: 28个
   文件: bias_stats_20260228.jsonl

下次采集: 18:20:00 (等待 299 秒)
============================================================

【第 30 轮采集】 2026-02-28 18:20:00
------------------------------------------------------------
✅ 采集成功: 偏多 0个, 偏空 0个 (后端已计算)
✅ 采集成功
   偏多 >80%: 0个
   偏空 >80%: 0个
   总监控: 28个
   文件: bias_stats_20260228.jsonl

下次采集: 18:25:00 (等待 299 秒)
============================================================

【第 31 轮采集】 2026-02-28 18:25:00
------------------------------------------------------------
✅ 采集成功: 偏多 0个, 偏空 0个 (后端已计算)
✅ 采集成功
   偏多 >80%: 0个
   偏空 >80%: 0个
   总监控: 28个
   文件: bias_stats_20260228.jsonl

下次采集: 18:30:00 (等待 299 秒)
============================================================

【第 32 轮采集】 2026-02-28 18:30:00
------------------------------------------------------------
✅ 采集成功: 偏多 0个, 偏空 0个 (后端已计算)
✅ 采集成功
   偏多 >80%: 0个
   偏空 >80%: 0个
   总监控: 28个
   文件: bias_stats_20260228.jsonl

下次采集: 18:35:00 (等待 299 秒)
============================================================

【第 33 轮采集】 2026-02-28 18:35:00
------------------------------------------------------------
✅ 采集成功: 偏多 0个, 偏空 0个 (后端已计算)
✅ 采集成功
   偏多 >80%: 0个
   偏空 >80%: 0个
   总监控: 28个
   文件: bias_stats_20260228.jsonl

下次采集: 18:40:00 (等待 299 秒)
============================================================

【第 34 轮采集】 2026-02-28 18:40:00
------------------------------------------------------------
✅ 采集成功: 偏多 0个, 偏空 0个 (后端已计算)
✅ 采集成功
   偏多 >80%: 0个
   偏空 >80%: 0个
   总监控: 28个
   文件: bias_stats_20260228.jsonl

下次采集: 18:45:00 (等待 299 秒)
============================================================

【第 35 轮采集】 2026-02-28 18:45:00
------------------------------------------------------------
✅ 采集成功: 偏多 0个, 偏空 0个 (后端已计算)
✅ 采集成功
   偏多 >80%: 0个
   偏空 >80%: 0个
   总监控: 28个
   文件: bias_stats_20260228.jsonl

下次采集: 18:50:00 (等待 299 秒)
============================================================

【第 36 轮采集】 2026-02-28 18:50:00
------------------------------------------------------------
✅ 采集成功: 偏多 0个, 偏空 0个 (后端已计算)
✅ 采集成功
   偏多 >80%: 0个
   偏空 >80%: 0个
   总监控: 28个
   文件: bias_stats_20260228.jsonl

下次采集: 18:55:00 (等待 299 秒)
============================================================

【第 37 轮采集】 2026-02-28 18:55:00
------------------------------------------------------------
✅ 采集成功: 偏多 0个, 偏空 0个 (后端已计算)
✅ 采集成功
   偏多 >80%: 0个
   偏空 >80%: 0个
   总监控: 28个
   文件: bias_stats_20260228.jsonl

下次采集: 19:00:00 (等待 299 秒)
============================================================

【第 38 轮采集】 2026-02-28 19:00:00
------------------------------------------------------------
✅ 采集成功: 偏多 0个, 偏空 0个 (后端已计算)
✅ 采集成功
   偏多 >80%: 0个
   偏空 >80%: 0个
   总监控: 28个
   文件: bias_stats_20260228.jsonl

下次采集: 19:05:00 (等待 299 秒)
============================================================

【第 39 轮采集】 2026-02-28 19:05:00
------------------------------------------------------------
✅ 采集成功: 偏多 0个, 偏空 0个 (后端已计算)
✅ 采集成功
   偏多 >80%: 0个
   偏空 >80%: 0个
   总监控: 28个
   文件: bias_stats_20260228.jsonl

下次采集: 19:10:00 (等待 299 秒)
============================================================

【第 40 轮采集】 2026-02-28 19:10:00
------------------------------------------------------------
✅ 采集成功: 偏多 0个, 偏空 0个 (后端已计算)
✅ 采集成功
   偏多 >80%: 0个
   偏空 >80%: 0个
   总监控: 28个
   文件: bias_stats_20260228.jsonl

下次采集: 19:15:00 (等待 299 秒)
============================================================

【第 41 轮采集】 2026-02-28 19:15:00
------------------------------------------------------------
✅ 采集成功: 偏多 0个, 偏空 0个 (后端已计算)
✅ 采集成功
   偏多 >80%: 0个
   偏空 >80%: 0个
   总监控: 28个
   文件: bias_stats_20260228.jsonl

下次采集: 19:20:00 (等待 299 秒)
============================================================

【第 42 轮采集】 2026-02-28 19:20:00
------------------------------------------------------------
✅ 采集成功: 偏多 0个, 偏空 0个 (后端已计算)
✅ 采集成功
   偏多 >80%: 0个
   偏空 >80%: 0个
   总监控: 28个
   文件: bias_stats_20260228.jsonl

下次采集: 19:25:00 (等待 299 秒)
============================================================

【第 43 轮采集】 2026-02-28 19:25:00
------------------------------------------------------------
✅ 采集成功: 偏多 0个, 偏空 0个 (后端已计算)
✅ 采集成功
   偏多 >80%: 0个
   偏空 >80%: 0个
   总监控: 28个
   文件: bias_stats_20260228.jsonl

下次采集: 19:30:00 (等待 299 秒)
============================================================

【第 44 轮采集】 2026-02-28 19:30:00
------------------------------------------------------------
✅ 采集成功: 偏多 0个, 偏空 0个 (后端已计算)
✅ 采集成功
   偏多 >80%: 0个
   偏空 >80%: 0个
   总监控: 28个
   文件: bias_stats_20260228.jsonl

下次采集: 19:35:00 (等待 299 秒)
============================================================

【第 45 轮采集】 2026-02-28 19:35:00
------------------------------------------------------------
✅ 采集成功: 偏多 0个, 偏空 0个 (后端已计算)
✅ 采集成功
   偏多 >80%: 0个
   偏空 >80%: 0个
   总监控: 28个
   文件: bias_stats_20260228.jsonl

下次采集: 19:40:00 (等待 299 秒)
============================================================

【第 46 轮采集】 2026-02-28 19:40:00
------------------------------------------------------------
✅ 采集成功: 偏多 0个, 偏空 0个 (后端已计算)
✅ 采集成功
   偏多 >80%: 0个
   偏空 >80%: 0个
   总监控: 28个
   文件: bias_stats_20260228.jsonl

下次采集: 19:45:00 (等待 299 秒)
============================================================

【第 47 轮采集】 2026-02-28 19:45:00
------------------------------------------------------------
✅ 采集成功: 偏多 0个, 偏空 0个 (后端已计算)
✅ 采集成功
   偏多 >80%: 0个
   偏空 >80%: 0个
   总监控: 28个
   文件: bias_stats_20260228.jsonl

下次采集: 19:50:00 (等待 299 秒)
============================================================

【第 48 轮采集】 2026-02-28 19:50:00
------------------------------------------------------------
✅ 采集成功: 偏多 0个, 偏空 0个 (后端已计算)
✅ 采集成功
   偏多 >80%: 0个
   偏空 >80%: 0个
   总监控: 28个
   文件: bias_stats_20260228.jsonl

下次采集: 19:55:00 (等待 299 秒)
============================================================

【第 49 轮采集】 2026-02-28 19:55:16
------------------------------------------------------------
✅ 采集成功: 偏多 0个, 偏空 0个 (后端已计算)
✅ 采集成功
   偏多 >80%: 0个
   偏空 >80%: 0个
   总监控: 28个
   文件: bias_stats_20260228.jsonl

下次采集: 20:00:00 (等待 283 秒)
============================================================

【第 50 轮采集】 2026-02-28 20:00:06
------------------------------------------------------------
✅ 采集成功: 偏多 0个, 偏空 0个 (后端已计算)
✅ 采集成功
   偏多 >80%: 0个
   偏空 >80%: 0个
   总监控: 28个
   文件: bias_stats_20260228.jsonl

下次采集: 20:05:00 (等待 293 秒)
============================================================

【第 51 轮采集】 2026-02-28 20:05:00
------------------------------------------------------------
✅ 采集成功: 偏多 0个, 偏空 0个 (后端已计算)
✅ 采集成功
   偏多 >80%: 0个
   偏空 >80%: 0个
   总监控: 28个
   文件: bias_stats_20260228.jsonl

下次采集: 20:10:00 (等待 299 秒)
============================================================

【第 52 轮采集】 2026-02-28 20:10:00
------------------------------------------------------------
✅ 采集成功: 偏多 0个, 偏空 0个 (后端已计算)
✅ 采集成功
   偏多 >80%: 0个
   偏空 >80%: 0个
   总监控: 28个
   文件: bias_stats_20260228.jsonl

下次采集: 20:15:00 (等待 299 秒)
============================================================

【第 53 轮采集】 2026-02-28 20:15:00
------------------------------------------------------------
✅ 采集成功: 偏多 0个, 偏空 0个 (后端已计算)
✅ 采集成功
   偏多 >80%: 0个
   偏空 >80%: 0个
   总监控: 28个
   文件: bias_stats_20260228.jsonl

下次采集: 20:20:00 (等待 299 秒)
============================================================

【第 54 轮采集】 2026-02-28 20:20:00
------------------------------------------------------------
✅ 采集成功: 偏多 0个, 偏空 0个 (后端已计算)
✅ 采集成功
   偏多 >80%: 0个
   偏空 >80%: 0个
   总监控: 28个
   文件: bias_stats_20260228.jsonl

下次采集: 20:25:00 (等待 299 秒)
============================================================

【第 55 轮采集】 2026-02-28 20:25:00
------------------------------------------------------------
✅ 采集成功: 偏多 0个, 偏空 0个 (后端已计算)
✅ 采集成功
   偏多 >80%: 0个
   偏空 >80%: 0个
   总监控: 28个
   文件: bias_stats_20260228.jsonl

下次采集: 20:30:00 (等待 299 秒)
============================================================

【第 56 轮采集】 2026-02-28 20:30:00
------------------------------------------------------------
✅ 采集成功: 偏多 0个, 偏空 0个 (后端已计算)
✅ 采集成功
   偏多 >80%: 0个
   偏空 >80%: 0个
   总监控: 28个
   文件: bias_stats_20260228.jsonl

下次采集: 20:35:00 (等待 299 秒)
============================================================

【第 57 轮采集】 2026-02-28 20:35:00
------------------------------------------------------------
✅ 采集成功: 偏多 0个, 偏空 0个 (后端已计算)
✅ 采集成功
   偏多 >80%: 0个
   偏空 >80%: 0个
   总监控: 28个
   文件: bias_stats_20260228.jsonl

下次采集: 20:40:00 (等待 299 秒)
============================================================

【第 58 轮采集】 2026-02-28 20:40:00
------------------------------------------------------------
✅ 采集成功: 偏多 0个, 偏空 0个 (后端已计算)
✅ 采集成功
   偏多 >80%: 0个
   偏空 >80%: 0个
   总监控: 28个
   文件: bias_stats_20260228.jsonl

下次采集: 20:45:00 (等待 299 秒)
============================================================

【第 59 轮采集】 2026-02-28 20:45:00
------------------------------------------------------------
✅ 采集成功: 偏多 0个, 偏空 0个 (后端已计算)
✅ 采集成功
   偏多 >80%: 0个
   偏空 >80%: 0个
   总监控: 28个
   文件: bias_stats_20260228.jsonl

下次采集: 20:50:00 (等待 299 秒)
============================================================

【第 60 轮采集】 2026-02-28 20:50:00
------------------------------------------------------------
✅ 采集成功: 偏多 0个, 偏空 0个 (后端已计算)
✅ 采集成功
   偏多 >80%: 0个
   偏空 >80%: 0个
   总监控: 28个
   文件: bias_stats_20260228.jsonl

下次采集: 20:55:00 (等待 299 秒)
============================================================

【第 61 轮采集】 2026-02-28 20:55:00
------------------------------------------------------------
✅ 采集成功: 偏多 0个, 偏空 0个 (后端已计算)
✅ 采集成功
   偏多 >80%: 0个
   偏空 >80%: 0个
   总监控: 28个
   文件: bias_stats_20260228.jsonl

下次采集: 21:00:00 (等待 299 秒)
============================================================

【第 62 轮采集】 2026-02-28 21:00:00
------------------------------------------------------------
✅ 采集成功: 偏多 0个, 偏空 0个 (后端已计算)
✅ 采集成功
   偏多 >80%: 0个
   偏空 >80%: 0个
   总监控: 28个
   文件: bias_stats_20260228.jsonl

下次采集: 21:05:00 (等待 299 秒)
============================================================

【第 63 轮采集】 2026-02-28 21:05:00
------------------------------------------------------------
✅ 采集成功: 偏多 0个, 偏空 0个 (后端已计算)
✅ 采集成功
   偏多 >80%: 0个
   偏空 >80%: 0个
   总监控: 28个
   文件: bias_stats_20260228.jsonl

下次采集: 21:10:00 (等待 299 秒)
============================================================

【第 64 轮采集】 2026-02-28 21:10:00
------------------------------------------------------------
✅ 采集成功: 偏多 0个, 偏空 0个 (后端已计算)
✅ 采集成功
   偏多 >80%: 0个
   偏空 >80%: 0个
   总监控: 28个
   文件: bias_stats_20260228.jsonl

下次采集: 21:15:00 (等待 299 秒)
============================================================

【第 65 轮采集】 2026-02-28 21:15:00
------------------------------------------------------------
✅ 采集成功: 偏多 0个, 偏空 0个 (后端已计算)
✅ 采集成功
   偏多 >80%: 0个
   偏空 >80%: 0个
   总监控: 28个
   文件: bias_stats_20260228.jsonl

下次采集: 21:20:00 (等待 299 秒)
============================================================
