2026-03-02 16:09:41,235 [INFO] ============================================================
2026-03-02 16:09:41,235 [INFO] 🔄 止损反手开单监控器启动
2026-03-02 16:09:41,235 [INFO] 📋 监控账户: account_main, account_fangfang12, account_anchor, account_poit, account_poit_main, account_dadanini
2026-03-02 16:09:41,235 [INFO] ⏱️  检查间隔: 60 秒
2026-03-02 16:09:41,235 [INFO] ============================================================
2026-03-02 16:09:41,235 [INFO] 📊 检查各账户止损反手配置状态...
2026-03-02 16:09:41,235 [INFO]   • account_main: ✅ 多单止损反手开空 - 已启用 - 策略: STG_SHORT_TOP8
2026-03-02 16:09:41,235 [INFO]   • account_main: ⏸️  空单止损反手开多 - 未启用（不会执行反手）
2026-03-02 16:09:41,235 [INFO]   • account_fangfang12: ⚪ 无配置
2026-03-02 16:09:41,235 [INFO]   • account_anchor: ⚪ 无配置
2026-03-02 16:09:41,236 [INFO]   • account_poit: ⚪ 无配置
2026-03-02 16:09:41,236 [INFO]   • account_poit_main: ⚪ 无配置
2026-03-02 16:09:41,236 [INFO]   • account_dadanini: ⚪ 无配置
2026-03-02 16:09:41,236 [INFO] ============================================================
2026-03-02 16:09:41,236 [INFO] 💡 提示: 只有'已启用'且'已选择策略'的账户才会自动执行反手操作
2026-03-02 16:09:41,236 [INFO] ============================================================
2026-03-02 16:09:41,236 [INFO] 🔍 开始检查止损反手触发条件...
2026-03-02 16:09:41,236 [INFO] ✅ 检查完成，等待 60 秒后继续...
2026-03-02 16:10:41,236 [INFO] 🔍 开始检查止损反手触发条件...
2026-03-02 16:10:41,238 [INFO] ✅ 检查完成，等待 60 秒后继续...
2026-03-02 16:11:41,238 [INFO] 🔍 开始检查止损反手触发条件...
2026-03-02 16:11:41,239 [INFO] ✅ 检查完成，等待 60 秒后继续...
2026-03-02 16:12:46,415 [INFO] 🔍 开始检查止损反手触发条件...
2026-03-02 16:12:46,422 [INFO] ✅ 检查完成，等待 60 秒后继续...
2026-03-02 16:13:46,422 [INFO] 🔍 开始检查止损反手触发条件...
2026-03-02 16:13:46,424 [INFO] ✅ 检查完成，等待 60 秒后继续...
2026-03-02 16:14:46,426 [INFO] 🔍 开始检查止损反手触发条件...
2026-03-02 16:14:46,428 [INFO] ✅ 检查完成，等待 60 秒后继续...
2026-03-02 16:15:46,428 [INFO] 🔍 开始检查止损反手触发条件...
2026-03-02 16:15:46,429 [INFO] ✅ 检查完成，等待 60 秒后继续...
2026-03-02 16:16:46,430 [INFO] 🔍 开始检查止损反手触发条件...
2026-03-02 16:16:46,431 [INFO] ✅ 检查完成，等待 60 秒后继续...
2026-03-02 16:17:46,432 [INFO] 🔍 开始检查止损反手触发条件...
2026-03-02 16:17:46,433 [INFO] ✅ 检查完成，等待 60 秒后继续...
2026-03-02 16:18:46,433 [INFO] 🔍 开始检查止损反手触发条件...
2026-03-02 16:18:46,434 [INFO] ✅ 检查完成，等待 60 秒后继续...
2026-03-02 16:19:46,435 [INFO] 🔍 开始检查止损反手触发条件...
2026-03-02 16:19:46,438 [INFO] ✅ 检查完成，等待 60 秒后继续...
2026-03-02 16:20:46,438 [INFO] 🔍 开始检查止损反手触发条件...
2026-03-02 16:20:46,440 [INFO] ✅ 检查完成，等待 60 秒后继续...
2026-03-02 16:21:46,440 [INFO] 🔍 开始检查止损反手触发条件...
2026-03-02 16:21:46,442 [INFO] ✅ 检查完成，等待 60 秒后继续...
2026-03-02 16:22:46,442 [INFO] 🔍 开始检查止损反手触发条件...
2026-03-02 16:22:46,443 [INFO] ✅ 检查完成，等待 60 秒后继续...
2026-03-02 16:23:46,444 [INFO] 🔍 开始检查止损反手触发条件...
2026-03-02 16:23:46,445 [INFO] ✅ 检查完成，等待 60 秒后继续...
2026-03-02 16:24:46,445 [INFO] 🔍 开始检查止损反手触发条件...
2026-03-02 16:24:46,447 [INFO] ✅ 检查完成，等待 60 秒后继续...
2026-03-02 16:25:46,447 [INFO] 🔍 开始检查止损反手触发条件...
2026-03-02 16:25:46,449 [INFO] ✅ 检查完成，等待 60 秒后继续...
2026-03-02 16:26:46,449 [INFO] 🔍 开始检查止损反手触发条件...
2026-03-02 16:26:46,451 [INFO] ✅ 检查完成，等待 60 秒后继续...
2026-03-02 16:27:46,451 [INFO] 🔍 开始检查止损反手触发条件...
2026-03-02 16:27:46,453 [INFO] ✅ 检查完成，等待 60 秒后继续...
2026-03-02 16:28:46,453 [INFO] 🔍 开始检查止损反手触发条件...
2026-03-02 16:28:46,454 [INFO] ✅ 检查完成，等待 60 秒后继续...
2026-03-02 16:29:46,455 [INFO] 🔍 开始检查止损反手触发条件...
2026-03-02 16:29:46,456 [INFO] ✅ 检查完成，等待 60 秒后继续...
2026-03-02 16:30:46,457 [INFO] 🔍 开始检查止损反手触发条件...
2026-03-02 16:30:46,458 [INFO] ✅ 检查完成，等待 60 秒后继续...
2026-03-02 16:31:46,458 [INFO] 🔍 开始检查止损反手触发条件...
2026-03-02 16:31:46,459 [INFO] ✅ 检查完成，等待 60 秒后继续...
2026-03-02 16:32:46,460 [INFO] 🔍 开始检查止损反手触发条件...
2026-03-02 16:32:46,460 [INFO] ✅ 检查完成，等待 60 秒后继续...
2026-03-02 16:33:46,461 [INFO] 🔍 开始检查止损反手触发条件...
2026-03-02 16:33:46,462 [INFO] ✅ 检查完成，等待 60 秒后继续...
2026-03-02 16:34:46,463 [INFO] 🔍 开始检查止损反手触发条件...
2026-03-02 16:34:46,464 [INFO] ✅ 检查完成，等待 60 秒后继续...
2026-03-02 16:35:46,464 [INFO] 🔍 开始检查止损反手触发条件...
2026-03-02 16:35:46,466 [INFO] ✅ 检查完成，等待 60 秒后继续...
2026-03-02 16:36:46,466 [INFO] 🔍 开始检查止损反手触发条件...
2026-03-02 16:36:46,467 [INFO] ✅ 检查完成，等待 60 秒后继续...
2026-03-02 16:37:46,467 [INFO] 🔍 开始检查止损反手触发条件...
2026-03-02 16:37:46,469 [INFO] ✅ 检查完成，等待 60 秒后继续...
2026-03-02 16:38:46,469 [INFO] 🔍 开始检查止损反手触发条件...
2026-03-02 16:38:46,471 [INFO] ✅ 检查完成，等待 60 秒后继续...
2026-03-02 16:39:46,471 [INFO] 🔍 开始检查止损反手触发条件...
2026-03-02 16:39:46,472 [INFO] ✅ 检查完成，等待 60 秒后继续...
2026-03-02 16:40:46,473 [INFO] 🔍 开始检查止损反手触发条件...
2026-03-02 16:40:46,474 [INFO] ✅ 检查完成，等待 60 秒后继续...
2026-03-02 16:41:46,475 [INFO] 🔍 开始检查止损反手触发条件...
2026-03-02 16:41:46,476 [INFO] ✅ 检查完成，等待 60 秒后继续...
2026-03-02 16:42:46,477 [INFO] 🔍 开始检查止损反手触发条件...
2026-03-02 16:42:46,478 [INFO] ✅ 检查完成，等待 60 秒后继续...
2026-03-02 16:43:46,478 [INFO] 🔍 开始检查止损反手触发条件...
2026-03-02 16:43:46,480 [INFO] ✅ 检查完成，等待 60 秒后继续...
2026-03-02 16:44:46,480 [INFO] 🔍 开始检查止损反手触发条件...
2026-03-02 16:44:46,482 [INFO] ✅ 检查完成，等待 60 秒后继续...
2026-03-02 16:45:46,482 [INFO] 🔍 开始检查止损反手触发条件...
2026-03-02 16:45:46,483 [INFO] ✅ 检查完成，等待 60 秒后继续...
2026-03-02 16:46:46,484 [INFO] 🔍 开始检查止损反手触发条件...
2026-03-02 16:46:46,485 [INFO] ✅ 检查完成，等待 60 秒后继续...
2026-03-02 16:47:46,485 [INFO] 🔍 开始检查止损反手触发条件...
2026-03-02 16:47:46,487 [INFO] ✅ 检查完成，等待 60 秒后继续...
2026-03-02 16:48:46,487 [INFO] 🔍 开始检查止损反手触发条件...
2026-03-02 16:48:46,488 [INFO] ✅ 检查完成，等待 60 秒后继续...
2026-03-02 16:49:46,489 [INFO] 🔍 开始检查止损反手触发条件...
2026-03-02 16:49:46,490 [INFO] ✅ 检查完成，等待 60 秒后继续...
2026-03-02 16:50:46,491 [INFO] 🔍 开始检查止损反手触发条件...
2026-03-02 16:50:46,492 [INFO] ✅ 检查完成，等待 60 秒后继续...
2026-03-02 16:51:46,493 [INFO] 🔍 开始检查止损反手触发条件...
2026-03-02 16:51:46,494 [INFO] ✅ 检查完成，等待 60 秒后继续...
2026-03-02 16:52:46,495 [INFO] 🔍 开始检查止损反手触发条件...
2026-03-02 16:52:46,496 [INFO] ✅ 检查完成，等待 60 秒后继续...
2026-03-02 16:53:46,496 [INFO] 🔍 开始检查止损反手触发条件...
2026-03-02 16:53:46,498 [INFO] ✅ 检查完成，等待 60 秒后继续...
2026-03-02 16:54:46,498 [INFO] 🔍 开始检查止损反手触发条件...
2026-03-02 16:54:46,499 [INFO] ✅ 检查完成，等待 60 秒后继续...
2026-03-02 16:55:46,500 [INFO] 🔍 开始检查止损反手触发条件...
2026-03-02 16:55:46,501 [INFO] ✅ 检查完成，等待 60 秒后继续...
2026-03-02 16:56:46,501 [INFO] 🔍 开始检查止损反手触发条件...
2026-03-02 16:56:46,503 [INFO] ✅ 检查完成，等待 60 秒后继续...
2026-03-02 16:57:46,503 [INFO] 🔍 开始检查止损反手触发条件...
2026-03-02 16:57:46,506 [INFO] ✅ 检查完成，等待 60 秒后继续...
2026-03-02 16:58:46,506 [INFO] 🔍 开始检查止损反手触发条件...
2026-03-02 16:58:46,508 [INFO] ✅ 检查完成，等待 60 秒后继续...
2026-03-02 16:59:46,508 [INFO] 🔍 开始检查止损反手触发条件...
2026-03-02 16:59:46,509 [INFO] ✅ 检查完成，等待 60 秒后继续...
2026-03-02 17:00:46,509 [INFO] 🔍 开始检查止损反手触发条件...
2026-03-02 17:00:46,510 [INFO] ✅ 检查完成，等待 60 秒后继续...
2026-03-02 17:01:46,511 [INFO] 🔍 开始检查止损反手触发条件...
2026-03-02 17:01:46,513 [INFO] ✅ 检查完成，等待 60 秒后继续...
2026-03-02 17:02:46,514 [INFO] 🔍 开始检查止损反手触发条件...
2026-03-02 17:02:46,515 [INFO] ✅ 检查完成，等待 60 秒后继续...
2026-03-02 17:03:46,516 [INFO] 🔍 开始检查止损反手触发条件...
2026-03-02 17:03:46,517 [INFO] ✅ 检查完成，等待 60 秒后继续...
2026-03-02 17:04:46,517 [INFO] 🔍 开始检查止损反手触发条件...
2026-03-02 17:04:46,519 [INFO] ✅ 检查完成，等待 60 秒后继续...
2026-03-02 17:05:46,519 [INFO] 🔍 开始检查止损反手触发条件...
2026-03-02 17:05:46,520 [INFO] ✅ 检查完成，等待 60 秒后继续...
2026-03-02 17:06:46,521 [INFO] 🔍 开始检查止损反手触发条件...
2026-03-02 17:06:46,522 [INFO] ✅ 检查完成，等待 60 秒后继续...
2026-03-02 17:07:46,523 [INFO] 🔍 开始检查止损反手触发条件...
2026-03-02 17:07:46,524 [INFO] ✅ 检查完成，等待 60 秒后继续...
2026-03-02 17:08:46,524 [INFO] 🔍 开始检查止损反手触发条件...
2026-03-02 17:08:46,526 [INFO] ✅ 检查完成，等待 60 秒后继续...
2026-03-02 17:09:46,526 [INFO] 🔍 开始检查止损反手触发条件...
2026-03-02 17:09:46,528 [INFO] ✅ 检查完成，等待 60 秒后继续...
2026-03-02 17:10:46,529 [INFO] 🔍 开始检查止损反手触发条件...
2026-03-02 17:10:46,530 [INFO] ✅ 检查完成，等待 60 秒后继续...
2026-03-02 17:11:46,530 [INFO] 🔍 开始检查止损反手触发条件...
2026-03-02 17:11:46,532 [INFO] ✅ 检查完成，等待 60 秒后继续...
2026-03-02 17:12:46,532 [INFO] 🔍 开始检查止损反手触发条件...
2026-03-02 17:12:46,534 [INFO] ✅ 检查完成，等待 60 秒后继续...
2026-03-02 17:13:46,535 [INFO] 🔍 开始检查止损反手触发条件...
2026-03-02 17:13:46,536 [INFO] ✅ 检查完成，等待 60 秒后继续...
2026-03-02 17:14:46,537 [INFO] 🔍 开始检查止损反手触发条件...
2026-03-02 17:14:46,538 [INFO] ✅ 检查完成，等待 60 秒后继续...
2026-03-02 17:15:46,538 [INFO] 🔍 开始检查止损反手触发条件...
2026-03-02 17:15:46,539 [INFO] ✅ 检查完成，等待 60 秒后继续...
2026-03-02 17:16:46,540 [INFO] 🔍 开始检查止损反手触发条件...
2026-03-02 17:16:46,541 [INFO] ✅ 检查完成，等待 60 秒后继续...
2026-03-02 17:17:46,541 [INFO] 🔍 开始检查止损反手触发条件...
2026-03-02 17:17:46,542 [INFO] ✅ 检查完成，等待 60 秒后继续...
2026-03-02 17:18:46,543 [INFO] 🔍 开始检查止损反手触发条件...
2026-03-02 17:18:46,544 [INFO] ✅ 检查完成，等待 60 秒后继续...
2026-03-02 17:19:46,545 [INFO] 🔍 开始检查止损反手触发条件...
2026-03-02 17:19:46,546 [INFO] ✅ 检查完成，等待 60 秒后继续...
2026-03-02 17:20:46,547 [INFO] 🔍 开始检查止损反手触发条件...
2026-03-02 17:20:46,548 [INFO] ✅ 检查完成，等待 60 秒后继续...
2026-03-02 17:21:46,549 [INFO] 🔍 开始检查止损反手触发条件...
2026-03-02 17:21:46,550 [INFO] ✅ 检查完成，等待 60 秒后继续...
2026-03-02 17:22:46,550 [INFO] 🔍 开始检查止损反手触发条件...
2026-03-02 17:22:46,552 [INFO] ✅ 检查完成，等待 60 秒后继续...
2026-03-02 17:23:46,552 [INFO] 🔍 开始检查止损反手触发条件...
2026-03-02 17:23:46,553 [INFO] ✅ 检查完成，等待 60 秒后继续...
2026-03-02 17:24:46,554 [INFO] 🔍 开始检查止损反手触发条件...
2026-03-02 17:24:46,555 [INFO] ✅ 检查完成，等待 60 秒后继续...
2026-03-02 17:25:46,556 [INFO] 🔍 开始检查止损反手触发条件...
2026-03-02 17:25:46,557 [INFO] ✅ 检查完成，等待 60 秒后继续...
2026-03-02 17:26:46,557 [INFO] 🔍 开始检查止损反手触发条件...
2026-03-02 17:26:46,559 [INFO] ✅ 检查完成，等待 60 秒后继续...
2026-03-02 17:27:46,559 [INFO] 🔍 开始检查止损反手触发条件...
2026-03-02 17:27:46,560 [INFO] ✅ 检查完成，等待 60 秒后继续...
2026-03-02 17:28:46,561 [INFO] 🔍 开始检查止损反手触发条件...
2026-03-02 17:28:46,562 [INFO] ✅ 检查完成，等待 60 秒后继续...
2026-03-02 17:29:46,563 [INFO] 🔍 开始检查止损反手触发条件...
2026-03-02 17:29:46,564 [INFO] ✅ 检查完成，等待 60 秒后继续...
2026-03-02 17:30:46,565 [INFO] 🔍 开始检查止损反手触发条件...
2026-03-02 17:30:46,566 [INFO] ✅ 检查完成，等待 60 秒后继续...
2026-03-02 17:31:46,567 [INFO] 🔍 开始检查止损反手触发条件...
2026-03-02 17:31:46,568 [INFO] ✅ 检查完成，等待 60 秒后继续...
2026-03-02 17:32:46,569 [INFO] 🔍 开始检查止损反手触发条件...
2026-03-02 17:32:46,572 [INFO] ✅ 检查完成，等待 60 秒后继续...
2026-03-02 17:33:46,573 [INFO] 🔍 开始检查止损反手触发条件...
2026-03-02 17:33:46,574 [INFO] ✅ 检查完成，等待 60 秒后继续...
2026-03-02 17:34:46,574 [INFO] 🔍 开始检查止损反手触发条件...
2026-03-02 17:34:46,575 [INFO] ✅ 检查完成，等待 60 秒后继续...
2026-03-02 17:35:46,576 [INFO] 🔍 开始检查止损反手触发条件...
2026-03-02 17:35:46,577 [INFO] ✅ 检查完成，等待 60 秒后继续...
2026-03-02 17:36:46,577 [INFO] 🔍 开始检查止损反手触发条件...
2026-03-02 17:36:46,578 [INFO] ✅ 检查完成，等待 60 秒后继续...
2026-03-02 17:37:46,579 [INFO] 🔍 开始检查止损反手触发条件...
2026-03-02 17:37:46,580 [INFO] ✅ 检查完成，等待 60 秒后继续...
2026-03-02 17:38:46,581 [INFO] 🔍 开始检查止损反手触发条件...
2026-03-02 17:38:46,583 [INFO] ✅ 检查完成，等待 60 秒后继续...
2026-03-02 17:39:46,585 [INFO] 🔍 开始检查止损反手触发条件...
2026-03-02 17:39:46,586 [INFO] ✅ 检查完成，等待 60 秒后继续...
2026-03-02 17:40:46,587 [INFO] 🔍 开始检查止损反手触发条件...
2026-03-02 17:40:46,588 [INFO] ✅ 检查完成，等待 60 秒后继续...
2026-03-02 17:41:46,589 [INFO] 🔍 开始检查止损反手触发条件...
2026-03-02 17:41:46,590 [INFO] ✅ 检查完成，等待 60 秒后继续...
2026-03-02 17:42:46,591 [INFO] 🔍 开始检查止损反手触发条件...
2026-03-02 17:42:46,592 [INFO] ✅ 检查完成，等待 60 秒后继续...
2026-03-02 17:43:46,593 [INFO] 🔍 开始检查止损反手触发条件...
2026-03-02 17:43:46,595 [INFO] ✅ 检查完成，等待 60 秒后继续...
2026-03-02 17:44:46,595 [INFO] 🔍 开始检查止损反手触发条件...
2026-03-02 17:44:46,597 [INFO] ✅ 检查完成，等待 60 秒后继续...
2026-03-02 17:45:46,597 [INFO] 🔍 开始检查止损反手触发条件...
2026-03-02 17:45:46,598 [INFO] ✅ 检查完成，等待 60 秒后继续...
2026-03-02 17:46:46,599 [INFO] 🔍 开始检查止损反手触发条件...
2026-03-02 17:46:46,600 [INFO] ✅ 检查完成，等待 60 秒后继续...
2026-03-02 17:47:46,601 [INFO] 🔍 开始检查止损反手触发条件...
2026-03-02 17:47:46,602 [INFO] ✅ 检查完成，等待 60 秒后继续...
2026-03-02 17:48:46,602 [INFO] 🔍 开始检查止损反手触发条件...
2026-03-02 17:48:46,604 [INFO] ✅ 检查完成，等待 60 秒后继续...
2026-03-02 17:49:46,605 [INFO] 🔍 开始检查止损反手触发条件...
2026-03-02 17:49:46,606 [INFO] ✅ 检查完成，等待 60 秒后继续...
2026-03-02 17:50:46,606 [INFO] 🔍 开始检查止损反手触发条件...
2026-03-02 17:50:46,608 [INFO] ✅ 检查完成，等待 60 秒后继续...
2026-03-02 17:51:46,608 [INFO] 🔍 开始检查止损反手触发条件...
2026-03-02 17:51:46,610 [INFO] ✅ 检查完成，等待 60 秒后继续...
2026-03-02 17:52:46,610 [INFO] 🔍 开始检查止损反手触发条件...
2026-03-02 17:52:46,612 [INFO] ✅ 检查完成，等待 60 秒后继续...
2026-03-02 17:53:46,612 [INFO] 🔍 开始检查止损反手触发条件...
2026-03-02 17:53:46,615 [INFO] ✅ 检查完成，等待 60 秒后继续...
2026-03-02 17:54:46,615 [INFO] 🔍 开始检查止损反手触发条件...
2026-03-02 17:54:46,616 [INFO] ✅ 检查完成，等待 60 秒后继续...
2026-03-02 17:55:46,617 [INFO] 🔍 开始检查止损反手触发条件...
2026-03-02 17:55:46,618 [INFO] ✅ 检查完成，等待 60 秒后继续...
2026-03-02 17:56:46,619 [INFO] 🔍 开始检查止损反手触发条件...
2026-03-02 17:56:46,620 [INFO] ✅ 检查完成，等待 60 秒后继续...
2026-03-02 17:57:46,621 [INFO] 🔍 开始检查止损反手触发条件...
2026-03-02 17:57:46,622 [INFO] ✅ 检查完成，等待 60 秒后继续...
2026-03-02 17:58:46,623 [INFO] 🔍 开始检查止损反手触发条件...
2026-03-02 17:58:46,626 [INFO] ✅ 检查完成，等待 60 秒后继续...
2026-03-02 17:59:46,626 [INFO] 🔍 开始检查止损反手触发条件...
2026-03-02 17:59:46,627 [INFO] ✅ 检查完成，等待 60 秒后继续...
2026-03-02 18:00:46,628 [INFO] 🔍 开始检查止损反手触发条件...
2026-03-02 18:00:46,629 [INFO] ✅ 检查完成，等待 60 秒后继续...
2026-03-02 18:01:46,630 [INFO] 🔍 开始检查止损反手触发条件...
2026-03-02 18:01:46,631 [INFO] ✅ 检查完成，等待 60 秒后继续...
2026-03-02 18:02:46,631 [INFO] 🔍 开始检查止损反手触发条件...
2026-03-02 18:02:46,633 [INFO] ✅ 检查完成，等待 60 秒后继续...
2026-03-02 18:03:46,633 [INFO] 🔍 开始检查止损反手触发条件...
2026-03-02 18:03:46,634 [INFO] ✅ 检查完成，等待 60 秒后继续...
2026-03-02 18:04:46,635 [INFO] 🔍 开始检查止损反手触发条件...
2026-03-02 18:04:46,636 [INFO] ✅ 检查完成，等待 60 秒后继续...
2026-03-02 18:05:46,637 [INFO] 🔍 开始检查止损反手触发条件...
2026-03-02 18:05:46,639 [INFO] ✅ 检查完成，等待 60 秒后继续...
2026-03-02 18:06:46,641 [INFO] 🔍 开始检查止损反手触发条件...
2026-03-02 18:06:46,642 [INFO] ✅ 检查完成，等待 60 秒后继续...
2026-03-02 18:07:46,643 [INFO] 🔍 开始检查止损反手触发条件...
2026-03-02 18:07:46,644 [INFO] ✅ 检查完成，等待 60 秒后继续...
2026-03-02 18:08:46,644 [INFO] 🔍 开始检查止损反手触发条件...
2026-03-02 18:08:46,646 [INFO] ✅ 检查完成，等待 60 秒后继续...
2026-03-02 18:09:46,646 [INFO] 🔍 开始检查止损反手触发条件...
2026-03-02 18:09:46,647 [INFO] ✅ 检查完成，等待 60 秒后继续...
2026-03-02 18:10:46,648 [INFO] 🔍 开始检查止损反手触发条件...
2026-03-02 18:10:46,649 [INFO] ✅ 检查完成，等待 60 秒后继续...
2026-03-02 18:11:46,649 [INFO] 🔍 开始检查止损反手触发条件...
2026-03-02 18:11:46,651 [INFO] ✅ 检查完成，等待 60 秒后继续...
2026-03-02 18:12:46,651 [INFO] 🔍 开始检查止损反手触发条件...
2026-03-02 18:12:46,652 [INFO] ✅ 检查完成，等待 60 秒后继续...
2026-03-02 18:13:46,653 [INFO] 🔍 开始检查止损反手触发条件...
2026-03-02 18:13:46,654 [INFO] ✅ 检查完成，等待 60 秒后继续...
2026-03-02 18:14:46,655 [INFO] 🔍 开始检查止损反手触发条件...
2026-03-02 18:14:46,657 [INFO] ✅ 检查完成，等待 60 秒后继续...
2026-03-02 18:15:46,658 [INFO] 🔍 开始检查止损反手触发条件...
2026-03-02 18:15:46,659 [INFO] ✅ 检查完成，等待 60 秒后继续...
2026-03-02 18:16:46,659 [INFO] 🔍 开始检查止损反手触发条件...
2026-03-02 18:16:46,661 [INFO] ✅ 检查完成，等待 60 秒后继续...
2026-03-02 18:17:46,661 [INFO] 🔍 开始检查止损反手触发条件...
2026-03-02 18:17:46,662 [INFO] ✅ 检查完成，等待 60 秒后继续...
2026-03-02 18:18:46,663 [INFO] 🔍 开始检查止损反手触发条件...
2026-03-02 18:18:46,665 [INFO] ✅ 检查完成，等待 60 秒后继续...
2026-03-02 18:19:46,665 [INFO] 🔍 开始检查止损反手触发条件...
2026-03-02 18:19:46,667 [INFO] ✅ 检查完成，等待 60 秒后继续...
2026-03-02 18:20:46,667 [INFO] 🔍 开始检查止损反手触发条件...
2026-03-02 18:20:46,668 [INFO] ✅ 检查完成，等待 60 秒后继续...
2026-03-02 18:21:46,669 [INFO] 🔍 开始检查止损反手触发条件...
2026-03-02 18:21:46,670 [INFO] ✅ 检查完成，等待 60 秒后继续...
2026-03-02 18:22:46,671 [INFO] 🔍 开始检查止损反手触发条件...
2026-03-02 18:22:46,672 [INFO] ✅ 检查完成，等待 60 秒后继续...
2026-03-02 18:23:46,672 [INFO] 🔍 开始检查止损反手触发条件...
2026-03-02 18:23:46,674 [INFO] ✅ 检查完成，等待 60 秒后继续...
2026-03-02 18:24:46,674 [INFO] 🔍 开始检查止损反手触发条件...
2026-03-02 18:24:46,676 [INFO] ✅ 检查完成，等待 60 秒后继续...
2026-03-02 18:25:46,680 [INFO] 🔍 开始检查止损反手触发条件...
2026-03-02 18:25:46,682 [INFO] ✅ 检查完成，等待 60 秒后继续...
2026-03-02 18:26:46,683 [INFO] 🔍 开始检查止损反手触发条件...
2026-03-02 18:26:46,685 [INFO] ✅ 检查完成，等待 60 秒后继续...
2026-03-02 18:27:46,685 [INFO] 🔍 开始检查止损反手触发条件...
2026-03-02 18:27:46,687 [INFO] ✅ 检查完成，等待 60 秒后继续...
2026-03-02 18:28:46,687 [INFO] 🔍 开始检查止损反手触发条件...
2026-03-02 18:28:46,688 [INFO] ✅ 检查完成，等待 60 秒后继续...
2026-03-02 18:29:46,689 [INFO] 🔍 开始检查止损反手触发条件...
2026-03-02 18:29:46,690 [INFO] ✅ 检查完成，等待 60 秒后继续...
2026-03-02 18:30:46,690 [INFO] 🔍 开始检查止损反手触发条件...
2026-03-02 18:30:46,691 [INFO] ✅ 检查完成，等待 60 秒后继续...
2026-03-02 18:31:46,692 [INFO] 🔍 开始检查止损反手触发条件...
2026-03-02 18:31:46,693 [INFO] ✅ 检查完成，等待 60 秒后继续...
2026-03-02 18:32:46,693 [INFO] 🔍 开始检查止损反手触发条件...
2026-03-02 18:32:46,695 [INFO] ✅ 检查完成，等待 60 秒后继续...
2026-03-02 18:33:46,695 [INFO] 🔍 开始检查止损反手触发条件...
2026-03-02 18:33:46,696 [INFO] ✅ 检查完成，等待 60 秒后继续...
2026-03-02 18:34:46,697 [INFO] 🔍 开始检查止损反手触发条件...
2026-03-02 18:34:46,698 [INFO] ✅ 检查完成，等待 60 秒后继续...
2026-03-02 18:35:46,699 [INFO] 🔍 开始检查止损反手触发条件...
2026-03-02 18:35:46,700 [INFO] ✅ 检查完成，等待 60 秒后继续...
2026-03-02 18:36:46,700 [INFO] 🔍 开始检查止损反手触发条件...
2026-03-02 18:36:46,701 [INFO] ✅ 检查完成，等待 60 秒后继续...
2026-03-02 18:37:46,702 [INFO] 🔍 开始检查止损反手触发条件...
2026-03-02 18:37:46,703 [INFO] ✅ 检查完成，等待 60 秒后继续...
2026-03-02 18:38:46,703 [INFO] 🔍 开始检查止损反手触发条件...
2026-03-02 18:38:46,705 [INFO] ✅ 检查完成，等待 60 秒后继续...
2026-03-02 18:39:46,705 [INFO] 🔍 开始检查止损反手触发条件...
2026-03-02 18:39:46,707 [INFO] ✅ 检查完成，等待 60 秒后继续...
2026-03-02 18:40:46,708 [INFO] 🔍 开始检查止损反手触发条件...
2026-03-02 18:40:46,710 [INFO] ✅ 检查完成，等待 60 秒后继续...
2026-03-02 18:41:46,710 [INFO] 🔍 开始检查止损反手触发条件...
2026-03-02 18:41:46,711 [INFO] ✅ 检查完成，等待 60 秒后继续...
2026-03-02 18:42:46,712 [INFO] 🔍 开始检查止损反手触发条件...
2026-03-02 18:42:46,713 [INFO] ✅ 检查完成，等待 60 秒后继续...
2026-03-02 18:43:46,714 [INFO] 🔍 开始检查止损反手触发条件...
2026-03-02 18:43:46,715 [INFO] ✅ 检查完成，等待 60 秒后继续...
2026-03-02 18:44:46,716 [INFO] 🔍 开始检查止损反手触发条件...
2026-03-02 18:44:46,717 [INFO] ✅ 检查完成，等待 60 秒后继续...
2026-03-02 18:45:46,718 [INFO] 🔍 开始检查止损反手触发条件...
2026-03-02 18:45:46,720 [INFO] ✅ 检查完成，等待 60 秒后继续...
2026-03-02 18:46:46,721 [INFO] 🔍 开始检查止损反手触发条件...
2026-03-02 18:46:46,722 [INFO] ✅ 检查完成，等待 60 秒后继续...
2026-03-02 18:47:46,723 [INFO] 🔍 开始检查止损反手触发条件...
2026-03-02 18:47:46,724 [INFO] ✅ 检查完成，等待 60 秒后继续...
2026-03-02 18:48:46,725 [INFO] 🔍 开始检查止损反手触发条件...
2026-03-02 18:48:46,726 [INFO] ✅ 检查完成，等待 60 秒后继续...
2026-03-02 18:49:46,726 [INFO] 🔍 开始检查止损反手触发条件...
2026-03-02 18:49:46,728 [INFO] ✅ 检查完成，等待 60 秒后继续...
2026-03-02 18:50:46,729 [INFO] 🔍 开始检查止损反手触发条件...
2026-03-02 18:50:46,730 [INFO] ✅ 检查完成，等待 60 秒后继续...
2026-03-02 18:51:46,730 [INFO] 🔍 开始检查止损反手触发条件...
2026-03-02 18:51:46,732 [INFO] ✅ 检查完成，等待 60 秒后继续...
2026-03-02 18:52:46,732 [INFO] 🔍 开始检查止损反手触发条件...
2026-03-02 18:52:46,733 [INFO] ✅ 检查完成，等待 60 秒后继续...
2026-03-02 18:53:46,734 [INFO] 🔍 开始检查止损反手触发条件...
2026-03-02 18:53:46,735 [INFO] ✅ 检查完成，等待 60 秒后继续...
2026-03-02 18:54:46,736 [INFO] 🔍 开始检查止损反手触发条件...
2026-03-02 18:54:46,737 [INFO] ✅ 检查完成，等待 60 秒后继续...
2026-03-02 18:55:46,738 [INFO] 🔍 开始检查止损反手触发条件...
2026-03-02 18:55:46,739 [INFO] ✅ 检查完成，等待 60 秒后继续...
2026-03-02 18:56:46,739 [INFO] 🔍 开始检查止损反手触发条件...
2026-03-02 18:56:46,740 [INFO] ✅ 检查完成，等待 60 秒后继续...
2026-03-02 18:57:46,741 [INFO] 🔍 开始检查止损反手触发条件...
2026-03-02 18:57:46,742 [INFO] ✅ 检查完成，等待 60 秒后继续...
2026-03-02 18:58:46,743 [INFO] 🔍 开始检查止损反手触发条件...
2026-03-02 18:58:46,744 [INFO] ✅ 检查完成，等待 60 秒后继续...
2026-03-02 18:59:46,745 [INFO] 🔍 开始检查止损反手触发条件...
2026-03-02 18:59:46,746 [INFO] ✅ 检查完成，等待 60 秒后继续...
2026-03-02 19:00:46,746 [INFO] 🔍 开始检查止损反手触发条件...
2026-03-02 19:00:46,747 [INFO] ✅ 检查完成，等待 60 秒后继续...
2026-03-02 19:01:46,747 [INFO] 🔍 开始检查止损反手触发条件...
2026-03-02 19:01:46,749 [INFO] ✅ 检查完成，等待 60 秒后继续...
2026-03-02 19:02:46,750 [INFO] 🔍 开始检查止损反手触发条件...
2026-03-02 19:02:46,751 [INFO] ✅ 检查完成，等待 60 秒后继续...
2026-03-02 19:03:46,751 [INFO] 🔍 开始检查止损反手触发条件...
2026-03-02 19:03:46,753 [INFO] ✅ 检查完成，等待 60 秒后继续...
2026-03-02 19:04:46,753 [INFO] 🔍 开始检查止损反手触发条件...
2026-03-02 19:04:46,754 [INFO] ✅ 检查完成，等待 60 秒后继续...
2026-03-02 19:05:46,754 [INFO] 🔍 开始检查止损反手触发条件...
2026-03-02 19:05:46,756 [INFO] ✅ 检查完成，等待 60 秒后继续...
2026-03-02 19:06:46,756 [INFO] 🔍 开始检查止损反手触发条件...
2026-03-02 19:06:46,758 [INFO] ✅ 检查完成，等待 60 秒后继续...
2026-03-02 19:07:46,758 [INFO] 🔍 开始检查止损反手触发条件...
2026-03-02 19:07:46,760 [INFO] ✅ 检查完成，等待 60 秒后继续...
2026-03-02 19:08:46,760 [INFO] 🔍 开始检查止损反手触发条件...
2026-03-02 19:08:46,761 [INFO] ✅ 检查完成，等待 60 秒后继续...
2026-03-02 19:09:46,762 [INFO] 🔍 开始检查止损反手触发条件...
2026-03-02 19:09:46,763 [INFO] ✅ 检查完成，等待 60 秒后继续...
2026-03-02 19:10:46,763 [INFO] 🔍 开始检查止损反手触发条件...
2026-03-02 19:10:46,765 [INFO] ✅ 检查完成，等待 60 秒后继续...
2026-03-02 19:11:46,765 [INFO] 🔍 开始检查止损反手触发条件...
2026-03-02 19:11:46,767 [INFO] ✅ 检查完成，等待 60 秒后继续...
2026-03-02 19:12:46,767 [INFO] 🔍 开始检查止损反手触发条件...
2026-03-02 19:12:46,769 [INFO] ✅ 检查完成，等待 60 秒后继续...
2026-03-02 19:13:46,770 [INFO] 🔍 开始检查止损反手触发条件...
2026-03-02 19:13:46,771 [INFO] ✅ 检查完成，等待 60 秒后继续...
2026-03-02 19:14:46,772 [INFO] 🔍 开始检查止损反手触发条件...
2026-03-02 19:14:46,773 [INFO] ✅ 检查完成，等待 60 秒后继续...
2026-03-02 19:15:46,774 [INFO] 🔍 开始检查止损反手触发条件...
2026-03-02 19:15:46,775 [INFO] ✅ 检查完成，等待 60 秒后继续...
2026-03-02 19:16:46,775 [INFO] 🔍 开始检查止损反手触发条件...
2026-03-02 19:16:46,777 [INFO] ✅ 检查完成，等待 60 秒后继续...
2026-03-02 19:17:46,777 [INFO] 🔍 开始检查止损反手触发条件...
2026-03-02 19:17:46,778 [INFO] ✅ 检查完成，等待 60 秒后继续...
2026-03-02 19:18:46,779 [INFO] 🔍 开始检查止损反手触发条件...
2026-03-02 19:18:46,780 [INFO] ✅ 检查完成，等待 60 秒后继续...
2026-03-02 19:19:46,781 [INFO] 🔍 开始检查止损反手触发条件...
2026-03-02 19:19:46,782 [INFO] ✅ 检查完成，等待 60 秒后继续...
2026-03-02 19:20:46,782 [INFO] 🔍 开始检查止损反手触发条件...
2026-03-02 19:20:46,784 [INFO] ✅ 检查完成，等待 60 秒后继续...
2026-03-02 19:21:46,784 [INFO] 🔍 开始检查止损反手触发条件...
2026-03-02 19:21:46,785 [INFO] ✅ 检查完成，等待 60 秒后继续...
2026-03-02 19:22:46,786 [INFO] 🔍 开始检查止损反手触发条件...
2026-03-02 19:22:46,787 [INFO] ✅ 检查完成，等待 60 秒后继续...
2026-03-02 19:23:46,787 [INFO] 🔍 开始检查止损反手触发条件...
2026-03-02 19:23:46,789 [INFO] ✅ 检查完成，等待 60 秒后继续...
2026-03-02 19:24:46,789 [INFO] 🔍 开始检查止损反手触发条件...
2026-03-02 19:24:46,791 [INFO] ✅ 检查完成，等待 60 秒后继续...
2026-03-02 19:25:46,791 [INFO] 🔍 开始检查止损反手触发条件...
2026-03-02 19:25:46,793 [INFO] ✅ 检查完成，等待 60 秒后继续...
2026-03-02 19:26:46,793 [INFO] 🔍 开始检查止损反手触发条件...
2026-03-02 19:26:46,794 [INFO] ✅ 检查完成，等待 60 秒后继续...
2026-03-02 19:27:46,795 [INFO] 🔍 开始检查止损反手触发条件...
2026-03-02 19:27:46,796 [INFO] ✅ 检查完成，等待 60 秒后继续...
2026-03-02 19:28:46,797 [INFO] 🔍 开始检查止损反手触发条件...
2026-03-02 19:28:46,798 [INFO] ✅ 检查完成，等待 60 秒后继续...
2026-03-02 19:29:46,798 [INFO] 🔍 开始检查止损反手触发条件...
2026-03-02 19:29:46,800 [INFO] ✅ 检查完成，等待 60 秒后继续...
2026-03-02 19:30:46,800 [INFO] 🔍 开始检查止损反手触发条件...
2026-03-02 19:30:46,801 [INFO] ✅ 检查完成，等待 60 秒后继续...
2026-03-02 19:31:46,802 [INFO] 🔍 开始检查止损反手触发条件...
2026-03-02 19:31:46,803 [INFO] ✅ 检查完成，等待 60 秒后继续...
2026-03-02 19:32:46,803 [INFO] 🔍 开始检查止损反手触发条件...
2026-03-02 19:32:46,806 [INFO] ✅ 检查完成，等待 60 秒后继续...
2026-03-02 19:33:46,807 [INFO] 🔍 开始检查止损反手触发条件...
2026-03-02 19:33:46,808 [INFO] ✅ 检查完成，等待 60 秒后继续...
2026-03-02 19:34:46,808 [INFO] 🔍 开始检查止损反手触发条件...
2026-03-02 19:34:46,810 [INFO] ✅ 检查完成，等待 60 秒后继续...
2026-03-02 19:35:46,810 [INFO] 🔍 开始检查止损反手触发条件...
2026-03-02 19:35:46,811 [INFO] ✅ 检查完成，等待 60 秒后继续...
2026-03-02 19:36:46,812 [INFO] 🔍 开始检查止损反手触发条件...
2026-03-02 19:36:46,813 [INFO] ✅ 检查完成，等待 60 秒后继续...
2026-03-02 19:37:46,814 [INFO] 🔍 开始检查止损反手触发条件...
2026-03-02 19:37:46,815 [INFO] ✅ 检查完成，等待 60 秒后继续...
2026-03-02 19:38:46,816 [INFO] 🔍 开始检查止损反手触发条件...
2026-03-02 19:38:46,817 [INFO] ✅ 检查完成，等待 60 秒后继续...
2026-03-02 19:39:46,817 [INFO] 🔍 开始检查止损反手触发条件...
2026-03-02 19:39:46,819 [INFO] ✅ 检查完成，等待 60 秒后继续...
2026-03-02 19:40:46,819 [INFO] 🔍 开始检查止损反手触发条件...
2026-03-02 19:40:46,820 [INFO] ✅ 检查完成，等待 60 秒后继续...
2026-03-02 19:41:46,821 [INFO] 🔍 开始检查止损反手触发条件...
2026-03-02 19:41:46,822 [INFO] ✅ 检查完成，等待 60 秒后继续...
2026-03-02 19:42:46,822 [INFO] 🔍 开始检查止损反手触发条件...
2026-03-02 19:42:46,824 [INFO] ✅ 检查完成，等待 60 秒后继续...
2026-03-02 19:43:46,824 [INFO] 🔍 开始检查止损反手触发条件...
2026-03-02 19:43:46,826 [INFO] ✅ 检查完成，等待 60 秒后继续...
2026-03-02 19:44:46,826 [INFO] 🔍 开始检查止损反手触发条件...
2026-03-02 19:44:46,827 [INFO] ✅ 检查完成，等待 60 秒后继续...
2026-03-02 19:45:46,828 [INFO] 🔍 开始检查止损反手触发条件...
2026-03-02 19:45:46,830 [INFO] ✅ 检查完成，等待 60 秒后继续...
2026-03-02 19:46:46,831 [INFO] 🔍 开始检查止损反手触发条件...
2026-03-02 19:46:46,833 [INFO] ✅ 检查完成，等待 60 秒后继续...
2026-03-02 19:47:46,835 [INFO] 🔍 开始检查止损反手触发条件...
2026-03-02 19:47:46,837 [INFO] ✅ 检查完成，等待 60 秒后继续...
2026-03-02 19:48:46,837 [INFO] 🔍 开始检查止损反手触发条件...
2026-03-02 19:48:46,838 [INFO] ✅ 检查完成，等待 60 秒后继续...
2026-03-02 19:49:46,839 [INFO] 🔍 开始检查止损反手触发条件...
2026-03-02 19:49:46,840 [INFO] ✅ 检查完成，等待 60 秒后继续...
2026-03-02 19:50:46,841 [INFO] 🔍 开始检查止损反手触发条件...
2026-03-02 19:50:46,842 [INFO] ✅ 检查完成，等待 60 秒后继续...
2026-03-02 19:51:46,843 [INFO] 🔍 开始检查止损反手触发条件...
2026-03-02 19:51:46,844 [INFO] ✅ 检查完成，等待 60 秒后继续...
2026-03-02 19:52:46,844 [INFO] 🔍 开始检查止损反手触发条件...
2026-03-02 19:52:46,846 [INFO] ✅ 检查完成，等待 60 秒后继续...
2026-03-02 19:53:46,846 [INFO] 🔍 开始检查止损反手触发条件...
2026-03-02 19:53:46,847 [INFO] ✅ 检查完成，等待 60 秒后继续...
2026-03-02 19:54:46,848 [INFO] 🔍 开始检查止损反手触发条件...
2026-03-02 19:54:46,849 [INFO] ✅ 检查完成，等待 60 秒后继续...
2026-03-02 19:55:46,850 [INFO] 🔍 开始检查止损反手触发条件...
2026-03-02 19:55:46,851 [INFO] ✅ 检查完成，等待 60 秒后继续...
2026-03-02 19:56:46,851 [INFO] 🔍 开始检查止损反手触发条件...
2026-03-02 19:56:46,852 [INFO] ✅ 检查完成，等待 60 秒后继续...
2026-03-02 19:57:46,852 [INFO] 🔍 开始检查止损反手触发条件...
2026-03-02 19:57:46,854 [INFO] ✅ 检查完成，等待 60 秒后继续...
2026-03-02 19:58:46,854 [INFO] 🔍 开始检查止损反手触发条件...
2026-03-02 19:58:46,855 [INFO] ✅ 检查完成，等待 60 秒后继续...
2026-03-02 19:59:46,856 [INFO] 🔍 开始检查止损反手触发条件...
2026-03-02 19:59:46,857 [INFO] ✅ 检查完成，等待 60 秒后继续...
2026-03-02 20:00:46,858 [INFO] 🔍 开始检查止损反手触发条件...
2026-03-02 20:00:46,860 [INFO] ✅ 检查完成，等待 60 秒后继续...
2026-03-02 20:01:46,860 [INFO] 🔍 开始检查止损反手触发条件...
2026-03-02 20:01:46,862 [INFO] ✅ 检查完成，等待 60 秒后继续...
2026-03-02 20:02:46,862 [INFO] 🔍 开始检查止损反手触发条件...
2026-03-02 20:02:46,864 [INFO] ✅ 检查完成，等待 60 秒后继续...
2026-03-02 20:03:46,864 [INFO] 🔍 开始检查止损反手触发条件...
2026-03-02 20:03:46,865 [INFO] ✅ 检查完成，等待 60 秒后继续...
2026-03-02 20:04:46,866 [INFO] 🔍 开始检查止损反手触发条件...
2026-03-02 20:04:46,867 [INFO] ✅ 检查完成，等待 60 秒后继续...
2026-03-02 20:05:46,867 [INFO] 🔍 开始检查止损反手触发条件...
2026-03-02 20:05:46,869 [INFO] ✅ 检查完成，等待 60 秒后继续...
2026-03-02 20:06:46,869 [INFO] 🔍 开始检查止损反手触发条件...
2026-03-02 20:06:46,870 [INFO] ✅ 检查完成，等待 60 秒后继续...
2026-03-02 20:07:46,871 [INFO] 🔍 开始检查止损反手触发条件...
2026-03-02 20:07:46,872 [INFO] ✅ 检查完成，等待 60 秒后继续...
2026-03-02 20:08:46,872 [INFO] 🔍 开始检查止损反手触发条件...
2026-03-02 20:08:46,874 [INFO] ✅ 检查完成，等待 60 秒后继续...
2026-03-02 20:09:46,875 [INFO] 🔍 开始检查止损反手触发条件...
2026-03-02 20:09:46,876 [INFO] ✅ 检查完成，等待 60 秒后继续...
2026-03-02 20:10:46,877 [INFO] 🔍 开始检查止损反手触发条件...
2026-03-02 20:10:46,878 [INFO] ✅ 检查完成，等待 60 秒后继续...
2026-03-02 20:11:46,878 [INFO] 🔍 开始检查止损反手触发条件...
2026-03-02 20:11:46,879 [INFO] ✅ 检查完成，等待 60 秒后继续...
2026-03-02 20:12:52,411 [INFO] 🔍 开始检查止损反手触发条件...
2026-03-02 20:12:52,426 [INFO] ✅ 检查完成，等待 60 秒后继续...
2026-03-02 20:13:52,426 [INFO] 🔍 开始检查止损反手触发条件...
2026-03-02 20:13:52,428 [INFO] ✅ 检查完成，等待 60 秒后继续...
2026-03-02 20:14:52,429 [INFO] 🔍 开始检查止损反手触发条件...
2026-03-02 20:14:52,430 [INFO] ✅ 检查完成，等待 60 秒后继续...
2026-03-02 20:15:52,430 [INFO] 🔍 开始检查止损反手触发条件...
2026-03-02 20:15:52,431 [INFO] ✅ 检查完成，等待 60 秒后继续...
2026-03-02 20:16:52,432 [INFO] 🔍 开始检查止损反手触发条件...
2026-03-02 20:16:52,433 [INFO] ✅ 检查完成，等待 60 秒后继续...
2026-03-02 20:17:52,433 [INFO] 🔍 开始检查止损反手触发条件...
2026-03-02 20:17:52,434 [INFO] ✅ 检查完成，等待 60 秒后继续...
2026-03-02 20:18:52,435 [INFO] 🔍 开始检查止损反手触发条件...
2026-03-02 20:18:52,436 [INFO] ✅ 检查完成，等待 60 秒后继续...
2026-03-02 20:19:52,436 [INFO] 🔍 开始检查止损反手触发条件...
2026-03-02 20:19:52,438 [INFO] ✅ 检查完成，等待 60 秒后继续...
2026-03-02 20:20:52,438 [INFO] 🔍 开始检查止损反手触发条件...
2026-03-02 20:20:52,440 [INFO] ✅ 检查完成，等待 60 秒后继续...
2026-03-02 20:21:52,440 [INFO] 🔍 开始检查止损反手触发条件...
2026-03-02 20:21:52,442 [INFO] ✅ 检查完成，等待 60 秒后继续...
2026-03-02 20:22:52,442 [INFO] 🔍 开始检查止损反手触发条件...
2026-03-02 20:22:52,444 [INFO] ✅ 检查完成，等待 60 秒后继续...
2026-03-02 20:23:52,445 [INFO] 🔍 开始检查止损反手触发条件...
2026-03-02 20:23:52,446 [INFO] ✅ 检查完成，等待 60 秒后继续...
2026-03-02 20:24:52,447 [INFO] 🔍 开始检查止损反手触发条件...
2026-03-02 20:24:52,448 [INFO] ✅ 检查完成，等待 60 秒后继续...
2026-03-02 20:25:52,449 [INFO] 🔍 开始检查止损反手触发条件...
2026-03-02 20:25:52,450 [INFO] ✅ 检查完成，等待 60 秒后继续...
2026-03-02 20:26:52,451 [INFO] 🔍 开始检查止损反手触发条件...
2026-03-02 20:26:52,452 [INFO] ✅ 检查完成，等待 60 秒后继续...
2026-03-02 20:27:52,452 [INFO] 🔍 开始检查止损反手触发条件...
2026-03-02 20:27:52,454 [INFO] ✅ 检查完成，等待 60 秒后继续...
2026-03-02 20:28:52,454 [INFO] 🔍 开始检查止损反手触发条件...
2026-03-02 20:28:52,456 [INFO] ✅ 检查完成，等待 60 秒后继续...
2026-03-02 20:29:52,457 [INFO] 🔍 开始检查止损反手触发条件...
2026-03-02 20:29:52,458 [INFO] ✅ 检查完成，等待 60 秒后继续...
2026-03-02 20:30:52,458 [INFO] 🔍 开始检查止损反手触发条件...
2026-03-02 20:30:52,460 [INFO] ✅ 检查完成，等待 60 秒后继续...
2026-03-02 20:31:52,460 [INFO] 🔍 开始检查止损反手触发条件...
2026-03-02 20:31:52,461 [INFO] ✅ 检查完成，等待 60 秒后继续...
2026-03-02 20:32:52,462 [INFO] 🔍 开始检查止损反手触发条件...
2026-03-02 20:32:52,463 [INFO] ✅ 检查完成，等待 60 秒后继续...
2026-03-02 20:33:52,463 [INFO] 🔍 开始检查止损反手触发条件...
2026-03-02 20:33:52,465 [INFO] ✅ 检查完成，等待 60 秒后继续...
2026-03-02 20:34:52,465 [INFO] 🔍 开始检查止损反手触发条件...
2026-03-02 20:34:52,466 [INFO] ✅ 检查完成，等待 60 秒后继续...
2026-03-02 20:35:52,467 [INFO] 🔍 开始检查止损反手触发条件...
2026-03-02 20:35:52,468 [INFO] ✅ 检查完成，等待 60 秒后继续...
2026-03-02 20:36:52,468 [INFO] 🔍 开始检查止损反手触发条件...
2026-03-02 20:36:52,470 [INFO] ✅ 检查完成，等待 60 秒后继续...
2026-03-02 20:37:52,470 [INFO] 🔍 开始检查止损反手触发条件...
2026-03-02 20:37:52,471 [INFO] ✅ 检查完成，等待 60 秒后继续...
2026-03-02 20:38:52,472 [INFO] 🔍 开始检查止损反手触发条件...
2026-03-02 20:38:52,473 [INFO] ✅ 检查完成，等待 60 秒后继续...
2026-03-02 20:39:52,473 [INFO] 🔍 开始检查止损反手触发条件...
2026-03-02 20:39:52,475 [INFO] ✅ 检查完成，等待 60 秒后继续...
2026-03-02 20:40:52,475 [INFO] 🔍 开始检查止损反手触发条件...
2026-03-02 20:40:52,476 [INFO] ✅ 检查完成，等待 60 秒后继续...
2026-03-02 20:41:52,477 [INFO] 🔍 开始检查止损反手触发条件...
2026-03-02 20:41:52,478 [INFO] ✅ 检查完成，等待 60 秒后继续...
2026-03-02 20:42:52,479 [INFO] 🔍 开始检查止损反手触发条件...
2026-03-02 20:42:52,480 [INFO] ✅ 检查完成，等待 60 秒后继续...
2026-03-02 20:43:52,480 [INFO] 🔍 开始检查止损反手触发条件...
2026-03-02 20:43:52,482 [INFO] ✅ 检查完成，等待 60 秒后继续...
2026-03-02 20:44:52,482 [INFO] 🔍 开始检查止损反手触发条件...
2026-03-02 20:44:52,483 [INFO] ✅ 检查完成，等待 60 秒后继续...
2026-03-02 20:45:52,484 [INFO] 🔍 开始检查止损反手触发条件...
2026-03-02 20:45:52,485 [INFO] ✅ 检查完成，等待 60 秒后继续...
2026-03-02 20:46:52,485 [INFO] 🔍 开始检查止损反手触发条件...
2026-03-02 20:46:52,486 [INFO] ✅ 检查完成，等待 60 秒后继续...
2026-03-02 20:47:52,487 [INFO] 🔍 开始检查止损反手触发条件...
2026-03-02 20:47:52,488 [INFO] ✅ 检查完成，等待 60 秒后继续...
2026-03-02 20:48:52,489 [INFO] 🔍 开始检查止损反手触发条件...
2026-03-02 20:48:52,490 [INFO] ✅ 检查完成，等待 60 秒后继续...
2026-03-02 20:49:52,490 [INFO] 🔍 开始检查止损反手触发条件...
2026-03-02 20:49:52,492 [INFO] ✅ 检查完成，等待 60 秒后继续...
2026-03-02 20:50:52,492 [INFO] 🔍 开始检查止损反手触发条件...
2026-03-02 20:50:52,493 [INFO] ✅ 检查完成，等待 60 秒后继续...
2026-03-02 20:51:52,494 [INFO] 🔍 开始检查止损反手触发条件...
2026-03-02 20:51:52,495 [INFO] ✅ 检查完成，等待 60 秒后继续...
2026-03-02 20:52:52,496 [INFO] 🔍 开始检查止损反手触发条件...
2026-03-02 20:52:52,497 [INFO] ✅ 检查完成，等待 60 秒后继续...
2026-03-02 20:53:52,497 [INFO] 🔍 开始检查止损反手触发条件...
2026-03-02 20:53:52,498 [INFO] ✅ 检查完成，等待 60 秒后继续...
2026-03-02 20:54:52,498 [INFO] 🔍 开始检查止损反手触发条件...
2026-03-02 20:54:52,500 [INFO] ✅ 检查完成，等待 60 秒后继续...
2026-03-02 20:55:52,500 [INFO] 🔍 开始检查止损反手触发条件...
2026-03-02 20:55:52,501 [INFO] ✅ 检查完成，等待 60 秒后继续...
2026-03-02 20:56:52,502 [INFO] 🔍 开始检查止损反手触发条件...
2026-03-02 20:56:52,503 [INFO] ✅ 检查完成，等待 60 秒后继续...
2026-03-02 20:57:52,503 [INFO] 🔍 开始检查止损反手触发条件...
2026-03-02 20:57:52,505 [INFO] ✅ 检查完成，等待 60 秒后继续...
2026-03-02 20:58:52,505 [INFO] 🔍 开始检查止损反手触发条件...
2026-03-02 20:58:52,506 [INFO] ✅ 检查完成，等待 60 秒后继续...
2026-03-02 20:59:52,507 [INFO] 🔍 开始检查止损反手触发条件...
2026-03-02 20:59:52,508 [INFO] ✅ 检查完成，等待 60 秒后继续...
2026-03-02 21:00:52,508 [INFO] 🔍 开始检查止损反手触发条件...
2026-03-02 21:00:52,509 [INFO] ✅ 检查完成，等待 60 秒后继续...
2026-03-02 21:01:52,510 [INFO] 🔍 开始检查止损反手触发条件...
2026-03-02 21:01:52,511 [INFO] ✅ 检查完成，等待 60 秒后继续...
2026-03-02 21:02:52,512 [INFO] 🔍 开始检查止损反手触发条件...
2026-03-02 21:02:52,513 [INFO] ✅ 检查完成，等待 60 秒后继续...
2026-03-02 21:03:52,513 [INFO] 🔍 开始检查止损反手触发条件...
2026-03-02 21:03:52,515 [INFO] ✅ 检查完成，等待 60 秒后继续...
2026-03-02 21:04:52,515 [INFO] 🔍 开始检查止损反手触发条件...
2026-03-02 21:04:52,516 [INFO] ✅ 检查完成，等待 60 秒后继续...
2026-03-02 21:05:52,517 [INFO] 🔍 开始检查止损反手触发条件...
2026-03-02 21:05:52,517 [INFO] ✅ 检查完成，等待 60 秒后继续...
2026-03-02 21:06:52,518 [INFO] 🔍 开始检查止损反手触发条件...
2026-03-02 21:06:52,519 [INFO] ✅ 检查完成，等待 60 秒后继续...
2026-03-02 21:07:52,519 [INFO] 🔍 开始检查止损反手触发条件...
2026-03-02 21:07:52,521 [INFO] ✅ 检查完成，等待 60 秒后继续...
2026-03-02 21:08:52,521 [INFO] 🔍 开始检查止损反手触发条件...
2026-03-02 21:08:52,522 [INFO] ✅ 检查完成，等待 60 秒后继续...
2026-03-02 21:09:52,522 [INFO] 🔍 开始检查止损反手触发条件...
2026-03-02 21:09:52,523 [INFO] ✅ 检查完成，等待 60 秒后继续...
2026-03-02 21:10:52,524 [INFO] 🔍 开始检查止损反手触发条件...
2026-03-02 21:10:52,525 [INFO] ✅ 检查完成，等待 60 秒后继续...
2026-03-02 21:11:52,525 [INFO] 🔍 开始检查止损反手触发条件...
2026-03-02 21:11:52,527 [INFO] ✅ 检查完成，等待 60 秒后继续...
2026-03-02 21:12:52,527 [INFO] 🔍 开始检查止损反手触发条件...
2026-03-02 21:12:52,529 [INFO] ✅ 检查完成，等待 60 秒后继续...
2026-03-02 21:13:52,529 [INFO] 🔍 开始检查止损反手触发条件...
2026-03-02 21:13:52,530 [INFO] ✅ 检查完成，等待 60 秒后继续...
2026-03-02 21:14:52,531 [INFO] 🔍 开始检查止损反手触发条件...
2026-03-02 21:14:52,532 [INFO] ✅ 检查完成，等待 60 秒后继续...
2026-03-02 21:15:52,533 [INFO] 🔍 开始检查止损反手触发条件...
2026-03-02 21:15:52,534 [INFO] ✅ 检查完成，等待 60 秒后继续...
2026-03-02 21:16:52,534 [INFO] 🔍 开始检查止损反手触发条件...
2026-03-02 21:16:52,536 [INFO] ✅ 检查完成，等待 60 秒后继续...
2026-03-02 21:17:52,536 [INFO] 🔍 开始检查止损反手触发条件...
2026-03-02 21:17:52,537 [INFO] ✅ 检查完成，等待 60 秒后继续...
2026-03-02 21:18:52,538 [INFO] 🔍 开始检查止损反手触发条件...
2026-03-02 21:18:52,539 [INFO] ✅ 检查完成，等待 60 秒后继续...
2026-03-02 21:19:52,539 [INFO] 🔍 开始检查止损反手触发条件...
2026-03-02 21:19:52,541 [INFO] ✅ 检查完成，等待 60 秒后继续...
2026-03-02 21:20:52,541 [INFO] 🔍 开始检查止损反手触发条件...
2026-03-02 21:20:52,543 [INFO] ✅ 检查完成，等待 60 秒后继续...
2026-03-02 21:21:52,543 [INFO] 🔍 开始检查止损反手触发条件...
2026-03-02 21:21:52,544 [INFO] ✅ 检查完成，等待 60 秒后继续...
2026-03-02 21:22:52,545 [INFO] 🔍 开始检查止损反手触发条件...
2026-03-02 21:22:52,546 [INFO] ✅ 检查完成，等待 60 秒后继续...
2026-03-02 21:23:52,546 [INFO] 🔍 开始检查止损反手触发条件...
2026-03-02 21:23:52,548 [INFO] ✅ 检查完成，等待 60 秒后继续...
2026-03-02 21:24:52,548 [INFO] 🔍 开始检查止损反手触发条件...
2026-03-02 21:24:52,549 [INFO] ✅ 检查完成，等待 60 秒后继续...
2026-03-02 21:25:52,550 [INFO] 🔍 开始检查止损反手触发条件...
2026-03-02 21:25:52,551 [INFO] ✅ 检查完成，等待 60 秒后继续...
2026-03-02 21:26:52,551 [INFO] 🔍 开始检查止损反手触发条件...
2026-03-02 21:26:52,553 [INFO] ✅ 检查完成，等待 60 秒后继续...
2026-03-02 21:27:52,553 [INFO] 🔍 开始检查止损反手触发条件...
2026-03-02 21:27:52,554 [INFO] ✅ 检查完成，等待 60 秒后继续...
2026-03-02 21:28:52,555 [INFO] 🔍 开始检查止损反手触发条件...
2026-03-02 21:28:52,557 [INFO] ✅ 检查完成，等待 60 秒后继续...
2026-03-02 21:29:52,558 [INFO] 🔍 开始检查止损反手触发条件...
2026-03-02 21:29:52,559 [INFO] ✅ 检查完成，等待 60 秒后继续...
2026-03-02 21:30:52,559 [INFO] 🔍 开始检查止损反手触发条件...
2026-03-02 21:30:52,560 [INFO] ✅ 检查完成，等待 60 秒后继续...
2026-03-02 21:31:52,561 [INFO] 🔍 开始检查止损反手触发条件...
2026-03-02 21:31:52,562 [INFO] ✅ 检查完成，等待 60 秒后继续...
2026-03-02 21:32:52,562 [INFO] 🔍 开始检查止损反手触发条件...
2026-03-02 21:32:52,564 [INFO] ✅ 检查完成，等待 60 秒后继续...
2026-03-02 21:33:52,564 [INFO] 🔍 开始检查止损反手触发条件...
2026-03-02 21:33:52,565 [INFO] ✅ 检查完成，等待 60 秒后继续...
2026-03-02 21:34:52,566 [INFO] 🔍 开始检查止损反手触发条件...
2026-03-02 21:34:52,567 [INFO] ✅ 检查完成，等待 60 秒后继续...
2026-03-02 21:35:52,567 [INFO] 🔍 开始检查止损反手触发条件...
2026-03-02 21:35:52,569 [INFO] ✅ 检查完成，等待 60 秒后继续...
2026-03-02 21:36:52,569 [INFO] 🔍 开始检查止损反手触发条件...
2026-03-02 21:36:52,570 [INFO] ✅ 检查完成，等待 60 秒后继续...
2026-03-02 21:37:52,571 [INFO] 🔍 开始检查止损反手触发条件...
2026-03-02 21:37:52,572 [INFO] ✅ 检查完成，等待 60 秒后继续...
2026-03-02 21:38:52,572 [INFO] 🔍 开始检查止损反手触发条件...
2026-03-02 21:38:52,574 [INFO] ✅ 检查完成，等待 60 秒后继续...
2026-03-02 21:39:52,574 [INFO] 🔍 开始检查止损反手触发条件...
2026-03-02 21:39:52,575 [INFO] ✅ 检查完成，等待 60 秒后继续...
2026-03-02 21:40:52,576 [INFO] 🔍 开始检查止损反手触发条件...
2026-03-02 21:40:52,577 [INFO] ✅ 检查完成，等待 60 秒后继续...
2026-03-02 21:41:52,578 [INFO] 🔍 开始检查止损反手触发条件...
2026-03-02 21:41:52,578 [INFO] ✅ 检查完成，等待 60 秒后继续...
2026-03-02 21:42:52,578 [INFO] 🔍 开始检查止损反手触发条件...
2026-03-02 21:42:52,580 [INFO] ✅ 检查完成，等待 60 秒后继续...
2026-03-02 21:43:52,580 [INFO] 🔍 开始检查止损反手触发条件...
2026-03-02 21:43:52,582 [INFO] ✅ 检查完成，等待 60 秒后继续...
2026-03-02 21:44:52,582 [INFO] 🔍 开始检查止损反手触发条件...
2026-03-02 21:44:52,583 [INFO] ✅ 检查完成，等待 60 秒后继续...
2026-03-02 21:45:52,584 [INFO] 🔍 开始检查止损反手触发条件...
2026-03-02 21:45:52,585 [INFO] ✅ 检查完成，等待 60 秒后继续...
2026-03-02 21:46:52,585 [INFO] 🔍 开始检查止损反手触发条件...
2026-03-02 21:46:52,587 [INFO] ✅ 检查完成，等待 60 秒后继续...
2026-03-02 21:47:52,587 [INFO] 🔍 开始检查止损反手触发条件...
2026-03-02 21:47:52,588 [INFO] ✅ 检查完成，等待 60 秒后继续...
2026-03-02 21:48:52,589 [INFO] 🔍 开始检查止损反手触发条件...
2026-03-02 21:48:52,590 [INFO] ✅ 检查完成，等待 60 秒后继续...
2026-03-02 21:49:52,590 [INFO] 🔍 开始检查止损反手触发条件...
2026-03-02 21:49:52,591 [INFO] ✅ 检查完成，等待 60 秒后继续...
2026-03-02 21:50:52,592 [INFO] 🔍 开始检查止损反手触发条件...
2026-03-02 21:50:52,593 [INFO] ✅ 检查完成，等待 60 秒后继续...
2026-03-02 21:51:52,593 [INFO] 🔍 开始检查止损反手触发条件...
2026-03-02 21:51:52,595 [INFO] ✅ 检查完成，等待 60 秒后继续...
2026-03-02 21:52:52,595 [INFO] 🔍 开始检查止损反手触发条件...
2026-03-02 21:52:52,596 [INFO] ✅ 检查完成，等待 60 秒后继续...
2026-03-02 21:53:52,597 [INFO] 🔍 开始检查止损反手触发条件...
2026-03-02 21:53:52,598 [INFO] ✅ 检查完成，等待 60 秒后继续...
2026-03-02 21:54:52,598 [INFO] 🔍 开始检查止损反手触发条件...
2026-03-02 21:54:52,599 [INFO] ✅ 检查完成，等待 60 秒后继续...
2026-03-02 21:55:52,600 [INFO] 🔍 开始检查止损反手触发条件...
2026-03-02 21:55:52,601 [INFO] ✅ 检查完成，等待 60 秒后继续...
2026-03-02 21:56:52,601 [INFO] 🔍 开始检查止损反手触发条件...
2026-03-02 21:56:52,603 [INFO] ✅ 检查完成，等待 60 秒后继续...
2026-03-02 21:57:52,603 [INFO] 🔍 开始检查止损反手触发条件...
2026-03-02 21:57:52,604 [INFO] ✅ 检查完成，等待 60 秒后继续...
2026-03-02 21:58:52,605 [INFO] 🔍 开始检查止损反手触发条件...
2026-03-02 21:58:52,606 [INFO] ✅ 检查完成，等待 60 秒后继续...
2026-03-02 21:59:52,606 [INFO] 🔍 开始检查止损反手触发条件...
2026-03-02 21:59:52,608 [INFO] ✅ 检查完成，等待 60 秒后继续...
2026-03-02 22:00:52,608 [INFO] 🔍 开始检查止损反手触发条件...
2026-03-02 22:00:52,609 [INFO] ✅ 检查完成，等待 60 秒后继续...
2026-03-02 22:01:52,610 [INFO] 🔍 开始检查止损反手触发条件...
2026-03-02 22:01:52,611 [INFO] ✅ 检查完成，等待 60 秒后继续...
2026-03-02 22:02:52,611 [INFO] 🔍 开始检查止损反手触发条件...
2026-03-02 22:02:52,612 [INFO] ✅ 检查完成，等待 60 秒后继续...
2026-03-02 22:03:52,613 [INFO] 🔍 开始检查止损反手触发条件...
2026-03-02 22:03:52,614 [INFO] ✅ 检查完成，等待 60 秒后继续...
2026-03-02 22:04:52,614 [INFO] 🔍 开始检查止损反手触发条件...
2026-03-02 22:04:52,615 [INFO] ✅ 检查完成，等待 60 秒后继续...
2026-03-02 22:05:52,616 [INFO] 🔍 开始检查止损反手触发条件...
2026-03-02 22:05:52,617 [INFO] ✅ 检查完成，等待 60 秒后继续...
2026-03-02 22:06:52,617 [INFO] 🔍 开始检查止损反手触发条件...
2026-03-02 22:06:52,619 [INFO] ✅ 检查完成，等待 60 秒后继续...
2026-03-02 22:07:52,619 [INFO] 🔍 开始检查止损反手触发条件...
2026-03-02 22:07:52,620 [INFO] ✅ 检查完成，等待 60 秒后继续...
2026-03-02 22:08:52,621 [INFO] 🔍 开始检查止损反手触发条件...
2026-03-02 22:08:52,622 [INFO] ✅ 检查完成，等待 60 秒后继续...
2026-03-02 22:09:52,622 [INFO] 🔍 开始检查止损反手触发条件...
2026-03-02 22:09:52,624 [INFO] ✅ 检查完成，等待 60 秒后继续...
2026-03-02 22:10:52,624 [INFO] 🔍 开始检查止损反手触发条件...
2026-03-02 22:10:52,626 [INFO] ✅ 检查完成，等待 60 秒后继续...
2026-03-02 22:11:52,626 [INFO] 🔍 开始检查止损反手触发条件...
2026-03-02 22:11:52,627 [INFO] ✅ 检查完成，等待 60 秒后继续...
2026-03-02 22:12:52,628 [INFO] 🔍 开始检查止损反手触发条件...
2026-03-02 22:12:52,629 [INFO] ✅ 检查完成，等待 60 秒后继续...
2026-03-02 22:13:52,629 [INFO] 🔍 开始检查止损反手触发条件...
2026-03-02 22:13:52,630 [INFO] ✅ 检查完成，等待 60 秒后继续...
2026-03-02 22:14:52,631 [INFO] 🔍 开始检查止损反手触发条件...
2026-03-02 22:14:52,632 [INFO] ✅ 检查完成，等待 60 秒后继续...
2026-03-02 22:15:52,632 [INFO] 🔍 开始检查止损反手触发条件...
2026-03-02 22:15:52,634 [INFO] ✅ 检查完成，等待 60 秒后继续...
2026-03-02 22:16:52,634 [INFO] 🔍 开始检查止损反手触发条件...
2026-03-02 22:16:52,636 [INFO] ✅ 检查完成，等待 60 秒后继续...
2026-03-02 22:17:52,636 [INFO] 🔍 开始检查止损反手触发条件...
2026-03-02 22:17:52,638 [INFO] ✅ 检查完成，等待 60 秒后继续...
2026-03-02 22:18:52,638 [INFO] 🔍 开始检查止损反手触发条件...
2026-03-02 22:18:52,640 [INFO] ✅ 检查完成，等待 60 秒后继续...
2026-03-02 22:19:52,640 [INFO] 🔍 开始检查止损反手触发条件...
2026-03-02 22:19:52,641 [INFO] ✅ 检查完成，等待 60 秒后继续...
2026-03-02 22:20:52,642 [INFO] 🔍 开始检查止损反手触发条件...
2026-03-02 22:20:52,643 [INFO] ✅ 检查完成，等待 60 秒后继续...
2026-03-02 22:21:52,643 [INFO] 🔍 开始检查止损反手触发条件...
2026-03-02 22:21:52,645 [INFO] ✅ 检查完成，等待 60 秒后继续...
2026-03-02 22:22:52,645 [INFO] 🔍 开始检查止损反手触发条件...
2026-03-02 22:22:52,646 [INFO] ✅ 检查完成，等待 60 秒后继续...
2026-03-02 22:23:52,647 [INFO] 🔍 开始检查止损反手触发条件...
2026-03-02 22:23:52,648 [INFO] ✅ 检查完成，等待 60 秒后继续...
2026-03-02 22:24:52,648 [INFO] 🔍 开始检查止损反手触发条件...
2026-03-02 22:24:52,649 [INFO] ✅ 检查完成，等待 60 秒后继续...
2026-03-02 22:25:52,650 [INFO] 🔍 开始检查止损反手触发条件...
2026-03-02 22:25:52,651 [INFO] ✅ 检查完成，等待 60 秒后继续...
2026-03-02 22:26:52,651 [INFO] 🔍 开始检查止损反手触发条件...
2026-03-02 22:26:52,653 [INFO] ✅ 检查完成，等待 60 秒后继续...
2026-03-02 22:27:52,653 [INFO] 🔍 开始检查止损反手触发条件...
2026-03-02 22:27:52,654 [INFO] ✅ 检查完成，等待 60 秒后继续...
2026-03-02 22:28:52,655 [INFO] 🔍 开始检查止损反手触发条件...
2026-03-02 22:28:52,656 [INFO] ✅ 检查完成，等待 60 秒后继续...
2026-03-02 22:29:52,656 [INFO] 🔍 开始检查止损反手触发条件...
2026-03-02 22:29:52,657 [INFO] ✅ 检查完成，等待 60 秒后继续...
2026-03-02 22:30:52,658 [INFO] 🔍 开始检查止损反手触发条件...
2026-03-02 22:30:52,659 [INFO] ✅ 检查完成，等待 60 秒后继续...
2026-03-02 22:31:52,660 [INFO] 🔍 开始检查止损反手触发条件...
2026-03-02 22:31:52,661 [INFO] ✅ 检查完成，等待 60 秒后继续...
2026-03-02 22:32:52,661 [INFO] 🔍 开始检查止损反手触发条件...
2026-03-02 22:32:52,662 [INFO] ✅ 检查完成，等待 60 秒后继续...
2026-03-02 22:33:52,662 [INFO] 🔍 开始检查止损反手触发条件...
2026-03-02 22:33:52,663 [INFO] ✅ 检查完成，等待 60 秒后继续...
2026-03-02 22:34:52,664 [INFO] 🔍 开始检查止损反手触发条件...
2026-03-02 22:34:52,664 [INFO] ✅ 检查完成，等待 60 秒后继续...
2026-03-02 22:35:52,665 [INFO] 🔍 开始检查止损反手触发条件...
2026-03-02 22:35:52,666 [INFO] ✅ 检查完成，等待 60 秒后继续...
2026-03-02 22:36:52,667 [INFO] 🔍 开始检查止损反手触发条件...
2026-03-02 22:36:52,668 [INFO] ✅ 检查完成，等待 60 秒后继续...
2026-03-02 22:37:52,668 [INFO] 🔍 开始检查止损反手触发条件...
2026-03-02 22:37:52,669 [INFO] ✅ 检查完成，等待 60 秒后继续...
2026-03-02 22:38:52,670 [INFO] 🔍 开始检查止损反手触发条件...
2026-03-02 22:38:52,671 [INFO] ✅ 检查完成，等待 60 秒后继续...
2026-03-02 22:39:52,672 [INFO] 🔍 开始检查止损反手触发条件...
2026-03-02 22:39:52,673 [INFO] ✅ 检查完成，等待 60 秒后继续...
2026-03-02 22:40:52,673 [INFO] 🔍 开始检查止损反手触发条件...
2026-03-02 22:40:52,674 [INFO] ✅ 检查完成，等待 60 秒后继续...
2026-03-02 22:41:52,675 [INFO] 🔍 开始检查止损反手触发条件...
2026-03-02 22:41:52,676 [INFO] ✅ 检查完成，等待 60 秒后继续...
2026-03-02 22:42:52,677 [INFO] 🔍 开始检查止损反手触发条件...
2026-03-02 22:42:52,678 [INFO] ✅ 检查完成，等待 60 秒后继续...
2026-03-02 22:43:52,678 [INFO] 🔍 开始检查止损反手触发条件...
2026-03-02 22:43:52,680 [INFO] ✅ 检查完成，等待 60 秒后继续...
2026-03-02 22:44:52,680 [INFO] 🔍 开始检查止损反手触发条件...
2026-03-02 22:44:52,681 [INFO] ✅ 检查完成，等待 60 秒后继续...
2026-03-02 22:45:52,682 [INFO] 🔍 开始检查止损反手触发条件...
2026-03-02 22:45:52,683 [INFO] ✅ 检查完成，等待 60 秒后继续...
2026-03-02 22:46:52,683 [INFO] 🔍 开始检查止损反手触发条件...
2026-03-02 22:46:52,685 [INFO] ✅ 检查完成，等待 60 秒后继续...
2026-03-02 22:47:52,685 [INFO] 🔍 开始检查止损反手触发条件...
2026-03-02 22:47:52,686 [INFO] ✅ 检查完成，等待 60 秒后继续...
2026-03-02 22:48:52,687 [INFO] 🔍 开始检查止损反手触发条件...
2026-03-02 22:48:52,688 [INFO] ✅ 检查完成，等待 60 秒后继续...
2026-03-02 22:49:52,688 [INFO] 🔍 开始检查止损反手触发条件...
2026-03-02 22:49:52,689 [INFO] ✅ 检查完成，等待 60 秒后继续...
2026-03-02 22:50:52,689 [INFO] 🔍 开始检查止损反手触发条件...
2026-03-02 22:50:52,690 [INFO] ✅ 检查完成，等待 60 秒后继续...
2026-03-02 22:51:52,691 [INFO] 🔍 开始检查止损反手触发条件...
2026-03-02 22:51:52,692 [INFO] ✅ 检查完成，等待 60 秒后继续...
2026-03-02 22:52:52,692 [INFO] 🔍 开始检查止损反手触发条件...
2026-03-02 22:52:52,694 [INFO] ✅ 检查完成，等待 60 秒后继续...
2026-03-02 22:53:52,694 [INFO] 🔍 开始检查止损反手触发条件...
2026-03-02 22:53:52,696 [INFO] ✅ 检查完成，等待 60 秒后继续...
2026-03-02 22:54:52,696 [INFO] 🔍 开始检查止损反手触发条件...
2026-03-02 22:54:52,697 [INFO] ✅ 检查完成，等待 60 秒后继续...
2026-03-02 22:55:52,697 [INFO] 🔍 开始检查止损反手触发条件...
2026-03-02 22:55:52,699 [INFO] ✅ 检查完成，等待 60 秒后继续...
2026-03-02 22:56:52,699 [INFO] 🔍 开始检查止损反手触发条件...
2026-03-02 22:56:52,700 [INFO] ✅ 检查完成，等待 60 秒后继续...
2026-03-02 22:57:52,701 [INFO] 🔍 开始检查止损反手触发条件...
2026-03-02 22:57:52,702 [INFO] ✅ 检查完成，等待 60 秒后继续...
2026-03-02 22:58:52,702 [INFO] 🔍 开始检查止损反手触发条件...
2026-03-02 22:58:52,704 [INFO] ✅ 检查完成，等待 60 秒后继续...
2026-03-02 22:59:52,704 [INFO] 🔍 开始检查止损反手触发条件...
2026-03-02 22:59:52,705 [INFO] ✅ 检查完成，等待 60 秒后继续...
2026-03-02 23:00:52,706 [INFO] 🔍 开始检查止损反手触发条件...
2026-03-02 23:00:52,707 [INFO] ✅ 检查完成，等待 60 秒后继续...
2026-03-02 23:01:52,707 [INFO] 🔍 开始检查止损反手触发条件...
2026-03-02 23:01:52,708 [INFO] ✅ 检查完成，等待 60 秒后继续...
2026-03-02 23:02:52,708 [INFO] 🔍 开始检查止损反手触发条件...
2026-03-02 23:02:52,709 [INFO] ✅ 检查完成，等待 60 秒后继续...
2026-03-02 23:03:52,710 [INFO] 🔍 开始检查止损反手触发条件...
2026-03-02 23:03:52,711 [INFO] ✅ 检查完成，等待 60 秒后继续...
2026-03-02 23:04:52,711 [INFO] 🔍 开始检查止损反手触发条件...
2026-03-02 23:04:52,712 [INFO] ✅ 检查完成，等待 60 秒后继续...
2026-03-02 23:05:52,713 [INFO] 🔍 开始检查止损反手触发条件...
2026-03-02 23:05:52,714 [INFO] ✅ 检查完成，等待 60 秒后继续...
2026-03-02 23:06:52,714 [INFO] 🔍 开始检查止损反手触发条件...
2026-03-02 23:06:52,716 [INFO] ✅ 检查完成，等待 60 秒后继续...
2026-03-02 23:07:52,716 [INFO] 🔍 开始检查止损反手触发条件...
2026-03-02 23:07:52,718 [INFO] ✅ 检查完成，等待 60 秒后继续...
2026-03-02 23:08:52,718 [INFO] 🔍 开始检查止损反手触发条件...
2026-03-02 23:08:52,720 [INFO] ✅ 检查完成，等待 60 秒后继续...
2026-03-02 23:09:52,720 [INFO] 🔍 开始检查止损反手触发条件...
2026-03-02 23:09:52,722 [INFO] ✅ 检查完成，等待 60 秒后继续...
2026-03-02 23:10:52,722 [INFO] 🔍 开始检查止损反手触发条件...
2026-03-02 23:10:52,723 [INFO] ✅ 检查完成，等待 60 秒后继续...
2026-03-02 23:11:52,723 [INFO] 🔍 开始检查止损反手触发条件...
2026-03-02 23:11:52,724 [INFO] ✅ 检查完成，等待 60 秒后继续...
2026-03-02 23:12:52,725 [INFO] 🔍 开始检查止损反手触发条件...
2026-03-02 23:12:52,726 [INFO] ✅ 检查完成，等待 60 秒后继续...
2026-03-02 23:13:52,726 [INFO] 🔍 开始检查止损反手触发条件...
2026-03-02 23:13:52,728 [INFO] ✅ 检查完成，等待 60 秒后继续...
2026-03-02 23:14:52,728 [INFO] 🔍 开始检查止损反手触发条件...
2026-03-02 23:14:52,729 [INFO] ✅ 检查完成，等待 60 秒后继续...
2026-03-02 23:15:52,730 [INFO] 🔍 开始检查止损反手触发条件...
2026-03-02 23:15:52,732 [INFO] ✅ 检查完成，等待 60 秒后继续...
2026-03-02 23:16:52,732 [INFO] 🔍 开始检查止损反手触发条件...
2026-03-02 23:16:52,733 [INFO] ✅ 检查完成，等待 60 秒后继续...
2026-03-02 23:17:52,734 [INFO] 🔍 开始检查止损反手触发条件...
2026-03-02 23:17:52,735 [INFO] ✅ 检查完成，等待 60 秒后继续...
2026-03-02 23:18:52,735 [INFO] 🔍 开始检查止损反手触发条件...
2026-03-02 23:18:52,736 [INFO] ✅ 检查完成，等待 60 秒后继续...
2026-03-02 23:19:52,737 [INFO] 🔍 开始检查止损反手触发条件...
2026-03-02 23:19:52,738 [INFO] ✅ 检查完成，等待 60 秒后继续...
2026-03-02 23:20:52,738 [INFO] 🔍 开始检查止损反手触发条件...
2026-03-02 23:20:52,740 [INFO] ✅ 检查完成，等待 60 秒后继续...
2026-03-02 23:21:52,740 [INFO] 🔍 开始检查止损反手触发条件...
2026-03-02 23:21:52,741 [INFO] ✅ 检查完成，等待 60 秒后继续...
2026-03-02 23:22:52,742 [INFO] 🔍 开始检查止损反手触发条件...
2026-03-02 23:22:52,743 [INFO] ✅ 检查完成，等待 60 秒后继续...
2026-03-02 23:23:52,743 [INFO] 🔍 开始检查止损反手触发条件...
2026-03-02 23:23:52,745 [INFO] ✅ 检查完成，等待 60 秒后继续...
2026-03-02 23:24:52,745 [INFO] 🔍 开始检查止损反手触发条件...
2026-03-02 23:24:52,747 [INFO] ✅ 检查完成，等待 60 秒后继续...
2026-03-02 23:25:52,747 [INFO] 🔍 开始检查止损反手触发条件...
2026-03-02 23:25:52,748 [INFO] ✅ 检查完成，等待 60 秒后继续...
2026-03-02 23:26:52,749 [INFO] 🔍 开始检查止损反手触发条件...
2026-03-02 23:26:52,750 [INFO] ✅ 检查完成，等待 60 秒后继续...
2026-03-02 23:27:52,750 [INFO] 🔍 开始检查止损反手触发条件...
2026-03-02 23:27:52,751 [INFO] ✅ 检查完成，等待 60 秒后继续...
2026-03-02 23:28:52,752 [INFO] 🔍 开始检查止损反手触发条件...
2026-03-02 23:28:52,753 [INFO] ✅ 检查完成，等待 60 秒后继续...
2026-03-02 23:29:52,753 [INFO] 🔍 开始检查止损反手触发条件...
2026-03-02 23:29:52,755 [INFO] ✅ 检查完成，等待 60 秒后继续...
2026-03-02 23:30:52,755 [INFO] 🔍 开始检查止损反手触发条件...
2026-03-02 23:30:52,756 [INFO] ✅ 检查完成，等待 60 秒后继续...
2026-03-02 23:31:52,757 [INFO] 🔍 开始检查止损反手触发条件...
2026-03-02 23:31:52,758 [INFO] ✅ 检查完成，等待 60 秒后继续...
2026-03-02 23:32:52,758 [INFO] 🔍 开始检查止损反手触发条件...
2026-03-02 23:32:52,760 [INFO] ✅ 检查完成，等待 60 秒后继续...
2026-03-02 23:33:52,760 [INFO] 🔍 开始检查止损反手触发条件...
2026-03-02 23:33:52,762 [INFO] ✅ 检查完成，等待 60 秒后继续...
2026-03-02 23:34:52,762 [INFO] 🔍 开始检查止损反手触发条件...
2026-03-02 23:34:52,763 [INFO] ✅ 检查完成，等待 60 秒后继续...
2026-03-02 23:35:52,764 [INFO] 🔍 开始检查止损反手触发条件...
2026-03-02 23:35:52,765 [INFO] ✅ 检查完成，等待 60 秒后继续...
2026-03-02 23:36:52,765 [INFO] 🔍 开始检查止损反手触发条件...
2026-03-02 23:36:52,767 [INFO] ✅ 检查完成，等待 60 秒后继续...
2026-03-02 23:37:52,767 [INFO] 🔍 开始检查止损反手触发条件...
2026-03-02 23:37:52,768 [INFO] ✅ 检查完成，等待 60 秒后继续...
2026-03-02 23:38:52,769 [INFO] 🔍 开始检查止损反手触发条件...
2026-03-02 23:38:52,770 [INFO] ✅ 检查完成，等待 60 秒后继续...
2026-03-02 23:39:52,771 [INFO] 🔍 开始检查止损反手触发条件...
2026-03-02 23:39:52,772 [INFO] ✅ 检查完成，等待 60 秒后继续...
2026-03-02 23:40:52,773 [INFO] 🔍 开始检查止损反手触发条件...
2026-03-02 23:40:52,774 [INFO] ✅ 检查完成，等待 60 秒后继续...
2026-03-02 23:41:52,774 [INFO] 🔍 开始检查止损反手触发条件...
2026-03-02 23:41:52,776 [INFO] ✅ 检查完成，等待 60 秒后继续...
2026-03-02 23:42:52,776 [INFO] 🔍 开始检查止损反手触发条件...
2026-03-02 23:42:52,777 [INFO] ✅ 检查完成，等待 60 秒后继续...
2026-03-02 23:43:52,778 [INFO] 🔍 开始检查止损反手触发条件...
2026-03-02 23:43:52,779 [INFO] ✅ 检查完成，等待 60 秒后继续...
2026-03-02 23:44:52,779 [INFO] 🔍 开始检查止损反手触发条件...
2026-03-02 23:44:52,781 [INFO] ✅ 检查完成，等待 60 秒后继续...
2026-03-02 23:45:52,781 [INFO] 🔍 开始检查止损反手触发条件...
2026-03-02 23:45:52,782 [INFO] ✅ 检查完成，等待 60 秒后继续...
2026-03-02 23:46:52,783 [INFO] 🔍 开始检查止损反手触发条件...
2026-03-02 23:46:52,784 [INFO] ✅ 检查完成，等待 60 秒后继续...
2026-03-02 23:47:52,784 [INFO] 🔍 开始检查止损反手触发条件...
2026-03-02 23:47:52,786 [INFO] ✅ 检查完成，等待 60 秒后继续...
2026-03-02 23:48:52,786 [INFO] 🔍 开始检查止损反手触发条件...
2026-03-02 23:48:52,788 [INFO] ✅ 检查完成，等待 60 秒后继续...
2026-03-02 23:49:52,788 [INFO] 🔍 开始检查止损反手触发条件...
2026-03-02 23:49:52,790 [INFO] ✅ 检查完成，等待 60 秒后继续...
2026-03-02 23:50:52,790 [INFO] 🔍 开始检查止损反手触发条件...
2026-03-02 23:50:52,791 [INFO] ✅ 检查完成，等待 60 秒后继续...
2026-03-02 23:51:52,792 [INFO] 🔍 开始检查止损反手触发条件...
2026-03-02 23:51:52,793 [INFO] ✅ 检查完成，等待 60 秒后继续...
2026-03-02 23:52:52,794 [INFO] 🔍 开始检查止损反手触发条件...
2026-03-02 23:52:52,795 [INFO] ✅ 检查完成，等待 60 秒后继续...
2026-03-02 23:53:52,795 [INFO] 🔍 开始检查止损反手触发条件...
2026-03-02 23:53:52,797 [INFO] ✅ 检查完成，等待 60 秒后继续...
2026-03-02 23:54:52,797 [INFO] 🔍 开始检查止损反手触发条件...
2026-03-02 23:54:52,799 [INFO] ✅ 检查完成，等待 60 秒后继续...
2026-03-02 23:55:52,799 [INFO] 🔍 开始检查止损反手触发条件...
2026-03-02 23:55:52,800 [INFO] ✅ 检查完成，等待 60 秒后继续...
2026-03-02 23:56:52,800 [INFO] 🔍 开始检查止损反手触发条件...
2026-03-02 23:56:52,802 [INFO] ✅ 检查完成，等待 60 秒后继续...
2026-03-02 23:57:52,802 [INFO] 🔍 开始检查止损反手触发条件...
2026-03-02 23:57:52,803 [INFO] ✅ 检查完成，等待 60 秒后继续...
2026-03-02 23:58:52,804 [INFO] 🔍 开始检查止损反手触发条件...
2026-03-02 23:58:52,805 [INFO] ✅ 检查完成，等待 60 秒后继续...
2026-03-02 23:59:52,805 [INFO] 🔍 开始检查止损反手触发条件...
2026-03-02 23:59:52,807 [INFO] ✅ 检查完成，等待 60 秒后继续...
2026-03-03 00:00:52,807 [INFO] 🔍 开始检查止损反手触发条件...
2026-03-03 00:00:52,808 [INFO] ✅ 检查完成，等待 60 秒后继续...
2026-03-03 00:01:52,809 [INFO] 🔍 开始检查止损反手触发条件...
2026-03-03 00:01:52,810 [INFO] ✅ 检查完成，等待 60 秒后继续...
2026-03-03 00:02:52,810 [INFO] 🔍 开始检查止损反手触发条件...
2026-03-03 00:02:52,812 [INFO] ✅ 检查完成，等待 60 秒后继续...
2026-03-03 00:03:52,812 [INFO] 🔍 开始检查止损反手触发条件...
2026-03-03 00:03:52,814 [INFO] ✅ 检查完成，等待 60 秒后继续...
2026-03-03 00:04:52,814 [INFO] 🔍 开始检查止损反手触发条件...
2026-03-03 00:04:52,815 [INFO] ✅ 检查完成，等待 60 秒后继续...
2026-03-03 00:05:52,815 [INFO] 🔍 开始检查止损反手触发条件...
2026-03-03 00:05:52,817 [INFO] ✅ 检查完成，等待 60 秒后继续...
2026-03-03 00:06:52,817 [INFO] 🔍 开始检查止损反手触发条件...
2026-03-03 00:06:52,818 [INFO] ✅ 检查完成，等待 60 秒后继续...
2026-03-03 00:07:52,819 [INFO] 🔍 开始检查止损反手触发条件...
2026-03-03 00:07:52,820 [INFO] ✅ 检查完成，等待 60 秒后继续...
2026-03-03 00:08:52,820 [INFO] 🔍 开始检查止损反手触发条件...
2026-03-03 00:08:52,822 [INFO] ✅ 检查完成，等待 60 秒后继续...
2026-03-03 00:09:52,822 [INFO] 🔍 开始检查止损反手触发条件...
2026-03-03 00:09:52,823 [INFO] ✅ 检查完成，等待 60 秒后继续...
2026-03-03 00:10:52,824 [INFO] 🔍 开始检查止损反手触发条件...
2026-03-03 00:10:52,825 [INFO] ✅ 检查完成，等待 60 秒后继续...
2026-03-03 00:11:52,825 [INFO] 🔍 开始检查止损反手触发条件...
2026-03-03 00:11:52,827 [INFO] ✅ 检查完成，等待 60 秒后继续...
2026-03-03 00:12:57,095 [INFO] 🔍 开始检查止损反手触发条件...
2026-03-03 00:13:04,018 [INFO] ✅ 检查完成，等待 60 秒后继续...
2026-03-03 00:14:04,018 [INFO] 🔍 开始检查止损反手触发条件...
2026-03-03 00:14:04,020 [INFO] ✅ 检查完成，等待 60 秒后继续...
2026-03-03 00:15:04,020 [INFO] 🔍 开始检查止损反手触发条件...
2026-03-03 00:15:04,021 [INFO] ✅ 检查完成，等待 60 秒后继续...
2026-03-03 00:16:04,022 [INFO] 🔍 开始检查止损反手触发条件...
2026-03-03 00:16:04,022 [INFO] ✅ 检查完成，等待 60 秒后继续...
2026-03-03 00:17:04,023 [INFO] 🔍 开始检查止损反手触发条件...
2026-03-03 00:17:04,024 [INFO] ✅ 检查完成，等待 60 秒后继续...
2026-03-03 00:18:04,024 [INFO] 🔍 开始检查止损反手触发条件...
2026-03-03 00:18:04,026 [INFO] ✅ 检查完成，等待 60 秒后继续...
2026-03-03 00:19:04,026 [INFO] 🔍 开始检查止损反手触发条件...
2026-03-03 00:19:04,027 [INFO] ✅ 检查完成，等待 60 秒后继续...
2026-03-03 00:20:04,028 [INFO] 🔍 开始检查止损反手触发条件...
2026-03-03 00:20:04,029 [INFO] ✅ 检查完成，等待 60 秒后继续...
2026-03-03 00:21:04,030 [INFO] 🔍 开始检查止损反手触发条件...
2026-03-03 00:21:04,031 [INFO] ✅ 检查完成，等待 60 秒后继续...
2026-03-03 00:22:04,031 [INFO] 🔍 开始检查止损反手触发条件...
2026-03-03 00:22:04,033 [INFO] ✅ 检查完成，等待 60 秒后继续...
2026-03-03 00:23:04,033 [INFO] 🔍 开始检查止损反手触发条件...
2026-03-03 00:23:04,034 [INFO] ✅ 检查完成，等待 60 秒后继续...
2026-03-03 00:24:04,035 [INFO] 🔍 开始检查止损反手触发条件...
2026-03-03 00:24:04,036 [INFO] ✅ 检查完成，等待 60 秒后继续...
2026-03-03 00:25:04,037 [INFO] 🔍 开始检查止损反手触发条件...
2026-03-03 00:25:04,038 [INFO] ✅ 检查完成，等待 60 秒后继续...
2026-03-03 00:26:04,039 [INFO] 🔍 开始检查止损反手触发条件...
2026-03-03 00:26:04,040 [INFO] ✅ 检查完成，等待 60 秒后继续...
2026-03-03 00:27:04,040 [INFO] 🔍 开始检查止损反手触发条件...
2026-03-03 00:27:04,042 [INFO] ✅ 检查完成，等待 60 秒后继续...
2026-03-03 00:28:04,043 [INFO] 🔍 开始检查止损反手触发条件...
2026-03-03 00:28:04,044 [INFO] ✅ 检查完成，等待 60 秒后继续...
2026-03-03 00:29:04,044 [INFO] 🔍 开始检查止损反手触发条件...
2026-03-03 00:29:04,045 [INFO] ✅ 检查完成，等待 60 秒后继续...
2026-03-03 00:30:04,046 [INFO] 🔍 开始检查止损反手触发条件...
2026-03-03 00:30:04,047 [INFO] ✅ 检查完成，等待 60 秒后继续...
2026-03-03 00:31:04,048 [INFO] 🔍 开始检查止损反手触发条件...
2026-03-03 00:31:04,049 [INFO] ✅ 检查完成，等待 60 秒后继续...
2026-03-03 00:32:04,049 [INFO] 🔍 开始检查止损反手触发条件...
2026-03-03 00:32:04,050 [INFO] ✅ 检查完成，等待 60 秒后继续...
2026-03-03 00:33:04,051 [INFO] 🔍 开始检查止损反手触发条件...
2026-03-03 00:33:04,052 [INFO] ✅ 检查完成，等待 60 秒后继续...
2026-03-03 00:34:04,052 [INFO] 🔍 开始检查止损反手触发条件...
2026-03-03 00:34:04,054 [INFO] ✅ 检查完成，等待 60 秒后继续...
2026-03-03 00:35:04,054 [INFO] 🔍 开始检查止损反手触发条件...
2026-03-03 00:35:04,055 [INFO] ✅ 检查完成，等待 60 秒后继续...
2026-03-03 00:36:04,056 [INFO] 🔍 开始检查止损反手触发条件...
2026-03-03 00:36:04,058 [INFO] ✅ 检查完成，等待 60 秒后继续...
2026-03-03 00:37:04,058 [INFO] 🔍 开始检查止损反手触发条件...
2026-03-03 00:37:04,059 [INFO] ✅ 检查完成，等待 60 秒后继续...
2026-03-03 00:38:04,060 [INFO] 🔍 开始检查止损反手触发条件...
2026-03-03 00:38:04,061 [INFO] ✅ 检查完成，等待 60 秒后继续...
2026-03-03 00:39:04,061 [INFO] 🔍 开始检查止损反手触发条件...
2026-03-03 00:39:04,063 [INFO] ✅ 检查完成，等待 60 秒后继续...
2026-03-03 00:40:04,063 [INFO] 🔍 开始检查止损反手触发条件...
2026-03-03 00:40:04,065 [INFO] ✅ 检查完成，等待 60 秒后继续...
2026-03-03 00:41:04,065 [INFO] 🔍 开始检查止损反手触发条件...
2026-03-03 00:41:04,066 [INFO] ✅ 检查完成，等待 60 秒后继续...
2026-03-03 00:42:04,067 [INFO] 🔍 开始检查止损反手触发条件...
2026-03-03 00:42:04,068 [INFO] ✅ 检查完成，等待 60 秒后继续...
2026-03-03 00:43:04,069 [INFO] 🔍 开始检查止损反手触发条件...
2026-03-03 00:43:04,070 [INFO] ✅ 检查完成，等待 60 秒后继续...
2026-03-03 00:44:04,070 [INFO] 🔍 开始检查止损反手触发条件...
2026-03-03 00:44:04,072 [INFO] ✅ 检查完成，等待 60 秒后继续...
2026-03-03 00:45:04,072 [INFO] 🔍 开始检查止损反手触发条件...
2026-03-03 00:45:04,073 [INFO] ✅ 检查完成，等待 60 秒后继续...
2026-03-03 00:46:04,074 [INFO] 🔍 开始检查止损反手触发条件...
2026-03-03 00:46:04,075 [INFO] ✅ 检查完成，等待 60 秒后继续...
2026-03-03 00:47:04,075 [INFO] 🔍 开始检查止损反手触发条件...
2026-03-03 00:47:04,076 [INFO] ✅ 检查完成，等待 60 秒后继续...
2026-03-03 00:48:04,077 [INFO] 🔍 开始检查止损反手触发条件...
2026-03-03 00:48:04,078 [INFO] ✅ 检查完成，等待 60 秒后继续...
2026-03-03 00:49:04,079 [INFO] 🔍 开始检查止损反手触发条件...
2026-03-03 00:49:04,080 [INFO] ✅ 检查完成，等待 60 秒后继续...
2026-03-03 00:50:04,080 [INFO] 🔍 开始检查止损反手触发条件...
2026-03-03 00:50:04,082 [INFO] ✅ 检查完成，等待 60 秒后继续...
2026-03-03 00:51:04,082 [INFO] 🔍 开始检查止损反手触发条件...
2026-03-03 00:51:04,083 [INFO] ✅ 检查完成，等待 60 秒后继续...
2026-03-03 00:52:04,084 [INFO] 🔍 开始检查止损反手触发条件...
2026-03-03 00:52:04,085 [INFO] ✅ 检查完成，等待 60 秒后继续...
2026-03-03 00:53:04,085 [INFO] 🔍 开始检查止损反手触发条件...
2026-03-03 00:53:04,087 [INFO] ✅ 检查完成，等待 60 秒后继续...
2026-03-03 00:54:04,087 [INFO] 🔍 开始检查止损反手触发条件...
2026-03-03 00:54:04,088 [INFO] ✅ 检查完成，等待 60 秒后继续...
2026-03-03 00:55:04,089 [INFO] 🔍 开始检查止损反手触发条件...
2026-03-03 00:55:04,090 [INFO] ✅ 检查完成，等待 60 秒后继续...
2026-03-03 00:56:04,091 [INFO] 🔍 开始检查止损反手触发条件...
2026-03-03 00:56:04,092 [INFO] ✅ 检查完成，等待 60 秒后继续...
2026-03-03 00:57:04,093 [INFO] 🔍 开始检查止损反手触发条件...
2026-03-03 00:57:04,094 [INFO] ✅ 检查完成，等待 60 秒后继续...
2026-03-03 00:58:04,094 [INFO] 🔍 开始检查止损反手触发条件...
2026-03-03 00:58:04,096 [INFO] ✅ 检查完成，等待 60 秒后继续...
2026-03-03 00:59:04,096 [INFO] 🔍 开始检查止损反手触发条件...
2026-03-03 00:59:04,097 [INFO] ✅ 检查完成，等待 60 秒后继续...
2026-03-03 01:00:04,098 [INFO] 🔍 开始检查止损反手触发条件...
2026-03-03 01:00:04,099 [INFO] ✅ 检查完成，等待 60 秒后继续...
2026-03-03 01:01:04,099 [INFO] 🔍 开始检查止损反手触发条件...
2026-03-03 01:01:04,100 [INFO] ✅ 检查完成，等待 60 秒后继续...
2026-03-03 01:02:04,101 [INFO] 🔍 开始检查止损反手触发条件...
2026-03-03 01:02:04,102 [INFO] ✅ 检查完成，等待 60 秒后继续...
2026-03-03 01:03:04,103 [INFO] 🔍 开始检查止损反手触发条件...
2026-03-03 01:03:04,104 [INFO] ✅ 检查完成，等待 60 秒后继续...
2026-03-03 01:04:04,104 [INFO] 🔍 开始检查止损反手触发条件...
2026-03-03 01:04:04,106 [INFO] ✅ 检查完成，等待 60 秒后继续...
2026-03-03 01:05:04,106 [INFO] 🔍 开始检查止损反手触发条件...
2026-03-03 01:05:04,107 [INFO] ✅ 检查完成，等待 60 秒后继续...
2026-03-03 01:06:04,107 [INFO] 🔍 开始检查止损反手触发条件...
2026-03-03 01:06:04,109 [INFO] ✅ 检查完成，等待 60 秒后继续...
2026-03-03 01:07:04,110 [INFO] 🔍 开始检查止损反手触发条件...
2026-03-03 01:07:04,111 [INFO] ✅ 检查完成，等待 60 秒后继续...
2026-03-03 01:08:04,111 [INFO] 🔍 开始检查止损反手触发条件...
2026-03-03 01:08:04,113 [INFO] ✅ 检查完成，等待 60 秒后继续...
2026-03-03 01:09:04,113 [INFO] 🔍 开始检查止损反手触发条件...
2026-03-03 01:09:04,115 [INFO] ✅ 检查完成，等待 60 秒后继续...
2026-03-03 01:10:04,115 [INFO] 🔍 开始检查止损反手触发条件...
2026-03-03 01:10:04,116 [INFO] ✅ 检查完成，等待 60 秒后继续...
2026-03-03 01:11:04,117 [INFO] 🔍 开始检查止损反手触发条件...
2026-03-03 01:11:04,118 [INFO] ✅ 检查完成，等待 60 秒后继续...
2026-03-03 01:12:04,118 [INFO] 🔍 开始检查止损反手触发条件...
2026-03-03 01:12:04,120 [INFO] ✅ 检查完成，等待 60 秒后继续...
2026-03-03 01:13:04,120 [INFO] 🔍 开始检查止损反手触发条件...
2026-03-03 01:13:04,121 [INFO] ✅ 检查完成，等待 60 秒后继续...
2026-03-03 01:14:04,122 [INFO] 🔍 开始检查止损反手触发条件...
2026-03-03 01:14:04,123 [INFO] ✅ 检查完成，等待 60 秒后继续...
2026-03-03 01:15:04,124 [INFO] 🔍 开始检查止损反手触发条件...
2026-03-03 01:15:04,125 [INFO] ✅ 检查完成，等待 60 秒后继续...
2026-03-03 01:16:04,126 [INFO] 🔍 开始检查止损反手触发条件...
2026-03-03 01:16:04,127 [INFO] ✅ 检查完成，等待 60 秒后继续...
2026-03-03 01:17:04,127 [INFO] 🔍 开始检查止损反手触发条件...
2026-03-03 01:17:04,129 [INFO] ✅ 检查完成，等待 60 秒后继续...
2026-03-03 01:18:04,129 [INFO] 🔍 开始检查止损反手触发条件...
2026-03-03 01:18:04,130 [INFO] ✅ 检查完成，等待 60 秒后继续...
2026-03-03 01:19:04,131 [INFO] 🔍 开始检查止损反手触发条件...
2026-03-03 01:19:04,132 [INFO] ✅ 检查完成，等待 60 秒后继续...
2026-03-03 01:20:04,133 [INFO] 🔍 开始检查止损反手触发条件...
2026-03-03 01:20:04,134 [INFO] ✅ 检查完成，等待 60 秒后继续...
2026-03-03 01:21:04,134 [INFO] 🔍 开始检查止损反手触发条件...
2026-03-03 01:21:04,135 [INFO] ✅ 检查完成，等待 60 秒后继续...
2026-03-03 01:22:04,135 [INFO] 🔍 开始检查止损反手触发条件...
2026-03-03 01:22:04,136 [INFO] ✅ 检查完成，等待 60 秒后继续...
2026-03-03 01:23:04,137 [INFO] 🔍 开始检查止损反手触发条件...
2026-03-03 01:23:04,138 [INFO] ✅ 检查完成，等待 60 秒后继续...
2026-03-03 01:24:04,138 [INFO] 🔍 开始检查止损反手触发条件...
2026-03-03 01:24:04,140 [INFO] ✅ 检查完成，等待 60 秒后继续...
2026-03-03 01:25:04,140 [INFO] 🔍 开始检查止损反手触发条件...
2026-03-03 01:25:04,142 [INFO] ✅ 检查完成，等待 60 秒后继续...
2026-03-03 01:26:04,142 [INFO] 🔍 开始检查止损反手触发条件...
2026-03-03 01:26:04,143 [INFO] ✅ 检查完成，等待 60 秒后继续...
2026-03-03 01:27:04,144 [INFO] 🔍 开始检查止损反手触发条件...
2026-03-03 01:27:04,145 [INFO] ✅ 检查完成，等待 60 秒后继续...
2026-03-03 01:28:04,146 [INFO] 🔍 开始检查止损反手触发条件...
2026-03-03 01:28:04,147 [INFO] ✅ 检查完成，等待 60 秒后继续...
2026-03-03 01:29:04,147 [INFO] 🔍 开始检查止损反手触发条件...
2026-03-03 01:29:04,148 [INFO] ✅ 检查完成，等待 60 秒后继续...
2026-03-03 01:30:04,149 [INFO] 🔍 开始检查止损反手触发条件...
2026-03-03 01:30:04,150 [INFO] ✅ 检查完成，等待 60 秒后继续...
2026-03-03 01:31:04,150 [INFO] 🔍 开始检查止损反手触发条件...
2026-03-03 01:31:04,152 [INFO] ✅ 检查完成，等待 60 秒后继续...
2026-03-03 01:32:04,152 [INFO] 🔍 开始检查止损反手触发条件...
2026-03-03 01:32:04,153 [INFO] ✅ 检查完成，等待 60 秒后继续...
2026-03-03 01:33:04,154 [INFO] 🔍 开始检查止损反手触发条件...
2026-03-03 01:33:04,155 [INFO] ✅ 检查完成，等待 60 秒后继续...
2026-03-03 01:34:04,156 [INFO] 🔍 开始检查止损反手触发条件...
2026-03-03 01:34:04,157 [INFO] ✅ 检查完成，等待 60 秒后继续...
2026-03-03 01:35:04,157 [INFO] 🔍 开始检查止损反手触发条件...
2026-03-03 01:35:04,159 [INFO] ✅ 检查完成，等待 60 秒后继续...
2026-03-03 01:36:04,159 [INFO] 🔍 开始检查止损反手触发条件...
2026-03-03 01:36:04,160 [INFO] ✅ 检查完成，等待 60 秒后继续...
2026-03-03 01:37:04,161 [INFO] 🔍 开始检查止损反手触发条件...
2026-03-03 01:37:04,162 [INFO] ✅ 检查完成，等待 60 秒后继续...
2026-03-03 01:38:04,162 [INFO] 🔍 开始检查止损反手触发条件...
2026-03-03 01:38:04,164 [INFO] ✅ 检查完成，等待 60 秒后继续...
2026-03-03 01:39:04,164 [INFO] 🔍 开始检查止损反手触发条件...
2026-03-03 01:39:04,165 [INFO] ✅ 检查完成，等待 60 秒后继续...
2026-03-03 01:40:04,166 [INFO] 🔍 开始检查止损反手触发条件...
2026-03-03 01:40:04,167 [INFO] ✅ 检查完成，等待 60 秒后继续...
2026-03-03 01:41:04,167 [INFO] 🔍 开始检查止损反手触发条件...
2026-03-03 01:41:04,169 [INFO] ✅ 检查完成，等待 60 秒后继续...
2026-03-03 01:42:04,169 [INFO] 🔍 开始检查止损反手触发条件...
2026-03-03 01:42:04,171 [INFO] ✅ 检查完成，等待 60 秒后继续...
2026-03-03 01:43:04,171 [INFO] 🔍 开始检查止损反手触发条件...
2026-03-03 01:43:04,173 [INFO] ✅ 检查完成，等待 60 秒后继续...
2026-03-03 01:44:04,173 [INFO] 🔍 开始检查止损反手触发条件...
2026-03-03 01:44:04,175 [INFO] ✅ 检查完成，等待 60 秒后继续...
2026-03-03 01:45:04,175 [INFO] 🔍 开始检查止损反手触发条件...
2026-03-03 01:45:04,176 [INFO] ✅ 检查完成，等待 60 秒后继续...
2026-03-03 01:46:04,177 [INFO] 🔍 开始检查止损反手触发条件...
2026-03-03 01:46:04,178 [INFO] ✅ 检查完成，等待 60 秒后继续...
2026-03-03 01:47:04,179 [INFO] 🔍 开始检查止损反手触发条件...
2026-03-03 01:47:04,180 [INFO] ✅ 检查完成，等待 60 秒后继续...
2026-03-03 01:48:04,181 [INFO] 🔍 开始检查止损反手触发条件...
2026-03-03 01:48:04,182 [INFO] ✅ 检查完成，等待 60 秒后继续...
2026-03-03 01:49:04,182 [INFO] 🔍 开始检查止损反手触发条件...
2026-03-03 01:49:04,184 [INFO] ✅ 检查完成，等待 60 秒后继续...
2026-03-03 01:50:04,184 [INFO] 🔍 开始检查止损反手触发条件...
2026-03-03 01:50:04,185 [INFO] ✅ 检查完成，等待 60 秒后继续...
2026-03-03 01:51:04,186 [INFO] 🔍 开始检查止损反手触发条件...
2026-03-03 01:51:04,187 [INFO] ✅ 检查完成，等待 60 秒后继续...
2026-03-03 01:52:04,187 [INFO] 🔍 开始检查止损反手触发条件...
2026-03-03 01:52:04,189 [INFO] ✅ 检查完成，等待 60 秒后继续...
2026-03-03 01:53:04,189 [INFO] 🔍 开始检查止损反手触发条件...
2026-03-03 01:53:04,190 [INFO] ✅ 检查完成，等待 60 秒后继续...
2026-03-03 01:54:04,191 [INFO] 🔍 开始检查止损反手触发条件...
2026-03-03 01:54:04,193 [INFO] ✅ 检查完成，等待 60 秒后继续...
2026-03-03 01:55:04,193 [INFO] 🔍 开始检查止损反手触发条件...
2026-03-03 01:55:04,195 [INFO] ✅ 检查完成，等待 60 秒后继续...
2026-03-03 01:56:04,195 [INFO] 🔍 开始检查止损反手触发条件...
2026-03-03 01:56:04,197 [INFO] ✅ 检查完成，等待 60 秒后继续...
2026-03-03 01:57:04,197 [INFO] 🔍 开始检查止损反手触发条件...
2026-03-03 01:57:04,199 [INFO] ✅ 检查完成，等待 60 秒后继续...
2026-03-03 01:58:04,199 [INFO] 🔍 开始检查止损反手触发条件...
2026-03-03 01:58:04,200 [INFO] ✅ 检查完成，等待 60 秒后继续...
2026-03-03 01:59:04,201 [INFO] 🔍 开始检查止损反手触发条件...
2026-03-03 01:59:04,203 [INFO] ✅ 检查完成，等待 60 秒后继续...
2026-03-03 02:00:04,203 [INFO] 🔍 开始检查止损反手触发条件...
2026-03-03 02:00:04,204 [INFO] ✅ 检查完成，等待 60 秒后继续...
2026-03-03 02:01:04,205 [INFO] 🔍 开始检查止损反手触发条件...
2026-03-03 02:01:04,206 [INFO] ✅ 检查完成，等待 60 秒后继续...
2026-03-03 02:02:04,206 [INFO] 🔍 开始检查止损反手触发条件...
2026-03-03 02:02:04,208 [INFO] ✅ 检查完成，等待 60 秒后继续...
2026-03-03 02:03:04,208 [INFO] 🔍 开始检查止损反手触发条件...
2026-03-03 02:03:04,210 [INFO] ✅ 检查完成，等待 60 秒后继续...
2026-03-03 02:04:04,210 [INFO] 🔍 开始检查止损反手触发条件...
2026-03-03 02:04:04,212 [INFO] ✅ 检查完成，等待 60 秒后继续...
2026-03-03 02:05:04,212 [INFO] 🔍 开始检查止损反手触发条件...
2026-03-03 02:05:04,213 [INFO] ✅ 检查完成，等待 60 秒后继续...
2026-03-03 02:06:04,213 [INFO] 🔍 开始检查止损反手触发条件...
2026-03-03 02:06:04,215 [INFO] ✅ 检查完成，等待 60 秒后继续...
2026-03-03 02:07:04,215 [INFO] 🔍 开始检查止损反手触发条件...
2026-03-03 02:07:04,216 [INFO] ✅ 检查完成，等待 60 秒后继续...
2026-03-03 02:08:04,217 [INFO] 🔍 开始检查止损反手触发条件...
2026-03-03 02:08:04,218 [INFO] ✅ 检查完成，等待 60 秒后继续...
2026-03-03 02:09:04,218 [INFO] 🔍 开始检查止损反手触发条件...
2026-03-03 02:09:04,220 [INFO] ✅ 检查完成，等待 60 秒后继续...
2026-03-03 02:10:04,220 [INFO] 🔍 开始检查止损反手触发条件...
2026-03-03 02:10:04,222 [INFO] ✅ 检查完成，等待 60 秒后继续...
2026-03-03 02:11:04,222 [INFO] 🔍 开始检查止损反手触发条件...
2026-03-03 02:11:04,223 [INFO] ✅ 检查完成，等待 60 秒后继续...
2026-03-03 02:12:04,224 [INFO] 🔍 开始检查止损反手触发条件...
2026-03-03 02:12:04,225 [INFO] ✅ 检查完成，等待 60 秒后继续...
2026-03-03 02:13:04,225 [INFO] 🔍 开始检查止损反手触发条件...
2026-03-03 02:13:04,227 [INFO] ✅ 检查完成，等待 60 秒后继续...
2026-03-03 02:14:04,227 [INFO] 🔍 开始检查止损反手触发条件...
2026-03-03 02:14:04,228 [INFO] ✅ 检查完成，等待 60 秒后继续...
2026-03-03 02:15:04,229 [INFO] 🔍 开始检查止损反手触发条件...
2026-03-03 02:15:04,230 [INFO] ✅ 检查完成，等待 60 秒后继续...
2026-03-03 02:16:04,231 [INFO] 🔍 开始检查止损反手触发条件...
2026-03-03 02:16:04,232 [INFO] ✅ 检查完成，等待 60 秒后继续...
2026-03-03 02:17:04,232 [INFO] 🔍 开始检查止损反手触发条件...
2026-03-03 02:17:04,234 [INFO] ✅ 检查完成，等待 60 秒后继续...
2026-03-03 02:18:04,234 [INFO] 🔍 开始检查止损反手触发条件...
2026-03-03 02:18:04,235 [INFO] ✅ 检查完成，等待 60 秒后继续...
2026-03-03 02:19:04,236 [INFO] 🔍 开始检查止损反手触发条件...
2026-03-03 02:19:04,237 [INFO] ✅ 检查完成，等待 60 秒后继续...
2026-03-03 02:20:04,237 [INFO] 🔍 开始检查止损反手触发条件...
2026-03-03 02:20:04,239 [INFO] ✅ 检查完成，等待 60 秒后继续...
2026-03-03 02:21:04,239 [INFO] 🔍 开始检查止损反手触发条件...
2026-03-03 02:21:04,241 [INFO] ✅ 检查完成，等待 60 秒后继续...
2026-03-03 02:22:04,241 [INFO] 🔍 开始检查止损反手触发条件...
2026-03-03 02:22:04,243 [INFO] ✅ 检查完成，等待 60 秒后继续...
2026-03-03 02:23:04,243 [INFO] 🔍 开始检查止损反手触发条件...
2026-03-03 02:23:04,245 [INFO] ✅ 检查完成，等待 60 秒后继续...
2026-03-03 02:24:04,245 [INFO] 🔍 开始检查止损反手触发条件...
2026-03-03 02:24:04,246 [INFO] ✅ 检查完成，等待 60 秒后继续...
2026-03-03 02:25:04,247 [INFO] 🔍 开始检查止损反手触发条件...
2026-03-03 02:25:04,248 [INFO] ✅ 检查完成，等待 60 秒后继续...
2026-03-03 02:26:04,249 [INFO] 🔍 开始检查止损反手触发条件...
2026-03-03 02:26:04,250 [INFO] ✅ 检查完成，等待 60 秒后继续...
2026-03-03 02:27:04,251 [INFO] 🔍 开始检查止损反手触发条件...
2026-03-03 02:27:04,252 [INFO] ✅ 检查完成，等待 60 秒后继续...
2026-03-03 02:28:04,252 [INFO] 🔍 开始检查止损反手触发条件...
2026-03-03 02:28:04,254 [INFO] ✅ 检查完成，等待 60 秒后继续...
2026-03-03 02:29:04,255 [INFO] 🔍 开始检查止损反手触发条件...
2026-03-03 02:29:04,256 [INFO] ✅ 检查完成，等待 60 秒后继续...
2026-03-03 02:30:04,256 [INFO] 🔍 开始检查止损反手触发条件...
2026-03-03 02:30:04,257 [INFO] ✅ 检查完成，等待 60 秒后继续...
2026-03-03 02:31:04,258 [INFO] 🔍 开始检查止损反手触发条件...
2026-03-03 02:31:04,259 [INFO] ✅ 检查完成，等待 60 秒后继续...
2026-03-03 02:32:04,260 [INFO] 🔍 开始检查止损反手触发条件...
2026-03-03 02:32:04,261 [INFO] ✅ 检查完成，等待 60 秒后继续...
2026-03-03 02:33:04,261 [INFO] 🔍 开始检查止损反手触发条件...
2026-03-03 02:33:04,263 [INFO] ✅ 检查完成，等待 60 秒后继续...
2026-03-03 02:34:04,263 [INFO] 🔍 开始检查止损反手触发条件...
2026-03-03 02:34:04,264 [INFO] ✅ 检查完成，等待 60 秒后继续...
2026-03-03 02:35:04,265 [INFO] 🔍 开始检查止损反手触发条件...
2026-03-03 02:35:04,266 [INFO] ✅ 检查完成，等待 60 秒后继续...
2026-03-03 02:36:04,266 [INFO] 🔍 开始检查止损反手触发条件...
2026-03-03 02:36:04,268 [INFO] ✅ 检查完成，等待 60 秒后继续...
2026-03-03 02:37:04,268 [INFO] 🔍 开始检查止损反手触发条件...
2026-03-03 02:37:04,269 [INFO] ✅ 检查完成，等待 60 秒后继续...
2026-03-03 02:38:04,270 [INFO] 🔍 开始检查止损反手触发条件...
2026-03-03 02:38:04,271 [INFO] ✅ 检查完成，等待 60 秒后继续...
2026-03-03 02:39:04,271 [INFO] 🔍 开始检查止损反手触发条件...
2026-03-03 02:39:04,273 [INFO] ✅ 检查完成，等待 60 秒后继续...
2026-03-03 02:40:04,273 [INFO] 🔍 开始检查止损反手触发条件...
2026-03-03 02:40:04,275 [INFO] ✅ 检查完成，等待 60 秒后继续...
2026-03-03 02:41:04,275 [INFO] 🔍 开始检查止损反手触发条件...
2026-03-03 02:41:04,276 [INFO] ✅ 检查完成，等待 60 秒后继续...
2026-03-03 02:42:04,277 [INFO] 🔍 开始检查止损反手触发条件...
2026-03-03 02:42:04,278 [INFO] ✅ 检查完成，等待 60 秒后继续...
2026-03-03 02:43:04,278 [INFO] 🔍 开始检查止损反手触发条件...
2026-03-03 02:43:04,280 [INFO] ✅ 检查完成，等待 60 秒后继续...
2026-03-03 02:44:04,280 [INFO] 🔍 开始检查止损反手触发条件...
2026-03-03 02:44:04,282 [INFO] ✅ 检查完成，等待 60 秒后继续...
2026-03-03 02:45:04,282 [INFO] 🔍 开始检查止损反手触发条件...
2026-03-03 02:45:04,283 [INFO] ✅ 检查完成，等待 60 秒后继续...
2026-03-03 02:46:04,284 [INFO] 🔍 开始检查止损反手触发条件...
2026-03-03 02:46:04,285 [INFO] ✅ 检查完成，等待 60 秒后继续...
2026-03-03 02:47:04,286 [INFO] 🔍 开始检查止损反手触发条件...
2026-03-03 02:47:04,287 [INFO] ✅ 检查完成，等待 60 秒后继续...
2026-03-03 02:48:04,288 [INFO] 🔍 开始检查止损反手触发条件...
2026-03-03 02:48:04,289 [INFO] ✅ 检查完成，等待 60 秒后继续...
2026-03-03 02:49:04,289 [INFO] 🔍 开始检查止损反手触发条件...
2026-03-03 02:49:04,291 [INFO] ✅ 检查完成，等待 60 秒后继续...
2026-03-03 02:50:04,291 [INFO] 🔍 开始检查止损反手触发条件...
2026-03-03 02:50:04,292 [INFO] ✅ 检查完成，等待 60 秒后继续...
2026-03-03 02:51:04,293 [INFO] 🔍 开始检查止损反手触发条件...
2026-03-03 02:51:04,294 [INFO] ✅ 检查完成，等待 60 秒后继续...
2026-03-03 02:52:04,295 [INFO] 🔍 开始检查止损反手触发条件...
2026-03-03 02:52:04,296 [INFO] ✅ 检查完成，等待 60 秒后继续...
2026-03-03 02:53:04,296 [INFO] 🔍 开始检查止损反手触发条件...
2026-03-03 02:53:04,298 [INFO] ✅ 检查完成，等待 60 秒后继续...
2026-03-03 02:54:04,298 [INFO] 🔍 开始检查止损反手触发条件...
2026-03-03 02:54:04,299 [INFO] ✅ 检查完成，等待 60 秒后继续...
2026-03-03 02:55:04,300 [INFO] 🔍 开始检查止损反手触发条件...
2026-03-03 02:55:04,301 [INFO] ✅ 检查完成，等待 60 秒后继续...
2026-03-03 02:56:04,302 [INFO] 🔍 开始检查止损反手触发条件...
2026-03-03 02:56:04,304 [INFO] ✅ 检查完成，等待 60 秒后继续...
2026-03-03 02:57:04,304 [INFO] 🔍 开始检查止损反手触发条件...
2026-03-03 02:57:04,305 [INFO] ✅ 检查完成，等待 60 秒后继续...
2026-03-03 02:58:04,305 [INFO] 🔍 开始检查止损反手触发条件...
2026-03-03 02:58:04,306 [INFO] ✅ 检查完成，等待 60 秒后继续...
2026-03-03 02:59:04,307 [INFO] 🔍 开始检查止损反手触发条件...
2026-03-03 02:59:04,308 [INFO] ✅ 检查完成，等待 60 秒后继续...
2026-03-03 03:00:04,308 [INFO] 🔍 开始检查止损反手触发条件...
2026-03-03 03:00:04,310 [INFO] ✅ 检查完成，等待 60 秒后继续...
2026-03-03 03:01:04,310 [INFO] 🔍 开始检查止损反手触发条件...
2026-03-03 03:01:04,311 [INFO] ✅ 检查完成，等待 60 秒后继续...
2026-03-03 03:02:04,312 [INFO] 🔍 开始检查止损反手触发条件...
2026-03-03 03:02:04,313 [INFO] ✅ 检查完成，等待 60 秒后继续...
2026-03-03 03:03:04,313 [INFO] 🔍 开始检查止损反手触发条件...
2026-03-03 03:03:04,315 [INFO] ✅ 检查完成，等待 60 秒后继续...
2026-03-03 03:04:04,315 [INFO] 🔍 开始检查止损反手触发条件...
2026-03-03 03:04:04,316 [INFO] ✅ 检查完成，等待 60 秒后继续...
2026-03-03 03:05:04,317 [INFO] 🔍 开始检查止损反手触发条件...
2026-03-03 03:05:04,318 [INFO] ✅ 检查完成，等待 60 秒后继续...
2026-03-03 03:06:04,318 [INFO] 🔍 开始检查止损反手触发条件...
2026-03-03 03:06:04,320 [INFO] ✅ 检查完成，等待 60 秒后继续...
2026-03-03 03:07:04,320 [INFO] 🔍 开始检查止损反手触发条件...
2026-03-03 03:07:04,321 [INFO] ✅ 检查完成，等待 60 秒后继续...
2026-03-03 03:08:04,321 [INFO] 🔍 开始检查止损反手触发条件...
2026-03-03 03:08:04,322 [INFO] ✅ 检查完成，等待 60 秒后继续...
2026-03-03 03:09:04,323 [INFO] 🔍 开始检查止损反手触发条件...
2026-03-03 03:09:04,324 [INFO] ✅ 检查完成，等待 60 秒后继续...
2026-03-03 03:10:04,324 [INFO] 🔍 开始检查止损反手触发条件...
2026-03-03 03:10:04,326 [INFO] ✅ 检查完成，等待 60 秒后继续...
2026-03-03 03:11:04,326 [INFO] 🔍 开始检查止损反手触发条件...
2026-03-03 03:11:04,328 [INFO] ✅ 检查完成，等待 60 秒后继续...
2026-03-03 03:12:04,328 [INFO] 🔍 开始检查止损反手触发条件...
2026-03-03 03:12:04,329 [INFO] ✅ 检查完成，等待 60 秒后继续...
2026-03-03 03:13:04,330 [INFO] 🔍 开始检查止损反手触发条件...
2026-03-03 03:13:04,331 [INFO] ✅ 检查完成，等待 60 秒后继续...
2026-03-03 03:14:04,332 [INFO] 🔍 开始检查止损反手触发条件...
2026-03-03 03:14:04,333 [INFO] ✅ 检查完成，等待 60 秒后继续...
2026-03-03 03:15:04,333 [INFO] 🔍 开始检查止损反手触发条件...
2026-03-03 03:15:04,335 [INFO] ✅ 检查完成，等待 60 秒后继续...
2026-03-03 03:16:04,335 [INFO] 🔍 开始检查止损反手触发条件...
2026-03-03 03:16:04,336 [INFO] ✅ 检查完成，等待 60 秒后继续...
2026-03-03 03:17:04,337 [INFO] 🔍 开始检查止损反手触发条件...
2026-03-03 03:17:04,338 [INFO] ✅ 检查完成，等待 60 秒后继续...
2026-03-03 03:18:04,339 [INFO] 🔍 开始检查止损反手触发条件...
2026-03-03 03:18:04,340 [INFO] ✅ 检查完成，等待 60 秒后继续...
2026-03-03 03:19:04,340 [INFO] 🔍 开始检查止损反手触发条件...
2026-03-03 03:19:04,342 [INFO] ✅ 检查完成，等待 60 秒后继续...
2026-03-03 03:20:04,342 [INFO] 🔍 开始检查止损反手触发条件...
2026-03-03 03:20:04,343 [INFO] ✅ 检查完成，等待 60 秒后继续...
2026-03-03 03:21:04,344 [INFO] 🔍 开始检查止损反手触发条件...
2026-03-03 03:21:04,345 [INFO] ✅ 检查完成，等待 60 秒后继续...
2026-03-03 03:22:04,346 [INFO] 🔍 开始检查止损反手触发条件...
2026-03-03 03:22:04,347 [INFO] ✅ 检查完成，等待 60 秒后继续...
2026-03-03 03:23:04,347 [INFO] 🔍 开始检查止损反手触发条件...
2026-03-03 03:23:04,349 [INFO] ✅ 检查完成，等待 60 秒后继续...
2026-03-03 03:24:04,349 [INFO] 🔍 开始检查止损反手触发条件...
2026-03-03 03:24:04,350 [INFO] ✅ 检查完成，等待 60 秒后继续...
2026-03-03 03:25:04,351 [INFO] 🔍 开始检查止损反手触发条件...
2026-03-03 03:25:04,352 [INFO] ✅ 检查完成，等待 60 秒后继续...
2026-03-03 03:26:04,353 [INFO] 🔍 开始检查止损反手触发条件...
2026-03-03 03:26:04,354 [INFO] ✅ 检查完成，等待 60 秒后继续...
2026-03-03 03:27:04,354 [INFO] 🔍 开始检查止损反手触发条件...
2026-03-03 03:27:04,356 [INFO] ✅ 检查完成，等待 60 秒后继续...
2026-03-03 03:28:04,356 [INFO] 🔍 开始检查止损反手触发条件...
2026-03-03 03:28:04,357 [INFO] ✅ 检查完成，等待 60 秒后继续...
2026-03-03 03:29:04,358 [INFO] 🔍 开始检查止损反手触发条件...
2026-03-03 03:29:04,359 [INFO] ✅ 检查完成，等待 60 秒后继续...
2026-03-03 03:30:04,360 [INFO] 🔍 开始检查止损反手触发条件...
2026-03-03 03:30:04,361 [INFO] ✅ 检查完成，等待 60 秒后继续...
2026-03-03 03:31:04,361 [INFO] 🔍 开始检查止损反手触发条件...
2026-03-03 03:31:04,363 [INFO] ✅ 检查完成，等待 60 秒后继续...
2026-03-03 03:32:04,363 [INFO] 🔍 开始检查止损反手触发条件...
2026-03-03 03:32:04,364 [INFO] ✅ 检查完成，等待 60 秒后继续...
2026-03-03 03:33:04,365 [INFO] 🔍 开始检查止损反手触发条件...
2026-03-03 03:33:04,366 [INFO] ✅ 检查完成，等待 60 秒后继续...
2026-03-03 03:34:04,366 [INFO] 🔍 开始检查止损反手触发条件...
2026-03-03 03:34:04,368 [INFO] ✅ 检查完成，等待 60 秒后继续...
2026-03-03 03:35:04,368 [INFO] 🔍 开始检查止损反手触发条件...
2026-03-03 03:35:04,369 [INFO] ✅ 检查完成，等待 60 秒后继续...
2026-03-03 03:36:04,370 [INFO] 🔍 开始检查止损反手触发条件...
2026-03-03 03:36:04,371 [INFO] ✅ 检查完成，等待 60 秒后继续...
2026-03-03 03:37:04,372 [INFO] 🔍 开始检查止损反手触发条件...
2026-03-03 03:37:04,373 [INFO] ✅ 检查完成，等待 60 秒后继续...
2026-03-03 03:38:04,373 [INFO] 🔍 开始检查止损反手触发条件...
2026-03-03 03:38:04,374 [INFO] ✅ 检查完成，等待 60 秒后继续...
2026-03-03 03:39:04,375 [INFO] 🔍 开始检查止损反手触发条件...
2026-03-03 03:39:04,376 [INFO] ✅ 检查完成，等待 60 秒后继续...
2026-03-03 03:40:04,377 [INFO] 🔍 开始检查止损反手触发条件...
2026-03-03 03:40:04,378 [INFO] ✅ 检查完成，等待 60 秒后继续...
2026-03-03 03:41:04,379 [INFO] 🔍 开始检查止损反手触发条件...
2026-03-03 03:41:04,380 [INFO] ✅ 检查完成，等待 60 秒后继续...
2026-03-03 03:42:04,380 [INFO] 🔍 开始检查止损反手触发条件...
2026-03-03 03:42:04,382 [INFO] ✅ 检查完成，等待 60 秒后继续...
2026-03-03 03:43:04,382 [INFO] 🔍 开始检查止损反手触发条件...
2026-03-03 03:43:04,383 [INFO] ✅ 检查完成，等待 60 秒后继续...
2026-03-03 03:44:04,384 [INFO] 🔍 开始检查止损反手触发条件...
2026-03-03 03:44:04,385 [INFO] ✅ 检查完成，等待 60 秒后继续...
2026-03-03 03:45:04,386 [INFO] 🔍 开始检查止损反手触发条件...
2026-03-03 03:45:04,387 [INFO] ✅ 检查完成，等待 60 秒后继续...
2026-03-03 03:46:04,387 [INFO] 🔍 开始检查止损反手触发条件...
2026-03-03 03:46:04,389 [INFO] ✅ 检查完成，等待 60 秒后继续...
2026-03-03 03:47:04,389 [INFO] 🔍 开始检查止损反手触发条件...
2026-03-03 03:47:04,391 [INFO] ✅ 检查完成，等待 60 秒后继续...
2026-03-03 03:48:04,391 [INFO] 🔍 开始检查止损反手触发条件...
2026-03-03 03:48:04,392 [INFO] ✅ 检查完成，等待 60 秒后继续...
2026-03-03 03:49:04,393 [INFO] 🔍 开始检查止损反手触发条件...
2026-03-03 03:49:04,394 [INFO] ✅ 检查完成，等待 60 秒后继续...
2026-03-03 03:50:04,395 [INFO] 🔍 开始检查止损反手触发条件...
2026-03-03 03:50:04,396 [INFO] ✅ 检查完成，等待 60 秒后继续...
2026-03-03 03:51:04,397 [INFO] 🔍 开始检查止损反手触发条件...
2026-03-03 03:51:04,398 [INFO] ✅ 检查完成，等待 60 秒后继续...
2026-03-03 03:52:04,398 [INFO] 🔍 开始检查止损反手触发条件...
2026-03-03 03:52:04,399 [INFO] ✅ 检查完成，等待 60 秒后继续...
2026-03-03 03:53:04,400 [INFO] 🔍 开始检查止损反手触发条件...
2026-03-03 03:53:04,401 [INFO] ✅ 检查完成，等待 60 秒后继续...
2026-03-03 03:54:04,402 [INFO] 🔍 开始检查止损反手触发条件...
2026-03-03 03:54:04,403 [INFO] ✅ 检查完成，等待 60 秒后继续...
2026-03-03 03:55:04,403 [INFO] 🔍 开始检查止损反手触发条件...
2026-03-03 03:55:04,405 [INFO] ✅ 检查完成，等待 60 秒后继续...
2026-03-03 03:56:04,405 [INFO] 🔍 开始检查止损反手触发条件...
2026-03-03 03:56:04,406 [INFO] ✅ 检查完成，等待 60 秒后继续...
2026-03-03 03:57:04,407 [INFO] 🔍 开始检查止损反手触发条件...
2026-03-03 03:57:04,408 [INFO] ✅ 检查完成，等待 60 秒后继续...
2026-03-03 03:58:04,408 [INFO] 🔍 开始检查止损反手触发条件...
2026-03-03 03:58:04,410 [INFO] ✅ 检查完成，等待 60 秒后继续...
2026-03-03 03:59:04,410 [INFO] 🔍 开始检查止损反手触发条件...
2026-03-03 03:59:04,411 [INFO] ✅ 检查完成，等待 60 秒后继续...
2026-03-03 04:00:04,412 [INFO] 🔍 开始检查止损反手触发条件...
2026-03-03 04:00:04,413 [INFO] ✅ 检查完成，等待 60 秒后继续...
2026-03-03 04:01:04,414 [INFO] 🔍 开始检查止损反手触发条件...
2026-03-03 04:01:04,415 [INFO] ✅ 检查完成，等待 60 秒后继续...
2026-03-03 04:02:04,415 [INFO] 🔍 开始检查止损反手触发条件...
2026-03-03 04:02:04,417 [INFO] ✅ 检查完成，等待 60 秒后继续...
2026-03-03 04:03:04,417 [INFO] 🔍 开始检查止损反手触发条件...
2026-03-03 04:03:04,418 [INFO] ✅ 检查完成，等待 60 秒后继续...
2026-03-03 04:04:04,419 [INFO] 🔍 开始检查止损反手触发条件...
2026-03-03 04:04:04,420 [INFO] ✅ 检查完成，等待 60 秒后继续...
2026-03-03 04:05:04,420 [INFO] 🔍 开始检查止损反手触发条件...
2026-03-03 04:05:04,422 [INFO] ✅ 检查完成，等待 60 秒后继续...
2026-03-03 04:06:04,422 [INFO] 🔍 开始检查止损反手触发条件...
2026-03-03 04:06:04,424 [INFO] ✅ 检查完成，等待 60 秒后继续...
2026-03-03 04:07:04,424 [INFO] 🔍 开始检查止损反手触发条件...
2026-03-03 04:07:04,425 [INFO] ✅ 检查完成，等待 60 秒后继续...
2026-03-03 04:08:04,426 [INFO] 🔍 开始检查止损反手触发条件...
2026-03-03 04:08:04,427 [INFO] ✅ 检查完成，等待 60 秒后继续...
2026-03-03 04:09:04,428 [INFO] 🔍 开始检查止损反手触发条件...
2026-03-03 04:09:04,429 [INFO] ✅ 检查完成，等待 60 秒后继续...
2026-03-03 04:10:04,429 [INFO] 🔍 开始检查止损反手触发条件...
2026-03-03 04:10:04,431 [INFO] ✅ 检查完成，等待 60 秒后继续...
2026-03-03 04:11:04,432 [INFO] 🔍 开始检查止损反手触发条件...
2026-03-03 04:11:04,433 [INFO] ✅ 检查完成，等待 60 秒后继续...
2026-03-03 04:12:04,434 [INFO] 🔍 开始检查止损反手触发条件...
2026-03-03 04:12:04,435 [INFO] ✅ 检查完成，等待 60 秒后继续...
2026-03-03 04:13:04,436 [INFO] 🔍 开始检查止损反手触发条件...
2026-03-03 04:13:04,437 [INFO] ✅ 检查完成，等待 60 秒后继续...
2026-03-03 04:14:12,537 [INFO] 🔍 开始检查止损反手触发条件...
2026-03-03 04:14:12,540 [INFO] ✅ 检查完成，等待 60 秒后继续...
2026-03-03 04:15:12,541 [INFO] 🔍 开始检查止损反手触发条件...
2026-03-03 04:15:12,542 [INFO] ✅ 检查完成，等待 60 秒后继续...
2026-03-03 04:16:12,543 [INFO] 🔍 开始检查止损反手触发条件...
2026-03-03 04:16:12,544 [INFO] ✅ 检查完成，等待 60 秒后继续...
2026-03-03 04:17:12,545 [INFO] 🔍 开始检查止损反手触发条件...
2026-03-03 04:17:12,547 [INFO] ✅ 检查完成，等待 60 秒后继续...
2026-03-03 04:18:12,547 [INFO] 🔍 开始检查止损反手触发条件...
2026-03-03 04:18:12,549 [INFO] ✅ 检查完成，等待 60 秒后继续...
2026-03-03 04:19:12,549 [INFO] 🔍 开始检查止损反手触发条件...
2026-03-03 04:19:12,550 [INFO] ✅ 检查完成，等待 60 秒后继续...
2026-03-03 04:20:12,551 [INFO] 🔍 开始检查止损反手触发条件...
2026-03-03 04:20:12,553 [INFO] ✅ 检查完成，等待 60 秒后继续...
2026-03-03 04:21:12,553 [INFO] 🔍 开始检查止损反手触发条件...
2026-03-03 04:21:12,555 [INFO] ✅ 检查完成，等待 60 秒后继续...
2026-03-03 04:22:12,555 [INFO] 🔍 开始检查止损反手触发条件...
2026-03-03 04:22:12,557 [INFO] ✅ 检查完成，等待 60 秒后继续...
2026-03-03 04:23:12,557 [INFO] 🔍 开始检查止损反手触发条件...
2026-03-03 04:23:12,559 [INFO] ✅ 检查完成，等待 60 秒后继续...
2026-03-03 04:24:12,559 [INFO] 🔍 开始检查止损反手触发条件...
2026-03-03 04:24:12,561 [INFO] ✅ 检查完成，等待 60 秒后继续...
2026-03-03 04:25:12,561 [INFO] 🔍 开始检查止损反手触发条件...
2026-03-03 04:25:12,563 [INFO] ✅ 检查完成，等待 60 秒后继续...
2026-03-03 04:26:12,563 [INFO] 🔍 开始检查止损反手触发条件...
2026-03-03 04:26:12,564 [INFO] ✅ 检查完成，等待 60 秒后继续...
2026-03-03 04:27:12,565 [INFO] 🔍 开始检查止损反手触发条件...
2026-03-03 04:27:12,566 [INFO] ✅ 检查完成，等待 60 秒后继续...
2026-03-03 04:28:12,566 [INFO] 🔍 开始检查止损反手触发条件...
2026-03-03 04:28:12,568 [INFO] ✅ 检查完成，等待 60 秒后继续...
2026-03-03 04:29:12,568 [INFO] 🔍 开始检查止损反手触发条件...
2026-03-03 04:29:12,570 [INFO] ✅ 检查完成，等待 60 秒后继续...
2026-03-03 04:30:12,570 [INFO] 🔍 开始检查止损反手触发条件...
2026-03-03 04:30:12,571 [INFO] ✅ 检查完成，等待 60 秒后继续...
2026-03-03 04:31:12,572 [INFO] 🔍 开始检查止损反手触发条件...
2026-03-03 04:31:12,573 [INFO] ✅ 检查完成，等待 60 秒后继续...
2026-03-03 04:32:12,574 [INFO] 🔍 开始检查止损反手触发条件...
2026-03-03 04:32:12,575 [INFO] ✅ 检查完成，等待 60 秒后继续...
2026-03-03 04:33:12,576 [INFO] 🔍 开始检查止损反手触发条件...
2026-03-03 04:33:12,577 [INFO] ✅ 检查完成，等待 60 秒后继续...
2026-03-03 04:34:12,577 [INFO] 🔍 开始检查止损反手触发条件...
2026-03-03 04:34:12,579 [INFO] ✅ 检查完成，等待 60 秒后继续...
2026-03-03 04:35:12,580 [INFO] 🔍 开始检查止损反手触发条件...
2026-03-03 04:35:12,581 [INFO] ✅ 检查完成，等待 60 秒后继续...
2026-03-03 04:36:12,582 [INFO] 🔍 开始检查止损反手触发条件...
2026-03-03 04:36:12,583 [INFO] ✅ 检查完成，等待 60 秒后继续...
2026-03-03 04:37:12,583 [INFO] 🔍 开始检查止损反手触发条件...
2026-03-03 04:37:12,585 [INFO] ✅ 检查完成，等待 60 秒后继续...
2026-03-03 04:38:12,585 [INFO] 🔍 开始检查止损反手触发条件...
2026-03-03 04:38:12,586 [INFO] ✅ 检查完成，等待 60 秒后继续...
2026-03-03 04:39:12,587 [INFO] 🔍 开始检查止损反手触发条件...
2026-03-03 04:39:12,588 [INFO] ✅ 检查完成，等待 60 秒后继续...
2026-03-03 04:40:12,588 [INFO] 🔍 开始检查止损反手触发条件...
2026-03-03 04:40:12,590 [INFO] ✅ 检查完成，等待 60 秒后继续...
2026-03-03 04:41:12,590 [INFO] 🔍 开始检查止损反手触发条件...
2026-03-03 04:41:12,591 [INFO] ✅ 检查完成，等待 60 秒后继续...
2026-03-03 04:42:12,592 [INFO] 🔍 开始检查止损反手触发条件...
2026-03-03 04:42:12,593 [INFO] ✅ 检查完成，等待 60 秒后继续...
2026-03-03 04:43:12,593 [INFO] 🔍 开始检查止损反手触发条件...
2026-03-03 04:43:12,595 [INFO] ✅ 检查完成，等待 60 秒后继续...
2026-03-03 04:44:12,595 [INFO] 🔍 开始检查止损反手触发条件...
2026-03-03 04:44:12,596 [INFO] ✅ 检查完成，等待 60 秒后继续...
2026-03-03 04:45:12,597 [INFO] 🔍 开始检查止损反手触发条件...
2026-03-03 04:45:12,598 [INFO] ✅ 检查完成，等待 60 秒后继续...
2026-03-03 04:46:12,599 [INFO] 🔍 开始检查止损反手触发条件...
2026-03-03 04:46:12,600 [INFO] ✅ 检查完成，等待 60 秒后继续...
2026-03-03 04:47:12,600 [INFO] 🔍 开始检查止损反手触发条件...
2026-03-03 04:47:12,602 [INFO] ✅ 检查完成，等待 60 秒后继续...
2026-03-03 04:48:12,602 [INFO] 🔍 开始检查止损反手触发条件...
2026-03-03 04:48:12,603 [INFO] ✅ 检查完成，等待 60 秒后继续...
2026-03-03 04:49:12,604 [INFO] 🔍 开始检查止损反手触发条件...
2026-03-03 04:49:12,605 [INFO] ✅ 检查完成，等待 60 秒后继续...
2026-03-03 04:50:12,606 [INFO] 🔍 开始检查止损反手触发条件...
2026-03-03 04:50:12,607 [INFO] ✅ 检查完成，等待 60 秒后继续...
2026-03-03 04:51:12,607 [INFO] 🔍 开始检查止损反手触发条件...
2026-03-03 04:51:12,609 [INFO] ✅ 检查完成，等待 60 秒后继续...
2026-03-03 04:52:12,609 [INFO] 🔍 开始检查止损反手触发条件...
2026-03-03 04:52:12,610 [INFO] ✅ 检查完成，等待 60 秒后继续...
2026-03-03 04:53:12,611 [INFO] 🔍 开始检查止损反手触发条件...
2026-03-03 04:53:12,612 [INFO] ✅ 检查完成，等待 60 秒后继续...
2026-03-03 04:54:12,612 [INFO] 🔍 开始检查止损反手触发条件...
2026-03-03 04:54:12,614 [INFO] ✅ 检查完成，等待 60 秒后继续...
2026-03-03 04:55:12,614 [INFO] 🔍 开始检查止损反手触发条件...
2026-03-03 04:55:12,615 [INFO] ✅ 检查完成，等待 60 秒后继续...
2026-03-03 04:56:12,616 [INFO] 🔍 开始检查止损反手触发条件...
2026-03-03 04:56:12,617 [INFO] ✅ 检查完成，等待 60 秒后继续...
2026-03-03 04:57:12,617 [INFO] 🔍 开始检查止损反手触发条件...
2026-03-03 04:57:12,619 [INFO] ✅ 检查完成，等待 60 秒后继续...
2026-03-03 04:58:12,620 [INFO] 🔍 开始检查止损反手触发条件...
2026-03-03 04:58:12,621 [INFO] ✅ 检查完成，等待 60 秒后继续...
2026-03-03 04:59:12,621 [INFO] 🔍 开始检查止损反手触发条件...
2026-03-03 04:59:12,623 [INFO] ✅ 检查完成，等待 60 秒后继续...
2026-03-03 05:00:12,623 [INFO] 🔍 开始检查止损反手触发条件...
2026-03-03 05:00:12,624 [INFO] ✅ 检查完成，等待 60 秒后继续...
2026-03-03 05:01:12,625 [INFO] 🔍 开始检查止损反手触发条件...
2026-03-03 05:01:12,626 [INFO] ✅ 检查完成，等待 60 秒后继续...
2026-03-03 05:02:12,627 [INFO] 🔍 开始检查止损反手触发条件...
2026-03-03 05:02:12,628 [INFO] ✅ 检查完成，等待 60 秒后继续...
2026-03-03 05:03:12,628 [INFO] 🔍 开始检查止损反手触发条件...
2026-03-03 05:03:12,630 [INFO] ✅ 检查完成，等待 60 秒后继续...
2026-03-03 05:04:12,630 [INFO] 🔍 开始检查止损反手触发条件...
2026-03-03 05:04:12,632 [INFO] ✅ 检查完成，等待 60 秒后继续...
2026-03-03 05:05:12,632 [INFO] 🔍 开始检查止损反手触发条件...
2026-03-03 05:05:12,633 [INFO] ✅ 检查完成，等待 60 秒后继续...
2026-03-03 05:06:12,634 [INFO] 🔍 开始检查止损反手触发条件...
2026-03-03 05:06:12,635 [INFO] ✅ 检查完成，等待 60 秒后继续...
2026-03-03 05:07:12,636 [INFO] 🔍 开始检查止损反手触发条件...
2026-03-03 05:07:12,637 [INFO] ✅ 检查完成，等待 60 秒后继续...
2026-03-03 05:08:12,637 [INFO] 🔍 开始检查止损反手触发条件...
2026-03-03 05:08:12,639 [INFO] ✅ 检查完成，等待 60 秒后继续...
2026-03-03 05:09:12,639 [INFO] 🔍 开始检查止损反手触发条件...
2026-03-03 05:09:12,640 [INFO] ✅ 检查完成，等待 60 秒后继续...
2026-03-03 05:10:12,641 [INFO] 🔍 开始检查止损反手触发条件...
2026-03-03 05:10:12,642 [INFO] ✅ 检查完成，等待 60 秒后继续...
2026-03-03 05:11:12,643 [INFO] 🔍 开始检查止损反手触发条件...
2026-03-03 05:11:12,644 [INFO] ✅ 检查完成，等待 60 秒后继续...
2026-03-03 05:12:12,644 [INFO] 🔍 开始检查止损反手触发条件...
2026-03-03 05:12:12,646 [INFO] ✅ 检查完成，等待 60 秒后继续...
2026-03-03 05:13:12,646 [INFO] 🔍 开始检查止损反手触发条件...
2026-03-03 05:13:12,647 [INFO] ✅ 检查完成，等待 60 秒后继续...
2026-03-03 05:14:12,648 [INFO] 🔍 开始检查止损反手触发条件...
2026-03-03 05:14:12,649 [INFO] ✅ 检查完成，等待 60 秒后继续...
2026-03-03 05:15:12,649 [INFO] 🔍 开始检查止损反手触发条件...
2026-03-03 05:15:12,651 [INFO] ✅ 检查完成，等待 60 秒后继续...
2026-03-03 05:16:12,651 [INFO] 🔍 开始检查止损反手触发条件...
2026-03-03 05:16:12,656 [INFO] ✅ 检查完成，等待 60 秒后继续...
2026-03-03 05:17:12,656 [INFO] 🔍 开始检查止损反手触发条件...
2026-03-03 05:17:12,658 [INFO] ✅ 检查完成，等待 60 秒后继续...
2026-03-03 05:18:12,658 [INFO] 🔍 开始检查止损反手触发条件...
2026-03-03 05:18:12,660 [INFO] ✅ 检查完成，等待 60 秒后继续...
2026-03-03 05:19:12,661 [INFO] 🔍 开始检查止损反手触发条件...
2026-03-03 05:19:12,663 [INFO] ✅ 检查完成，等待 60 秒后继续...
2026-03-03 05:20:12,663 [INFO] 🔍 开始检查止损反手触发条件...
2026-03-03 05:20:12,664 [INFO] ✅ 检查完成，等待 60 秒后继续...
2026-03-03 05:21:12,665 [INFO] 🔍 开始检查止损反手触发条件...
2026-03-03 05:21:12,666 [INFO] ✅ 检查完成，等待 60 秒后继续...
2026-03-03 05:22:12,666 [INFO] 🔍 开始检查止损反手触发条件...
2026-03-03 05:22:12,667 [INFO] ✅ 检查完成，等待 60 秒后继续...
2026-03-03 05:23:12,668 [INFO] 🔍 开始检查止损反手触发条件...
2026-03-03 05:23:12,669 [INFO] ✅ 检查完成，等待 60 秒后继续...
2026-03-03 05:24:12,669 [INFO] 🔍 开始检查止损反手触发条件...
2026-03-03 05:24:12,671 [INFO] ✅ 检查完成，等待 60 秒后继续...
2026-03-03 05:25:12,671 [INFO] 🔍 开始检查止损反手触发条件...
2026-03-03 05:25:12,673 [INFO] ✅ 检查完成，等待 60 秒后继续...
2026-03-03 05:26:12,673 [INFO] 🔍 开始检查止损反手触发条件...
2026-03-03 05:26:12,674 [INFO] ✅ 检查完成，等待 60 秒后继续...
2026-03-03 05:27:12,675 [INFO] 🔍 开始检查止损反手触发条件...
2026-03-03 05:27:12,676 [INFO] ✅ 检查完成，等待 60 秒后继续...
2026-03-03 05:28:12,677 [INFO] 🔍 开始检查止损反手触发条件...
2026-03-03 05:28:12,679 [INFO] ✅ 检查完成，等待 60 秒后继续...
2026-03-03 05:29:12,679 [INFO] 🔍 开始检查止损反手触发条件...
2026-03-03 05:29:12,680 [INFO] ✅ 检查完成，等待 60 秒后继续...
2026-03-03 05:30:12,681 [INFO] 🔍 开始检查止损反手触发条件...
2026-03-03 05:30:12,682 [INFO] ✅ 检查完成，等待 60 秒后继续...
2026-03-03 05:31:12,682 [INFO] 🔍 开始检查止损反手触发条件...
2026-03-03 05:31:12,684 [INFO] ✅ 检查完成，等待 60 秒后继续...
2026-03-03 05:32:12,684 [INFO] 🔍 开始检查止损反手触发条件...
2026-03-03 05:32:12,686 [INFO] ✅ 检查完成，等待 60 秒后继续...
2026-03-03 05:33:12,686 [INFO] 🔍 开始检查止损反手触发条件...
2026-03-03 05:33:12,687 [INFO] ✅ 检查完成，等待 60 秒后继续...
2026-03-03 05:34:12,688 [INFO] 🔍 开始检查止损反手触发条件...
2026-03-03 05:34:12,688 [INFO] ✅ 检查完成，等待 60 秒后继续...
2026-03-03 05:35:12,689 [INFO] 🔍 开始检查止损反手触发条件...
2026-03-03 05:35:12,690 [INFO] ✅ 检查完成，等待 60 秒后继续...
2026-03-03 05:36:12,691 [INFO] 🔍 开始检查止损反手触发条件...
2026-03-03 05:36:12,692 [INFO] ✅ 检查完成，等待 60 秒后继续...
2026-03-03 05:37:12,692 [INFO] 🔍 开始检查止损反手触发条件...
2026-03-03 05:37:12,694 [INFO] ✅ 检查完成，等待 60 秒后继续...
2026-03-03 05:38:12,694 [INFO] 🔍 开始检查止损反手触发条件...
2026-03-03 05:38:12,695 [INFO] ✅ 检查完成，等待 60 秒后继续...
2026-03-03 05:39:12,696 [INFO] 🔍 开始检查止损反手触发条件...
2026-03-03 05:39:12,697 [INFO] ✅ 检查完成，等待 60 秒后继续...
2026-03-03 05:40:12,698 [INFO] 🔍 开始检查止损反手触发条件...
2026-03-03 05:40:12,699 [INFO] ✅ 检查完成，等待 60 秒后继续...
2026-03-03 05:41:12,700 [INFO] 🔍 开始检查止损反手触发条件...
2026-03-03 05:41:12,701 [INFO] ✅ 检查完成，等待 60 秒后继续...
2026-03-03 05:42:12,701 [INFO] 🔍 开始检查止损反手触发条件...
2026-03-03 05:42:12,703 [INFO] ✅ 检查完成，等待 60 秒后继续...
2026-03-03 05:43:12,703 [INFO] 🔍 开始检查止损反手触发条件...
2026-03-03 05:43:12,705 [INFO] ✅ 检查完成，等待 60 秒后继续...
2026-03-03 05:44:12,706 [INFO] 🔍 开始检查止损反手触发条件...
2026-03-03 05:44:12,707 [INFO] ✅ 检查完成，等待 60 秒后继续...
2026-03-03 05:45:12,707 [INFO] 🔍 开始检查止损反手触发条件...
2026-03-03 05:45:12,709 [INFO] ✅ 检查完成，等待 60 秒后继续...
2026-03-03 05:46:12,709 [INFO] 🔍 开始检查止损反手触发条件...
2026-03-03 05:46:12,711 [INFO] ✅ 检查完成，等待 60 秒后继续...
2026-03-03 05:47:12,711 [INFO] 🔍 开始检查止损反手触发条件...
2026-03-03 05:47:12,713 [INFO] ✅ 检查完成，等待 60 秒后继续...
2026-03-03 05:48:12,713 [INFO] 🔍 开始检查止损反手触发条件...
2026-03-03 05:48:12,714 [INFO] ✅ 检查完成，等待 60 秒后继续...
2026-03-03 05:49:12,715 [INFO] 🔍 开始检查止损反手触发条件...
2026-03-03 05:49:12,716 [INFO] ✅ 检查完成，等待 60 秒后继续...
2026-03-03 05:50:12,717 [INFO] 🔍 开始检查止损反手触发条件...
2026-03-03 05:50:12,718 [INFO] ✅ 检查完成，等待 60 秒后继续...
2026-03-03 05:51:12,719 [INFO] 🔍 开始检查止损反手触发条件...
2026-03-03 05:51:12,720 [INFO] ✅ 检查完成，等待 60 秒后继续...
2026-03-03 05:52:12,720 [INFO] 🔍 开始检查止损反手触发条件...
2026-03-03 05:52:12,722 [INFO] ✅ 检查完成，等待 60 秒后继续...
2026-03-03 05:53:12,722 [INFO] 🔍 开始检查止损反手触发条件...
2026-03-03 05:53:12,723 [INFO] ✅ 检查完成，等待 60 秒后继续...
2026-03-03 05:54:12,724 [INFO] 🔍 开始检查止损反手触发条件...
2026-03-03 05:54:12,725 [INFO] ✅ 检查完成，等待 60 秒后继续...
2026-03-03 05:55:12,725 [INFO] 🔍 开始检查止损反手触发条件...
2026-03-03 05:55:12,727 [INFO] ✅ 检查完成，等待 60 秒后继续...
2026-03-03 05:56:12,727 [INFO] 🔍 开始检查止损反手触发条件...
2026-03-03 05:56:12,728 [INFO] ✅ 检查完成，等待 60 秒后继续...
2026-03-03 05:57:12,729 [INFO] 🔍 开始检查止损反手触发条件...
2026-03-03 05:57:12,730 [INFO] ✅ 检查完成，等待 60 秒后继续...
2026-03-03 05:58:12,730 [INFO] 🔍 开始检查止损反手触发条件...
2026-03-03 05:58:12,732 [INFO] ✅ 检查完成，等待 60 秒后继续...
2026-03-03 05:59:12,732 [INFO] 🔍 开始检查止损反手触发条件...
2026-03-03 05:59:12,733 [INFO] ✅ 检查完成，等待 60 秒后继续...
2026-03-03 06:00:12,734 [INFO] 🔍 开始检查止损反手触发条件...
2026-03-03 06:00:12,735 [INFO] ✅ 检查完成，等待 60 秒后继续...
2026-03-03 06:01:12,735 [INFO] 🔍 开始检查止损反手触发条件...
2026-03-03 06:01:12,737 [INFO] ✅ 检查完成，等待 60 秒后继续...
2026-03-03 06:02:12,737 [INFO] 🔍 开始检查止损反手触发条件...
2026-03-03 06:02:12,739 [INFO] ✅ 检查完成，等待 60 秒后继续...
2026-03-03 06:03:12,739 [INFO] 🔍 开始检查止损反手触发条件...
2026-03-03 06:03:12,740 [INFO] ✅ 检查完成，等待 60 秒后继续...
2026-03-03 06:04:12,741 [INFO] 🔍 开始检查止损反手触发条件...
2026-03-03 06:04:12,742 [INFO] ✅ 检查完成，等待 60 秒后继续...
2026-03-03 06:05:12,743 [INFO] 🔍 开始检查止损反手触发条件...
2026-03-03 06:05:12,744 [INFO] ✅ 检查完成，等待 60 秒后继续...
2026-03-03 06:06:12,744 [INFO] 🔍 开始检查止损反手触发条件...
2026-03-03 06:06:12,745 [INFO] ✅ 检查完成，等待 60 秒后继续...
2026-03-03 06:07:12,746 [INFO] 🔍 开始检查止损反手触发条件...
2026-03-03 06:07:12,747 [INFO] ✅ 检查完成，等待 60 秒后继续...
2026-03-03 06:08:12,748 [INFO] 🔍 开始检查止损反手触发条件...
2026-03-03 06:08:12,749 [INFO] ✅ 检查完成，等待 60 秒后继续...
2026-03-03 06:09:12,749 [INFO] 🔍 开始检查止损反手触发条件...
2026-03-03 06:09:12,751 [INFO] ✅ 检查完成，等待 60 秒后继续...
2026-03-03 06:10:12,752 [INFO] 🔍 开始检查止损反手触发条件...
2026-03-03 06:10:12,753 [INFO] ✅ 检查完成，等待 60 秒后继续...
2026-03-03 06:11:12,754 [INFO] 🔍 开始检查止损反手触发条件...
2026-03-03 06:11:12,757 [INFO] ✅ 检查完成，等待 60 秒后继续...
2026-03-03 06:12:12,757 [INFO] 🔍 开始检查止损反手触发条件...
2026-03-03 06:12:12,759 [INFO] ✅ 检查完成，等待 60 秒后继续...
2026-03-03 06:13:12,759 [INFO] 🔍 开始检查止损反手触发条件...
2026-03-03 06:13:12,761 [INFO] ✅ 检查完成，等待 60 秒后继续...
2026-03-03 06:14:12,761 [INFO] 🔍 开始检查止损反手触发条件...
2026-03-03 06:14:12,762 [INFO] ✅ 检查完成，等待 60 秒后继续...
2026-03-03 06:15:12,763 [INFO] 🔍 开始检查止损反手触发条件...
2026-03-03 06:15:12,764 [INFO] ✅ 检查完成，等待 60 秒后继续...
2026-03-03 06:16:12,764 [INFO] 🔍 开始检查止损反手触发条件...
2026-03-03 06:16:12,766 [INFO] ✅ 检查完成，等待 60 秒后继续...
2026-03-03 06:17:12,766 [INFO] 🔍 开始检查止损反手触发条件...
2026-03-03 06:17:12,768 [INFO] ✅ 检查完成，等待 60 秒后继续...
2026-03-03 06:18:12,768 [INFO] 🔍 开始检查止损反手触发条件...
2026-03-03 06:18:12,769 [INFO] ✅ 检查完成，等待 60 秒后继续...
2026-03-03 06:19:12,770 [INFO] 🔍 开始检查止损反手触发条件...
2026-03-03 06:19:12,771 [INFO] ✅ 检查完成，等待 60 秒后继续...
2026-03-03 06:20:12,771 [INFO] 🔍 开始检查止损反手触发条件...
2026-03-03 06:20:12,773 [INFO] ✅ 检查完成，等待 60 秒后继续...
2026-03-03 06:21:12,774 [INFO] 🔍 开始检查止损反手触发条件...
2026-03-03 06:21:12,775 [INFO] ✅ 检查完成，等待 60 秒后继续...
2026-03-03 06:22:12,776 [INFO] 🔍 开始检查止损反手触发条件...
2026-03-03 06:22:12,777 [INFO] ✅ 检查完成，等待 60 秒后继续...
2026-03-03 06:23:12,778 [INFO] 🔍 开始检查止损反手触发条件...
2026-03-03 06:23:12,779 [INFO] ✅ 检查完成，等待 60 秒后继续...
2026-03-03 06:24:12,779 [INFO] 🔍 开始检查止损反手触发条件...
2026-03-03 06:24:12,780 [INFO] ✅ 检查完成，等待 60 秒后继续...
2026-03-03 06:25:12,780 [INFO] 🔍 开始检查止损反手触发条件...
2026-03-03 06:25:12,782 [INFO] ✅ 检查完成，等待 60 秒后继续...
2026-03-03 06:26:12,782 [INFO] 🔍 开始检查止损反手触发条件...
2026-03-03 06:26:12,784 [INFO] ✅ 检查完成，等待 60 秒后继续...
2026-03-03 06:27:12,784 [INFO] 🔍 开始检查止损反手触发条件...
2026-03-03 06:27:12,785 [INFO] ✅ 检查完成，等待 60 秒后继续...
2026-03-03 06:28:12,786 [INFO] 🔍 开始检查止损反手触发条件...
2026-03-03 06:28:12,787 [INFO] ✅ 检查完成，等待 60 秒后继续...
2026-03-03 06:29:12,788 [INFO] 🔍 开始检查止损反手触发条件...
2026-03-03 06:29:12,790 [INFO] ✅ 检查完成，等待 60 秒后继续...
2026-03-03 06:30:12,791 [INFO] 🔍 开始检查止损反手触发条件...
2026-03-03 06:30:12,792 [INFO] ✅ 检查完成，等待 60 秒后继续...
2026-03-03 06:31:12,793 [INFO] 🔍 开始检查止损反手触发条件...
2026-03-03 06:31:12,794 [INFO] ✅ 检查完成，等待 60 秒后继续...
2026-03-03 06:32:12,794 [INFO] 🔍 开始检查止损反手触发条件...
2026-03-03 06:32:12,796 [INFO] ✅ 检查完成，等待 60 秒后继续...
2026-03-03 06:33:12,796 [INFO] 🔍 开始检查止损反手触发条件...
2026-03-03 06:33:12,797 [INFO] ✅ 检查完成，等待 60 秒后继续...
2026-03-03 06:34:12,798 [INFO] 🔍 开始检查止损反手触发条件...
2026-03-03 06:34:12,799 [INFO] ✅ 检查完成，等待 60 秒后继续...
2026-03-03 06:35:12,799 [INFO] 🔍 开始检查止损反手触发条件...
2026-03-03 06:35:12,800 [INFO] ✅ 检查完成，等待 60 秒后继续...
2026-03-03 06:36:12,801 [INFO] 🔍 开始检查止损反手触发条件...
2026-03-03 06:36:12,802 [INFO] ✅ 检查完成，等待 60 秒后继续...
2026-03-03 06:37:12,803 [INFO] 🔍 开始检查止损反手触发条件...
2026-03-03 06:37:12,804 [INFO] ✅ 检查完成，等待 60 秒后继续...
2026-03-03 06:38:12,804 [INFO] 🔍 开始检查止损反手触发条件...
2026-03-03 06:38:12,805 [INFO] ✅ 检查完成，等待 60 秒后继续...
2026-03-03 06:39:12,805 [INFO] 🔍 开始检查止损反手触发条件...
2026-03-03 06:39:12,806 [INFO] ✅ 检查完成，等待 60 秒后继续...
2026-03-03 06:40:12,807 [INFO] 🔍 开始检查止损反手触发条件...
2026-03-03 06:40:12,808 [INFO] ✅ 检查完成，等待 60 秒后继续...
2026-03-03 06:41:12,809 [INFO] 🔍 开始检查止损反手触发条件...
2026-03-03 06:41:12,810 [INFO] ✅ 检查完成，等待 60 秒后继续...
2026-03-03 06:42:12,810 [INFO] 🔍 开始检查止损反手触发条件...
2026-03-03 06:42:12,812 [INFO] ✅ 检查完成，等待 60 秒后继续...
2026-03-03 06:43:12,812 [INFO] 🔍 开始检查止损反手触发条件...
2026-03-03 06:43:12,813 [INFO] ✅ 检查完成，等待 60 秒后继续...
2026-03-03 06:44:12,814 [INFO] 🔍 开始检查止损反手触发条件...
2026-03-03 06:44:12,815 [INFO] ✅ 检查完成，等待 60 秒后继续...
2026-03-03 06:45:12,816 [INFO] 🔍 开始检查止损反手触发条件...
2026-03-03 06:45:12,817 [INFO] ✅ 检查完成，等待 60 秒后继续...
2026-03-03 06:46:12,817 [INFO] 🔍 开始检查止损反手触发条件...
2026-03-03 06:46:12,819 [INFO] ✅ 检查完成，等待 60 秒后继续...
2026-03-03 06:47:12,820 [INFO] 🔍 开始检查止损反手触发条件...
2026-03-03 06:47:12,821 [INFO] ✅ 检查完成，等待 60 秒后继续...
2026-03-03 06:48:12,821 [INFO] 🔍 开始检查止损反手触发条件...
2026-03-03 06:48:12,823 [INFO] ✅ 检查完成，等待 60 秒后继续...
2026-03-03 06:49:12,823 [INFO] 🔍 开始检查止损反手触发条件...
2026-03-03 06:49:12,826 [INFO] ✅ 检查完成，等待 60 秒后继续...
2026-03-03 06:50:12,827 [INFO] 🔍 开始检查止损反手触发条件...
2026-03-03 06:50:12,828 [INFO] ✅ 检查完成，等待 60 秒后继续...
2026-03-03 06:51:12,828 [INFO] 🔍 开始检查止损反手触发条件...
2026-03-03 06:51:12,830 [INFO] ✅ 检查完成，等待 60 秒后继续...
2026-03-03 06:52:12,830 [INFO] 🔍 开始检查止损反手触发条件...
2026-03-03 06:52:12,832 [INFO] ✅ 检查完成，等待 60 秒后继续...
2026-03-03 06:53:12,832 [INFO] 🔍 开始检查止损反手触发条件...
2026-03-03 06:53:12,834 [INFO] ✅ 检查完成，等待 60 秒后继续...
2026-03-03 06:54:12,834 [INFO] 🔍 开始检查止损反手触发条件...
2026-03-03 06:54:12,836 [INFO] ✅ 检查完成，等待 60 秒后继续...
2026-03-03 06:55:12,836 [INFO] 🔍 开始检查止损反手触发条件...
2026-03-03 06:55:12,837 [INFO] ✅ 检查完成，等待 60 秒后继续...
2026-03-03 06:56:12,838 [INFO] 🔍 开始检查止损反手触发条件...
2026-03-03 06:56:12,839 [INFO] ✅ 检查完成，等待 60 秒后继续...
2026-03-03 06:57:12,840 [INFO] 🔍 开始检查止损反手触发条件...
2026-03-03 06:57:12,842 [INFO] ✅ 检查完成，等待 60 秒后继续...
2026-03-03 06:58:12,842 [INFO] 🔍 开始检查止损反手触发条件...
2026-03-03 06:58:12,843 [INFO] ✅ 检查完成，等待 60 秒后继续...
2026-03-03 06:59:12,844 [INFO] 🔍 开始检查止损反手触发条件...
2026-03-03 06:59:12,846 [INFO] ✅ 检查完成，等待 60 秒后继续...
2026-03-03 07:00:12,846 [INFO] 🔍 开始检查止损反手触发条件...
2026-03-03 07:00:12,848 [INFO] ✅ 检查完成，等待 60 秒后继续...
2026-03-03 07:01:12,848 [INFO] 🔍 开始检查止损反手触发条件...
2026-03-03 07:01:12,849 [INFO] ✅ 检查完成，等待 60 秒后继续...
2026-03-03 07:02:12,849 [INFO] 🔍 开始检查止损反手触发条件...
2026-03-03 07:02:12,851 [INFO] ✅ 检查完成，等待 60 秒后继续...
2026-03-03 07:03:12,851 [INFO] 🔍 开始检查止损反手触发条件...
2026-03-03 07:03:12,853 [INFO] ✅ 检查完成，等待 60 秒后继续...
2026-03-03 07:04:12,853 [INFO] 🔍 开始检查止损反手触发条件...
2026-03-03 07:04:12,854 [INFO] ✅ 检查完成，等待 60 秒后继续...
2026-03-03 07:05:12,855 [INFO] 🔍 开始检查止损反手触发条件...
2026-03-03 07:05:12,856 [INFO] ✅ 检查完成，等待 60 秒后继续...
2026-03-03 07:06:12,856 [INFO] 🔍 开始检查止损反手触发条件...
2026-03-03 07:06:12,858 [INFO] ✅ 检查完成，等待 60 秒后继续...
2026-03-03 07:07:12,858 [INFO] 🔍 开始检查止损反手触发条件...
2026-03-03 07:07:12,860 [INFO] ✅ 检查完成，等待 60 秒后继续...
2026-03-03 07:08:12,860 [INFO] 🔍 开始检查止损反手触发条件...
2026-03-03 07:08:12,862 [INFO] ✅ 检查完成，等待 60 秒后继续...
2026-03-03 07:09:12,862 [INFO] 🔍 开始检查止损反手触发条件...
2026-03-03 07:09:12,863 [INFO] ✅ 检查完成，等待 60 秒后继续...
2026-03-03 07:10:12,864 [INFO] 🔍 开始检查止损反手触发条件...
2026-03-03 07:10:12,866 [INFO] ✅ 检查完成，等待 60 秒后继续...
2026-03-03 07:11:12,866 [INFO] 🔍 开始检查止损反手触发条件...
2026-03-03 07:11:12,867 [INFO] ✅ 检查完成，等待 60 秒后继续...
2026-03-03 07:12:12,868 [INFO] 🔍 开始检查止损反手触发条件...
2026-03-03 07:12:12,869 [INFO] ✅ 检查完成，等待 60 秒后继续...
2026-03-03 07:13:12,869 [INFO] 🔍 开始检查止损反手触发条件...
2026-03-03 07:13:12,871 [INFO] ✅ 检查完成，等待 60 秒后继续...
2026-03-03 07:14:12,871 [INFO] 🔍 开始检查止损反手触发条件...
2026-03-03 07:14:12,872 [INFO] ✅ 检查完成，等待 60 秒后继续...
2026-03-03 07:15:12,873 [INFO] 🔍 开始检查止损反手触发条件...
2026-03-03 07:15:12,874 [INFO] ✅ 检查完成，等待 60 秒后继续...
2026-03-03 07:16:12,874 [INFO] 🔍 开始检查止损反手触发条件...
2026-03-03 07:16:12,876 [INFO] ✅ 检查完成，等待 60 秒后继续...
2026-03-03 07:17:12,877 [INFO] 🔍 开始检查止损反手触发条件...
2026-03-03 07:17:12,878 [INFO] ✅ 检查完成，等待 60 秒后继续...
2026-03-03 07:18:12,878 [INFO] 🔍 开始检查止损反手触发条件...
2026-03-03 07:18:12,880 [INFO] ✅ 检查完成，等待 60 秒后继续...
2026-03-03 07:19:12,880 [INFO] 🔍 开始检查止损反手触发条件...
2026-03-03 07:19:12,883 [INFO] ✅ 检查完成，等待 60 秒后继续...
2026-03-03 07:20:12,883 [INFO] 🔍 开始检查止损反手触发条件...
2026-03-03 07:20:12,884 [INFO] ✅ 检查完成，等待 60 秒后继续...
2026-03-03 07:21:12,884 [INFO] 🔍 开始检查止损反手触发条件...
2026-03-03 07:21:12,886 [INFO] ✅ 检查完成，等待 60 秒后继续...
2026-03-03 07:22:12,886 [INFO] 🔍 开始检查止损反手触发条件...
2026-03-03 07:22:12,888 [INFO] ✅ 检查完成，等待 60 秒后继续...
2026-03-03 07:23:12,888 [INFO] 🔍 开始检查止损反手触发条件...
2026-03-03 07:23:12,890 [INFO] ✅ 检查完成，等待 60 秒后继续...
2026-03-03 07:24:12,890 [INFO] 🔍 开始检查止损反手触发条件...
2026-03-03 07:24:12,891 [INFO] ✅ 检查完成，等待 60 秒后继续...
2026-03-03 07:25:12,892 [INFO] 🔍 开始检查止损反手触发条件...
2026-03-03 07:25:12,893 [INFO] ✅ 检查完成，等待 60 秒后继续...
2026-03-03 07:26:12,893 [INFO] 🔍 开始检查止损反手触发条件...
2026-03-03 07:26:12,895 [INFO] ✅ 检查完成，等待 60 秒后继续...
2026-03-03 07:27:12,895 [INFO] 🔍 开始检查止损反手触发条件...
2026-03-03 07:27:12,897 [INFO] ✅ 检查完成，等待 60 秒后继续...
2026-03-03 07:28:12,898 [INFO] 🔍 开始检查止损反手触发条件...
2026-03-03 07:28:12,899 [INFO] ✅ 检查完成，等待 60 秒后继续...
2026-03-03 07:29:12,899 [INFO] 🔍 开始检查止损反手触发条件...
2026-03-03 07:29:12,901 [INFO] ✅ 检查完成，等待 60 秒后继续...
2026-03-03 07:30:12,901 [INFO] 🔍 开始检查止损反手触发条件...
2026-03-03 07:30:12,902 [INFO] ✅ 检查完成，等待 60 秒后继续...
2026-03-03 07:31:12,903 [INFO] 🔍 开始检查止损反手触发条件...
2026-03-03 07:31:12,904 [INFO] ✅ 检查完成，等待 60 秒后继续...
2026-03-03 07:32:12,905 [INFO] 🔍 开始检查止损反手触发条件...
2026-03-03 07:32:12,908 [INFO] ✅ 检查完成，等待 60 秒后继续...
2026-03-03 07:33:12,909 [INFO] 🔍 开始检查止损反手触发条件...
2026-03-03 07:33:12,910 [INFO] ✅ 检查完成，等待 60 秒后继续...
2026-03-03 07:34:12,910 [INFO] 🔍 开始检查止损反手触发条件...
2026-03-03 07:34:12,912 [INFO] ✅ 检查完成，等待 60 秒后继续...
2026-03-03 07:35:12,912 [INFO] 🔍 开始检查止损反手触发条件...
2026-03-03 07:35:12,913 [INFO] ✅ 检查完成，等待 60 秒后继续...
2026-03-03 07:36:12,914 [INFO] 🔍 开始检查止损反手触发条件...
2026-03-03 07:36:12,915 [INFO] ✅ 检查完成，等待 60 秒后继续...
2026-03-03 07:37:12,915 [INFO] 🔍 开始检查止损反手触发条件...
2026-03-03 07:37:12,917 [INFO] ✅ 检查完成，等待 60 秒后继续...
2026-03-03 07:38:12,917 [INFO] 🔍 开始检查止损反手触发条件...
2026-03-03 07:38:12,918 [INFO] ✅ 检查完成，等待 60 秒后继续...
2026-03-03 07:39:12,919 [INFO] 🔍 开始检查止损反手触发条件...
2026-03-03 07:39:12,920 [INFO] ✅ 检查完成，等待 60 秒后继续...
2026-03-03 07:40:12,921 [INFO] 🔍 开始检查止损反手触发条件...
2026-03-03 07:40:12,922 [INFO] ✅ 检查完成，等待 60 秒后继续...
2026-03-03 07:41:12,922 [INFO] 🔍 开始检查止损反手触发条件...
2026-03-03 07:41:12,924 [INFO] ✅ 检查完成，等待 60 秒后继续...
2026-03-03 07:42:12,924 [INFO] 🔍 开始检查止损反手触发条件...
2026-03-03 07:42:12,925 [INFO] ✅ 检查完成，等待 60 秒后继续...
2026-03-03 07:43:12,926 [INFO] 🔍 开始检查止损反手触发条件...
2026-03-03 07:43:12,927 [INFO] ✅ 检查完成，等待 60 秒后继续...
2026-03-03 07:44:12,928 [INFO] 🔍 开始检查止损反手触发条件...
2026-03-03 07:44:12,929 [INFO] ✅ 检查完成，等待 60 秒后继续...
2026-03-03 07:45:12,929 [INFO] 🔍 开始检查止损反手触发条件...
2026-03-03 07:45:12,930 [INFO] ✅ 检查完成，等待 60 秒后继续...
2026-03-03 07:46:12,931 [INFO] 🔍 开始检查止损反手触发条件...
2026-03-03 07:46:12,933 [INFO] ✅ 检查完成，等待 60 秒后继续...
2026-03-03 07:47:12,933 [INFO] 🔍 开始检查止损反手触发条件...
2026-03-03 07:47:12,935 [INFO] ✅ 检查完成，等待 60 秒后继续...
2026-03-03 07:48:12,935 [INFO] 🔍 开始检查止损反手触发条件...
2026-03-03 07:48:12,937 [INFO] ✅ 检查完成，等待 60 秒后继续...
2026-03-03 07:49:12,937 [INFO] 🔍 开始检查止损反手触发条件...
2026-03-03 07:49:12,938 [INFO] ✅ 检查完成，等待 60 秒后继续...
2026-03-03 07:50:12,938 [INFO] 🔍 开始检查止损反手触发条件...
2026-03-03 07:50:12,939 [INFO] ✅ 检查完成，等待 60 秒后继续...
2026-03-03 07:51:12,939 [INFO] 🔍 开始检查止损反手触发条件...
2026-03-03 07:51:12,941 [INFO] ✅ 检查完成，等待 60 秒后继续...
2026-03-03 07:52:12,941 [INFO] 🔍 开始检查止损反手触发条件...
2026-03-03 07:52:12,943 [INFO] ✅ 检查完成，等待 60 秒后继续...
2026-03-03 07:53:12,943 [INFO] 🔍 开始检查止损反手触发条件...
2026-03-03 07:53:12,944 [INFO] ✅ 检查完成，等待 60 秒后继续...
2026-03-03 07:54:12,945 [INFO] 🔍 开始检查止损反手触发条件...
2026-03-03 07:54:12,947 [INFO] ✅ 检查完成，等待 60 秒后继续...
