2026-03-02 15:30:12,515 [INFO] ============================================================
2026-03-02 15:30:12,515 [INFO] 🔄 止损反手开单监控器启动
2026-03-02 15:30:12,515 [INFO] 📋 监控账户: account_main, account_fangfang12, account_anchor, account_poit, account_poit_main, account_dadanini
2026-03-02 15:30:12,515 [INFO] ⏱️  检查间隔: 60 秒
2026-03-02 15:30:12,515 [INFO] ============================================================
2026-03-02 15:30:12,515 [INFO] 🔍 开始检查止损反手触发条件...
2026-03-02 15:30:12,516 [INFO] ✅ 检查完成，等待 60 秒后继续...
2026-03-02 15:31:12,516 [INFO] 🔍 开始检查止损反手触发条件...
2026-03-02 15:31:12,517 [INFO] ✅ 检查完成，等待 60 秒后继续...
2026-03-02 15:32:12,518 [INFO] 🔍 开始检查止损反手触发条件...
2026-03-02 15:32:12,519 [INFO] ✅ 检查完成，等待 60 秒后继续...
2026-03-02 15:33:12,519 [INFO] 🔍 开始检查止损反手触发条件...
2026-03-02 15:33:12,520 [INFO] ✅ 检查完成，等待 60 秒后继续...
2026-03-02 15:34:12,521 [INFO] 🔍 开始检查止损反手触发条件...
2026-03-02 15:34:12,522 [INFO] ✅ 检查完成，等待 60 秒后继续...
2026-03-02 15:35:12,522 [INFO] 🔍 开始检查止损反手触发条件...
2026-03-02 15:35:12,524 [INFO] ✅ 检查完成，等待 60 秒后继续...
2026-03-02 15:36:12,524 [INFO] 🔍 开始检查止损反手触发条件...
2026-03-02 15:36:12,525 [INFO] ✅ 检查完成，等待 60 秒后继续...
2026-03-02 15:37:12,525 [INFO] 🔍 开始检查止损反手触发条件...
2026-03-02 15:37:12,527 [INFO] ✅ 检查完成，等待 60 秒后继续...
2026-03-02 15:38:12,527 [INFO] 🔍 开始检查止损反手触发条件...
2026-03-02 15:38:12,528 [INFO] ✅ 检查完成，等待 60 秒后继续...
2026-03-02 15:39:12,528 [INFO] 🔍 开始检查止损反手触发条件...
2026-03-02 15:39:12,529 [INFO] ✅ 检查完成，等待 60 秒后继续...
2026-03-02 15:40:12,530 [INFO] 🔍 开始检查止损反手触发条件...
2026-03-02 15:40:12,531 [INFO] ✅ 检查完成，等待 60 秒后继续...
2026-03-02 15:41:12,531 [INFO] 🔍 开始检查止损反手触发条件...
2026-03-02 15:41:12,532 [INFO] ✅ 检查完成，等待 60 秒后继续...
2026-03-02 15:42:12,533 [INFO] 🔍 开始检查止损反手触发条件...
2026-03-02 15:42:12,534 [INFO] ✅ 检查完成，等待 60 秒后继续...
2026-03-02 15:43:12,534 [INFO] 🔍 开始检查止损反手触发条件...
2026-03-02 15:43:12,535 [INFO] ✅ 检查完成，等待 60 秒后继续...
2026-03-02 15:44:12,536 [INFO] 🔍 开始检查止损反手触发条件...
2026-03-02 15:44:12,537 [INFO] ✅ 检查完成，等待 60 秒后继续...
2026-03-02 15:44:21,477 [INFO] ⏹️  收到停止信号，监控器退出
2026-03-02 15:44:21,792 [INFO] ============================================================
2026-03-02 15:44:21,793 [INFO] 🔄 止损反手开单监控器启动
2026-03-02 15:44:21,793 [INFO] 📋 监控账户: account_main, account_fangfang12, account_anchor, account_poit, account_poit_main, account_dadanini
2026-03-02 15:44:21,793 [INFO] ⏱️  检查间隔: 60 秒
2026-03-02 15:44:21,793 [INFO] ============================================================
2026-03-02 15:44:21,793 [INFO] 🔍 开始检查止损反手触发条件...
2026-03-02 15:44:21,793 [INFO] ✅ 检查完成，等待 60 秒后继续...
